running egg_info
creating ../../build/lidar_slam_mapping/lidar_slam_mapping.egg-info
writing ../../build/lidar_slam_mapping/lidar_slam_mapping.egg-info/PKG-INFO
writing dependency_links to ../../build/lidar_slam_mapping/lidar_slam_mapping.egg-info/dependency_links.txt
writing entry points to ../../build/lidar_slam_mapping/lidar_slam_mapping.egg-info/entry_points.txt
writing requirements to ../../build/lidar_slam_mapping/lidar_slam_mapping.egg-info/requires.txt
writing top-level names to ../../build/lidar_slam_mapping/lidar_slam_mapping.egg-info/top_level.txt
writing manifest file '../../build/lidar_slam_mapping/lidar_slam_mapping.egg-info/SOURCES.txt'
reading manifest file '../../build/lidar_slam_mapping/lidar_slam_mapping.egg-info/SOURCES.txt'
writing manifest file '../../build/lidar_slam_mapping/lidar_slam_mapping.egg-info/SOURCES.txt'
running build
running build_py
creating /home/student/ros2_ws/build/lidar_slam_mapping/build
creating /home/student/ros2_ws/build/lidar_slam_mapping/build/lib
creating /home/student/ros2_ws/build/lidar_slam_mapping/build/lib/lidar_slam_mapping
copying lidar_slam_mapping/__init__.py -> /home/student/ros2_ws/build/lidar_slam_mapping/build/lib/lidar_slam_mapping
copying lidar_slam_mapping/lidar_min_distance.py -> /home/student/ros2_ws/build/lidar_slam_mapping/build/lib/lidar_slam_mapping
copying lidar_slam_mapping/lidar_obstacle_avoidance.py -> /home/student/ros2_ws/build/lidar_slam_mapping/build/lib/lidar_slam_mapping
running install
running install_lib
creating /home/student/ros2_ws/install/lidar_slam_mapping/lib/python3.10/site-packages/lidar_slam_mapping
copying /home/student/ros2_ws/build/lidar_slam_mapping/build/lib/lidar_slam_mapping/__init__.py -> /home/student/ros2_ws/install/lidar_slam_mapping/lib/python3.10/site-packages/lidar_slam_mapping
copying /home/student/ros2_ws/build/lidar_slam_mapping/build/lib/lidar_slam_mapping/lidar_min_distance.py -> /home/student/ros2_ws/install/lidar_slam_mapping/lib/python3.10/site-packages/lidar_slam_mapping
copying /home/student/ros2_ws/build/lidar_slam_mapping/build/lib/lidar_slam_mapping/lidar_obstacle_avoidance.py -> /home/student/ros2_ws/install/lidar_slam_mapping/lib/python3.10/site-packages/lidar_slam_mapping
byte-compiling /home/student/ros2_ws/install/lidar_slam_mapping/lib/python3.10/site-packages/lidar_slam_mapping/__init__.py to __init__.cpython-310.pyc
byte-compiling /home/student/ros2_ws/install/lidar_slam_mapping/lib/python3.10/site-packages/lidar_slam_mapping/lidar_min_distance.py to lidar_min_distance.cpython-310.pyc
byte-compiling /home/student/ros2_ws/install/lidar_slam_mapping/lib/python3.10/site-packages/lidar_slam_mapping/lidar_obstacle_avoidance.py to lidar_obstacle_avoidance.cpython-310.pyc
running install_data
copying package.xml -> /home/student/ros2_ws/install/lidar_slam_mapping/share/lidar_slam_mapping
creating /home/student/ros2_ws/install/lidar_slam_mapping/share/lidar_slam_mapping/launch
copying launch/lidar_obstacle_avoidance.launch.py -> /home/student/ros2_ws/install/lidar_slam_mapping/share/lidar_slam_mapping/launch
copying launch/slam_mapping_launch.py -> /home/student/ros2_ws/install/lidar_slam_mapping/share/lidar_slam_mapping/launch
running install_egg_info
Copying ../../build/lidar_slam_mapping/lidar_slam_mapping.egg-info to /home/student/ros2_ws/install/lidar_slam_mapping/lib/python3.10/site-packages/lidar_slam_mapping-0.0.0-py3.10.egg-info
running install_scripts
Installing lidar_min_distance script to /home/student/ros2_ws/install/lidar_slam_mapping/lib/lidar_slam_mapping
Installing lidar_obstacle_avoidance script to /home/student/ros2_ws/install/lidar_slam_mapping/lib/lidar_slam_mapping
writing list of installed files to '/home/student/ros2_ws/build/lidar_slam_mapping/install.log'
