[2.353s] Invoking command in '/home/student/ros2_ws/src/lidar_slam_mapping': CMAKE_PREFIX_PATH=/home/student/ros2_ws/install/rslidar_sdk:/home/student/ros2_ws/install/rslidar_msg:/home/student/ros2_ws/install/scout_base:/home/student/ros2_ws/install/ugv_sdk:/home/student/ros2_ws/install/scout_msgs:/home/student/ros2_ws/install/scout_description:/home/student/ros2_ws/install/rplidar_ros:/home/student/ros2_ws/install/cartographer_rviz:/home/student/ros2_ws/install/cartographer_ros:/home/student/ros2_ws/install/cartographer_ros_msgs LD_LIBRARY_PATH=/home/student/ros2_ws/install/rslidar_msg/lib:/home/student/ros2_ws/install/scout_msgs/lib:/home/student/ros2_ws/install/cartographer_rviz/lib:/home/student/ros2_ws/install/cartographer_ros/lib:/home/student/ros2_ws/install/cartographer_ros_msgs/lib:/usr/lib/x86_64-linux-gnu/gazebo-11/plugins:/opt/ros/humble/opt/rviz_ogre_vendor/lib:/opt/ros/humble/lib/x86_64-linux-gnu:/opt/ros/humble/lib PYTHONPATH=/home/student/ros2_ws/build/lidar_slam_mapping/prefix_override:/usr/lib/python3/dist-packages/colcon_core/task/python/colcon_distutils_commands:/home/student/ros2_ws/install/lidar_slam_mapping/lib/python3.10/site-packages:${PYTHONPATH} /usr/bin/python3 -W ignore:setup.py install is deprecated -W ignore:easy_install command is deprecated setup.py egg_info --egg-base ../../build/lidar_slam_mapping build --build-base /home/student/ros2_ws/build/lidar_slam_mapping/build install --record /home/student/ros2_ws/build/lidar_slam_mapping/install.log --single-version-externally-managed install_data
[3.154s] running egg_info
[3.156s] creating ../../build/lidar_slam_mapping/lidar_slam_mapping.egg-info
[3.157s] writing ../../build/lidar_slam_mapping/lidar_slam_mapping.egg-info/PKG-INFO
[3.158s] writing dependency_links to ../../build/lidar_slam_mapping/lidar_slam_mapping.egg-info/dependency_links.txt
[3.158s] writing entry points to ../../build/lidar_slam_mapping/lidar_slam_mapping.egg-info/entry_points.txt
[3.159s] writing requirements to ../../build/lidar_slam_mapping/lidar_slam_mapping.egg-info/requires.txt
[3.160s] writing top-level names to ../../build/lidar_slam_mapping/lidar_slam_mapping.egg-info/top_level.txt
[3.161s] writing manifest file '../../build/lidar_slam_mapping/lidar_slam_mapping.egg-info/SOURCES.txt'
[3.165s] reading manifest file '../../build/lidar_slam_mapping/lidar_slam_mapping.egg-info/SOURCES.txt'
[3.168s] writing manifest file '../../build/lidar_slam_mapping/lidar_slam_mapping.egg-info/SOURCES.txt'
[3.168s] running build
[3.169s] running build_py
[3.170s] creating /home/student/ros2_ws/build/lidar_slam_mapping/build
[3.171s] creating /home/student/ros2_ws/build/lidar_slam_mapping/build/lib
[3.171s] creating /home/student/ros2_ws/build/lidar_slam_mapping/build/lib/lidar_slam_mapping
[3.172s] copying lidar_slam_mapping/__init__.py -> /home/student/ros2_ws/build/lidar_slam_mapping/build/lib/lidar_slam_mapping
[3.173s] copying lidar_slam_mapping/lidar_min_distance.py -> /home/student/ros2_ws/build/lidar_slam_mapping/build/lib/lidar_slam_mapping
[3.173s] copying lidar_slam_mapping/lidar_obstacle_avoidance.py -> /home/student/ros2_ws/build/lidar_slam_mapping/build/lib/lidar_slam_mapping
[3.174s] running install
[3.176s] running install_lib
[3.178s] creating /home/student/ros2_ws/install/lidar_slam_mapping/lib/python3.10/site-packages/lidar_slam_mapping
[3.179s] copying /home/student/ros2_ws/build/lidar_slam_mapping/build/lib/lidar_slam_mapping/__init__.py -> /home/student/ros2_ws/install/lidar_slam_mapping/lib/python3.10/site-packages/lidar_slam_mapping
[3.180s] copying /home/student/ros2_ws/build/lidar_slam_mapping/build/lib/lidar_slam_mapping/lidar_min_distance.py -> /home/student/ros2_ws/install/lidar_slam_mapping/lib/python3.10/site-packages/lidar_slam_mapping
[3.180s] copying /home/student/ros2_ws/build/lidar_slam_mapping/build/lib/lidar_slam_mapping/lidar_obstacle_avoidance.py -> /home/student/ros2_ws/install/lidar_slam_mapping/lib/python3.10/site-packages/lidar_slam_mapping
[3.182s] byte-compiling /home/student/ros2_ws/install/lidar_slam_mapping/lib/python3.10/site-packages/lidar_slam_mapping/__init__.py to __init__.cpython-310.pyc
[3.183s] byte-compiling /home/student/ros2_ws/install/lidar_slam_mapping/lib/python3.10/site-packages/lidar_slam_mapping/lidar_min_distance.py to lidar_min_distance.cpython-310.pyc
[3.188s] byte-compiling /home/student/ros2_ws/install/lidar_slam_mapping/lib/python3.10/site-packages/lidar_slam_mapping/lidar_obstacle_avoidance.py to lidar_obstacle_avoidance.cpython-310.pyc
[3.192s] running install_data
[3.192s] copying package.xml -> /home/student/ros2_ws/install/lidar_slam_mapping/share/lidar_slam_mapping
[3.193s] creating /home/student/ros2_ws/install/lidar_slam_mapping/share/lidar_slam_mapping/launch
[3.194s] copying launch/lidar_obstacle_avoidance.launch.py -> /home/student/ros2_ws/install/lidar_slam_mapping/share/lidar_slam_mapping/launch
[3.195s] copying launch/slam_mapping_launch.py -> /home/student/ros2_ws/install/lidar_slam_mapping/share/lidar_slam_mapping/launch
[3.195s] running install_egg_info
[3.200s] Copying ../../build/lidar_slam_mapping/lidar_slam_mapping.egg-info to /home/student/ros2_ws/install/lidar_slam_mapping/lib/python3.10/site-packages/lidar_slam_mapping-0.0.0-py3.10.egg-info
[3.204s] running install_scripts
[3.258s] Installing lidar_min_distance script to /home/student/ros2_ws/install/lidar_slam_mapping/lib/lidar_slam_mapping
[3.259s] Installing lidar_obstacle_avoidance script to /home/student/ros2_ws/install/lidar_slam_mapping/lib/lidar_slam_mapping
[3.260s] writing list of installed files to '/home/student/ros2_ws/build/lidar_slam_mapping/install.log'
[3.343s] Invoked command in '/home/student/ros2_ws/src/lidar_slam_mapping' returned '0': CMAKE_PREFIX_PATH=/home/student/ros2_ws/install/rslidar_sdk:/home/student/ros2_ws/install/rslidar_msg:/home/student/ros2_ws/install/scout_base:/home/student/ros2_ws/install/ugv_sdk:/home/student/ros2_ws/install/scout_msgs:/home/student/ros2_ws/install/scout_description:/home/student/ros2_ws/install/rplidar_ros:/home/student/ros2_ws/install/cartographer_rviz:/home/student/ros2_ws/install/cartographer_ros:/home/student/ros2_ws/install/cartographer_ros_msgs LD_LIBRARY_PATH=/home/student/ros2_ws/install/rslidar_msg/lib:/home/student/ros2_ws/install/scout_msgs/lib:/home/student/ros2_ws/install/cartographer_rviz/lib:/home/student/ros2_ws/install/cartographer_ros/lib:/home/student/ros2_ws/install/cartographer_ros_msgs/lib:/usr/lib/x86_64-linux-gnu/gazebo-11/plugins:/opt/ros/humble/opt/rviz_ogre_vendor/lib:/opt/ros/humble/lib/x86_64-linux-gnu:/opt/ros/humble/lib PYTHONPATH=/home/student/ros2_ws/build/lidar_slam_mapping/prefix_override:/usr/lib/python3/dist-packages/colcon_core/task/python/colcon_distutils_commands:/home/student/ros2_ws/install/lidar_slam_mapping/lib/python3.10/site-packages:${PYTHONPATH} /usr/bin/python3 -W ignore:setup.py install is deprecated -W ignore:easy_install command is deprecated setup.py egg_info --egg-base ../../build/lidar_slam_mapping build --build-base /home/student/ros2_ws/build/lidar_slam_mapping/build install --record /home/student/ros2_ws/build/lidar_slam_mapping/install.log --single-version-externally-managed install_data
