[0.055s] Invoking command in '/home/student/ros2_ws/build/ugv_sdk': /usr/bin/cmake /home/student/ros2_ws/src/ugv_sdk -DCATKIN_INSTALL_INTO_PREFIX_ROOT=0 -DCMAKE_INSTALL_PREFIX=/home/student/ros2_ws/install/ugv_sdk
[0.247s] -- The C compiler identification is GNU 11.4.0
[0.373s] -- The CXX compiler identification is GNU 11.4.0
[0.390s] -- Detecting C compiler ABI info
[0.562s] -- Detecting C compiler ABI info - done
[0.592s] -- Check for working C compiler: /usr/bin/cc - skipped
[0.593s] -- Detecting C compile features
[0.596s] -- Detecting C compile features - done
[0.617s] -- Detecting CXX compiler ABI info
[0.903s] -- Detecting CXX compiler ABI info - done
[0.932s] -- Check for working CXX compiler: /usr/bin/c++ - skipped
[0.933s] -- Detecting CXX compile features
[0.936s] -- Detecting CXX compile features - done
[0.936s] -- Build package with cmake
[0.937s] -- Setting build type to 'Release' as none was specified.
[0.937s] -- Tests will not be built
[0.950s] -- Looking for pthread.h
[1.188s] -- Looking for pthread.h - found
[1.188s] -- Performing Test CMAKE_HAVE_LIBC_PTHREAD
[1.413s] -- Performing Test CMAKE_HAVE_LIBC_PTHREAD - Success
[1.413s] -- Found Threads: TRUE  
[1.425s] -- Project will be installed to /home/student/ros2_ws/install/ugv_sdk with 'make install'
[1.425s] --  - To install LIB components to /home/student/ros2_ws/install/ugv_sdk/lib
[1.425s] --  - To install BIN components to /home/student/ros2_ws/install/ugv_sdk/bin
[1.426s] --  - To install INCLUDE components to /home/student/ros2_ws/install/ugv_sdk/include
[1.429s] --  - To install CMAKE components to /home/student/ros2_ws/install/ugv_sdk/share/cmake/ugv_sdk
[1.447s] -- Configuring done
[1.501s] -- Generating done
[1.502s] [33mCMake Warning:
[1.502s]   Manually-specified variables were not used by the project:
[1.502s] 
[1.503s]     CATKIN_INSTALL_INTO_PREFIX_ROOT
[1.503s] 
[1.503s] [0m
[1.505s] -- Build files have been written to: /home/student/ros2_ws/build/ugv_sdk
[1.534s] Invoked command in '/home/student/ros2_ws/build/ugv_sdk' returned '0': /usr/bin/cmake /home/student/ros2_ws/src/ugv_sdk -DCATKIN_INSTALL_INTO_PREFIX_ROOT=0 -DCMAKE_INSTALL_PREFIX=/home/student/ros2_ws/install/ugv_sdk
[1.540s] Invoking command in '/home/student/ros2_ws/build/ugv_sdk': /usr/bin/cmake --build /home/student/ros2_ws/build/ugv_sdk -- -j2 -l2
[1.657s] [  3%] [32mBuilding CXX object CMakeFiles/ugv_sdk.dir/src/async_port/async_serial.cpp.o[0m
[11.308s] [  7%] [32mBuilding CXX object CMakeFiles/ugv_sdk.dir/src/async_port/async_can.cpp.o[0m
[20.362s] [ 10%] [32mBuilding CXX object CMakeFiles/ugv_sdk.dir/src/utilities/protocol_detector.cpp.o[0m
[24.380s] [ 14%] [32mBuilding CXX object CMakeFiles/ugv_sdk.dir/src/mobile_robot/scout_robot.cpp.o[0m
[31.279s] [ 17%] [32mBuilding CXX object CMakeFiles/ugv_sdk.dir/src/mobile_robot/hunter_robot.cpp.o[0m
[37.354s] [ 21%] [32mBuilding CXX object CMakeFiles/ugv_sdk.dir/src/mobile_robot/bunker_robot.cpp.o[0m
[43.005s] [ 25%] [32mBuilding CXX object CMakeFiles/ugv_sdk.dir/src/mobile_robot/ranger_robot.cpp.o[0m
[47.981s] [ 28%] [32mBuilding CXX object CMakeFiles/ugv_sdk.dir/src/mobile_robot/titan_robot.cpp.o[0m
[52.857s] [ 32%] [32mBuilding C object CMakeFiles/ugv_sdk.dir/src/protocol_v2/agilex_msg_parser_v2.c.o[0m
[53.333s] [ 35%] [32mBuilding CXX object CMakeFiles/ugv_sdk.dir/src/protocol_v2/protocol_v2_parser.cpp.o[0m
[53.422s] [ 39%] [32mBuilding C object CMakeFiles/ugv_sdk.dir/src/protocol_v1/agilex_msg_parser_v1.c.o[0m
[53.574s] [ 42%] [32m[1mLinking CXX static library lib/libugv_sdk.a[0m
[53.692s] [ 42%] Built target ugv_sdk
[53.729s] [ 46%] [32mBuilding CXX object sample/scout_demo/CMakeFiles/demo_scout_robot.dir/scout_robot_demo.cpp.o[0m
[57.920s] [ 50%] [32m[1mLinking CXX executable ../../bin/demo_scout_robot[0m
[58.173s] [ 50%] Built target demo_scout_robot
[58.240s] [ 53%] [32mBuilding CXX object sample/scout_demo/CMakeFiles/demo_scout_mini_omni_robot.dir/scout_mini_omni_demo.cpp.o[0m
[62.388s] [ 57%] [32m[1mLinking CXX executable ../../bin/demo_scout_mini_omni_robot[0m
[62.608s] [ 57%] Built target demo_scout_mini_omni_robot
[62.655s] [ 60%] [32mBuilding CXX object sample/tracer_demo/CMakeFiles/demo_tracer_robot.dir/tracer_robot_demo.cpp.o[0m
[67.734s] [ 64%] [32m[1mLinking CXX executable ../../bin/demo_tracer_robot[0m
[68.056s] [ 64%] Built target demo_tracer_robot
[68.176s] [ 67%] [32mBuilding CXX object sample/ranger_demo/CMakeFiles/demo_ranger_robot.dir/ranger_robot_demo.cpp.o[0m
[72.705s] [ 71%] [32m[1mLinking CXX executable ../../bin/demo_ranger_robot[0m
[73.089s] [ 71%] Built target demo_ranger_robot
[73.169s] [ 75%] [32mBuilding CXX object sample/bunker_demo/CMakeFiles/demo_bunker_robot.dir/bunker_robot_demo.cpp.o[0m
[74.277s] [ 78%] [32m[1mLinking CXX executable ../../bin/demo_bunker_robot[0m
[74.520s] [ 78%] Built target demo_bunker_robot
[74.562s] [ 82%] [32mBuilding CXX object sample/hunter_demo/CMakeFiles/demo_hunter_robot.dir/hunter_robot_demo.cpp.o[0m
[78.573s] [ 85%] [32m[1mLinking CXX executable ../../bin/demo_hunter_robot[0m
[78.832s] [ 85%] Built target demo_hunter_robot
[78.876s] [ 89%] [32mBuilding CXX object sample/utils_demo/CMakeFiles/demo_protocol_detector.dir/demo_protocol_detector.cpp.o[0m
[82.342s] [ 92%] [32m[1mLinking CXX executable ../../bin/demo_protocol_detector[0m
[82.547s] [ 92%] Built target demo_protocol_detector
[82.580s] [ 96%] [32mBuilding CXX object sample/utils_demo/CMakeFiles/demo_robot_version.dir/demo_robot_version.cpp.o[0m
[86.522s] [100%] [32m[1mLinking CXX executable ../../bin/demo_robot_version[0m
[86.735s] [100%] Built target demo_robot_version
[86.762s] Invoked command in '/home/student/ros2_ws/build/ugv_sdk' returned '0': /usr/bin/cmake --build /home/student/ros2_ws/build/ugv_sdk -- -j2 -l2
[86.763s] Invoking command in '/home/student/ros2_ws/build/ugv_sdk': /usr/bin/cmake --install /home/student/ros2_ws/build/ugv_sdk
[86.780s] -- Install configuration: "Release"
[86.782s] -- Installing: /home/student/ros2_ws/install/ugv_sdk/lib/libugv_sdk.a
[86.803s] -- Installing: /home/student/ros2_ws/install/ugv_sdk/include/ugv_sdk
[86.804s] -- Installing: /home/student/ros2_ws/install/ugv_sdk/include/ugv_sdk/utilities
[86.805s] -- Installing: /home/student/ros2_ws/install/ugv_sdk/include/ugv_sdk/utilities/protocol_detector.hpp
[86.809s] -- Installing: /home/student/ros2_ws/install/ugv_sdk/include/ugv_sdk/details
[86.810s] -- Installing: /home/student/ros2_ws/install/ugv_sdk/include/ugv_sdk/details/async_port
[86.811s] -- Installing: /home/student/ros2_ws/install/ugv_sdk/include/ugv_sdk/details/async_port/ring_buffer.hpp
[86.814s] -- Installing: /home/student/ros2_ws/install/ugv_sdk/include/ugv_sdk/details/async_port/async_serial.hpp
[86.817s] -- Installing: /home/student/ros2_ws/install/ugv_sdk/include/ugv_sdk/details/async_port/async_can.hpp
[86.820s] -- Installing: /home/student/ros2_ws/install/ugv_sdk/include/ugv_sdk/details/interface
[86.821s] -- Installing: /home/student/ros2_ws/install/ugv_sdk/include/ugv_sdk/details/interface/robot_common_interface.hpp
[86.824s] -- Installing: /home/student/ros2_ws/install/ugv_sdk/include/ugv_sdk/details/interface/bunker_interface.hpp
[86.826s] -- Installing: /home/student/ros2_ws/install/ugv_sdk/include/ugv_sdk/details/interface/hunter_interface.hpp
[86.828s] -- Installing: /home/student/ros2_ws/install/ugv_sdk/include/ugv_sdk/details/interface/scout_interface.hpp
[86.828s] -- Installing: /home/student/ros2_ws/install/ugv_sdk/include/ugv_sdk/details/interface/titan_interface.hpp
[86.828s] -- Installing: /home/student/ros2_ws/install/ugv_sdk/include/ugv_sdk/details/interface/agilex_types.h
[86.829s] -- Installing: /home/student/ros2_ws/install/ugv_sdk/include/ugv_sdk/details/interface/tracer_interface.hpp
[86.829s] -- Installing: /home/student/ros2_ws/install/ugv_sdk/include/ugv_sdk/details/interface/ranger_interface.hpp
[86.829s] -- Installing: /home/student/ros2_ws/install/ugv_sdk/include/ugv_sdk/details/interface/agilex_message.h
[86.836s] -- Installing: /home/student/ros2_ws/install/ugv_sdk/include/ugv_sdk/details/robot_base
[86.837s] -- Installing: /home/student/ros2_ws/install/ugv_sdk/include/ugv_sdk/details/robot_base/hunter_base.hpp
[86.837s] -- Installing: /home/student/ros2_ws/install/ugv_sdk/include/ugv_sdk/details/robot_base/bunker_base.hpp
[86.841s] -- Installing: /home/student/ros2_ws/install/ugv_sdk/include/ugv_sdk/details/robot_base/titan_base.hpp
[86.843s] -- Installing: /home/student/ros2_ws/install/ugv_sdk/include/ugv_sdk/details/robot_base/agilex_base.hpp
[86.843s] -- Installing: /home/student/ros2_ws/install/ugv_sdk/include/ugv_sdk/details/robot_base/scout_base.hpp
[86.843s] -- Installing: /home/student/ros2_ws/install/ugv_sdk/include/ugv_sdk/details/robot_base/tracer_base.hpp
[86.844s] -- Installing: /home/student/ros2_ws/install/ugv_sdk/include/ugv_sdk/details/robot_base/ranger_base.hpp
[86.844s] -- Installing: /home/student/ros2_ws/install/ugv_sdk/include/ugv_sdk/details/protocol_v1
[86.844s] -- Installing: /home/student/ros2_ws/install/ugv_sdk/include/ugv_sdk/details/protocol_v1/robot_limits.hpp
[86.845s] -- Installing: /home/student/ros2_ws/install/ugv_sdk/include/ugv_sdk/details/protocol_v1/agilex_msg_parser_v1.h
[86.845s] -- Installing: /home/student/ros2_ws/install/ugv_sdk/include/ugv_sdk/details/protocol_v1/protocol_v1_parser.hpp
[86.845s] -- Installing: /home/student/ros2_ws/install/ugv_sdk/include/ugv_sdk/details/parser_base.hpp
[86.845s] -- Installing: /home/student/ros2_ws/install/ugv_sdk/include/ugv_sdk/details/protocol_v2
[86.852s] -- Installing: /home/student/ros2_ws/install/ugv_sdk/include/ugv_sdk/details/protocol_v2/protocol_v2_parser.hpp
[86.852s] -- Installing: /home/student/ros2_ws/install/ugv_sdk/include/ugv_sdk/mobile_robot
[86.852s] -- Installing: /home/student/ros2_ws/install/ugv_sdk/include/ugv_sdk/mobile_robot/titan_robot.hpp
[86.852s] -- Installing: /home/student/ros2_ws/install/ugv_sdk/include/ugv_sdk/mobile_robot/hunter_robot.hpp
[86.853s] -- Installing: /home/student/ros2_ws/install/ugv_sdk/include/ugv_sdk/mobile_robot/scout_robot.hpp
[86.853s] -- Installing: /home/student/ros2_ws/install/ugv_sdk/include/ugv_sdk/mobile_robot/bunker_robot.hpp
[86.853s] -- Installing: /home/student/ros2_ws/install/ugv_sdk/include/ugv_sdk/mobile_robot/tracer_robot.hpp
[86.853s] -- Installing: /home/student/ros2_ws/install/ugv_sdk/include/ugv_sdk/mobile_robot/ranger_robot.hpp
[86.854s] -- Installing: /home/student/ros2_ws/install/ugv_sdk/lib/cmake/ugv_sdk/ugv_sdkTargets.cmake
[86.854s] -- Installing: /home/student/ros2_ws/install/ugv_sdk/lib/cmake/ugv_sdk/ugv_sdkTargets-release.cmake
[86.854s] -- Installing: /home/student/ros2_ws/install/ugv_sdk/lib/cmake/ugv_sdk/ugv_sdkConfig.cmake
[86.855s] -- Installing: /home/student/ros2_ws/install/ugv_sdk/lib/cmake/ugv_sdk/ugv_sdkConfigVersion.cmake
[86.863s] Invoked command in '/home/student/ros2_ws/build/ugv_sdk' returned '0': /usr/bin/cmake --install /home/student/ros2_ws/build/ugv_sdk
