[0.088s] Invoking command in '/home/student/ros2_ws/build/rslidar_sdk': CMAKE_PREFIX_PATH=/home/student/ros2_ws/install/rslidar_msg:/home/student/ros2_ws/install/scout_base:/home/student/ros2_ws/install/lidar_slam_mapping:/home/student/ros2_ws/install/object_recognition:/opt/ros/humble:/home/student/ros2_ws/install/ugv_sdk:/home/student/ros2_ws/install/scout_msgs:/home/student/ros2_ws/install/scout_description:/home/student/ros2_ws/install/rslidar_sdk LD_LIBRARY_PATH=/home/student/ros2_ws/install/rslidar_msg/lib:/home/student/ros2_ws/install/scout_msgs/lib:/usr/lib/x86_64-linux-gnu/gazebo-11/plugins:/opt/ros/humble/opt/rviz_ogre_vendor/lib:/opt/ros/humble/lib/x86_64-linux-gnu:/opt/ros/humble/lib /usr/bin/cmake --build /home/student/ros2_ws/build/rslidar_sdk -- -j2 -l2
[0.211s] [35m[1mConsolidate compiler generated dependencies of target rslidar_sdk_node[0m
[0.268s] [100%] Built target rslidar_sdk_node
[0.318s] Invoked command in '/home/student/ros2_ws/build/rslidar_sdk' returned '0': CMAKE_PREFIX_PATH=/home/student/ros2_ws/install/rslidar_msg:/home/student/ros2_ws/install/scout_base:/home/student/ros2_ws/install/lidar_slam_mapping:/home/student/ros2_ws/install/object_recognition:/opt/ros/humble:/home/student/ros2_ws/install/ugv_sdk:/home/student/ros2_ws/install/scout_msgs:/home/student/ros2_ws/install/scout_description:/home/student/ros2_ws/install/rslidar_sdk LD_LIBRARY_PATH=/home/student/ros2_ws/install/rslidar_msg/lib:/home/student/ros2_ws/install/scout_msgs/lib:/usr/lib/x86_64-linux-gnu/gazebo-11/plugins:/opt/ros/humble/opt/rviz_ogre_vendor/lib:/opt/ros/humble/lib/x86_64-linux-gnu:/opt/ros/humble/lib /usr/bin/cmake --build /home/student/ros2_ws/build/rslidar_sdk -- -j2 -l2
[0.321s] Invoking command in '/home/student/ros2_ws/build/rslidar_sdk': CMAKE_PREFIX_PATH=/home/student/ros2_ws/install/rslidar_msg:/home/student/ros2_ws/install/scout_base:/home/student/ros2_ws/install/lidar_slam_mapping:/home/student/ros2_ws/install/object_recognition:/opt/ros/humble:/home/student/ros2_ws/install/ugv_sdk:/home/student/ros2_ws/install/scout_msgs:/home/student/ros2_ws/install/scout_description:/home/student/ros2_ws/install/rslidar_sdk LD_LIBRARY_PATH=/home/student/ros2_ws/install/rslidar_msg/lib:/home/student/ros2_ws/install/scout_msgs/lib:/usr/lib/x86_64-linux-gnu/gazebo-11/plugins:/opt/ros/humble/opt/rviz_ogre_vendor/lib:/opt/ros/humble/lib/x86_64-linux-gnu:/opt/ros/humble/lib /usr/bin/cmake --install /home/student/ros2_ws/build/rslidar_sdk
[0.337s] -- Install configuration: "Release"
[0.338s] -- Up-to-date: /home/student/ros2_ws/install/rslidar_sdk/share/rslidar_sdk/config
[0.338s] -- Up-to-date: /home/student/ros2_ws/install/rslidar_sdk/share/rslidar_sdk/config/config.yaml
[0.338s] -- Up-to-date: /home/student/ros2_ws/install/rslidar_sdk/lib/rslidar_sdk/rslidar_sdk_node
[0.338s] -- Up-to-date: /home/student/ros2_ws/install/rslidar_sdk/share/rslidar_sdk/launch
[0.339s] -- Up-to-date: /home/student/ros2_ws/install/rslidar_sdk/share/rslidar_sdk/launch/start.launch
[0.339s] -- Up-to-date: /home/student/ros2_ws/install/rslidar_sdk/share/rslidar_sdk/launch/elequent_start.py
[0.339s] -- Up-to-date: /home/student/ros2_ws/install/rslidar_sdk/share/rslidar_sdk/launch/start.py
[0.339s] -- Up-to-date: /home/student/ros2_ws/install/rslidar_sdk/share/rslidar_sdk/rviz
[0.339s] -- Up-to-date: /home/student/ros2_ws/install/rslidar_sdk/share/rslidar_sdk/rviz/rviz.rviz
[0.340s] -- Up-to-date: /home/student/ros2_ws/install/rslidar_sdk/share/rslidar_sdk/rviz/rviz2.rviz
[0.340s] -- Up-to-date: /home/student/ros2_ws/install/rslidar_sdk/share/ament_index/resource_index/package_run_dependencies/rslidar_sdk
[0.340s] -- Up-to-date: /home/student/ros2_ws/install/rslidar_sdk/share/ament_index/resource_index/parent_prefix_path/rslidar_sdk
[0.340s] -- Up-to-date: /home/student/ros2_ws/install/rslidar_sdk/share/rslidar_sdk/environment/ament_prefix_path.sh
[0.340s] -- Up-to-date: /home/student/ros2_ws/install/rslidar_sdk/share/rslidar_sdk/environment/ament_prefix_path.dsv
[0.341s] -- Up-to-date: /home/student/ros2_ws/install/rslidar_sdk/share/rslidar_sdk/environment/path.sh
[0.341s] -- Up-to-date: /home/student/ros2_ws/install/rslidar_sdk/share/rslidar_sdk/environment/path.dsv
[0.341s] -- Up-to-date: /home/student/ros2_ws/install/rslidar_sdk/share/rslidar_sdk/local_setup.bash
[0.341s] -- Up-to-date: /home/student/ros2_ws/install/rslidar_sdk/share/rslidar_sdk/local_setup.sh
[0.342s] -- Up-to-date: /home/student/ros2_ws/install/rslidar_sdk/share/rslidar_sdk/local_setup.zsh
[0.342s] -- Up-to-date: /home/student/ros2_ws/install/rslidar_sdk/share/rslidar_sdk/local_setup.dsv
[0.342s] -- Installing: /home/student/ros2_ws/install/rslidar_sdk/share/rslidar_sdk/package.dsv
[0.342s] -- Up-to-date: /home/student/ros2_ws/install/rslidar_sdk/share/ament_index/resource_index/packages/rslidar_sdk
[0.342s] -- Up-to-date: /home/student/ros2_ws/install/rslidar_sdk/share/rslidar_sdk/cmake/rslidar_sdkConfig.cmake
[0.342s] -- Up-to-date: /home/student/ros2_ws/install/rslidar_sdk/share/rslidar_sdk/cmake/rslidar_sdkConfig-version.cmake
[0.343s] -- Up-to-date: /home/student/ros2_ws/install/rslidar_sdk/share/rslidar_sdk/package.xml
[0.357s] Invoked command in '/home/student/ros2_ws/build/rslidar_sdk' returned '0': CMAKE_PREFIX_PATH=/home/student/ros2_ws/install/rslidar_msg:/home/student/ros2_ws/install/scout_base:/home/student/ros2_ws/install/lidar_slam_mapping:/home/student/ros2_ws/install/object_recognition:/opt/ros/humble:/home/student/ros2_ws/install/ugv_sdk:/home/student/ros2_ws/install/scout_msgs:/home/student/ros2_ws/install/scout_description:/home/student/ros2_ws/install/rslidar_sdk LD_LIBRARY_PATH=/home/student/ros2_ws/install/rslidar_msg/lib:/home/student/ros2_ws/install/scout_msgs/lib:/usr/lib/x86_64-linux-gnu/gazebo-11/plugins:/opt/ros/humble/opt/rviz_ogre_vendor/lib:/opt/ros/humble/lib/x86_64-linux-gnu:/opt/ros/humble/lib /usr/bin/cmake --install /home/student/ros2_ws/build/rslidar_sdk
