[0.035s] Invoking command in '/home/student/ros2_ws/build/scout_description': CMAKE_PREFIX_PATH=/home/student/ros2_ws/install/scout_base:/home/student/ros2_ws/install/lidar_slam_mapping:/home/student/ros2_ws/install/lidar_slam_nav2:/opt/ros/humble:/home/student/ros2_ws/install/ugv_sdk:/home/student/ros2_ws/install/scout_msgs:/home/student/ros2_ws/install/scout_description:/home/student/ros2_ws/install/rslidar_sdk:/home/student/ros2_ws/install/rslidar_msg:/home/student/ros2_ws/install/rplidar_ros:/home/student/ros2_ws/install/cartographer_rviz:/home/student/ros2_ws/install/cartographer_ros:/home/student/ros2_ws/install/cartographer_ros_msgs /usr/bin/cmake --build /home/student/ros2_ws/build/scout_description -- -j2 -l2
[0.161s] Invoked command in '/home/student/ros2_ws/build/scout_description' returned '0': CMAKE_PREFIX_PATH=/home/student/ros2_ws/install/scout_base:/home/student/ros2_ws/install/lidar_slam_mapping:/home/student/ros2_ws/install/lidar_slam_nav2:/opt/ros/humble:/home/student/ros2_ws/install/ugv_sdk:/home/student/ros2_ws/install/scout_msgs:/home/student/ros2_ws/install/scout_description:/home/student/ros2_ws/install/rslidar_sdk:/home/student/ros2_ws/install/rslidar_msg:/home/student/ros2_ws/install/rplidar_ros:/home/student/ros2_ws/install/cartographer_rviz:/home/student/ros2_ws/install/cartographer_ros:/home/student/ros2_ws/install/cartographer_ros_msgs /usr/bin/cmake --build /home/student/ros2_ws/build/scout_description -- -j2 -l2
[0.168s] Invoking command in '/home/student/ros2_ws/build/scout_description': CMAKE_PREFIX_PATH=/home/student/ros2_ws/install/scout_base:/home/student/ros2_ws/install/lidar_slam_mapping:/home/student/ros2_ws/install/lidar_slam_nav2:/opt/ros/humble:/home/student/ros2_ws/install/ugv_sdk:/home/student/ros2_ws/install/scout_msgs:/home/student/ros2_ws/install/scout_description:/home/student/ros2_ws/install/rslidar_sdk:/home/student/ros2_ws/install/rslidar_msg:/home/student/ros2_ws/install/rplidar_ros:/home/student/ros2_ws/install/cartographer_rviz:/home/student/ros2_ws/install/cartographer_ros:/home/student/ros2_ws/install/cartographer_ros_msgs /usr/bin/cmake --install /home/student/ros2_ws/build/scout_description
[0.207s] -- Install configuration: ""
[0.207s] -- Up-to-date: /home/student/ros2_ws/install/scout_description/share/scout_description//launch
[0.208s] -- Up-to-date: /home/student/ros2_ws/install/scout_description/share/scout_description//launch/scout_base_description.launch.py
[0.208s] -- Up-to-date: /home/student/ros2_ws/install/scout_description/share/scout_description//urdf
[0.208s] -- Up-to-date: /home/student/ros2_ws/install/scout_description/share/scout_description//urdf/scout_mini
[0.209s] -- Up-to-date: /home/student/ros2_ws/install/scout_description/share/scout_description//urdf/scout_mini/scout_mini.urdf
[0.209s] -- Up-to-date: /home/student/ros2_ws/install/scout_description/share/scout_description//urdf/scout_mini/scout_mini.xacro
[0.209s] -- Up-to-date: /home/student/ros2_ws/install/scout_description/share/scout_description//urdf/scout_mini/scout_mini_wheel.xacro
[0.210s] -- Up-to-date: /home/student/ros2_ws/install/scout_description/share/scout_description//urdf/generate_urdf.sh
[0.210s] -- Up-to-date: /home/student/ros2_ws/install/scout_description/share/scout_description//urdf/scout_v2
[0.211s] -- Up-to-date: /home/student/ros2_ws/install/scout_description/share/scout_description//urdf/scout_v2/scout_v2.xacro
[0.211s] -- Up-to-date: /home/student/ros2_ws/install/scout_description/share/scout_description//urdf/scout_v2/scout_v2.urdf
[0.211s] -- Up-to-date: /home/student/ros2_ws/install/scout_description/share/scout_description//urdf/scout_v2/scout_wheel_type1.xacro
[0.212s] -- Up-to-date: /home/student/ros2_ws/install/scout_description/share/scout_description//urdf/scout_v2/scout_wheel_type2.xacro
[0.212s] -- Up-to-date: /home/student/ros2_ws/install/scout_description/share/scout_description//meshes
[0.212s] -- Up-to-date: /home/student/ros2_ws/install/scout_description/share/scout_description//meshes/scout_mini
[0.213s] -- Up-to-date: /home/student/ros2_ws/install/scout_description/share/scout_description//meshes/scout_mini/mini_wheel.dae
[0.213s] -- Up-to-date: /home/student/ros2_ws/install/scout_description/share/scout_description//meshes/scout_mini/mini_base_link.dae
[0.214s] -- Up-to-date: /home/student/ros2_ws/install/scout_description/share/scout_description//meshes/scout_v2
[0.214s] -- Up-to-date: /home/student/ros2_ws/install/scout_description/share/scout_description//meshes/scout_v2/base_link_full.dae
[0.214s] -- Up-to-date: /home/student/ros2_ws/install/scout_description/share/scout_description//meshes/scout_v2/wheel_type2.dae
[0.215s] -- Up-to-date: /home/student/ros2_ws/install/scout_description/share/scout_description//meshes/scout_v2/wheel_type1.dae
[0.215s] -- Up-to-date: /home/student/ros2_ws/install/scout_description/share/scout_description//meshes/scout_v2/hokuyo.dae
[0.215s] -- Up-to-date: /home/student/ros2_ws/install/scout_description/share/scout_description//meshes/scout_v2/base_link.dae
[0.216s] -- Up-to-date: /home/student/ros2_ws/install/scout_description/share/ament_index/resource_index/package_run_dependencies/scout_description
[0.216s] -- Up-to-date: /home/student/ros2_ws/install/scout_description/share/ament_index/resource_index/parent_prefix_path/scout_description
[0.216s] -- Up-to-date: /home/student/ros2_ws/install/scout_description/share/scout_description/environment/ament_prefix_path.sh
[0.217s] -- Up-to-date: /home/student/ros2_ws/install/scout_description/share/scout_description/environment/ament_prefix_path.dsv
[0.217s] -- Up-to-date: /home/student/ros2_ws/install/scout_description/share/scout_description/environment/path.sh
[0.218s] -- Up-to-date: /home/student/ros2_ws/install/scout_description/share/scout_description/environment/path.dsv
[0.218s] -- Up-to-date: /home/student/ros2_ws/install/scout_description/share/scout_description/local_setup.bash
[0.219s] -- Up-to-date: /home/student/ros2_ws/install/scout_description/share/scout_description/local_setup.sh
[0.219s] -- Up-to-date: /home/student/ros2_ws/install/scout_description/share/scout_description/local_setup.zsh
[0.219s] -- Up-to-date: /home/student/ros2_ws/install/scout_description/share/scout_description/local_setup.dsv
[0.220s] -- Installing: /home/student/ros2_ws/install/scout_description/share/scout_description/package.dsv
[0.221s] -- Up-to-date: /home/student/ros2_ws/install/scout_description/share/ament_index/resource_index/packages/scout_description
[0.221s] -- Up-to-date: /home/student/ros2_ws/install/scout_description/share/scout_description/cmake/scout_descriptionConfig.cmake
[0.222s] -- Up-to-date: /home/student/ros2_ws/install/scout_description/share/scout_description/cmake/scout_descriptionConfig-version.cmake
[0.222s] -- Up-to-date: /home/student/ros2_ws/install/scout_description/share/scout_description/package.xml
[0.231s] Invoked command in '/home/student/ros2_ws/build/scout_description' returned '0': CMAKE_PREFIX_PATH=/home/student/ros2_ws/install/scout_base:/home/student/ros2_ws/install/lidar_slam_mapping:/home/student/ros2_ws/install/lidar_slam_nav2:/opt/ros/humble:/home/student/ros2_ws/install/ugv_sdk:/home/student/ros2_ws/install/scout_msgs:/home/student/ros2_ws/install/scout_description:/home/student/ros2_ws/install/rslidar_sdk:/home/student/ros2_ws/install/rslidar_msg:/home/student/ros2_ws/install/rplidar_ros:/home/student/ros2_ws/install/cartographer_rviz:/home/student/ros2_ws/install/cartographer_ros:/home/student/ros2_ws/install/cartographer_ros_msgs /usr/bin/cmake --install /home/student/ros2_ws/build/scout_description
