[0.052s] Invoking command in '/home/student/ros2_ws/build/rslidar_msg': CMAKE_PREFIX_PATH=/home/student/ros2_ws/install/scout_base:/home/student/ros2_ws/install/lidar_slam_mapping:/home/student/ros2_ws/install/lidar_slam_nav2:/opt/ros/humble:/home/student/ros2_ws/install/ugv_sdk:/home/student/ros2_ws/install/scout_msgs:/home/student/ros2_ws/install/scout_description:/home/student/ros2_ws/install/rslidar_sdk:/home/student/ros2_ws/install/rslidar_msg:/home/student/ros2_ws/install/rplidar_ros:/home/student/ros2_ws/install/cartographer_rviz:/home/student/ros2_ws/install/cartographer_ros:/home/student/ros2_ws/install/cartographer_ros_msgs /usr/bin/cmake --build /home/student/ros2_ws/build/rslidar_msg -- -j2 -l2
[0.202s] [35m[1mConsolidate compiler generated dependencies of target rslidar_msg__rosidl_generator_c[0m
[0.234s] [  3%] Built target rslidar_msg__cpp
[0.245s] [ 12%] Built target rslidar_msg__rosidl_generator_c
[0.276s] [35m[1mConsolidate compiler generated dependencies of target rslidar_msg__rosidl_typesupport_cpp[0m
[0.337s] [ 22%] Built target rslidar_msg__rosidl_typesupport_cpp
[0.352s] [ 22%] Built target ament_cmake_python_copy_rslidar_msg
[0.384s] [35m[1mConsolidate compiler generated dependencies of target rslidar_msg__rosidl_typesupport_fastrtps_c[0m
[0.397s] [35m[1mConsolidate compiler generated dependencies of target rslidar_msg__rosidl_typesupport_fastrtps_cpp[0m
[0.447s] [ 32%] Built target rslidar_msg__rosidl_typesupport_fastrtps_c
[0.453s] [ 41%] Built target rslidar_msg__rosidl_typesupport_fastrtps_cpp
[0.486s] [35m[1mConsolidate compiler generated dependencies of target rslidar_msg__rosidl_typesupport_c[0m
[0.492s] [35m[1mConsolidate compiler generated dependencies of target rslidar_msg__rosidl_typesupport_introspection_c[0m
[0.528s] [ 51%] Built target rslidar_msg__rosidl_typesupport_introspection_c
[0.535s] [ 61%] Built target rslidar_msg__rosidl_typesupport_c
[0.569s] [35m[1mConsolidate compiler generated dependencies of target rslidar_msg__rosidl_typesupport_introspection_cpp[0m
[0.612s] [ 70%] Built target rslidar_msg__rosidl_typesupport_introspection_cpp
[0.709s] [ 70%] Built target rslidar_msg
[0.832s] [ 74%] Built target rslidar_msg__py
[0.891s] [35m[1mConsolidate compiler generated dependencies of target rslidar_msg__rosidl_generator_py[0m
[0.966s] [ 80%] Built target rslidar_msg__rosidl_generator_py
[1.029s] [35m[1mConsolidate compiler generated dependencies of target rslidar_msg__rosidl_typesupport_fastrtps_c__pyext[0m
[1.118s] [ 87%] Built target rslidar_msg__rosidl_typesupport_fastrtps_c__pyext
[1.175s] [35m[1mConsolidate compiler generated dependencies of target rslidar_msg__rosidl_typesupport_introspection_c__pyext[0m
[1.244s] [ 93%] Built target rslidar_msg__rosidl_typesupport_introspection_c__pyext
[1.291s] [35m[1mConsolidate compiler generated dependencies of target rslidar_msg__rosidl_typesupport_c__pyext[0m
[1.363s] [100%] Built target rslidar_msg__rosidl_typesupport_c__pyext
[1.707s] running egg_info
[1.710s] writing rslidar_msg.egg-info/PKG-INFO
[1.712s] writing dependency_links to rslidar_msg.egg-info/dependency_links.txt
[1.713s] writing top-level names to rslidar_msg.egg-info/top_level.txt
[1.721s] reading manifest file 'rslidar_msg.egg-info/SOURCES.txt'
[1.723s] writing manifest file 'rslidar_msg.egg-info/SOURCES.txt'
[1.808s] [100%] Built target ament_cmake_python_build_rslidar_msg_egg
[1.855s] Invoked command in '/home/student/ros2_ws/build/rslidar_msg' returned '0': CMAKE_PREFIX_PATH=/home/student/ros2_ws/install/scout_base:/home/student/ros2_ws/install/lidar_slam_mapping:/home/student/ros2_ws/install/lidar_slam_nav2:/opt/ros/humble:/home/student/ros2_ws/install/ugv_sdk:/home/student/ros2_ws/install/scout_msgs:/home/student/ros2_ws/install/scout_description:/home/student/ros2_ws/install/rslidar_sdk:/home/student/ros2_ws/install/rslidar_msg:/home/student/ros2_ws/install/rplidar_ros:/home/student/ros2_ws/install/cartographer_rviz:/home/student/ros2_ws/install/cartographer_ros:/home/student/ros2_ws/install/cartographer_ros_msgs /usr/bin/cmake --build /home/student/ros2_ws/build/rslidar_msg -- -j2 -l2
[1.856s] Invoking command in '/home/student/ros2_ws/build/rslidar_msg': CMAKE_PREFIX_PATH=/home/student/ros2_ws/install/scout_base:/home/student/ros2_ws/install/lidar_slam_mapping:/home/student/ros2_ws/install/lidar_slam_nav2:/opt/ros/humble:/home/student/ros2_ws/install/ugv_sdk:/home/student/ros2_ws/install/scout_msgs:/home/student/ros2_ws/install/scout_description:/home/student/ros2_ws/install/rslidar_sdk:/home/student/ros2_ws/install/rslidar_msg:/home/student/ros2_ws/install/rplidar_ros:/home/student/ros2_ws/install/cartographer_rviz:/home/student/ros2_ws/install/cartographer_ros:/home/student/ros2_ws/install/cartographer_ros_msgs /usr/bin/cmake --install /home/student/ros2_ws/build/rslidar_msg
[1.873s] -- Install configuration: ""
[1.874s] -- Up-to-date: /home/student/ros2_ws/install/rslidar_msg/share/ament_index/resource_index/rosidl_interfaces/rslidar_msg
[1.874s] -- Up-to-date: /home/student/ros2_ws/install/rslidar_msg/include/rslidar_msg/rslidar_msg
[1.874s] -- Up-to-date: /home/student/ros2_ws/install/rslidar_msg/include/rslidar_msg/rslidar_msg/msg
[1.875s] -- Up-to-date: /home/student/ros2_ws/install/rslidar_msg/include/rslidar_msg/rslidar_msg/msg/rslidar_packet.h
[1.875s] -- Up-to-date: /home/student/ros2_ws/install/rslidar_msg/include/rslidar_msg/rslidar_msg/msg/rosidl_generator_c__visibility_control.h
[1.875s] -- Up-to-date: /home/student/ros2_ws/install/rslidar_msg/include/rslidar_msg/rslidar_msg/msg/detail
[1.876s] -- Up-to-date: /home/student/ros2_ws/install/rslidar_msg/include/rslidar_msg/rslidar_msg/msg/detail/rslidar_packet__type_support.h
[1.876s] -- Up-to-date: /home/student/ros2_ws/install/rslidar_msg/include/rslidar_msg/rslidar_msg/msg/detail/rslidar_packet__functions.c
[1.877s] -- Up-to-date: /home/student/ros2_ws/install/rslidar_msg/include/rslidar_msg/rslidar_msg/msg/detail/rslidar_packet__struct.h
[1.877s] -- Up-to-date: /home/student/ros2_ws/install/rslidar_msg/include/rslidar_msg/rslidar_msg/msg/detail/rslidar_packet__functions.h
[1.877s] -- Up-to-date: /home/student/ros2_ws/install/rslidar_msg/share/rslidar_msg/environment/library_path.sh
[1.877s] -- Up-to-date: /home/student/ros2_ws/install/rslidar_msg/share/rslidar_msg/environment/library_path.dsv
[1.878s] -- Up-to-date: /home/student/ros2_ws/install/rslidar_msg/lib/librslidar_msg__rosidl_generator_c.so
[1.878s] -- Up-to-date: /home/student/ros2_ws/install/rslidar_msg/include/rslidar_msg/rslidar_msg
[1.878s] -- Up-to-date: /home/student/ros2_ws/install/rslidar_msg/include/rslidar_msg/rslidar_msg/msg
[1.879s] -- Up-to-date: /home/student/ros2_ws/install/rslidar_msg/include/rslidar_msg/rslidar_msg/msg/rosidl_typesupport_fastrtps_c__visibility_control.h
[1.879s] -- Up-to-date: /home/student/ros2_ws/install/rslidar_msg/include/rslidar_msg/rslidar_msg/msg/detail
[1.880s] -- Up-to-date: /home/student/ros2_ws/install/rslidar_msg/include/rslidar_msg/rslidar_msg/msg/detail/rslidar_packet__rosidl_typesupport_fastrtps_c.h
[1.881s] -- Up-to-date: /home/student/ros2_ws/install/rslidar_msg/lib/librslidar_msg__rosidl_typesupport_fastrtps_c.so
[1.881s] -- Up-to-date: /home/student/ros2_ws/install/rslidar_msg/include/rslidar_msg/rslidar_msg
[1.882s] -- Up-to-date: /home/student/ros2_ws/install/rslidar_msg/include/rslidar_msg/rslidar_msg/msg
[1.882s] -- Up-to-date: /home/student/ros2_ws/install/rslidar_msg/include/rslidar_msg/rslidar_msg/msg/rslidar_packet.hpp
[1.883s] -- Up-to-date: /home/student/ros2_ws/install/rslidar_msg/include/rslidar_msg/rslidar_msg/msg/rosidl_generator_cpp__visibility_control.hpp
[1.883s] -- Up-to-date: /home/student/ros2_ws/install/rslidar_msg/include/rslidar_msg/rslidar_msg/msg/detail
[1.883s] -- Up-to-date: /home/student/ros2_ws/install/rslidar_msg/include/rslidar_msg/rslidar_msg/msg/detail/rslidar_packet__type_support.hpp
[1.884s] -- Up-to-date: /home/student/ros2_ws/install/rslidar_msg/include/rslidar_msg/rslidar_msg/msg/detail/rslidar_packet__struct.hpp
[1.884s] -- Up-to-date: /home/student/ros2_ws/install/rslidar_msg/include/rslidar_msg/rslidar_msg/msg/detail/rslidar_packet__builder.hpp
[1.884s] -- Up-to-date: /home/student/ros2_ws/install/rslidar_msg/include/rslidar_msg/rslidar_msg/msg/detail/rslidar_packet__traits.hpp
[1.884s] -- Up-to-date: /home/student/ros2_ws/install/rslidar_msg/include/rslidar_msg/rslidar_msg
[1.884s] -- Up-to-date: /home/student/ros2_ws/install/rslidar_msg/include/rslidar_msg/rslidar_msg/msg
[1.885s] -- Up-to-date: /home/student/ros2_ws/install/rslidar_msg/include/rslidar_msg/rslidar_msg/msg/detail
[1.887s] -- Up-to-date: /home/student/ros2_ws/install/rslidar_msg/include/rslidar_msg/rslidar_msg/msg/detail/rslidar_packet__rosidl_typesupport_fastrtps_cpp.hpp
[1.888s] -- Up-to-date: /home/student/ros2_ws/install/rslidar_msg/include/rslidar_msg/rslidar_msg/msg/detail/dds_fastrtps
[1.888s] -- Up-to-date: /home/student/ros2_ws/install/rslidar_msg/include/rslidar_msg/rslidar_msg/msg/rosidl_typesupport_fastrtps_cpp__visibility_control.h
[1.889s] -- Up-to-date: /home/student/ros2_ws/install/rslidar_msg/lib/librslidar_msg__rosidl_typesupport_fastrtps_cpp.so
[1.889s] -- Up-to-date: /home/student/ros2_ws/install/rslidar_msg/include/rslidar_msg/rslidar_msg
[1.890s] -- Up-to-date: /home/student/ros2_ws/install/rslidar_msg/include/rslidar_msg/rslidar_msg/msg
[1.890s] -- Up-to-date: /home/student/ros2_ws/install/rslidar_msg/include/rslidar_msg/rslidar_msg/msg/rosidl_typesupport_introspection_c__visibility_control.h
[1.890s] -- Up-to-date: /home/student/ros2_ws/install/rslidar_msg/include/rslidar_msg/rslidar_msg/msg/detail
[1.890s] -- Up-to-date: /home/student/ros2_ws/install/rslidar_msg/include/rslidar_msg/rslidar_msg/msg/detail/rslidar_packet__type_support.c
[1.890s] -- Up-to-date: /home/student/ros2_ws/install/rslidar_msg/include/rslidar_msg/rslidar_msg/msg/detail/rslidar_packet__rosidl_typesupport_introspection_c.h
[1.890s] -- Up-to-date: /home/student/ros2_ws/install/rslidar_msg/lib/librslidar_msg__rosidl_typesupport_introspection_c.so
[1.891s] -- Up-to-date: /home/student/ros2_ws/install/rslidar_msg/lib/librslidar_msg__rosidl_typesupport_c.so
[1.893s] -- Up-to-date: /home/student/ros2_ws/install/rslidar_msg/include/rslidar_msg/rslidar_msg
[1.893s] -- Up-to-date: /home/student/ros2_ws/install/rslidar_msg/include/rslidar_msg/rslidar_msg/msg
[1.894s] -- Up-to-date: /home/student/ros2_ws/install/rslidar_msg/include/rslidar_msg/rslidar_msg/msg/detail
[1.894s] -- Up-to-date: /home/student/ros2_ws/install/rslidar_msg/include/rslidar_msg/rslidar_msg/msg/detail/rslidar_packet__rosidl_typesupport_introspection_cpp.hpp
[1.895s] -- Up-to-date: /home/student/ros2_ws/install/rslidar_msg/include/rslidar_msg/rslidar_msg/msg/detail/rslidar_packet__type_support.cpp
[1.895s] -- Up-to-date: /home/student/ros2_ws/install/rslidar_msg/lib/librslidar_msg__rosidl_typesupport_introspection_cpp.so
[1.896s] -- Up-to-date: /home/student/ros2_ws/install/rslidar_msg/lib/librslidar_msg__rosidl_typesupport_cpp.so
[1.897s] -- Up-to-date: /home/student/ros2_ws/install/rslidar_msg/share/rslidar_msg/environment/pythonpath.sh
[1.897s] -- Up-to-date: /home/student/ros2_ws/install/rslidar_msg/share/rslidar_msg/environment/pythonpath.dsv
[1.897s] -- Up-to-date: /home/student/ros2_ws/install/rslidar_msg/local/lib/python3.10/dist-packages/rslidar_msg-0.0.0-py3.10.egg-info
[1.898s] -- Installing: /home/student/ros2_ws/install/rslidar_msg/local/lib/python3.10/dist-packages/rslidar_msg-0.0.0-py3.10.egg-info/top_level.txt
[1.905s] -- Installing: /home/student/ros2_ws/install/rslidar_msg/local/lib/python3.10/dist-packages/rslidar_msg-0.0.0-py3.10.egg-info/SOURCES.txt
[1.905s] -- Installing: /home/student/ros2_ws/install/rslidar_msg/local/lib/python3.10/dist-packages/rslidar_msg-0.0.0-py3.10.egg-info/dependency_links.txt
[1.906s] -- Installing: /home/student/ros2_ws/install/rslidar_msg/local/lib/python3.10/dist-packages/rslidar_msg-0.0.0-py3.10.egg-info/PKG-INFO
[1.906s] -- Up-to-date: /home/student/ros2_ws/install/rslidar_msg/local/lib/python3.10/dist-packages/rslidar_msg
[1.906s] -- Up-to-date: /home/student/ros2_ws/install/rslidar_msg/local/lib/python3.10/dist-packages/rslidar_msg/librslidar_msg__rosidl_generator_py.so
[1.906s] -- Up-to-date: /home/student/ros2_ws/install/rslidar_msg/local/lib/python3.10/dist-packages/rslidar_msg/_rslidar_msg_s.ep.rosidl_typesupport_c.c
[1.907s] -- Up-to-date: /home/student/ros2_ws/install/rslidar_msg/local/lib/python3.10/dist-packages/rslidar_msg/rslidar_msg_s__rosidl_typesupport_introspection_c.cpython-310-x86_64-linux-gnu.so
[1.907s] -- Up-to-date: /home/student/ros2_ws/install/rslidar_msg/local/lib/python3.10/dist-packages/rslidar_msg/_rslidar_msg_s.ep.rosidl_typesupport_fastrtps_c.c
[1.910s] -- Up-to-date: /home/student/ros2_ws/install/rslidar_msg/local/lib/python3.10/dist-packages/rslidar_msg/msg
[1.910s] -- Up-to-date: /home/student/ros2_ws/install/rslidar_msg/local/lib/python3.10/dist-packages/rslidar_msg/msg/_rslidar_packet.py
[1.910s] -- Up-to-date: /home/student/ros2_ws/install/rslidar_msg/local/lib/python3.10/dist-packages/rslidar_msg/msg/__init__.py
[1.910s] -- Up-to-date: /home/student/ros2_ws/install/rslidar_msg/local/lib/python3.10/dist-packages/rslidar_msg/msg/_rslidar_packet_s.c
[1.910s] -- Up-to-date: /home/student/ros2_ws/install/rslidar_msg/local/lib/python3.10/dist-packages/rslidar_msg/_rslidar_msg_s.ep.rosidl_typesupport_introspection_c.c
[1.910s] -- Up-to-date: /home/student/ros2_ws/install/rslidar_msg/local/lib/python3.10/dist-packages/rslidar_msg/__init__.py
[1.912s] -- Up-to-date: /home/student/ros2_ws/install/rslidar_msg/local/lib/python3.10/dist-packages/rslidar_msg/rslidar_msg_s__rosidl_typesupport_fastrtps_c.cpython-310-x86_64-linux-gnu.so
[1.913s] -- Up-to-date: /home/student/ros2_ws/install/rslidar_msg/local/lib/python3.10/dist-packages/rslidar_msg/rslidar_msg_s__rosidl_typesupport_c.cpython-310-x86_64-linux-gnu.so
[1.981s] Listing '/home/student/ros2_ws/install/rslidar_msg/local/lib/python3.10/dist-packages/rslidar_msg'...
[1.982s] Listing '/home/student/ros2_ws/install/rslidar_msg/local/lib/python3.10/dist-packages/rslidar_msg/msg'...
[1.985s] -- Up-to-date: /home/student/ros2_ws/install/rslidar_msg/local/lib/python3.10/dist-packages/rslidar_msg/rslidar_msg_s__rosidl_typesupport_fastrtps_c.cpython-310-x86_64-linux-gnu.so
[1.985s] -- Up-to-date: /home/student/ros2_ws/install/rslidar_msg/local/lib/python3.10/dist-packages/rslidar_msg/rslidar_msg_s__rosidl_typesupport_introspection_c.cpython-310-x86_64-linux-gnu.so
[1.986s] -- Up-to-date: /home/student/ros2_ws/install/rslidar_msg/local/lib/python3.10/dist-packages/rslidar_msg/rslidar_msg_s__rosidl_typesupport_c.cpython-310-x86_64-linux-gnu.so
[1.986s] -- Up-to-date: /home/student/ros2_ws/install/rslidar_msg/lib/librslidar_msg__rosidl_generator_py.so
[1.986s] -- Up-to-date: /home/student/ros2_ws/install/rslidar_msg/share/rslidar_msg/msg/RslidarPacket.idl
[1.986s] -- Up-to-date: /home/student/ros2_ws/install/rslidar_msg/share/rslidar_msg/msg/RslidarPacket.msg
[1.987s] -- Up-to-date: /home/student/ros2_ws/install/rslidar_msg/share/ament_index/resource_index/package_run_dependencies/rslidar_msg
[1.987s] -- Up-to-date: /home/student/ros2_ws/install/rslidar_msg/share/ament_index/resource_index/parent_prefix_path/rslidar_msg
[1.987s] -- Up-to-date: /home/student/ros2_ws/install/rslidar_msg/share/rslidar_msg/environment/ament_prefix_path.sh
[1.988s] -- Up-to-date: /home/student/ros2_ws/install/rslidar_msg/share/rslidar_msg/environment/ament_prefix_path.dsv
[1.988s] -- Up-to-date: /home/student/ros2_ws/install/rslidar_msg/share/rslidar_msg/environment/path.sh
[1.988s] -- Up-to-date: /home/student/ros2_ws/install/rslidar_msg/share/rslidar_msg/environment/path.dsv
[1.988s] -- Up-to-date: /home/student/ros2_ws/install/rslidar_msg/share/rslidar_msg/local_setup.bash
[1.989s] -- Up-to-date: /home/student/ros2_ws/install/rslidar_msg/share/rslidar_msg/local_setup.sh
[1.989s] -- Up-to-date: /home/student/ros2_ws/install/rslidar_msg/share/rslidar_msg/local_setup.zsh
[1.989s] -- Up-to-date: /home/student/ros2_ws/install/rslidar_msg/share/rslidar_msg/local_setup.dsv
[1.990s] -- Installing: /home/student/ros2_ws/install/rslidar_msg/share/rslidar_msg/package.dsv
[1.990s] -- Up-to-date: /home/student/ros2_ws/install/rslidar_msg/share/ament_index/resource_index/packages/rslidar_msg
[1.991s] -- Up-to-date: /home/student/ros2_ws/install/rslidar_msg/share/rslidar_msg/cmake/export_rslidar_msg__rosidl_generator_cExport.cmake
[1.991s] -- Up-to-date: /home/student/ros2_ws/install/rslidar_msg/share/rslidar_msg/cmake/export_rslidar_msg__rosidl_generator_cExport-noconfig.cmake
[1.991s] -- Up-to-date: /home/student/ros2_ws/install/rslidar_msg/share/rslidar_msg/cmake/export_rslidar_msg__rosidl_typesupport_fastrtps_cExport.cmake
[1.991s] -- Up-to-date: /home/student/ros2_ws/install/rslidar_msg/share/rslidar_msg/cmake/export_rslidar_msg__rosidl_typesupport_fastrtps_cExport-noconfig.cmake
[1.992s] -- Up-to-date: /home/student/ros2_ws/install/rslidar_msg/share/rslidar_msg/cmake/export_rslidar_msg__rosidl_generator_cppExport.cmake
[1.992s] -- Up-to-date: /home/student/ros2_ws/install/rslidar_msg/share/rslidar_msg/cmake/export_rslidar_msg__rosidl_typesupport_fastrtps_cppExport.cmake
[1.992s] -- Up-to-date: /home/student/ros2_ws/install/rslidar_msg/share/rslidar_msg/cmake/export_rslidar_msg__rosidl_typesupport_fastrtps_cppExport-noconfig.cmake
[1.992s] -- Up-to-date: /home/student/ros2_ws/install/rslidar_msg/share/rslidar_msg/cmake/rslidar_msg__rosidl_typesupport_introspection_cExport.cmake
[1.992s] -- Up-to-date: /home/student/ros2_ws/install/rslidar_msg/share/rslidar_msg/cmake/rslidar_msg__rosidl_typesupport_introspection_cExport-noconfig.cmake
[1.992s] -- Up-to-date: /home/student/ros2_ws/install/rslidar_msg/share/rslidar_msg/cmake/rslidar_msg__rosidl_typesupport_cExport.cmake
[1.993s] -- Up-to-date: /home/student/ros2_ws/install/rslidar_msg/share/rslidar_msg/cmake/rslidar_msg__rosidl_typesupport_cExport-noconfig.cmake
[1.993s] -- Up-to-date: /home/student/ros2_ws/install/rslidar_msg/share/rslidar_msg/cmake/rslidar_msg__rosidl_typesupport_introspection_cppExport.cmake
[1.993s] -- Up-to-date: /home/student/ros2_ws/install/rslidar_msg/share/rslidar_msg/cmake/rslidar_msg__rosidl_typesupport_introspection_cppExport-noconfig.cmake
[1.993s] -- Up-to-date: /home/student/ros2_ws/install/rslidar_msg/share/rslidar_msg/cmake/rslidar_msg__rosidl_typesupport_cppExport.cmake
[1.993s] -- Up-to-date: /home/student/ros2_ws/install/rslidar_msg/share/rslidar_msg/cmake/rslidar_msg__rosidl_typesupport_cppExport-noconfig.cmake
[1.994s] -- Up-to-date: /home/student/ros2_ws/install/rslidar_msg/share/rslidar_msg/cmake/export_rslidar_msg__rosidl_generator_pyExport.cmake
[1.994s] -- Up-to-date: /home/student/ros2_ws/install/rslidar_msg/share/rslidar_msg/cmake/export_rslidar_msg__rosidl_generator_pyExport-noconfig.cmake
[1.994s] -- Up-to-date: /home/student/ros2_ws/install/rslidar_msg/share/rslidar_msg/cmake/rosidl_cmake-extras.cmake
[1.994s] -- Up-to-date: /home/student/ros2_ws/install/rslidar_msg/share/rslidar_msg/cmake/ament_cmake_export_dependencies-extras.cmake
[1.994s] -- Up-to-date: /home/student/ros2_ws/install/rslidar_msg/share/rslidar_msg/cmake/ament_cmake_export_include_directories-extras.cmake
[1.995s] -- Up-to-date: /home/student/ros2_ws/install/rslidar_msg/share/rslidar_msg/cmake/ament_cmake_export_libraries-extras.cmake
[1.995s] -- Up-to-date: /home/student/ros2_ws/install/rslidar_msg/share/rslidar_msg/cmake/ament_cmake_export_targets-extras.cmake
[1.995s] -- Up-to-date: /home/student/ros2_ws/install/rslidar_msg/share/rslidar_msg/cmake/rosidl_cmake_export_typesupport_targets-extras.cmake
[1.995s] -- Up-to-date: /home/student/ros2_ws/install/rslidar_msg/share/rslidar_msg/cmake/rosidl_cmake_export_typesupport_libraries-extras.cmake
[1.995s] -- Up-to-date: /home/student/ros2_ws/install/rslidar_msg/share/rslidar_msg/cmake/rslidar_msgConfig.cmake
[1.996s] -- Up-to-date: /home/student/ros2_ws/install/rslidar_msg/share/rslidar_msg/cmake/rslidar_msgConfig-version.cmake
[1.996s] -- Up-to-date: /home/student/ros2_ws/install/rslidar_msg/share/rslidar_msg/package.xml
[2.005s] Invoked command in '/home/student/ros2_ws/build/rslidar_msg' returned '0': CMAKE_PREFIX_PATH=/home/student/ros2_ws/install/scout_base:/home/student/ros2_ws/install/lidar_slam_mapping:/home/student/ros2_ws/install/lidar_slam_nav2:/opt/ros/humble:/home/student/ros2_ws/install/ugv_sdk:/home/student/ros2_ws/install/scout_msgs:/home/student/ros2_ws/install/scout_description:/home/student/ros2_ws/install/rslidar_sdk:/home/student/ros2_ws/install/rslidar_msg:/home/student/ros2_ws/install/rplidar_ros:/home/student/ros2_ws/install/cartographer_rviz:/home/student/ros2_ws/install/cartographer_ros:/home/student/ros2_ws/install/cartographer_ros_msgs /usr/bin/cmake --install /home/student/ros2_ws/build/rslidar_msg
