[0.220s] Invoking command in '/home/student/ros2_ws/build/scout_msgs': CMAKE_PREFIX_PATH=/home/student/ros2_ws/install/scout_base:/home/student/ros2_ws/install/lidar_slam_mapping:/opt/ros/humble:/home/student/ros2_ws/install/ugv_sdk:/home/student/ros2_ws/install/scout_msgs:/home/student/ros2_ws/install/scout_description:/home/student/ros2_ws/install/rslidar_sdk:/home/student/ros2_ws/install/rslidar_msg /usr/bin/cmake --build /home/student/ros2_ws/build/scout_msgs -- -j2 -l2
[1.108s] [  1%] Built target scout_msgs__cpp
[1.465s] [ 12%] Built target scout_msgs__rosidl_generator_c
[1.915s] [ 12%] Built target ament_cmake_python_copy_scout_msgs
[2.303s] [ 23%] Built target scout_msgs__rosidl_typesupport_cpp
[2.638s] [ 34%] Built target scout_msgs__rosidl_typesupport_fastrtps_c
[2.911s] [ 46%] Built target scout_msgs__rosidl_typesupport_fastrtps_cpp
[3.239s] [ 57%] Built target scout_msgs__rosidl_typesupport_introspection_c
[3.615s] [ 68%] Built target scout_msgs__rosidl_typesupport_c
[3.898s] [ 79%] Built target scout_msgs__rosidl_typesupport_introspection_cpp
[6.116s] running egg_info
[6.129s] writing scout_msgs.egg-info/PKG-INFO
[6.129s] writing dependency_links to scout_msgs.egg-info/dependency_links.txt
[6.129s] writing top-level names to scout_msgs.egg-info/top_level.txt
[6.150s] reading manifest file 'scout_msgs.egg-info/SOURCES.txt'
[6.157s] writing manifest file 'scout_msgs.egg-info/SOURCES.txt'
[6.431s] [ 79%] Built target ament_cmake_python_build_scout_msgs_egg
[6.523s] [ 79%] Built target scout_msgs
[6.630s] [ 80%] Built target scout_msgs__py
[6.990s] [ 90%] Built target scout_msgs__rosidl_generator_py
[7.224s] [ 93%] Built target scout_msgs__rosidl_typesupport_fastrtps_c__pyext
[7.422s] [ 96%] Built target scout_msgs__rosidl_typesupport_introspection_c__pyext
[7.659s] [100%] Built target scout_msgs__rosidl_typesupport_c__pyext
[7.755s] Invoked command in '/home/student/ros2_ws/build/scout_msgs' returned '0': CMAKE_PREFIX_PATH=/home/student/ros2_ws/install/scout_base:/home/student/ros2_ws/install/lidar_slam_mapping:/opt/ros/humble:/home/student/ros2_ws/install/ugv_sdk:/home/student/ros2_ws/install/scout_msgs:/home/student/ros2_ws/install/scout_description:/home/student/ros2_ws/install/rslidar_sdk:/home/student/ros2_ws/install/rslidar_msg /usr/bin/cmake --build /home/student/ros2_ws/build/scout_msgs -- -j2 -l2
[7.756s] Invoking command in '/home/student/ros2_ws/build/scout_msgs': CMAKE_PREFIX_PATH=/home/student/ros2_ws/install/scout_base:/home/student/ros2_ws/install/lidar_slam_mapping:/opt/ros/humble:/home/student/ros2_ws/install/ugv_sdk:/home/student/ros2_ws/install/scout_msgs:/home/student/ros2_ws/install/scout_description:/home/student/ros2_ws/install/rslidar_sdk:/home/student/ros2_ws/install/rslidar_msg /usr/bin/cmake --install /home/student/ros2_ws/build/scout_msgs
[7.841s] -- Install configuration: ""
[7.842s] -- Up-to-date: /home/student/ros2_ws/install/scout_msgs/share/ament_index/resource_index/rosidl_interfaces/scout_msgs
[7.843s] -- Up-to-date: /home/student/ros2_ws/install/scout_msgs/include/scout_msgs/scout_msgs
[7.844s] -- Up-to-date: /home/student/ros2_ws/install/scout_msgs/include/scout_msgs/scout_msgs/msg
[7.844s] -- Up-to-date: /home/student/ros2_ws/install/scout_msgs/include/scout_msgs/scout_msgs/msg/scout_status.h
[7.845s] -- Up-to-date: /home/student/ros2_ws/install/scout_msgs/include/scout_msgs/scout_msgs/msg/scout_rc_state.h
[7.846s] -- Up-to-date: /home/student/ros2_ws/install/scout_msgs/include/scout_msgs/scout_msgs/msg/rosidl_generator_c__visibility_control.h
[7.846s] -- Up-to-date: /home/student/ros2_ws/install/scout_msgs/include/scout_msgs/scout_msgs/msg/detail
[7.847s] -- Up-to-date: /home/student/ros2_ws/install/scout_msgs/include/scout_msgs/scout_msgs/msg/detail/scout_actuator_state__functions.c
[7.848s] -- Up-to-date: /home/student/ros2_ws/install/scout_msgs/include/scout_msgs/scout_msgs/msg/detail/scout_light_cmd__type_support.h
[7.848s] -- Up-to-date: /home/student/ros2_ws/install/scout_msgs/include/scout_msgs/scout_msgs/msg/detail/scout_light_state__functions.h
[7.849s] -- Up-to-date: /home/student/ros2_ws/install/scout_msgs/include/scout_msgs/scout_msgs/msg/detail/scout_light_state__functions.c
[7.850s] -- Up-to-date: /home/student/ros2_ws/install/scout_msgs/include/scout_msgs/scout_msgs/msg/detail/scout_actuator_state__functions.h
[7.853s] -- Up-to-date: /home/student/ros2_ws/install/scout_msgs/include/scout_msgs/scout_msgs/msg/detail/scout_status__functions.c
[7.854s] -- Up-to-date: /home/student/ros2_ws/install/scout_msgs/include/scout_msgs/scout_msgs/msg/detail/scout_rc_state__struct.h
[7.854s] -- Up-to-date: /home/student/ros2_ws/install/scout_msgs/include/scout_msgs/scout_msgs/msg/detail/scout_light_state__struct.h
[7.855s] -- Up-to-date: /home/student/ros2_ws/install/scout_msgs/include/scout_msgs/scout_msgs/msg/detail/scout_actuator_state__struct.h
[7.856s] -- Up-to-date: /home/student/ros2_ws/install/scout_msgs/include/scout_msgs/scout_msgs/msg/detail/scout_light_cmd__functions.h
[7.856s] -- Up-to-date: /home/student/ros2_ws/install/scout_msgs/include/scout_msgs/scout_msgs/msg/detail/scout_rc_state__type_support.h
[7.857s] -- Up-to-date: /home/student/ros2_ws/install/scout_msgs/include/scout_msgs/scout_msgs/msg/detail/scout_status__type_support.h
[7.869s] -- Up-to-date: /home/student/ros2_ws/install/scout_msgs/include/scout_msgs/scout_msgs/msg/detail/scout_light_cmd__struct.h
[7.870s] -- Up-to-date: /home/student/ros2_ws/install/scout_msgs/include/scout_msgs/scout_msgs/msg/detail/scout_actuator_state__type_support.h
[7.870s] -- Up-to-date: /home/student/ros2_ws/install/scout_msgs/include/scout_msgs/scout_msgs/msg/detail/scout_status__functions.h
[7.871s] -- Up-to-date: /home/student/ros2_ws/install/scout_msgs/include/scout_msgs/scout_msgs/msg/detail/scout_status__struct.h
[7.872s] -- Up-to-date: /home/student/ros2_ws/install/scout_msgs/include/scout_msgs/scout_msgs/msg/detail/scout_rc_state__functions.h
[7.873s] -- Up-to-date: /home/student/ros2_ws/install/scout_msgs/include/scout_msgs/scout_msgs/msg/detail/scout_rc_state__functions.c
[7.874s] -- Up-to-date: /home/student/ros2_ws/install/scout_msgs/include/scout_msgs/scout_msgs/msg/detail/scout_light_cmd__functions.c
[7.874s] -- Up-to-date: /home/student/ros2_ws/install/scout_msgs/include/scout_msgs/scout_msgs/msg/detail/scout_light_state__type_support.h
[7.875s] -- Up-to-date: /home/student/ros2_ws/install/scout_msgs/include/scout_msgs/scout_msgs/msg/scout_actuator_state.h
[7.876s] -- Up-to-date: /home/student/ros2_ws/install/scout_msgs/include/scout_msgs/scout_msgs/msg/scout_light_cmd.h
[7.876s] -- Up-to-date: /home/student/ros2_ws/install/scout_msgs/include/scout_msgs/scout_msgs/msg/scout_light_state.h
[7.878s] -- Up-to-date: /home/student/ros2_ws/install/scout_msgs/share/scout_msgs/environment/library_path.sh
[7.879s] -- Up-to-date: /home/student/ros2_ws/install/scout_msgs/share/scout_msgs/environment/library_path.dsv
[7.883s] -- Up-to-date: /home/student/ros2_ws/install/scout_msgs/lib/libscout_msgs__rosidl_generator_c.so
[7.884s] -- Up-to-date: /home/student/ros2_ws/install/scout_msgs/include/scout_msgs/scout_msgs
[7.884s] -- Up-to-date: /home/student/ros2_ws/install/scout_msgs/include/scout_msgs/scout_msgs/msg
[7.886s] -- Up-to-date: /home/student/ros2_ws/install/scout_msgs/include/scout_msgs/scout_msgs/msg/rosidl_typesupport_fastrtps_c__visibility_control.h
[7.886s] -- Up-to-date: /home/student/ros2_ws/install/scout_msgs/include/scout_msgs/scout_msgs/msg/detail
[7.887s] -- Up-to-date: /home/student/ros2_ws/install/scout_msgs/include/scout_msgs/scout_msgs/msg/detail/scout_status__rosidl_typesupport_fastrtps_c.h
[7.887s] -- Up-to-date: /home/student/ros2_ws/install/scout_msgs/include/scout_msgs/scout_msgs/msg/detail/scout_light_cmd__rosidl_typesupport_fastrtps_c.h
[7.887s] -- Up-to-date: /home/student/ros2_ws/install/scout_msgs/include/scout_msgs/scout_msgs/msg/detail/scout_rc_state__rosidl_typesupport_fastrtps_c.h
[7.894s] -- Up-to-date: /home/student/ros2_ws/install/scout_msgs/include/scout_msgs/scout_msgs/msg/detail/scout_actuator_state__rosidl_typesupport_fastrtps_c.h
[7.894s] -- Up-to-date: /home/student/ros2_ws/install/scout_msgs/include/scout_msgs/scout_msgs/msg/detail/scout_light_state__rosidl_typesupport_fastrtps_c.h
[7.910s] -- Up-to-date: /home/student/ros2_ws/install/scout_msgs/lib/libscout_msgs__rosidl_typesupport_fastrtps_c.so
[7.910s] -- Up-to-date: /home/student/ros2_ws/install/scout_msgs/include/scout_msgs/scout_msgs
[7.910s] -- Up-to-date: /home/student/ros2_ws/install/scout_msgs/include/scout_msgs/scout_msgs/msg
[7.911s] -- Up-to-date: /home/student/ros2_ws/install/scout_msgs/include/scout_msgs/scout_msgs/msg/scout_actuator_state.hpp
[7.911s] -- Up-to-date: /home/student/ros2_ws/install/scout_msgs/include/scout_msgs/scout_msgs/msg/scout_rc_state.hpp
[7.911s] -- Up-to-date: /home/student/ros2_ws/install/scout_msgs/include/scout_msgs/scout_msgs/msg/rosidl_generator_cpp__visibility_control.hpp
[7.911s] -- Up-to-date: /home/student/ros2_ws/install/scout_msgs/include/scout_msgs/scout_msgs/msg/detail
[7.912s] -- Up-to-date: /home/student/ros2_ws/install/scout_msgs/include/scout_msgs/scout_msgs/msg/detail/scout_rc_state__traits.hpp
[7.912s] -- Up-to-date: /home/student/ros2_ws/install/scout_msgs/include/scout_msgs/scout_msgs/msg/detail/scout_light_cmd__builder.hpp
[7.912s] -- Up-to-date: /home/student/ros2_ws/install/scout_msgs/include/scout_msgs/scout_msgs/msg/detail/scout_light_cmd__type_support.hpp
[7.913s] -- Up-to-date: /home/student/ros2_ws/install/scout_msgs/include/scout_msgs/scout_msgs/msg/detail/scout_light_state__struct.hpp
[7.913s] -- Up-to-date: /home/student/ros2_ws/install/scout_msgs/include/scout_msgs/scout_msgs/msg/detail/scout_status__builder.hpp
[7.913s] -- Up-to-date: /home/student/ros2_ws/install/scout_msgs/include/scout_msgs/scout_msgs/msg/detail/scout_light_state__traits.hpp
[7.914s] -- Up-to-date: /home/student/ros2_ws/install/scout_msgs/include/scout_msgs/scout_msgs/msg/detail/scout_actuator_state__builder.hpp
[7.914s] -- Up-to-date: /home/student/ros2_ws/install/scout_msgs/include/scout_msgs/scout_msgs/msg/detail/scout_status__type_support.hpp
[7.914s] -- Up-to-date: /home/student/ros2_ws/install/scout_msgs/include/scout_msgs/scout_msgs/msg/detail/scout_status__struct.hpp
[7.915s] -- Up-to-date: /home/student/ros2_ws/install/scout_msgs/include/scout_msgs/scout_msgs/msg/detail/scout_actuator_state__type_support.hpp
[7.915s] -- Up-to-date: /home/student/ros2_ws/install/scout_msgs/include/scout_msgs/scout_msgs/msg/detail/scout_actuator_state__traits.hpp
[7.915s] -- Up-to-date: /home/student/ros2_ws/install/scout_msgs/include/scout_msgs/scout_msgs/msg/detail/scout_light_state__builder.hpp
[7.916s] -- Up-to-date: /home/student/ros2_ws/install/scout_msgs/include/scout_msgs/scout_msgs/msg/detail/scout_actuator_state__struct.hpp
[7.916s] -- Up-to-date: /home/student/ros2_ws/install/scout_msgs/include/scout_msgs/scout_msgs/msg/detail/scout_light_cmd__traits.hpp
[7.916s] -- Up-to-date: /home/student/ros2_ws/install/scout_msgs/include/scout_msgs/scout_msgs/msg/detail/scout_rc_state__builder.hpp
[7.923s] -- Up-to-date: /home/student/ros2_ws/install/scout_msgs/include/scout_msgs/scout_msgs/msg/detail/scout_light_state__type_support.hpp
[7.924s] -- Up-to-date: /home/student/ros2_ws/install/scout_msgs/include/scout_msgs/scout_msgs/msg/detail/scout_rc_state__type_support.hpp
[7.924s] -- Up-to-date: /home/student/ros2_ws/install/scout_msgs/include/scout_msgs/scout_msgs/msg/detail/scout_light_cmd__struct.hpp
[7.924s] -- Up-to-date: /home/student/ros2_ws/install/scout_msgs/include/scout_msgs/scout_msgs/msg/detail/scout_rc_state__struct.hpp
[7.925s] -- Up-to-date: /home/student/ros2_ws/install/scout_msgs/include/scout_msgs/scout_msgs/msg/detail/scout_status__traits.hpp
[7.925s] -- Up-to-date: /home/student/ros2_ws/install/scout_msgs/include/scout_msgs/scout_msgs/msg/scout_light_state.hpp
[7.925s] -- Up-to-date: /home/student/ros2_ws/install/scout_msgs/include/scout_msgs/scout_msgs/msg/scout_light_cmd.hpp
[7.925s] -- Up-to-date: /home/student/ros2_ws/install/scout_msgs/include/scout_msgs/scout_msgs/msg/scout_status.hpp
[7.926s] -- Up-to-date: /home/student/ros2_ws/install/scout_msgs/include/scout_msgs/scout_msgs
[7.926s] -- Up-to-date: /home/student/ros2_ws/install/scout_msgs/include/scout_msgs/scout_msgs/msg
[7.926s] -- Up-to-date: /home/student/ros2_ws/install/scout_msgs/include/scout_msgs/scout_msgs/msg/detail
[7.927s] -- Up-to-date: /home/student/ros2_ws/install/scout_msgs/include/scout_msgs/scout_msgs/msg/detail/scout_status__rosidl_typesupport_fastrtps_cpp.hpp
[7.927s] -- Up-to-date: /home/student/ros2_ws/install/scout_msgs/include/scout_msgs/scout_msgs/msg/detail/scout_actuator_state__rosidl_typesupport_fastrtps_cpp.hpp
[7.927s] -- Up-to-date: /home/student/ros2_ws/install/scout_msgs/include/scout_msgs/scout_msgs/msg/detail/scout_light_cmd__rosidl_typesupport_fastrtps_cpp.hpp
[7.933s] -- Up-to-date: /home/student/ros2_ws/install/scout_msgs/include/scout_msgs/scout_msgs/msg/detail/scout_light_state__rosidl_typesupport_fastrtps_cpp.hpp
[7.945s] -- Up-to-date: /home/student/ros2_ws/install/scout_msgs/include/scout_msgs/scout_msgs/msg/detail/dds_fastrtps
[7.945s] -- Up-to-date: /home/student/ros2_ws/install/scout_msgs/include/scout_msgs/scout_msgs/msg/detail/scout_rc_state__rosidl_typesupport_fastrtps_cpp.hpp
[7.945s] -- Up-to-date: /home/student/ros2_ws/install/scout_msgs/include/scout_msgs/scout_msgs/msg/rosidl_typesupport_fastrtps_cpp__visibility_control.h
[7.946s] -- Up-to-date: /home/student/ros2_ws/install/scout_msgs/lib/libscout_msgs__rosidl_typesupport_fastrtps_cpp.so
[7.946s] -- Up-to-date: /home/student/ros2_ws/install/scout_msgs/include/scout_msgs/scout_msgs
[7.946s] -- Up-to-date: /home/student/ros2_ws/install/scout_msgs/include/scout_msgs/scout_msgs/msg
[7.946s] -- Up-to-date: /home/student/ros2_ws/install/scout_msgs/include/scout_msgs/scout_msgs/msg/rosidl_typesupport_introspection_c__visibility_control.h
[7.947s] -- Up-to-date: /home/student/ros2_ws/install/scout_msgs/include/scout_msgs/scout_msgs/msg/detail
[7.947s] -- Up-to-date: /home/student/ros2_ws/install/scout_msgs/include/scout_msgs/scout_msgs/msg/detail/scout_actuator_state__type_support.c
[7.947s] -- Up-to-date: /home/student/ros2_ws/install/scout_msgs/include/scout_msgs/scout_msgs/msg/detail/scout_light_cmd__rosidl_typesupport_introspection_c.h
[7.948s] -- Up-to-date: /home/student/ros2_ws/install/scout_msgs/include/scout_msgs/scout_msgs/msg/detail/scout_light_state__rosidl_typesupport_introspection_c.h
[7.948s] -- Up-to-date: /home/student/ros2_ws/install/scout_msgs/include/scout_msgs/scout_msgs/msg/detail/scout_light_state__type_support.c
[7.948s] -- Up-to-date: /home/student/ros2_ws/install/scout_msgs/include/scout_msgs/scout_msgs/msg/detail/scout_rc_state__rosidl_typesupport_introspection_c.h
[7.956s] -- Up-to-date: /home/student/ros2_ws/install/scout_msgs/include/scout_msgs/scout_msgs/msg/detail/scout_status__rosidl_typesupport_introspection_c.h
[7.957s] -- Up-to-date: /home/student/ros2_ws/install/scout_msgs/include/scout_msgs/scout_msgs/msg/detail/scout_actuator_state__rosidl_typesupport_introspection_c.h
[7.957s] -- Up-to-date: /home/student/ros2_ws/install/scout_msgs/include/scout_msgs/scout_msgs/msg/detail/scout_rc_state__type_support.c
[7.958s] -- Up-to-date: /home/student/ros2_ws/install/scout_msgs/include/scout_msgs/scout_msgs/msg/detail/scout_status__type_support.c
[7.958s] -- Up-to-date: /home/student/ros2_ws/install/scout_msgs/include/scout_msgs/scout_msgs/msg/detail/scout_light_cmd__type_support.c
[7.958s] -- Up-to-date: /home/student/ros2_ws/install/scout_msgs/lib/libscout_msgs__rosidl_typesupport_introspection_c.so
[7.958s] -- Up-to-date: /home/student/ros2_ws/install/scout_msgs/lib/libscout_msgs__rosidl_typesupport_c.so
[7.959s] -- Up-to-date: /home/student/ros2_ws/install/scout_msgs/include/scout_msgs/scout_msgs
[7.959s] -- Up-to-date: /home/student/ros2_ws/install/scout_msgs/include/scout_msgs/scout_msgs/msg
[7.959s] -- Up-to-date: /home/student/ros2_ws/install/scout_msgs/include/scout_msgs/scout_msgs/msg/detail
[7.960s] -- Up-to-date: /home/student/ros2_ws/install/scout_msgs/include/scout_msgs/scout_msgs/msg/detail/scout_rc_state__rosidl_typesupport_introspection_cpp.hpp
[7.960s] -- Up-to-date: /home/student/ros2_ws/install/scout_msgs/include/scout_msgs/scout_msgs/msg/detail/scout_light_state__rosidl_typesupport_introspection_cpp.hpp
[7.960s] -- Up-to-date: /home/student/ros2_ws/install/scout_msgs/include/scout_msgs/scout_msgs/msg/detail/scout_light_cmd__rosidl_typesupport_introspection_cpp.hpp
[7.969s] -- Up-to-date: /home/student/ros2_ws/install/scout_msgs/include/scout_msgs/scout_msgs/msg/detail/scout_actuator_state__rosidl_typesupport_introspection_cpp.hpp
[7.969s] -- Up-to-date: /home/student/ros2_ws/install/scout_msgs/include/scout_msgs/scout_msgs/msg/detail/scout_actuator_state__type_support.cpp
[7.970s] -- Up-to-date: /home/student/ros2_ws/install/scout_msgs/include/scout_msgs/scout_msgs/msg/detail/scout_light_state__type_support.cpp
[7.970s] -- Up-to-date: /home/student/ros2_ws/install/scout_msgs/include/scout_msgs/scout_msgs/msg/detail/scout_light_cmd__type_support.cpp
[7.970s] -- Up-to-date: /home/student/ros2_ws/install/scout_msgs/include/scout_msgs/scout_msgs/msg/detail/scout_rc_state__type_support.cpp
[7.971s] -- Up-to-date: /home/student/ros2_ws/install/scout_msgs/include/scout_msgs/scout_msgs/msg/detail/scout_status__type_support.cpp
[7.971s] -- Up-to-date: /home/student/ros2_ws/install/scout_msgs/include/scout_msgs/scout_msgs/msg/detail/scout_status__rosidl_typesupport_introspection_cpp.hpp
[7.971s] -- Up-to-date: /home/student/ros2_ws/install/scout_msgs/lib/libscout_msgs__rosidl_typesupport_introspection_cpp.so
[7.989s] -- Up-to-date: /home/student/ros2_ws/install/scout_msgs/lib/libscout_msgs__rosidl_typesupport_cpp.so
[7.990s] -- Up-to-date: /home/student/ros2_ws/install/scout_msgs/share/scout_msgs/environment/pythonpath.sh
[7.990s] -- Up-to-date: /home/student/ros2_ws/install/scout_msgs/share/scout_msgs/environment/pythonpath.dsv
[7.990s] -- Up-to-date: /home/student/ros2_ws/install/scout_msgs/local/lib/python3.10/dist-packages/scout_msgs-0.1.0-py3.10.egg-info
[7.990s] -- Installing: /home/student/ros2_ws/install/scout_msgs/local/lib/python3.10/dist-packages/scout_msgs-0.1.0-py3.10.egg-info/top_level.txt
[7.991s] -- Installing: /home/student/ros2_ws/install/scout_msgs/local/lib/python3.10/dist-packages/scout_msgs-0.1.0-py3.10.egg-info/SOURCES.txt
[7.991s] -- Installing: /home/student/ros2_ws/install/scout_msgs/local/lib/python3.10/dist-packages/scout_msgs-0.1.0-py3.10.egg-info/dependency_links.txt
[7.991s] -- Installing: /home/student/ros2_ws/install/scout_msgs/local/lib/python3.10/dist-packages/scout_msgs-0.1.0-py3.10.egg-info/PKG-INFO
[7.992s] -- Up-to-date: /home/student/ros2_ws/install/scout_msgs/local/lib/python3.10/dist-packages/scout_msgs
[7.992s] -- Up-to-date: /home/student/ros2_ws/install/scout_msgs/local/lib/python3.10/dist-packages/scout_msgs/_scout_msgs_s.ep.rosidl_typesupport_introspection_c.c
[7.992s] -- Up-to-date: /home/student/ros2_ws/install/scout_msgs/local/lib/python3.10/dist-packages/scout_msgs/msg
[7.993s] -- Up-to-date: /home/student/ros2_ws/install/scout_msgs/local/lib/python3.10/dist-packages/scout_msgs/msg/_scout_light_cmd_s.c
[7.993s] -- Up-to-date: /home/student/ros2_ws/install/scout_msgs/local/lib/python3.10/dist-packages/scout_msgs/msg/_scout_actuator_state.py
[7.993s] -- Up-to-date: /home/student/ros2_ws/install/scout_msgs/local/lib/python3.10/dist-packages/scout_msgs/msg/__init__.py
[7.994s] -- Up-to-date: /home/student/ros2_ws/install/scout_msgs/local/lib/python3.10/dist-packages/scout_msgs/msg/_scout_rc_state_s.c
[7.994s] -- Up-to-date: /home/student/ros2_ws/install/scout_msgs/local/lib/python3.10/dist-packages/scout_msgs/msg/_scout_light_state_s.c
[7.994s] -- Up-to-date: /home/student/ros2_ws/install/scout_msgs/local/lib/python3.10/dist-packages/scout_msgs/msg/_scout_light_state.py
[7.995s] -- Up-to-date: /home/student/ros2_ws/install/scout_msgs/local/lib/python3.10/dist-packages/scout_msgs/msg/_scout_actuator_state_s.c
[7.995s] -- Up-to-date: /home/student/ros2_ws/install/scout_msgs/local/lib/python3.10/dist-packages/scout_msgs/msg/_scout_status.py
[7.995s] -- Up-to-date: /home/student/ros2_ws/install/scout_msgs/local/lib/python3.10/dist-packages/scout_msgs/msg/_scout_light_cmd.py
[7.996s] -- Up-to-date: /home/student/ros2_ws/install/scout_msgs/local/lib/python3.10/dist-packages/scout_msgs/msg/_scout_status_s.c
[7.996s] -- Up-to-date: /home/student/ros2_ws/install/scout_msgs/local/lib/python3.10/dist-packages/scout_msgs/msg/_scout_rc_state.py
[7.996s] -- Up-to-date: /home/student/ros2_ws/install/scout_msgs/local/lib/python3.10/dist-packages/scout_msgs/libscout_msgs__rosidl_generator_py.so
[7.997s] -- Up-to-date: /home/student/ros2_ws/install/scout_msgs/local/lib/python3.10/dist-packages/scout_msgs/__init__.py
[8.009s] -- Up-to-date: /home/student/ros2_ws/install/scout_msgs/local/lib/python3.10/dist-packages/scout_msgs/_scout_msgs_s.ep.rosidl_typesupport_c.c
[8.010s] -- Up-to-date: /home/student/ros2_ws/install/scout_msgs/local/lib/python3.10/dist-packages/scout_msgs/scout_msgs_s__rosidl_typesupport_fastrtps_c.cpython-310-x86_64-linux-gnu.so
[8.010s] -- Up-to-date: /home/student/ros2_ws/install/scout_msgs/local/lib/python3.10/dist-packages/scout_msgs/scout_msgs_s__rosidl_typesupport_c.cpython-310-x86_64-linux-gnu.so
[8.010s] -- Up-to-date: /home/student/ros2_ws/install/scout_msgs/local/lib/python3.10/dist-packages/scout_msgs/_scout_msgs_s.ep.rosidl_typesupport_fastrtps_c.c
[8.010s] -- Up-to-date: /home/student/ros2_ws/install/scout_msgs/local/lib/python3.10/dist-packages/scout_msgs/scout_msgs_s__rosidl_typesupport_introspection_c.cpython-310-x86_64-linux-gnu.so
[8.250s] Listing '/home/student/ros2_ws/install/scout_msgs/local/lib/python3.10/dist-packages/scout_msgs'...
[8.250s] Listing '/home/student/ros2_ws/install/scout_msgs/local/lib/python3.10/dist-packages/scout_msgs/msg'...
[8.329s] -- Up-to-date: /home/student/ros2_ws/install/scout_msgs/local/lib/python3.10/dist-packages/scout_msgs/scout_msgs_s__rosidl_typesupport_fastrtps_c.cpython-310-x86_64-linux-gnu.so
[8.330s] -- Up-to-date: /home/student/ros2_ws/install/scout_msgs/local/lib/python3.10/dist-packages/scout_msgs/scout_msgs_s__rosidl_typesupport_introspection_c.cpython-310-x86_64-linux-gnu.so
[8.334s] -- Up-to-date: /home/student/ros2_ws/install/scout_msgs/local/lib/python3.10/dist-packages/scout_msgs/scout_msgs_s__rosidl_typesupport_c.cpython-310-x86_64-linux-gnu.so
[8.340s] -- Up-to-date: /home/student/ros2_ws/install/scout_msgs/lib/libscout_msgs__rosidl_generator_py.so
[8.340s] -- Up-to-date: /home/student/ros2_ws/install/scout_msgs/share/scout_msgs/msg/ScoutActuatorState.idl
[8.346s] -- Up-to-date: /home/student/ros2_ws/install/scout_msgs/share/scout_msgs/msg/ScoutLightCmd.idl
[8.346s] -- Up-to-date: /home/student/ros2_ws/install/scout_msgs/share/scout_msgs/msg/ScoutLightState.idl
[8.349s] -- Up-to-date: /home/student/ros2_ws/install/scout_msgs/share/scout_msgs/msg/ScoutRCState.idl
[8.351s] -- Up-to-date: /home/student/ros2_ws/install/scout_msgs/share/scout_msgs/msg/ScoutStatus.idl
[8.352s] -- Up-to-date: /home/student/ros2_ws/install/scout_msgs/share/scout_msgs/msg/ScoutActuatorState.msg
[8.352s] -- Up-to-date: /home/student/ros2_ws/install/scout_msgs/share/scout_msgs/msg/ScoutLightCmd.msg
[8.352s] -- Up-to-date: /home/student/ros2_ws/install/scout_msgs/share/scout_msgs/msg/ScoutLightState.msg
[8.364s] -- Up-to-date: /home/student/ros2_ws/install/scout_msgs/share/scout_msgs/msg/ScoutRCState.msg
[8.364s] -- Up-to-date: /home/student/ros2_ws/install/scout_msgs/share/scout_msgs/msg/ScoutStatus.msg
[8.364s] -- Up-to-date: /home/student/ros2_ws/install/scout_msgs/share/ament_index/resource_index/package_run_dependencies/scout_msgs
[8.365s] -- Up-to-date: /home/student/ros2_ws/install/scout_msgs/share/ament_index/resource_index/parent_prefix_path/scout_msgs
[8.365s] -- Up-to-date: /home/student/ros2_ws/install/scout_msgs/share/scout_msgs/environment/ament_prefix_path.sh
[8.366s] -- Up-to-date: /home/student/ros2_ws/install/scout_msgs/share/scout_msgs/environment/ament_prefix_path.dsv
[8.371s] -- Up-to-date: /home/student/ros2_ws/install/scout_msgs/share/scout_msgs/environment/path.sh
[8.372s] -- Up-to-date: /home/student/ros2_ws/install/scout_msgs/share/scout_msgs/environment/path.dsv
[8.372s] -- Up-to-date: /home/student/ros2_ws/install/scout_msgs/share/scout_msgs/local_setup.bash
[8.372s] -- Up-to-date: /home/student/ros2_ws/install/scout_msgs/share/scout_msgs/local_setup.sh
[8.373s] -- Up-to-date: /home/student/ros2_ws/install/scout_msgs/share/scout_msgs/local_setup.zsh
[8.373s] -- Up-to-date: /home/student/ros2_ws/install/scout_msgs/share/scout_msgs/local_setup.dsv
[8.373s] -- Installing: /home/student/ros2_ws/install/scout_msgs/share/scout_msgs/package.dsv
[8.384s] -- Up-to-date: /home/student/ros2_ws/install/scout_msgs/share/ament_index/resource_index/packages/scout_msgs
[8.388s] -- Up-to-date: /home/student/ros2_ws/install/scout_msgs/share/scout_msgs/cmake/export_scout_msgs__rosidl_generator_cExport.cmake
[8.388s] -- Up-to-date: /home/student/ros2_ws/install/scout_msgs/share/scout_msgs/cmake/export_scout_msgs__rosidl_generator_cExport-noconfig.cmake
[8.388s] -- Up-to-date: /home/student/ros2_ws/install/scout_msgs/share/scout_msgs/cmake/export_scout_msgs__rosidl_typesupport_fastrtps_cExport.cmake
[8.389s] -- Up-to-date: /home/student/ros2_ws/install/scout_msgs/share/scout_msgs/cmake/export_scout_msgs__rosidl_typesupport_fastrtps_cExport-noconfig.cmake
[8.389s] -- Up-to-date: /home/student/ros2_ws/install/scout_msgs/share/scout_msgs/cmake/export_scout_msgs__rosidl_generator_cppExport.cmake
[8.400s] -- Up-to-date: /home/student/ros2_ws/install/scout_msgs/share/scout_msgs/cmake/export_scout_msgs__rosidl_typesupport_fastrtps_cppExport.cmake
[8.401s] -- Up-to-date: /home/student/ros2_ws/install/scout_msgs/share/scout_msgs/cmake/export_scout_msgs__rosidl_typesupport_fastrtps_cppExport-noconfig.cmake
[8.401s] -- Up-to-date: /home/student/ros2_ws/install/scout_msgs/share/scout_msgs/cmake/scout_msgs__rosidl_typesupport_introspection_cExport.cmake
[8.401s] -- Up-to-date: /home/student/ros2_ws/install/scout_msgs/share/scout_msgs/cmake/scout_msgs__rosidl_typesupport_introspection_cExport-noconfig.cmake
[8.408s] -- Up-to-date: /home/student/ros2_ws/install/scout_msgs/share/scout_msgs/cmake/scout_msgs__rosidl_typesupport_cExport.cmake
[8.409s] -- Up-to-date: /home/student/ros2_ws/install/scout_msgs/share/scout_msgs/cmake/scout_msgs__rosidl_typesupport_cExport-noconfig.cmake
[8.409s] -- Up-to-date: /home/student/ros2_ws/install/scout_msgs/share/scout_msgs/cmake/scout_msgs__rosidl_typesupport_introspection_cppExport.cmake
[8.410s] -- Up-to-date: /home/student/ros2_ws/install/scout_msgs/share/scout_msgs/cmake/scout_msgs__rosidl_typesupport_introspection_cppExport-noconfig.cmake
[8.413s] -- Up-to-date: /home/student/ros2_ws/install/scout_msgs/share/scout_msgs/cmake/scout_msgs__rosidl_typesupport_cppExport.cmake
[8.413s] -- Up-to-date: /home/student/ros2_ws/install/scout_msgs/share/scout_msgs/cmake/scout_msgs__rosidl_typesupport_cppExport-noconfig.cmake
[8.420s] -- Up-to-date: /home/student/ros2_ws/install/scout_msgs/share/scout_msgs/cmake/export_scout_msgs__rosidl_generator_pyExport.cmake
[8.420s] -- Up-to-date: /home/student/ros2_ws/install/scout_msgs/share/scout_msgs/cmake/export_scout_msgs__rosidl_generator_pyExport-noconfig.cmake
[8.420s] -- Up-to-date: /home/student/ros2_ws/install/scout_msgs/share/scout_msgs/cmake/rosidl_cmake-extras.cmake
[8.428s] -- Up-to-date: /home/student/ros2_ws/install/scout_msgs/share/scout_msgs/cmake/ament_cmake_export_dependencies-extras.cmake
[8.429s] -- Up-to-date: /home/student/ros2_ws/install/scout_msgs/share/scout_msgs/cmake/ament_cmake_export_include_directories-extras.cmake
[8.429s] -- Up-to-date: /home/student/ros2_ws/install/scout_msgs/share/scout_msgs/cmake/ament_cmake_export_libraries-extras.cmake
[8.429s] -- Up-to-date: /home/student/ros2_ws/install/scout_msgs/share/scout_msgs/cmake/ament_cmake_export_targets-extras.cmake
[8.430s] -- Up-to-date: /home/student/ros2_ws/install/scout_msgs/share/scout_msgs/cmake/rosidl_cmake_export_typesupport_targets-extras.cmake
[8.430s] -- Up-to-date: /home/student/ros2_ws/install/scout_msgs/share/scout_msgs/cmake/rosidl_cmake_export_typesupport_libraries-extras.cmake
[8.430s] -- Up-to-date: /home/student/ros2_ws/install/scout_msgs/share/scout_msgs/cmake/scout_msgsConfig.cmake
[8.431s] -- Up-to-date: /home/student/ros2_ws/install/scout_msgs/share/scout_msgs/cmake/scout_msgsConfig-version.cmake
[8.446s] -- Up-to-date: /home/student/ros2_ws/install/scout_msgs/share/scout_msgs/package.xml
[8.575s] Invoked command in '/home/student/ros2_ws/build/scout_msgs' returned '0': CMAKE_PREFIX_PATH=/home/student/ros2_ws/install/scout_base:/home/student/ros2_ws/install/lidar_slam_mapping:/opt/ros/humble:/home/student/ros2_ws/install/ugv_sdk:/home/student/ros2_ws/install/scout_msgs:/home/student/ros2_ws/install/scout_description:/home/student/ros2_ws/install/rslidar_sdk:/home/student/ros2_ws/install/rslidar_msg /usr/bin/cmake --install /home/student/ros2_ws/build/scout_msgs
