[0.046s] Invoking command in '/home/student/ros2_ws/build/rslidar_msg': CMAKE_PREFIX_PATH=/home/student/ros2_ws/install/scout_base:/home/student/ros2_ws/install/lidar_slam_mapping:/home/student/ros2_ws/install/lidar_slam_nav2:/opt/ros/humble:/home/student/ros2_ws/install/ugv_sdk:/home/student/ros2_ws/install/scout_msgs:/home/student/ros2_ws/install/scout_description:/home/student/ros2_ws/install/rslidar_sdk:/home/student/ros2_ws/install/rslidar_msg:/home/student/ros2_ws/install/rplidar_ros:/home/student/ros2_ws/install/cartographer_rviz:/home/student/ros2_ws/install/cartographer_ros:/home/student/ros2_ws/install/cartographer_ros_msgs /usr/bin/cmake --build /home/student/ros2_ws/build/rslidar_msg -- -j2 -l2
[0.178s] [  3%] Built target rslidar_msg__cpp
[0.220s] [ 12%] Built target rslidar_msg__rosidl_generator_c
[0.293s] [ 12%] Built target ament_cmake_python_copy_rslidar_msg
[0.350s] [ 22%] Built target rslidar_msg__rosidl_typesupport_cpp
[0.472s] [ 32%] Built target rslidar_msg__rosidl_typesupport_fastrtps_c
[0.589s] [ 41%] Built target rslidar_msg__rosidl_typesupport_fastrtps_cpp
[0.675s] [ 51%] Built target rslidar_msg__rosidl_typesupport_introspection_c
[0.741s] [ 61%] Built target rslidar_msg__rosidl_typesupport_c
[0.790s] [ 70%] Built target rslidar_msg__rosidl_typesupport_introspection_cpp
[1.569s] running egg_info
[1.572s] writing rslidar_msg.egg-info/PKG-INFO
[1.572s] writing dependency_links to rslidar_msg.egg-info/dependency_links.txt
[1.573s] writing top-level names to rslidar_msg.egg-info/top_level.txt
[1.579s] reading manifest file 'rslidar_msg.egg-info/SOURCES.txt'
[1.581s] writing manifest file 'rslidar_msg.egg-info/SOURCES.txt'
[1.667s] [ 70%] Built target ament_cmake_python_build_rslidar_msg_egg
[1.713s] [ 70%] Built target rslidar_msg
[1.756s] [ 74%] Built target rslidar_msg__py
[1.802s] [ 80%] Built target rslidar_msg__rosidl_generator_py
[1.854s] [ 87%] Built target rslidar_msg__rosidl_typesupport_fastrtps_c__pyext
[1.910s] [ 93%] Built target rslidar_msg__rosidl_typesupport_introspection_c__pyext
[1.999s] [100%] Built target rslidar_msg__rosidl_typesupport_c__pyext
[2.040s] Invoked command in '/home/student/ros2_ws/build/rslidar_msg' returned '0': CMAKE_PREFIX_PATH=/home/student/ros2_ws/install/scout_base:/home/student/ros2_ws/install/lidar_slam_mapping:/home/student/ros2_ws/install/lidar_slam_nav2:/opt/ros/humble:/home/student/ros2_ws/install/ugv_sdk:/home/student/ros2_ws/install/scout_msgs:/home/student/ros2_ws/install/scout_description:/home/student/ros2_ws/install/rslidar_sdk:/home/student/ros2_ws/install/rslidar_msg:/home/student/ros2_ws/install/rplidar_ros:/home/student/ros2_ws/install/cartographer_rviz:/home/student/ros2_ws/install/cartographer_ros:/home/student/ros2_ws/install/cartographer_ros_msgs /usr/bin/cmake --build /home/student/ros2_ws/build/rslidar_msg -- -j2 -l2
[2.071s] Invoking command in '/home/student/ros2_ws/build/rslidar_msg': CMAKE_PREFIX_PATH=/home/student/ros2_ws/install/scout_base:/home/student/ros2_ws/install/lidar_slam_mapping:/home/student/ros2_ws/install/lidar_slam_nav2:/opt/ros/humble:/home/student/ros2_ws/install/ugv_sdk:/home/student/ros2_ws/install/scout_msgs:/home/student/ros2_ws/install/scout_description:/home/student/ros2_ws/install/rslidar_sdk:/home/student/ros2_ws/install/rslidar_msg:/home/student/ros2_ws/install/rplidar_ros:/home/student/ros2_ws/install/cartographer_rviz:/home/student/ros2_ws/install/cartographer_ros:/home/student/ros2_ws/install/cartographer_ros_msgs /usr/bin/cmake --install /home/student/ros2_ws/build/rslidar_msg
[2.096s] -- Install configuration: ""
[2.096s] -- Up-to-date: /home/student/ros2_ws/install/rslidar_msg/share/ament_index/resource_index/rosidl_interfaces/rslidar_msg
[2.097s] -- Up-to-date: /home/student/ros2_ws/install/rslidar_msg/include/rslidar_msg/rslidar_msg
[2.097s] -- Up-to-date: /home/student/ros2_ws/install/rslidar_msg/include/rslidar_msg/rslidar_msg/msg
[2.098s] -- Up-to-date: /home/student/ros2_ws/install/rslidar_msg/include/rslidar_msg/rslidar_msg/msg/rslidar_packet.h
[2.098s] -- Up-to-date: /home/student/ros2_ws/install/rslidar_msg/include/rslidar_msg/rslidar_msg/msg/rosidl_generator_c__visibility_control.h
[2.099s] -- Up-to-date: /home/student/ros2_ws/install/rslidar_msg/include/rslidar_msg/rslidar_msg/msg/detail
[2.102s] -- Up-to-date: /home/student/ros2_ws/install/rslidar_msg/include/rslidar_msg/rslidar_msg/msg/detail/rslidar_packet__type_support.h
[2.102s] -- Up-to-date: /home/student/ros2_ws/install/rslidar_msg/include/rslidar_msg/rslidar_msg/msg/detail/rslidar_packet__functions.c
[2.102s] -- Up-to-date: /home/student/ros2_ws/install/rslidar_msg/include/rslidar_msg/rslidar_msg/msg/detail/rslidar_packet__struct.h
[2.103s] -- Up-to-date: /home/student/ros2_ws/install/rslidar_msg/include/rslidar_msg/rslidar_msg/msg/detail/rslidar_packet__functions.h
[2.103s] -- Up-to-date: /home/student/ros2_ws/install/rslidar_msg/share/rslidar_msg/environment/library_path.sh
[2.104s] -- Up-to-date: /home/student/ros2_ws/install/rslidar_msg/share/rslidar_msg/environment/library_path.dsv
[2.105s] -- Up-to-date: /home/student/ros2_ws/install/rslidar_msg/lib/librslidar_msg__rosidl_generator_c.so
[2.105s] -- Up-to-date: /home/student/ros2_ws/install/rslidar_msg/include/rslidar_msg/rslidar_msg
[2.106s] -- Up-to-date: /home/student/ros2_ws/install/rslidar_msg/include/rslidar_msg/rslidar_msg/msg
[2.106s] -- Up-to-date: /home/student/ros2_ws/install/rslidar_msg/include/rslidar_msg/rslidar_msg/msg/rosidl_typesupport_fastrtps_c__visibility_control.h
[2.107s] -- Up-to-date: /home/student/ros2_ws/install/rslidar_msg/include/rslidar_msg/rslidar_msg/msg/detail
[2.107s] -- Up-to-date: /home/student/ros2_ws/install/rslidar_msg/include/rslidar_msg/rslidar_msg/msg/detail/rslidar_packet__rosidl_typesupport_fastrtps_c.h
[2.108s] -- Up-to-date: /home/student/ros2_ws/install/rslidar_msg/lib/librslidar_msg__rosidl_typesupport_fastrtps_c.so
[2.109s] -- Up-to-date: /home/student/ros2_ws/install/rslidar_msg/include/rslidar_msg/rslidar_msg
[2.109s] -- Up-to-date: /home/student/ros2_ws/install/rslidar_msg/include/rslidar_msg/rslidar_msg/msg
[2.110s] -- Up-to-date: /home/student/ros2_ws/install/rslidar_msg/include/rslidar_msg/rslidar_msg/msg/rslidar_packet.hpp
[2.110s] -- Up-to-date: /home/student/ros2_ws/install/rslidar_msg/include/rslidar_msg/rslidar_msg/msg/rosidl_generator_cpp__visibility_control.hpp
[2.111s] -- Up-to-date: /home/student/ros2_ws/install/rslidar_msg/include/rslidar_msg/rslidar_msg/msg/detail
[2.111s] -- Up-to-date: /home/student/ros2_ws/install/rslidar_msg/include/rslidar_msg/rslidar_msg/msg/detail/rslidar_packet__type_support.hpp
[2.111s] -- Up-to-date: /home/student/ros2_ws/install/rslidar_msg/include/rslidar_msg/rslidar_msg/msg/detail/rslidar_packet__struct.hpp
[2.112s] -- Up-to-date: /home/student/ros2_ws/install/rslidar_msg/include/rslidar_msg/rslidar_msg/msg/detail/rslidar_packet__builder.hpp
[2.112s] -- Up-to-date: /home/student/ros2_ws/install/rslidar_msg/include/rslidar_msg/rslidar_msg/msg/detail/rslidar_packet__traits.hpp
[2.113s] -- Up-to-date: /home/student/ros2_ws/install/rslidar_msg/include/rslidar_msg/rslidar_msg
[2.126s] -- Up-to-date: /home/student/ros2_ws/install/rslidar_msg/include/rslidar_msg/rslidar_msg/msg
[2.126s] -- Up-to-date: /home/student/ros2_ws/install/rslidar_msg/include/rslidar_msg/rslidar_msg/msg/detail
[2.126s] -- Up-to-date: /home/student/ros2_ws/install/rslidar_msg/include/rslidar_msg/rslidar_msg/msg/detail/rslidar_packet__rosidl_typesupport_fastrtps_cpp.hpp
[2.127s] -- Up-to-date: /home/student/ros2_ws/install/rslidar_msg/include/rslidar_msg/rslidar_msg/msg/detail/dds_fastrtps
[2.127s] -- Up-to-date: /home/student/ros2_ws/install/rslidar_msg/include/rslidar_msg/rslidar_msg/msg/rosidl_typesupport_fastrtps_cpp__visibility_control.h
[2.130s] -- Up-to-date: /home/student/ros2_ws/install/rslidar_msg/lib/librslidar_msg__rosidl_typesupport_fastrtps_cpp.so
[2.130s] -- Up-to-date: /home/student/ros2_ws/install/rslidar_msg/include/rslidar_msg/rslidar_msg
[2.131s] -- Up-to-date: /home/student/ros2_ws/install/rslidar_msg/include/rslidar_msg/rslidar_msg/msg
[2.133s] -- Up-to-date: /home/student/ros2_ws/install/rslidar_msg/include/rslidar_msg/rslidar_msg/msg/rosidl_typesupport_introspection_c__visibility_control.h
[2.133s] -- Up-to-date: /home/student/ros2_ws/install/rslidar_msg/include/rslidar_msg/rslidar_msg/msg/detail
[2.133s] -- Up-to-date: /home/student/ros2_ws/install/rslidar_msg/include/rslidar_msg/rslidar_msg/msg/detail/rslidar_packet__type_support.c
[2.134s] -- Up-to-date: /home/student/ros2_ws/install/rslidar_msg/include/rslidar_msg/rslidar_msg/msg/detail/rslidar_packet__rosidl_typesupport_introspection_c.h
[2.134s] -- Up-to-date: /home/student/ros2_ws/install/rslidar_msg/lib/librslidar_msg__rosidl_typesupport_introspection_c.so
[2.134s] -- Up-to-date: /home/student/ros2_ws/install/rslidar_msg/lib/librslidar_msg__rosidl_typesupport_c.so
[2.134s] -- Up-to-date: /home/student/ros2_ws/install/rslidar_msg/include/rslidar_msg/rslidar_msg
[2.134s] -- Up-to-date: /home/student/ros2_ws/install/rslidar_msg/include/rslidar_msg/rslidar_msg/msg
[2.135s] -- Up-to-date: /home/student/ros2_ws/install/rslidar_msg/include/rslidar_msg/rslidar_msg/msg/detail
[2.135s] -- Up-to-date: /home/student/ros2_ws/install/rslidar_msg/include/rslidar_msg/rslidar_msg/msg/detail/rslidar_packet__rosidl_typesupport_introspection_cpp.hpp
[2.135s] -- Up-to-date: /home/student/ros2_ws/install/rslidar_msg/include/rslidar_msg/rslidar_msg/msg/detail/rslidar_packet__type_support.cpp
[2.135s] -- Up-to-date: /home/student/ros2_ws/install/rslidar_msg/lib/librslidar_msg__rosidl_typesupport_introspection_cpp.so
[2.136s] -- Up-to-date: /home/student/ros2_ws/install/rslidar_msg/lib/librslidar_msg__rosidl_typesupport_cpp.so
[2.137s] -- Up-to-date: /home/student/ros2_ws/install/rslidar_msg/share/rslidar_msg/environment/pythonpath.sh
[2.137s] -- Up-to-date: /home/student/ros2_ws/install/rslidar_msg/share/rslidar_msg/environment/pythonpath.dsv
[2.137s] -- Up-to-date: /home/student/ros2_ws/install/rslidar_msg/local/lib/python3.10/dist-packages/rslidar_msg-0.0.0-py3.10.egg-info
[2.138s] -- Installing: /home/student/ros2_ws/install/rslidar_msg/local/lib/python3.10/dist-packages/rslidar_msg-0.0.0-py3.10.egg-info/top_level.txt
[2.139s] -- Installing: /home/student/ros2_ws/install/rslidar_msg/local/lib/python3.10/dist-packages/rslidar_msg-0.0.0-py3.10.egg-info/SOURCES.txt
[2.139s] -- Installing: /home/student/ros2_ws/install/rslidar_msg/local/lib/python3.10/dist-packages/rslidar_msg-0.0.0-py3.10.egg-info/dependency_links.txt
[2.139s] -- Installing: /home/student/ros2_ws/install/rslidar_msg/local/lib/python3.10/dist-packages/rslidar_msg-0.0.0-py3.10.egg-info/PKG-INFO
[2.141s] -- Up-to-date: /home/student/ros2_ws/install/rslidar_msg/local/lib/python3.10/dist-packages/rslidar_msg
[2.141s] -- Up-to-date: /home/student/ros2_ws/install/rslidar_msg/local/lib/python3.10/dist-packages/rslidar_msg/librslidar_msg__rosidl_generator_py.so
[2.142s] -- Up-to-date: /home/student/ros2_ws/install/rslidar_msg/local/lib/python3.10/dist-packages/rslidar_msg/_rslidar_msg_s.ep.rosidl_typesupport_c.c
[2.142s] -- Up-to-date: /home/student/ros2_ws/install/rslidar_msg/local/lib/python3.10/dist-packages/rslidar_msg/rslidar_msg_s__rosidl_typesupport_introspection_c.cpython-310-x86_64-linux-gnu.so
[2.142s] -- Up-to-date: /home/student/ros2_ws/install/rslidar_msg/local/lib/python3.10/dist-packages/rslidar_msg/_rslidar_msg_s.ep.rosidl_typesupport_fastrtps_c.c
[2.142s] -- Up-to-date: /home/student/ros2_ws/install/rslidar_msg/local/lib/python3.10/dist-packages/rslidar_msg/msg
[2.142s] -- Up-to-date: /home/student/ros2_ws/install/rslidar_msg/local/lib/python3.10/dist-packages/rslidar_msg/msg/_rslidar_packet.py
[2.143s] -- Up-to-date: /home/student/ros2_ws/install/rslidar_msg/local/lib/python3.10/dist-packages/rslidar_msg/msg/__init__.py
[2.143s] -- Up-to-date: /home/student/ros2_ws/install/rslidar_msg/local/lib/python3.10/dist-packages/rslidar_msg/msg/_rslidar_packet_s.c
[2.143s] -- Up-to-date: /home/student/ros2_ws/install/rslidar_msg/local/lib/python3.10/dist-packages/rslidar_msg/_rslidar_msg_s.ep.rosidl_typesupport_introspection_c.c
[2.143s] -- Up-to-date: /home/student/ros2_ws/install/rslidar_msg/local/lib/python3.10/dist-packages/rslidar_msg/__init__.py
[2.143s] -- Up-to-date: /home/student/ros2_ws/install/rslidar_msg/local/lib/python3.10/dist-packages/rslidar_msg/rslidar_msg_s__rosidl_typesupport_fastrtps_c.cpython-310-x86_64-linux-gnu.so
[2.143s] -- Up-to-date: /home/student/ros2_ws/install/rslidar_msg/local/lib/python3.10/dist-packages/rslidar_msg/rslidar_msg_s__rosidl_typesupport_c.cpython-310-x86_64-linux-gnu.so
[2.241s] Listing '/home/student/ros2_ws/install/rslidar_msg/local/lib/python3.10/dist-packages/rslidar_msg'...
[2.241s] Listing '/home/student/ros2_ws/install/rslidar_msg/local/lib/python3.10/dist-packages/rslidar_msg/msg'...
[2.303s] -- Up-to-date: /home/student/ros2_ws/install/rslidar_msg/local/lib/python3.10/dist-packages/rslidar_msg/rslidar_msg_s__rosidl_typesupport_fastrtps_c.cpython-310-x86_64-linux-gnu.so
[2.304s] -- Up-to-date: /home/student/ros2_ws/install/rslidar_msg/local/lib/python3.10/dist-packages/rslidar_msg/rslidar_msg_s__rosidl_typesupport_introspection_c.cpython-310-x86_64-linux-gnu.so
[2.304s] -- Up-to-date: /home/student/ros2_ws/install/rslidar_msg/local/lib/python3.10/dist-packages/rslidar_msg/rslidar_msg_s__rosidl_typesupport_c.cpython-310-x86_64-linux-gnu.so
[2.304s] -- Up-to-date: /home/student/ros2_ws/install/rslidar_msg/lib/librslidar_msg__rosidl_generator_py.so
[2.305s] -- Up-to-date: /home/student/ros2_ws/install/rslidar_msg/share/rslidar_msg/msg/RslidarPacket.idl
[2.307s] -- Up-to-date: /home/student/ros2_ws/install/rslidar_msg/share/rslidar_msg/msg/RslidarPacket.msg
[2.308s] -- Up-to-date: /home/student/ros2_ws/install/rslidar_msg/share/ament_index/resource_index/package_run_dependencies/rslidar_msg
[2.308s] -- Up-to-date: /home/student/ros2_ws/install/rslidar_msg/share/ament_index/resource_index/parent_prefix_path/rslidar_msg
[2.308s] -- Up-to-date: /home/student/ros2_ws/install/rslidar_msg/share/rslidar_msg/environment/ament_prefix_path.sh
[2.308s] -- Up-to-date: /home/student/ros2_ws/install/rslidar_msg/share/rslidar_msg/environment/ament_prefix_path.dsv
[2.308s] -- Up-to-date: /home/student/ros2_ws/install/rslidar_msg/share/rslidar_msg/environment/path.sh
[2.308s] -- Up-to-date: /home/student/ros2_ws/install/rslidar_msg/share/rslidar_msg/environment/path.dsv
[2.309s] -- Up-to-date: /home/student/ros2_ws/install/rslidar_msg/share/rslidar_msg/local_setup.bash
[2.310s] -- Up-to-date: /home/student/ros2_ws/install/rslidar_msg/share/rslidar_msg/local_setup.sh
[2.310s] -- Up-to-date: /home/student/ros2_ws/install/rslidar_msg/share/rslidar_msg/local_setup.zsh
[2.310s] -- Up-to-date: /home/student/ros2_ws/install/rslidar_msg/share/rslidar_msg/local_setup.dsv
[2.310s] -- Installing: /home/student/ros2_ws/install/rslidar_msg/share/rslidar_msg/package.dsv
[2.310s] -- Up-to-date: /home/student/ros2_ws/install/rslidar_msg/share/ament_index/resource_index/packages/rslidar_msg
[2.311s] -- Up-to-date: /home/student/ros2_ws/install/rslidar_msg/share/rslidar_msg/cmake/export_rslidar_msg__rosidl_generator_cExport.cmake
[2.312s] -- Up-to-date: /home/student/ros2_ws/install/rslidar_msg/share/rslidar_msg/cmake/export_rslidar_msg__rosidl_generator_cExport-noconfig.cmake
[2.312s] -- Up-to-date: /home/student/ros2_ws/install/rslidar_msg/share/rslidar_msg/cmake/export_rslidar_msg__rosidl_typesupport_fastrtps_cExport.cmake
[2.312s] -- Up-to-date: /home/student/ros2_ws/install/rslidar_msg/share/rslidar_msg/cmake/export_rslidar_msg__rosidl_typesupport_fastrtps_cExport-noconfig.cmake
[2.312s] -- Up-to-date: /home/student/ros2_ws/install/rslidar_msg/share/rslidar_msg/cmake/export_rslidar_msg__rosidl_generator_cppExport.cmake
[2.347s] -- Up-to-date: /home/student/ros2_ws/install/rslidar_msg/share/rslidar_msg/cmake/export_rslidar_msg__rosidl_typesupport_fastrtps_cppExport.cmake
[2.348s] -- Up-to-date: /home/student/ros2_ws/install/rslidar_msg/share/rslidar_msg/cmake/export_rslidar_msg__rosidl_typesupport_fastrtps_cppExport-noconfig.cmake
[2.348s] -- Up-to-date: /home/student/ros2_ws/install/rslidar_msg/share/rslidar_msg/cmake/rslidar_msg__rosidl_typesupport_introspection_cExport.cmake
[2.348s] -- Up-to-date: /home/student/ros2_ws/install/rslidar_msg/share/rslidar_msg/cmake/rslidar_msg__rosidl_typesupport_introspection_cExport-noconfig.cmake
[2.348s] -- Up-to-date: /home/student/ros2_ws/install/rslidar_msg/share/rslidar_msg/cmake/rslidar_msg__rosidl_typesupport_cExport.cmake
[2.348s] -- Up-to-date: /home/student/ros2_ws/install/rslidar_msg/share/rslidar_msg/cmake/rslidar_msg__rosidl_typesupport_cExport-noconfig.cmake
[2.349s] -- Up-to-date: /home/student/ros2_ws/install/rslidar_msg/share/rslidar_msg/cmake/rslidar_msg__rosidl_typesupport_introspection_cppExport.cmake
[2.349s] -- Up-to-date: /home/student/ros2_ws/install/rslidar_msg/share/rslidar_msg/cmake/rslidar_msg__rosidl_typesupport_introspection_cppExport-noconfig.cmake
[2.349s] -- Up-to-date: /home/student/ros2_ws/install/rslidar_msg/share/rslidar_msg/cmake/rslidar_msg__rosidl_typesupport_cppExport.cmake
[2.349s] -- Up-to-date: /home/student/ros2_ws/install/rslidar_msg/share/rslidar_msg/cmake/rslidar_msg__rosidl_typesupport_cppExport-noconfig.cmake
[2.350s] -- Up-to-date: /home/student/ros2_ws/install/rslidar_msg/share/rslidar_msg/cmake/export_rslidar_msg__rosidl_generator_pyExport.cmake
[2.350s] -- Up-to-date: /home/student/ros2_ws/install/rslidar_msg/share/rslidar_msg/cmake/export_rslidar_msg__rosidl_generator_pyExport-noconfig.cmake
[2.358s] -- Up-to-date: /home/student/ros2_ws/install/rslidar_msg/share/rslidar_msg/cmake/rosidl_cmake-extras.cmake
[2.358s] -- Up-to-date: /home/student/ros2_ws/install/rslidar_msg/share/rslidar_msg/cmake/ament_cmake_export_dependencies-extras.cmake
[2.358s] -- Up-to-date: /home/student/ros2_ws/install/rslidar_msg/share/rslidar_msg/cmake/ament_cmake_export_include_directories-extras.cmake
[2.359s] -- Up-to-date: /home/student/ros2_ws/install/rslidar_msg/share/rslidar_msg/cmake/ament_cmake_export_libraries-extras.cmake
[2.359s] -- Up-to-date: /home/student/ros2_ws/install/rslidar_msg/share/rslidar_msg/cmake/ament_cmake_export_targets-extras.cmake
[2.359s] -- Up-to-date: /home/student/ros2_ws/install/rslidar_msg/share/rslidar_msg/cmake/rosidl_cmake_export_typesupport_targets-extras.cmake
[2.359s] -- Up-to-date: /home/student/ros2_ws/install/rslidar_msg/share/rslidar_msg/cmake/rosidl_cmake_export_typesupport_libraries-extras.cmake
[2.359s] -- Up-to-date: /home/student/ros2_ws/install/rslidar_msg/share/rslidar_msg/cmake/rslidar_msgConfig.cmake
[2.360s] -- Up-to-date: /home/student/ros2_ws/install/rslidar_msg/share/rslidar_msg/cmake/rslidar_msgConfig-version.cmake
[2.360s] -- Up-to-date: /home/student/ros2_ws/install/rslidar_msg/share/rslidar_msg/package.xml
[2.377s] Invoked command in '/home/student/ros2_ws/build/rslidar_msg' returned '0': CMAKE_PREFIX_PATH=/home/student/ros2_ws/install/scout_base:/home/student/ros2_ws/install/lidar_slam_mapping:/home/student/ros2_ws/install/lidar_slam_nav2:/opt/ros/humble:/home/student/ros2_ws/install/ugv_sdk:/home/student/ros2_ws/install/scout_msgs:/home/student/ros2_ws/install/scout_description:/home/student/ros2_ws/install/rslidar_sdk:/home/student/ros2_ws/install/rslidar_msg:/home/student/ros2_ws/install/rplidar_ros:/home/student/ros2_ws/install/cartographer_rviz:/home/student/ros2_ws/install/cartographer_ros:/home/student/ros2_ws/install/cartographer_ros_msgs /usr/bin/cmake --install /home/student/ros2_ws/build/rslidar_msg
