[0.040s] Invoking command in '/home/student/ros2_ws/build/rslidar_msg': CMAKE_PREFIX_PATH=${CMAKE_PREFIX_PATH}:/home/student/ros2_ws/install/robot_control:/home/student/ros2_ws/install/lidar_slam_mapping:/home/student/ros2_ws/install/object_recognition:/home/student/ros2_ws/install/autonomous_driving:/opt/ros/humble /usr/bin/cmake /home/student/ros2_ws/src/rslidar_msg -DCMAKE_INSTALL_PREFIX=/home/student/ros2_ws/install/rslidar_msg
[0.542s] -- The C compiler identification is GNU 11.4.0
[0.943s] -- The CXX compiler identification is GNU 11.4.0
[0.985s] -- Detecting C compiler ABI info
[1.340s] -- Detecting C compiler ABI info - done
[1.383s] -- Check for working C compiler: /usr/bin/cc - skipped
[1.390s] -- Detecting C compile features
[1.395s] -- Detecting C compile features - done
[1.412s] -- Detecting CXX compiler ABI info
[1.889s] -- Detecting CXX compiler ABI info - done
[1.957s] -- Check for working CXX compiler: /usr/bin/c++ - skipped
[1.958s] -- Detecting CXX compile features
[1.960s] -- Detecting CXX compile features - done
[1.975s] -- Found ament_cmake: 1.3.11 (/opt/ros/humble/share/ament_cmake/cmake)
[2.721s] -- Found Python3: /usr/bin/python3 (found version "3.10.12") found components: Interpreter 
[3.007s] -- Found std_msgs: 4.2.4 (/opt/ros/humble/share/std_msgs/cmake)
[3.104s] -- Found rosidl_generator_c: 3.1.6 (/opt/ros/humble/share/rosidl_generator_c/cmake)
[3.117s] -- Found rosidl_adapter: 3.1.6 (/opt/ros/humble/share/rosidl_adapter/cmake)
[3.138s] -- Found rosidl_generator_cpp: 3.1.6 (/opt/ros/humble/share/rosidl_generator_cpp/cmake)
[3.179s] -- Using all available rosidl_typesupport_c: rosidl_typesupport_fastrtps_c;rosidl_typesupport_introspection_c
[3.225s] -- Using all available rosidl_typesupport_cpp: rosidl_typesupport_fastrtps_cpp;rosidl_typesupport_introspection_cpp
[3.322s] -- Found rclcpp: 16.0.11 (/opt/ros/humble/share/rclcpp/cmake)
[3.460s] -- Found rmw_implementation_cmake: 6.1.2 (/opt/ros/humble/share/rmw_implementation_cmake/cmake)
[3.471s] -- Found rmw_fastrtps_cpp: 6.2.7 (/opt/ros/humble/share/rmw_fastrtps_cpp/cmake)
[3.728s] -- Found OpenSSL: /usr/lib/x86_64-linux-gnu/libcrypto.so (found version "3.0.2")  
[3.810s] -- Found FastRTPS: /opt/ros/humble/include  
[3.939s] -- Using RMW implementation 'rmw_fastrtps_cpp' as default
[3.982s] -- Looking for pthread.h
[4.199s] -- Looking for pthread.h - found
[4.200s] -- Performing Test CMAKE_HAVE_LIBC_PTHREAD
[4.403s] -- Performing Test CMAKE_HAVE_LIBC_PTHREAD - Success
[4.406s] -- Found Threads: TRUE  
[4.538s] -- Found rosidl_default_generators: 1.2.0 (/opt/ros/humble/share/rosidl_default_generators/cmake)
[5.773s] -- Found ament_cmake_ros: 0.10.0 (/opt/ros/humble/share/ament_cmake_ros/cmake)
[7.275s] -- Using all available rosidl_typesupport_c: rosidl_typesupport_fastrtps_c;rosidl_typesupport_introspection_c
[7.707s] -- Using all available rosidl_typesupport_cpp: rosidl_typesupport_fastrtps_cpp;rosidl_typesupport_introspection_cpp
[7.785s] -- Found PythonInterp: /usr/bin/python3 (found suitable version "3.10.12", minimum required is "3.6") 
[7.788s] -- Found python_cmake_module: 0.10.0 (/opt/ros/humble/share/python_cmake_module/cmake)
[7.859s] -- Found PythonLibs: /usr/lib/x86_64-linux-gnu/libpython3.10.so (found suitable version "3.10.12", minimum required is "3.5") 
[7.859s] -- Using PYTHON_EXECUTABLE: /usr/bin/python3
[7.860s] -- Using PYTHON_INCLUDE_DIRS: /usr/include/python3.10
[7.860s] -- Using PYTHON_LIBRARIES: /usr/lib/x86_64-linux-gnu/libpython3.10.so
[7.916s] -- Found PythonExtra: .so  
[8.079s] -- Found ament_lint_auto: 0.12.11 (/opt/ros/humble/share/ament_lint_auto/cmake)
[8.148s] -- Added test 'copyright' to check source files copyright and LICENSE
[8.172s] -- Added test 'lint_cmake' to check CMake code style
[8.183s] -- Added test 'xmllint' to check XML markup files
[8.191s] -- Configuring done
[8.294s] -- Generating done
[8.343s] -- Build files have been written to: /home/student/ros2_ws/build/rslidar_msg
[8.382s] Invoked command in '/home/student/ros2_ws/build/rslidar_msg' returned '0': CMAKE_PREFIX_PATH=${CMAKE_PREFIX_PATH}:/home/student/ros2_ws/install/robot_control:/home/student/ros2_ws/install/lidar_slam_mapping:/home/student/ros2_ws/install/object_recognition:/home/student/ros2_ws/install/autonomous_driving:/opt/ros/humble /usr/bin/cmake /home/student/ros2_ws/src/rslidar_msg -DCMAKE_INSTALL_PREFIX=/home/student/ros2_ws/install/rslidar_msg
[8.383s] Invoking command in '/home/student/ros2_ws/build/rslidar_msg': CMAKE_PREFIX_PATH=${CMAKE_PREFIX_PATH}:/home/student/ros2_ws/install/robot_control:/home/student/ros2_ws/install/lidar_slam_mapping:/home/student/ros2_ws/install/object_recognition:/home/student/ros2_ws/install/autonomous_driving:/opt/ros/humble /usr/bin/cmake --build /home/student/ros2_ws/build/rslidar_msg -- -j2 -l2
[8.532s] [  3%] [34m[1mGenerating C++ code for ROS interfaces[0m
[9.335s] [  3%] Built target rslidar_msg__cpp
[9.359s] [  6%] [34m[1mGenerating C code for ROS interfaces[0m
[10.200s] [  9%] [32mBuilding C object CMakeFiles/rslidar_msg__rosidl_generator_c.dir/rosidl_generator_c/rslidar_msg/msg/detail/rslidar_packet__functions.c.o[0m
[10.354s] [ 12%] [32m[1mLinking C shared library librslidar_msg__rosidl_generator_c.so[0m
[10.476s] [ 12%] Built target rslidar_msg__rosidl_generator_c
[10.550s] [ 12%] Built target ament_cmake_python_copy_rslidar_msg
[10.572s] [ 16%] [34m[1mGenerating C++ type support dispatch for ROS interfaces[0m
[11.195s] [ 19%] [32mBuilding CXX object CMakeFiles/rslidar_msg__rosidl_typesupport_cpp.dir/rosidl_typesupport_cpp/rslidar_msg/msg/rslidar_packet__type_support.cpp.o[0m
[12.109s] [ 22%] [32m[1mLinking CXX shared library librslidar_msg__rosidl_typesupport_cpp.so[0m
[12.211s] [ 22%] Built target rslidar_msg__rosidl_typesupport_cpp
[12.231s] [ 25%] [34m[1mGenerating C type support for eProsima Fast-RTPS[0m
[13.098s] [ 29%] [32mBuilding CXX object CMakeFiles/rslidar_msg__rosidl_typesupport_fastrtps_c.dir/rosidl_typesupport_fastrtps_c/rslidar_msg/msg/detail/rslidar_packet__type_support_c.cpp.o[0m
[14.246s] [ 32%] [32m[1mLinking CXX shared library librslidar_msg__rosidl_typesupport_fastrtps_c.so[0m
[14.504s] [ 32%] Built target rslidar_msg__rosidl_typesupport_fastrtps_c
[14.528s] [ 35%] [34m[1mGenerating C++ type support for eProsima Fast-RTPS[0m
[15.599s] [ 38%] [32mBuilding CXX object CMakeFiles/rslidar_msg__rosidl_typesupport_fastrtps_cpp.dir/rosidl_typesupport_fastrtps_cpp/rslidar_msg/msg/detail/dds_fastrtps/rslidar_packet__type_support.cpp.o[0m
[17.043s] [ 41%] [32m[1mLinking CXX shared library librslidar_msg__rosidl_typesupport_fastrtps_cpp.so[0m
[17.249s] [ 41%] Built target rslidar_msg__rosidl_typesupport_fastrtps_cpp
[17.270s] [ 45%] [34m[1mGenerating C introspection for ROS interfaces[0m
[18.198s] [ 48%] [32mBuilding C object CMakeFiles/rslidar_msg__rosidl_typesupport_introspection_c.dir/rosidl_typesupport_introspection_c/rslidar_msg/msg/detail/rslidar_packet__type_support.c.o[0m
[18.340s] [ 51%] [32m[1mLinking C shared library librslidar_msg__rosidl_typesupport_introspection_c.so[0m
[18.417s] [ 51%] Built target rslidar_msg__rosidl_typesupport_introspection_c
[18.439s] [ 54%] [34m[1mGenerating C type support dispatch for ROS interfaces[0m
[19.086s] [ 58%] [32mBuilding CXX object CMakeFiles/rslidar_msg__rosidl_typesupport_c.dir/rosidl_typesupport_c/rslidar_msg/msg/rslidar_packet__type_support.cpp.o[0m
[19.161s] [ 61%] [32m[1mLinking CXX shared library librslidar_msg__rosidl_typesupport_c.so[0m
[19.283s] [ 61%] Built target rslidar_msg__rosidl_typesupport_c
[19.306s] [ 64%] [34m[1mGenerating C++ introspection for ROS interfaces[0m
[20.011s] [ 67%] [32mBuilding CXX object CMakeFiles/rslidar_msg__rosidl_typesupport_introspection_cpp.dir/rosidl_typesupport_introspection_cpp/rslidar_msg/msg/detail/rslidar_packet__type_support.cpp.o[0m
[21.417s] [ 70%] [32m[1mLinking CXX shared library librslidar_msg__rosidl_typesupport_introspection_cpp.so[0m
[21.715s] [ 70%] Built target rslidar_msg__rosidl_typesupport_introspection_cpp
[22.598s] running egg_info
[22.600s] creating rslidar_msg.egg-info
[22.602s] writing rslidar_msg.egg-info/PKG-INFO
[22.602s] writing dependency_links to rslidar_msg.egg-info/dependency_links.txt
[22.602s] writing top-level names to rslidar_msg.egg-info/top_level.txt
[22.602s] writing manifest file 'rslidar_msg.egg-info/SOURCES.txt'
[22.608s] reading manifest file 'rslidar_msg.egg-info/SOURCES.txt'
[22.609s] writing manifest file 'rslidar_msg.egg-info/SOURCES.txt'
[22.701s] [ 70%] Built target ament_cmake_python_build_rslidar_msg_egg
[22.757s] [ 70%] Built target rslidar_msg
[22.801s] [ 74%] [34m[1mGenerating Python code for ROS interfaces[0m
[23.829s] [ 74%] Built target rslidar_msg__py
[23.883s] [ 77%] [32mBuilding C object CMakeFiles/rslidar_msg__rosidl_generator_py.dir/rosidl_generator_py/rslidar_msg/msg/_rslidar_packet_s.c.o[0m
[24.301s] [ 80%] [32m[1mLinking C shared library rosidl_generator_py/rslidar_msg/librslidar_msg__rosidl_generator_py.so[0m
[24.415s] [ 80%] Built target rslidar_msg__rosidl_generator_py
[24.467s] [ 83%] [32mBuilding C object CMakeFiles/rslidar_msg__rosidl_typesupport_fastrtps_c__pyext.dir/rosidl_generator_py/rslidar_msg/_rslidar_msg_s.ep.rosidl_typesupport_fastrtps_c.c.o[0m
[24.723s] [ 87%] [32m[1mLinking C shared library rosidl_generator_py/rslidar_msg/rslidar_msg_s__rosidl_typesupport_fastrtps_c.cpython-310-x86_64-linux-gnu.so[0m
[24.819s] [ 87%] Built target rslidar_msg__rosidl_typesupport_fastrtps_c__pyext
[24.872s] [ 90%] [32mBuilding C object CMakeFiles/rslidar_msg__rosidl_typesupport_introspection_c__pyext.dir/rosidl_generator_py/rslidar_msg/_rslidar_msg_s.ep.rosidl_typesupport_introspection_c.c.o[0m
[25.131s] [ 93%] [32m[1mLinking C shared library rosidl_generator_py/rslidar_msg/rslidar_msg_s__rosidl_typesupport_introspection_c.cpython-310-x86_64-linux-gnu.so[0m
[25.230s] [ 93%] Built target rslidar_msg__rosidl_typesupport_introspection_c__pyext
[25.287s] [ 96%] [32mBuilding C object CMakeFiles/rslidar_msg__rosidl_typesupport_c__pyext.dir/rosidl_generator_py/rslidar_msg/_rslidar_msg_s.ep.rosidl_typesupport_c.c.o[0m
[25.625s] [100%] [32m[1mLinking C shared library rosidl_generator_py/rslidar_msg/rslidar_msg_s__rosidl_typesupport_c.cpython-310-x86_64-linux-gnu.so[0m
[25.715s] [100%] Built target rslidar_msg__rosidl_typesupport_c__pyext
[25.743s] Invoked command in '/home/student/ros2_ws/build/rslidar_msg' returned '0': CMAKE_PREFIX_PATH=${CMAKE_PREFIX_PATH}:/home/student/ros2_ws/install/robot_control:/home/student/ros2_ws/install/lidar_slam_mapping:/home/student/ros2_ws/install/object_recognition:/home/student/ros2_ws/install/autonomous_driving:/opt/ros/humble /usr/bin/cmake --build /home/student/ros2_ws/build/rslidar_msg -- -j2 -l2
[25.769s] Invoking command in '/home/student/ros2_ws/build/rslidar_msg': CMAKE_PREFIX_PATH=${CMAKE_PREFIX_PATH}:/home/student/ros2_ws/install/robot_control:/home/student/ros2_ws/install/lidar_slam_mapping:/home/student/ros2_ws/install/object_recognition:/home/student/ros2_ws/install/autonomous_driving:/opt/ros/humble /usr/bin/cmake --install /home/student/ros2_ws/build/rslidar_msg
[25.787s] -- Install configuration: ""
[25.791s] -- Installing: /home/student/ros2_ws/install/rslidar_msg/share/ament_index/resource_index/rosidl_interfaces/rslidar_msg
[25.794s] -- Installing: /home/student/ros2_ws/install/rslidar_msg/include/rslidar_msg/rslidar_msg
[25.797s] -- Installing: /home/student/ros2_ws/install/rslidar_msg/include/rslidar_msg/rslidar_msg/msg
[25.799s] -- Installing: /home/student/ros2_ws/install/rslidar_msg/include/rslidar_msg/rslidar_msg/msg/rslidar_packet.h
[25.801s] -- Installing: /home/student/ros2_ws/install/rslidar_msg/include/rslidar_msg/rslidar_msg/msg/rosidl_generator_c__visibility_control.h
[25.803s] -- Installing: /home/student/ros2_ws/install/rslidar_msg/include/rslidar_msg/rslidar_msg/msg/detail
[25.805s] -- Installing: /home/student/ros2_ws/install/rslidar_msg/include/rslidar_msg/rslidar_msg/msg/detail/rslidar_packet__type_support.h
[25.807s] -- Installing: /home/student/ros2_ws/install/rslidar_msg/include/rslidar_msg/rslidar_msg/msg/detail/rslidar_packet__functions.c
[25.809s] -- Installing: /home/student/ros2_ws/install/rslidar_msg/include/rslidar_msg/rslidar_msg/msg/detail/rslidar_packet__struct.h
[25.811s] -- Installing: /home/student/ros2_ws/install/rslidar_msg/include/rslidar_msg/rslidar_msg/msg/detail/rslidar_packet__functions.h
[25.814s] -- Installing: /home/student/ros2_ws/install/rslidar_msg/share/rslidar_msg/environment/library_path.sh
[25.815s] -- Installing: /home/student/ros2_ws/install/rslidar_msg/share/rslidar_msg/environment/library_path.dsv
[25.816s] -- Installing: /home/student/ros2_ws/install/rslidar_msg/lib/librslidar_msg__rosidl_generator_c.so
[25.819s] -- Set runtime path of "/home/student/ros2_ws/install/rslidar_msg/lib/librslidar_msg__rosidl_generator_c.so" to ""
[25.820s] -- Up-to-date: /home/student/ros2_ws/install/rslidar_msg/include/rslidar_msg/rslidar_msg
[25.821s] -- Up-to-date: /home/student/ros2_ws/install/rslidar_msg/include/rslidar_msg/rslidar_msg/msg
[25.822s] -- Installing: /home/student/ros2_ws/install/rslidar_msg/include/rslidar_msg/rslidar_msg/msg/rosidl_typesupport_fastrtps_c__visibility_control.h
[25.825s] -- Up-to-date: /home/student/ros2_ws/install/rslidar_msg/include/rslidar_msg/rslidar_msg/msg/detail
[25.826s] -- Installing: /home/student/ros2_ws/install/rslidar_msg/include/rslidar_msg/rslidar_msg/msg/detail/rslidar_packet__rosidl_typesupport_fastrtps_c.h
[25.829s] -- Installing: /home/student/ros2_ws/install/rslidar_msg/lib/librslidar_msg__rosidl_typesupport_fastrtps_c.so
[25.832s] -- Set runtime path of "/home/student/ros2_ws/install/rslidar_msg/lib/librslidar_msg__rosidl_typesupport_fastrtps_c.so" to ""
[25.833s] -- Up-to-date: /home/student/ros2_ws/install/rslidar_msg/include/rslidar_msg/rslidar_msg
[25.834s] -- Up-to-date: /home/student/ros2_ws/install/rslidar_msg/include/rslidar_msg/rslidar_msg/msg
[25.834s] -- Installing: /home/student/ros2_ws/install/rslidar_msg/include/rslidar_msg/rslidar_msg/msg/rslidar_packet.hpp
[25.842s] -- Installing: /home/student/ros2_ws/install/rslidar_msg/include/rslidar_msg/rslidar_msg/msg/rosidl_generator_cpp__visibility_control.hpp
[25.844s] -- Up-to-date: /home/student/ros2_ws/install/rslidar_msg/include/rslidar_msg/rslidar_msg/msg/detail
[25.847s] -- Installing: /home/student/ros2_ws/install/rslidar_msg/include/rslidar_msg/rslidar_msg/msg/detail/rslidar_packet__type_support.hpp
[25.849s] -- Installing: /home/student/ros2_ws/install/rslidar_msg/include/rslidar_msg/rslidar_msg/msg/detail/rslidar_packet__struct.hpp
[25.854s] -- Installing: /home/student/ros2_ws/install/rslidar_msg/include/rslidar_msg/rslidar_msg/msg/detail/rslidar_packet__builder.hpp
[25.856s] -- Installing: /home/student/ros2_ws/install/rslidar_msg/include/rslidar_msg/rslidar_msg/msg/detail/rslidar_packet__traits.hpp
[25.858s] -- Up-to-date: /home/student/ros2_ws/install/rslidar_msg/include/rslidar_msg/rslidar_msg
[25.859s] -- Up-to-date: /home/student/ros2_ws/install/rslidar_msg/include/rslidar_msg/rslidar_msg/msg
[25.860s] -- Up-to-date: /home/student/ros2_ws/install/rslidar_msg/include/rslidar_msg/rslidar_msg/msg/detail
[25.861s] -- Installing: /home/student/ros2_ws/install/rslidar_msg/include/rslidar_msg/rslidar_msg/msg/detail/rslidar_packet__rosidl_typesupport_fastrtps_cpp.hpp
[25.864s] -- Installing: /home/student/ros2_ws/install/rslidar_msg/include/rslidar_msg/rslidar_msg/msg/detail/dds_fastrtps
[25.865s] -- Installing: /home/student/ros2_ws/install/rslidar_msg/include/rslidar_msg/rslidar_msg/msg/rosidl_typesupport_fastrtps_cpp__visibility_control.h
[25.870s] -- Installing: /home/student/ros2_ws/install/rslidar_msg/lib/librslidar_msg__rosidl_typesupport_fastrtps_cpp.so
[25.872s] -- Set runtime path of "/home/student/ros2_ws/install/rslidar_msg/lib/librslidar_msg__rosidl_typesupport_fastrtps_cpp.so" to ""
[25.874s] -- Up-to-date: /home/student/ros2_ws/install/rslidar_msg/include/rslidar_msg/rslidar_msg
[25.874s] -- Up-to-date: /home/student/ros2_ws/install/rslidar_msg/include/rslidar_msg/rslidar_msg/msg
[25.875s] -- Installing: /home/student/ros2_ws/install/rslidar_msg/include/rslidar_msg/rslidar_msg/msg/rosidl_typesupport_introspection_c__visibility_control.h
[25.878s] -- Up-to-date: /home/student/ros2_ws/install/rslidar_msg/include/rslidar_msg/rslidar_msg/msg/detail
[25.878s] -- Installing: /home/student/ros2_ws/install/rslidar_msg/include/rslidar_msg/rslidar_msg/msg/detail/rslidar_packet__type_support.c
[25.879s] -- Installing: /home/student/ros2_ws/install/rslidar_msg/include/rslidar_msg/rslidar_msg/msg/detail/rslidar_packet__rosidl_typesupport_introspection_c.h
[25.884s] -- Installing: /home/student/ros2_ws/install/rslidar_msg/lib/librslidar_msg__rosidl_typesupport_introspection_c.so
[25.885s] -- Set runtime path of "/home/student/ros2_ws/install/rslidar_msg/lib/librslidar_msg__rosidl_typesupport_introspection_c.so" to ""
[25.886s] -- Installing: /home/student/ros2_ws/install/rslidar_msg/lib/librslidar_msg__rosidl_typesupport_c.so
[25.887s] -- Set runtime path of "/home/student/ros2_ws/install/rslidar_msg/lib/librslidar_msg__rosidl_typesupport_c.so" to ""
[25.888s] -- Up-to-date: /home/student/ros2_ws/install/rslidar_msg/include/rslidar_msg/rslidar_msg
[25.891s] -- Up-to-date: /home/student/ros2_ws/install/rslidar_msg/include/rslidar_msg/rslidar_msg/msg
[25.892s] -- Up-to-date: /home/student/ros2_ws/install/rslidar_msg/include/rslidar_msg/rslidar_msg/msg/detail
[25.892s] -- Installing: /home/student/ros2_ws/install/rslidar_msg/include/rslidar_msg/rslidar_msg/msg/detail/rslidar_packet__rosidl_typesupport_introspection_cpp.hpp
[25.894s] -- Installing: /home/student/ros2_ws/install/rslidar_msg/include/rslidar_msg/rslidar_msg/msg/detail/rslidar_packet__type_support.cpp
[25.895s] -- Installing: /home/student/ros2_ws/install/rslidar_msg/lib/librslidar_msg__rosidl_typesupport_introspection_cpp.so
[25.902s] -- Set runtime path of "/home/student/ros2_ws/install/rslidar_msg/lib/librslidar_msg__rosidl_typesupport_introspection_cpp.so" to ""
[25.903s] -- Installing: /home/student/ros2_ws/install/rslidar_msg/lib/librslidar_msg__rosidl_typesupport_cpp.so
[25.904s] -- Set runtime path of "/home/student/ros2_ws/install/rslidar_msg/lib/librslidar_msg__rosidl_typesupport_cpp.so" to ""
[25.904s] -- Installing: /home/student/ros2_ws/install/rslidar_msg/share/rslidar_msg/environment/pythonpath.sh
[25.905s] -- Installing: /home/student/ros2_ws/install/rslidar_msg/share/rslidar_msg/environment/pythonpath.dsv
[25.906s] -- Installing: /home/student/ros2_ws/install/rslidar_msg/local/lib/python3.10/dist-packages/rslidar_msg-0.0.0-py3.10.egg-info
[25.909s] -- Installing: /home/student/ros2_ws/install/rslidar_msg/local/lib/python3.10/dist-packages/rslidar_msg-0.0.0-py3.10.egg-info/top_level.txt
[25.909s] -- Installing: /home/student/ros2_ws/install/rslidar_msg/local/lib/python3.10/dist-packages/rslidar_msg-0.0.0-py3.10.egg-info/SOURCES.txt
[25.910s] -- Installing: /home/student/ros2_ws/install/rslidar_msg/local/lib/python3.10/dist-packages/rslidar_msg-0.0.0-py3.10.egg-info/dependency_links.txt
[25.911s] -- Installing: /home/student/ros2_ws/install/rslidar_msg/local/lib/python3.10/dist-packages/rslidar_msg-0.0.0-py3.10.egg-info/PKG-INFO
[25.911s] -- Installing: /home/student/ros2_ws/install/rslidar_msg/local/lib/python3.10/dist-packages/rslidar_msg
[25.912s] -- Installing: /home/student/ros2_ws/install/rslidar_msg/local/lib/python3.10/dist-packages/rslidar_msg/librslidar_msg__rosidl_generator_py.so
[25.913s] -- Installing: /home/student/ros2_ws/install/rslidar_msg/local/lib/python3.10/dist-packages/rslidar_msg/_rslidar_msg_s.ep.rosidl_typesupport_c.c
[25.913s] -- Installing: /home/student/ros2_ws/install/rslidar_msg/local/lib/python3.10/dist-packages/rslidar_msg/rslidar_msg_s__rosidl_typesupport_introspection_c.cpython-310-x86_64-linux-gnu.so
[25.914s] -- Installing: /home/student/ros2_ws/install/rslidar_msg/local/lib/python3.10/dist-packages/rslidar_msg/_rslidar_msg_s.ep.rosidl_typesupport_fastrtps_c.c
[25.915s] -- Installing: /home/student/ros2_ws/install/rslidar_msg/local/lib/python3.10/dist-packages/rslidar_msg/msg
[25.915s] -- Installing: /home/student/ros2_ws/install/rslidar_msg/local/lib/python3.10/dist-packages/rslidar_msg/msg/_rslidar_packet.py
[25.916s] -- Installing: /home/student/ros2_ws/install/rslidar_msg/local/lib/python3.10/dist-packages/rslidar_msg/msg/__init__.py
[25.917s] -- Installing: /home/student/ros2_ws/install/rslidar_msg/local/lib/python3.10/dist-packages/rslidar_msg/msg/_rslidar_packet_s.c
[25.917s] -- Installing: /home/student/ros2_ws/install/rslidar_msg/local/lib/python3.10/dist-packages/rslidar_msg/_rslidar_msg_s.ep.rosidl_typesupport_introspection_c.c
[25.918s] -- Installing: /home/student/ros2_ws/install/rslidar_msg/local/lib/python3.10/dist-packages/rslidar_msg/__init__.py
[25.919s] -- Installing: /home/student/ros2_ws/install/rslidar_msg/local/lib/python3.10/dist-packages/rslidar_msg/rslidar_msg_s__rosidl_typesupport_fastrtps_c.cpython-310-x86_64-linux-gnu.so
[25.919s] -- Installing: /home/student/ros2_ws/install/rslidar_msg/local/lib/python3.10/dist-packages/rslidar_msg/rslidar_msg_s__rosidl_typesupport_c.cpython-310-x86_64-linux-gnu.so
[26.023s] Listing '/home/student/ros2_ws/install/rslidar_msg/local/lib/python3.10/dist-packages/rslidar_msg'...
[26.023s] Compiling '/home/student/ros2_ws/install/rslidar_msg/local/lib/python3.10/dist-packages/rslidar_msg/__init__.py'...
[26.023s] Listing '/home/student/ros2_ws/install/rslidar_msg/local/lib/python3.10/dist-packages/rslidar_msg/msg'...
[26.024s] Compiling '/home/student/ros2_ws/install/rslidar_msg/local/lib/python3.10/dist-packages/rslidar_msg/msg/__init__.py'...
[26.024s] Compiling '/home/student/ros2_ws/install/rslidar_msg/local/lib/python3.10/dist-packages/rslidar_msg/msg/_rslidar_packet.py'...
[26.052s] -- Installing: /home/student/ros2_ws/install/rslidar_msg/local/lib/python3.10/dist-packages/rslidar_msg/rslidar_msg_s__rosidl_typesupport_fastrtps_c.cpython-310-x86_64-linux-gnu.so
[26.053s] -- Set runtime path of "/home/student/ros2_ws/install/rslidar_msg/local/lib/python3.10/dist-packages/rslidar_msg/rslidar_msg_s__rosidl_typesupport_fastrtps_c.cpython-310-x86_64-linux-gnu.so" to ""
[26.054s] -- Installing: /home/student/ros2_ws/install/rslidar_msg/local/lib/python3.10/dist-packages/rslidar_msg/rslidar_msg_s__rosidl_typesupport_introspection_c.cpython-310-x86_64-linux-gnu.so
[26.065s] -- Set runtime path of "/home/student/ros2_ws/install/rslidar_msg/local/lib/python3.10/dist-packages/rslidar_msg/rslidar_msg_s__rosidl_typesupport_introspection_c.cpython-310-x86_64-linux-gnu.so" to ""
[26.066s] -- Installing: /home/student/ros2_ws/install/rslidar_msg/local/lib/python3.10/dist-packages/rslidar_msg/rslidar_msg_s__rosidl_typesupport_c.cpython-310-x86_64-linux-gnu.so
[26.071s] -- Set runtime path of "/home/student/ros2_ws/install/rslidar_msg/local/lib/python3.10/dist-packages/rslidar_msg/rslidar_msg_s__rosidl_typesupport_c.cpython-310-x86_64-linux-gnu.so" to ""
[26.072s] -- Installing: /home/student/ros2_ws/install/rslidar_msg/lib/librslidar_msg__rosidl_generator_py.so
[26.074s] -- Set runtime path of "/home/student/ros2_ws/install/rslidar_msg/lib/librslidar_msg__rosidl_generator_py.so" to ""
[26.076s] -- Installing: /home/student/ros2_ws/install/rslidar_msg/share/rslidar_msg/msg/RslidarPacket.idl
[26.080s] -- Installing: /home/student/ros2_ws/install/rslidar_msg/share/rslidar_msg/msg/RslidarPacket.msg
[26.082s] -- Installing: /home/student/ros2_ws/install/rslidar_msg/share/ament_index/resource_index/package_run_dependencies/rslidar_msg
[26.085s] -- Installing: /home/student/ros2_ws/install/rslidar_msg/share/ament_index/resource_index/parent_prefix_path/rslidar_msg
[26.088s] -- Installing: /home/student/ros2_ws/install/rslidar_msg/share/rslidar_msg/environment/ament_prefix_path.sh
[26.089s] -- Installing: /home/student/ros2_ws/install/rslidar_msg/share/rslidar_msg/environment/ament_prefix_path.dsv
[26.089s] -- Installing: /home/student/ros2_ws/install/rslidar_msg/share/rslidar_msg/environment/path.sh
[26.090s] -- Installing: /home/student/ros2_ws/install/rslidar_msg/share/rslidar_msg/environment/path.dsv
[26.091s] -- Installing: /home/student/ros2_ws/install/rslidar_msg/share/rslidar_msg/local_setup.bash
[26.093s] -- Installing: /home/student/ros2_ws/install/rslidar_msg/share/rslidar_msg/local_setup.sh
[26.097s] -- Installing: /home/student/ros2_ws/install/rslidar_msg/share/rslidar_msg/local_setup.zsh
[26.099s] -- Installing: /home/student/ros2_ws/install/rslidar_msg/share/rslidar_msg/local_setup.dsv
[26.102s] -- Installing: /home/student/ros2_ws/install/rslidar_msg/share/rslidar_msg/package.dsv
[26.105s] -- Installing: /home/student/ros2_ws/install/rslidar_msg/share/ament_index/resource_index/packages/rslidar_msg
[26.110s] -- Installing: /home/student/ros2_ws/install/rslidar_msg/share/rslidar_msg/cmake/export_rslidar_msg__rosidl_generator_cExport.cmake
[26.114s] -- Installing: /home/student/ros2_ws/install/rslidar_msg/share/rslidar_msg/cmake/export_rslidar_msg__rosidl_generator_cExport-noconfig.cmake
[26.117s] -- Installing: /home/student/ros2_ws/install/rslidar_msg/share/rslidar_msg/cmake/export_rslidar_msg__rosidl_typesupport_fastrtps_cExport.cmake
[26.119s] -- Installing: /home/student/ros2_ws/install/rslidar_msg/share/rslidar_msg/cmake/export_rslidar_msg__rosidl_typesupport_fastrtps_cExport-noconfig.cmake
[26.122s] -- Installing: /home/student/ros2_ws/install/rslidar_msg/share/rslidar_msg/cmake/export_rslidar_msg__rosidl_generator_cppExport.cmake
[26.124s] -- Installing: /home/student/ros2_ws/install/rslidar_msg/share/rslidar_msg/cmake/export_rslidar_msg__rosidl_typesupport_fastrtps_cppExport.cmake
[26.127s] -- Installing: /home/student/ros2_ws/install/rslidar_msg/share/rslidar_msg/cmake/export_rslidar_msg__rosidl_typesupport_fastrtps_cppExport-noconfig.cmake
[26.130s] -- Installing: /home/student/ros2_ws/install/rslidar_msg/share/rslidar_msg/cmake/rslidar_msg__rosidl_typesupport_introspection_cExport.cmake
[26.133s] -- Installing: /home/student/ros2_ws/install/rslidar_msg/share/rslidar_msg/cmake/rslidar_msg__rosidl_typesupport_introspection_cExport-noconfig.cmake
[26.136s] -- Installing: /home/student/ros2_ws/install/rslidar_msg/share/rslidar_msg/cmake/rslidar_msg__rosidl_typesupport_cExport.cmake
[26.140s] -- Installing: /home/student/ros2_ws/install/rslidar_msg/share/rslidar_msg/cmake/rslidar_msg__rosidl_typesupport_cExport-noconfig.cmake
[26.142s] -- Installing: /home/student/ros2_ws/install/rslidar_msg/share/rslidar_msg/cmake/rslidar_msg__rosidl_typesupport_introspection_cppExport.cmake
[26.145s] -- Installing: /home/student/ros2_ws/install/rslidar_msg/share/rslidar_msg/cmake/rslidar_msg__rosidl_typesupport_introspection_cppExport-noconfig.cmake
[26.146s] -- Installing: /home/student/ros2_ws/install/rslidar_msg/share/rslidar_msg/cmake/rslidar_msg__rosidl_typesupport_cppExport.cmake
[26.146s] -- Installing: /home/student/ros2_ws/install/rslidar_msg/share/rslidar_msg/cmake/rslidar_msg__rosidl_typesupport_cppExport-noconfig.cmake
[26.146s] -- Installing: /home/student/ros2_ws/install/rslidar_msg/share/rslidar_msg/cmake/export_rslidar_msg__rosidl_generator_pyExport.cmake
[26.147s] -- Installing: /home/student/ros2_ws/install/rslidar_msg/share/rslidar_msg/cmake/export_rslidar_msg__rosidl_generator_pyExport-noconfig.cmake
[26.147s] -- Installing: /home/student/ros2_ws/install/rslidar_msg/share/rslidar_msg/cmake/rosidl_cmake-extras.cmake
[26.147s] -- Installing: /home/student/ros2_ws/install/rslidar_msg/share/rslidar_msg/cmake/ament_cmake_export_dependencies-extras.cmake
[26.148s] -- Installing: /home/student/ros2_ws/install/rslidar_msg/share/rslidar_msg/cmake/ament_cmake_export_include_directories-extras.cmake
[26.148s] -- Installing: /home/student/ros2_ws/install/rslidar_msg/share/rslidar_msg/cmake/ament_cmake_export_libraries-extras.cmake
[26.149s] -- Installing: /home/student/ros2_ws/install/rslidar_msg/share/rslidar_msg/cmake/ament_cmake_export_targets-extras.cmake
[26.149s] -- Installing: /home/student/ros2_ws/install/rslidar_msg/share/rslidar_msg/cmake/rosidl_cmake_export_typesupport_targets-extras.cmake
[26.164s] -- Installing: /home/student/ros2_ws/install/rslidar_msg/share/rslidar_msg/cmake/rosidl_cmake_export_typesupport_libraries-extras.cmake
[26.164s] -- Installing: /home/student/ros2_ws/install/rslidar_msg/share/rslidar_msg/cmake/rslidar_msgConfig.cmake
[26.164s] -- Installing: /home/student/ros2_ws/install/rslidar_msg/share/rslidar_msg/cmake/rslidar_msgConfig-version.cmake
[26.164s] -- Installing: /home/student/ros2_ws/install/rslidar_msg/share/rslidar_msg/package.xml
[26.187s] Invoked command in '/home/student/ros2_ws/build/rslidar_msg' returned '0': CMAKE_PREFIX_PATH=${CMAKE_PREFIX_PATH}:/home/student/ros2_ws/install/robot_control:/home/student/ros2_ws/install/lidar_slam_mapping:/home/student/ros2_ws/install/object_recognition:/home/student/ros2_ws/install/autonomous_driving:/opt/ros/humble /usr/bin/cmake --install /home/student/ros2_ws/build/rslidar_msg
