[0.031s] Invoking command in '/home/student/ros2_ws/build/scout_base': CMAKE_PREFIX_PATH=/home/student/ros2_ws/install/robot_control:/home/student/ros2_ws/install/lidar_slam_mapping:/home/student/ros2_ws/install/object_recognition:/home/student/ros2_ws/install/autonomous_driving:/opt/ros/humble:/home/student/ros2_ws/install/ugv_sdk:/home/student/ros2_ws/install/scout_msgs:/home/student/ros2_ws/install/scout_base:/home/student/ros2_ws/install/scout_description:/home/student/ros2_ws/install/rslidar_sdk:/home/student/ros2_ws/install/rslidar_msg /usr/bin/cmake /home/student/ros2_ws/src/scout_ros2/scout_base -DCMAKE_INSTALL_PREFIX=/home/student/ros2_ws/install/scout_base
[0.291s] -- The C compiler identification is GNU 11.4.0
[0.478s] -- The CXX compiler identification is GNU 11.4.0
[0.509s] -- Detecting C compiler ABI info
[0.792s] -- Detecting C compiler ABI info - done
[0.827s] -- Check for working C compiler: /usr/bin/cc - skipped
[0.827s] -- Detecting C compile features
[0.831s] -- Detecting C compile features - done
[0.839s] -- Detecting CXX compiler ABI info
[1.106s] -- Detecting CXX compiler ABI info - done
[1.136s] -- Check for working CXX compiler: /usr/bin/c++ - skipped
[1.137s] -- Detecting CXX compile features
[1.140s] -- Detecting CXX compile features - done
[1.148s] -- Found ament_cmake: 1.3.11 (/opt/ros/humble/share/ament_cmake/cmake)
[1.660s] -- Found Python3: /usr/bin/python3 (found version "3.10.12") found components: Interpreter 
[1.967s] -- Found rclcpp: 16.0.11 (/opt/ros/humble/share/rclcpp/cmake)
[2.123s] -- Found rosidl_generator_c: 3.1.6 (/opt/ros/humble/share/rosidl_generator_c/cmake)
[2.139s] -- Found rosidl_adapter: 3.1.6 (/opt/ros/humble/share/rosidl_adapter/cmake)
[2.177s] -- Found rosidl_generator_cpp: 3.1.6 (/opt/ros/humble/share/rosidl_generator_cpp/cmake)
[2.216s] -- Using all available rosidl_typesupport_c: rosidl_typesupport_fastrtps_c;rosidl_typesupport_introspection_c
[2.283s] -- Using all available rosidl_typesupport_cpp: rosidl_typesupport_fastrtps_cpp;rosidl_typesupport_introspection_cpp
[2.430s] -- Found rmw_implementation_cmake: 6.1.2 (/opt/ros/humble/share/rmw_implementation_cmake/cmake)
[2.438s] -- Found rmw_fastrtps_cpp: 6.2.7 (/opt/ros/humble/share/rmw_fastrtps_cpp/cmake)
[2.712s] -- Found OpenSSL: /usr/lib/x86_64-linux-gnu/libcrypto.so (found version "3.0.2")  
[2.809s] -- Found FastRTPS: /opt/ros/humble/include  
[2.930s] -- Using RMW implementation 'rmw_fastrtps_cpp' as default
[2.957s] -- Looking for pthread.h
[3.196s] -- Looking for pthread.h - found
[3.196s] -- Performing Test CMAKE_HAVE_LIBC_PTHREAD
[3.368s] -- Performing Test CMAKE_HAVE_LIBC_PTHREAD - Success
[3.369s] -- Found Threads: TRUE  
[3.628s] -- Found geometry_msgs: 4.2.4 (/opt/ros/humble/share/geometry_msgs/cmake)
[3.704s] -- Found nav_msgs: 4.2.4 (/opt/ros/humble/share/nav_msgs/cmake)
[3.782s] -- Found sensor_msgs: 4.2.4 (/opt/ros/humble/share/sensor_msgs/cmake)
[3.853s] -- Found tf2: 0.25.9 (/opt/ros/humble/share/tf2/cmake)
[3.905s] -- Found tf2_ros: 0.25.9 (/opt/ros/humble/share/tf2_ros/cmake)
[4.233s] -- Found tf2_geometry_msgs: 0.25.9 (/opt/ros/humble/share/tf2_geometry_msgs/cmake)
[4.299s] -- Found eigen3_cmake_module: 0.1.1 (/opt/ros/humble/share/eigen3_cmake_module/cmake)
[4.304s] -- Found Eigen3: TRUE (found version "3.4.0") 
[4.304s] -- Ensuring Eigen3 include directory is part of orocos-kdl CMake target
[4.310s] -- Found scout_msgs: 0.1.0 (/home/student/ros2_ws/install/scout_msgs/share/scout_msgs/cmake)
[4.387s] -- Found ament_lint_auto: 0.12.11 (/opt/ros/humble/share/ament_lint_auto/cmake)
[4.635s] -- Added test 'copyright' to check source files copyright and LICENSE
[4.636s] -- Added test 'cppcheck' to perform static code analysis on C / C++ code
[4.637s] -- Configured cppcheck include dirs: /home/student/ros2_ws/src/scout_ros2/scout_base/include
[4.637s] -- Configured cppcheck exclude dirs and/or files: 
[4.640s] -- Added test 'cpplint' to check C / C++ code against the Google style
[4.641s] -- Configured cpplint exclude dirs and/or files: 
[4.642s] -- Added test 'flake8' to check Python code syntax and style conventions
[4.643s] -- Added test 'lint_cmake' to check CMake code style
[4.645s] -- Added test 'pep257' to check Python code against some of the docstring style conventions in PEP 257
[4.648s] -- Added test 'uncrustify' to check C / C++ code style
[4.648s] -- Configured uncrustify additional arguments: 
[4.649s] -- Added test 'xmllint' to check XML markup files
[4.657s] -- Configuring done
[4.728s] -- Generating done
[4.748s] -- Build files have been written to: /home/student/ros2_ws/build/scout_base
[4.799s] Invoked command in '/home/student/ros2_ws/build/scout_base' returned '0': CMAKE_PREFIX_PATH=/home/student/ros2_ws/install/robot_control:/home/student/ros2_ws/install/lidar_slam_mapping:/home/student/ros2_ws/install/object_recognition:/home/student/ros2_ws/install/autonomous_driving:/opt/ros/humble:/home/student/ros2_ws/install/ugv_sdk:/home/student/ros2_ws/install/scout_msgs:/home/student/ros2_ws/install/scout_base:/home/student/ros2_ws/install/scout_description:/home/student/ros2_ws/install/rslidar_sdk:/home/student/ros2_ws/install/rslidar_msg /usr/bin/cmake /home/student/ros2_ws/src/scout_ros2/scout_base -DCMAKE_INSTALL_PREFIX=/home/student/ros2_ws/install/scout_base
[4.800s] Invoking command in '/home/student/ros2_ws/build/scout_base': CMAKE_PREFIX_PATH=/home/student/ros2_ws/install/robot_control:/home/student/ros2_ws/install/lidar_slam_mapping:/home/student/ros2_ws/install/object_recognition:/home/student/ros2_ws/install/autonomous_driving:/opt/ros/humble:/home/student/ros2_ws/install/ugv_sdk:/home/student/ros2_ws/install/scout_msgs:/home/student/ros2_ws/install/scout_base:/home/student/ros2_ws/install/scout_description:/home/student/ros2_ws/install/rslidar_sdk:/home/student/ros2_ws/install/rslidar_msg /usr/bin/cmake --build /home/student/ros2_ws/build/scout_base -- -j2 -l2
[5.012s] [ 33%] [32mBuilding CXX object CMakeFiles/scout_base_node.dir/src/scout_base_ros.cpp.o[0m
[55.553s] [ 66%] [32mBuilding CXX object CMakeFiles/scout_base_node.dir/src/scout_base_node.cpp.o[0m
[67.244s] [100%] [32m[1mLinking CXX executable scout_base_node[0m
[70.373s] [100%] Built target scout_base_node
