running egg_info
writing ../../build/lidar_slam_mapping/lidar_slam_mapping.egg-info/PKG-INFO
writing dependency_links to ../../build/lidar_slam_mapping/lidar_slam_mapping.egg-info/dependency_links.txt
writing entry points to ../../build/lidar_slam_mapping/lidar_slam_mapping.egg-info/entry_points.txt
writing requirements to ../../build/lidar_slam_mapping/lidar_slam_mapping.egg-info/requires.txt
writing top-level names to ../../build/lidar_slam_mapping/lidar_slam_mapping.egg-info/top_level.txt
reading manifest file '../../build/lidar_slam_mapping/lidar_slam_mapping.egg-info/SOURCES.txt'
writing manifest file '../../build/lidar_slam_mapping/lidar_slam_mapping.egg-info/SOURCES.txt'
running build
running build_py
running install
running install_lib
running install_data
creating /home/student/ros2_ws/install/lidar_slam_mapping/share/lidar_slam_mapping/config
copying config/slam_toolbox_params.yaml -> /home/student/ros2_ws/install/lidar_slam_mapping/share/lidar_slam_mapping/config
copying config/pointcloud_to_laserscan_params.yaml -> /home/student/ros2_ws/install/lidar_slam_mapping/share/lidar_slam_mapping/config
copying config/nav2_params.yaml -> /home/student/ros2_ws/install/lidar_slam_mapping/share/lidar_slam_mapping/config
copying config/scout_mini.yaml -> /home/student/ros2_ws/install/lidar_slam_mapping/share/lidar_slam_mapping/config
running install_egg_info
Copying ../../build/lidar_slam_mapping/lidar_slam_mapping.egg-info to /home/student/ros2_ws/install/lidar_slam_mapping/lib/python3.10/site-packages/lidar_slam_mapping-0.0.1-py3.10.egg-info
running install_scripts
Installing lidar_min_distance script to /home/student/ros2_ws/install/lidar_slam_mapping/lib/lidar_slam_mapping
writing list of installed files to '/home/student/ros2_ws/build/lidar_slam_mapping/install.log'
