[0.074s] Invoking command in '/home/student/ros2_ws/build/scout_base': CMAKE_PREFIX_PATH=/home/student/ros2_ws/install/lidar_slam_mapping:/home/student/ros2_ws/install/object_recognition:/opt/ros/humble:/home/student/ros2_ws/install/ugv_sdk:/home/student/ros2_ws/install/scout_msgs:/home/student/ros2_ws/install/scout_base:/home/student/ros2_ws/install/scout_description:/home/student/ros2_ws/install/rslidar_sdk:/home/student/ros2_ws/install/rslidar_msg /usr/bin/cmake --build /home/student/ros2_ws/build/scout_base -- -j2 -l2
[0.237s] [100%] Built target scout_base_node
[0.260s] Invoked command in '/home/student/ros2_ws/build/scout_base' returned '0': CMAKE_PREFIX_PATH=/home/student/ros2_ws/install/lidar_slam_mapping:/home/student/ros2_ws/install/object_recognition:/opt/ros/humble:/home/student/ros2_ws/install/ugv_sdk:/home/student/ros2_ws/install/scout_msgs:/home/student/ros2_ws/install/scout_base:/home/student/ros2_ws/install/scout_description:/home/student/ros2_ws/install/rslidar_sdk:/home/student/ros2_ws/install/rslidar_msg /usr/bin/cmake --build /home/student/ros2_ws/build/scout_base -- -j2 -l2
[0.264s] Invoking command in '/home/student/ros2_ws/build/scout_base': CMAKE_PREFIX_PATH=/home/student/ros2_ws/install/lidar_slam_mapping:/home/student/ros2_ws/install/object_recognition:/opt/ros/humble:/home/student/ros2_ws/install/ugv_sdk:/home/student/ros2_ws/install/scout_msgs:/home/student/ros2_ws/install/scout_base:/home/student/ros2_ws/install/scout_description:/home/student/ros2_ws/install/rslidar_sdk:/home/student/ros2_ws/install/rslidar_msg /usr/bin/cmake --install /home/student/ros2_ws/build/scout_base
[0.282s] -- Install configuration: ""
[0.283s] -- Up-to-date: /home/student/ros2_ws/install/scout_base/lib/scout_base/scout_base_node
[0.285s] -- Up-to-date: /home/student/ros2_ws/install/scout_base/share/scout_base//launch
[0.286s] -- Up-to-date: /home/student/ros2_ws/install/scout_base/share/scout_base//launch/scout_base.launch.py
[0.288s] -- Up-to-date: /home/student/ros2_ws/install/scout_base/share/scout_base//launch/scout_mini_omni_base.launch.py
[0.289s] -- Up-to-date: /home/student/ros2_ws/install/scout_base/share/scout_base//launch/scout_mini_base.launch.py
[0.290s] -- Up-to-date: /home/student/ros2_ws/install/scout_base/share/ament_index/resource_index/package_run_dependencies/scout_base
[0.291s] -- Up-to-date: /home/student/ros2_ws/install/scout_base/share/ament_index/resource_index/parent_prefix_path/scout_base
[0.292s] -- Up-to-date: /home/student/ros2_ws/install/scout_base/share/scout_base/environment/ament_prefix_path.sh
[0.294s] -- Up-to-date: /home/student/ros2_ws/install/scout_base/share/scout_base/environment/ament_prefix_path.dsv
[0.294s] -- Up-to-date: /home/student/ros2_ws/install/scout_base/share/scout_base/environment/path.sh
[0.296s] -- Up-to-date: /home/student/ros2_ws/install/scout_base/share/scout_base/environment/path.dsv
[0.297s] -- Up-to-date: /home/student/ros2_ws/install/scout_base/share/scout_base/local_setup.bash
[0.297s] -- Up-to-date: /home/student/ros2_ws/install/scout_base/share/scout_base/local_setup.sh
[0.300s] -- Up-to-date: /home/student/ros2_ws/install/scout_base/share/scout_base/local_setup.zsh
[0.300s] -- Up-to-date: /home/student/ros2_ws/install/scout_base/share/scout_base/local_setup.dsv
[0.301s] -- Installing: /home/student/ros2_ws/install/scout_base/share/scout_base/package.dsv
[0.304s] -- Up-to-date: /home/student/ros2_ws/install/scout_base/share/ament_index/resource_index/packages/scout_base
[0.306s] -- Up-to-date: /home/student/ros2_ws/install/scout_base/share/scout_base/cmake/scout_baseConfig.cmake
[0.307s] -- Up-to-date: /home/student/ros2_ws/install/scout_base/share/scout_base/cmake/scout_baseConfig-version.cmake
[0.307s] -- Up-to-date: /home/student/ros2_ws/install/scout_base/share/scout_base/package.xml
[0.319s] Invoked command in '/home/student/ros2_ws/build/scout_base' returned '0': CMAKE_PREFIX_PATH=/home/student/ros2_ws/install/lidar_slam_mapping:/home/student/ros2_ws/install/object_recognition:/opt/ros/humble:/home/student/ros2_ws/install/ugv_sdk:/home/student/ros2_ws/install/scout_msgs:/home/student/ros2_ws/install/scout_base:/home/student/ros2_ws/install/scout_description:/home/student/ros2_ws/install/rslidar_sdk:/home/student/ros2_ws/install/rslidar_msg /usr/bin/cmake --install /home/student/ros2_ws/build/scout_base
