running egg_info
creating ../../build/object_recognition/object_recognition.egg-info
writing ../../build/object_recognition/object_recognition.egg-info/PKG-INFO
writing dependency_links to ../../build/object_recognition/object_recognition.egg-info/dependency_links.txt
writing entry points to ../../build/object_recognition/object_recognition.egg-info/entry_points.txt
writing requirements to ../../build/object_recognition/object_recognition.egg-info/requires.txt
writing top-level names to ../../build/object_recognition/object_recognition.egg-info/top_level.txt
writing manifest file '../../build/object_recognition/object_recognition.egg-info/SOURCES.txt'
reading manifest file '../../build/object_recognition/object_recognition.egg-info/SOURCES.txt'
writing manifest file '../../build/object_recognition/object_recognition.egg-info/SOURCES.txt'
running build
running build_py
creating /home/student/ros2_ws/build/object_recognition/build
creating /home/student/ros2_ws/build/object_recognition/build/lib
creating /home/student/ros2_ws/build/object_recognition/build/lib/object_recognition
copying object_recognition/__init__.py -> /home/student/ros2_ws/build/object_recognition/build/lib/object_recognition
copying object_recognition/zed2_yolo.py -> /home/student/ros2_ws/build/object_recognition/build/lib/object_recognition
running install
running install_lib
creating /home/student/ros2_ws/install/object_recognition/lib/python3.10/site-packages/object_recognition
copying /home/student/ros2_ws/build/object_recognition/build/lib/object_recognition/__init__.py -> /home/student/ros2_ws/install/object_recognition/lib/python3.10/site-packages/object_recognition
copying /home/student/ros2_ws/build/object_recognition/build/lib/object_recognition/zed2_yolo.py -> /home/student/ros2_ws/install/object_recognition/lib/python3.10/site-packages/object_recognition
byte-compiling /home/student/ros2_ws/install/object_recognition/lib/python3.10/site-packages/object_recognition/__init__.py to __init__.cpython-310.pyc
byte-compiling /home/student/ros2_ws/install/object_recognition/lib/python3.10/site-packages/object_recognition/zed2_yolo.py to zed2_yolo.cpython-310.pyc
running install_data
creating /home/student/ros2_ws/install/object_recognition/share/ament_index
creating /home/student/ros2_ws/install/object_recognition/share/ament_index/resource_index
creating /home/student/ros2_ws/install/object_recognition/share/ament_index/resource_index/packages
copying resource/object_recognition -> /home/student/ros2_ws/install/object_recognition/share/ament_index/resource_index/packages
copying package.xml -> /home/student/ros2_ws/install/object_recognition/share/object_recognition
creating /home/student/ros2_ws/install/object_recognition/share/object_recognition/launch
copying launch/zed2_yolo_launch.py -> /home/student/ros2_ws/install/object_recognition/share/object_recognition/launch
running install_egg_info
Copying ../../build/object_recognition/object_recognition.egg-info to /home/student/ros2_ws/install/object_recognition/lib/python3.10/site-packages/object_recognition-0.0.0-py3.10.egg-info
running install_scripts
Installing zed2_yolo script to /home/student/ros2_ws/install/object_recognition/lib/object_recognition
writing list of installed files to '/home/student/ros2_ws/build/object_recognition/install.log'
