[0.103s] Invoking command in '/home/student/ros2_ws/build/ugv_sdk': /usr/bin/cmake --build /home/student/ros2_ws/build/ugv_sdk -- -j2 -l2
[0.328s] [ 42%] Built target ugv_sdk
[0.429s] [ 50%] Built target demo_scout_robot
[0.443s] [ 57%] Built target demo_scout_mini_omni_robot
[0.525s] [ 64%] Built target demo_tracer_robot
[0.589s] [ 71%] Built target demo_ranger_robot
[0.610s] [ 78%] Built target demo_bunker_robot
[0.689s] [ 85%] Built target demo_hunter_robot
[0.705s] [ 92%] Built target demo_protocol_detector
[0.811s] [100%] Built target demo_robot_version
[1.721s] Invoked command in '/home/student/ros2_ws/build/ugv_sdk' returned '0': /usr/bin/cmake --build /home/student/ros2_ws/build/ugv_sdk -- -j2 -l2
[1.722s] Invoking command in '/home/student/ros2_ws/build/ugv_sdk': /usr/bin/cmake --install /home/student/ros2_ws/build/ugv_sdk
[1.768s] -- Install configuration: "Release"
[1.768s] -- Up-to-date: /home/student/ros2_ws/install/ugv_sdk/lib/libugv_sdk.a
[1.768s] -- Up-to-date: /home/student/ros2_ws/install/ugv_sdk/include/ugv_sdk
[1.769s] -- Up-to-date: /home/student/ros2_ws/install/ugv_sdk/include/ugv_sdk/utilities
[1.769s] -- Up-to-date: /home/student/ros2_ws/install/ugv_sdk/include/ugv_sdk/utilities/protocol_detector.hpp
[1.769s] -- Up-to-date: /home/student/ros2_ws/install/ugv_sdk/include/ugv_sdk/details
[1.769s] -- Up-to-date: /home/student/ros2_ws/install/ugv_sdk/include/ugv_sdk/details/async_port
[1.769s] -- Up-to-date: /home/student/ros2_ws/install/ugv_sdk/include/ugv_sdk/details/async_port/ring_buffer.hpp
[1.770s] -- Up-to-date: /home/student/ros2_ws/install/ugv_sdk/include/ugv_sdk/details/async_port/async_serial.hpp
[1.770s] -- Up-to-date: /home/student/ros2_ws/install/ugv_sdk/include/ugv_sdk/details/async_port/async_can.hpp
[1.770s] -- Up-to-date: /home/student/ros2_ws/install/ugv_sdk/include/ugv_sdk/details/interface
[1.770s] -- Up-to-date: /home/student/ros2_ws/install/ugv_sdk/include/ugv_sdk/details/interface/robot_common_interface.hpp
[1.775s] -- Up-to-date: /home/student/ros2_ws/install/ugv_sdk/include/ugv_sdk/details/interface/bunker_interface.hpp
[1.775s] -- Up-to-date: /home/student/ros2_ws/install/ugv_sdk/include/ugv_sdk/details/interface/hunter_interface.hpp
[1.775s] -- Up-to-date: /home/student/ros2_ws/install/ugv_sdk/include/ugv_sdk/details/interface/scout_interface.hpp
[1.775s] -- Up-to-date: /home/student/ros2_ws/install/ugv_sdk/include/ugv_sdk/details/interface/titan_interface.hpp
[1.776s] -- Up-to-date: /home/student/ros2_ws/install/ugv_sdk/include/ugv_sdk/details/interface/agilex_types.h
[1.776s] -- Up-to-date: /home/student/ros2_ws/install/ugv_sdk/include/ugv_sdk/details/interface/tracer_interface.hpp
[1.776s] -- Up-to-date: /home/student/ros2_ws/install/ugv_sdk/include/ugv_sdk/details/interface/ranger_interface.hpp
[1.776s] -- Up-to-date: /home/student/ros2_ws/install/ugv_sdk/include/ugv_sdk/details/interface/agilex_message.h
[1.780s] -- Up-to-date: /home/student/ros2_ws/install/ugv_sdk/include/ugv_sdk/details/robot_base
[1.781s] -- Up-to-date: /home/student/ros2_ws/install/ugv_sdk/include/ugv_sdk/details/robot_base/hunter_base.hpp
[1.781s] -- Up-to-date: /home/student/ros2_ws/install/ugv_sdk/include/ugv_sdk/details/robot_base/bunker_base.hpp
[1.781s] -- Up-to-date: /home/student/ros2_ws/install/ugv_sdk/include/ugv_sdk/details/robot_base/titan_base.hpp
[1.781s] -- Up-to-date: /home/student/ros2_ws/install/ugv_sdk/include/ugv_sdk/details/robot_base/agilex_base.hpp
[1.781s] -- Up-to-date: /home/student/ros2_ws/install/ugv_sdk/include/ugv_sdk/details/robot_base/scout_base.hpp
[1.781s] -- Up-to-date: /home/student/ros2_ws/install/ugv_sdk/include/ugv_sdk/details/robot_base/tracer_base.hpp
[1.782s] -- Up-to-date: /home/student/ros2_ws/install/ugv_sdk/include/ugv_sdk/details/robot_base/ranger_base.hpp
[1.782s] -- Up-to-date: /home/student/ros2_ws/install/ugv_sdk/include/ugv_sdk/details/protocol_v1
[1.782s] -- Up-to-date: /home/student/ros2_ws/install/ugv_sdk/include/ugv_sdk/details/protocol_v1/robot_limits.hpp
[1.782s] -- Up-to-date: /home/student/ros2_ws/install/ugv_sdk/include/ugv_sdk/details/protocol_v1/agilex_msg_parser_v1.h
[1.785s] -- Up-to-date: /home/student/ros2_ws/install/ugv_sdk/include/ugv_sdk/details/protocol_v1/protocol_v1_parser.hpp
[1.786s] -- Up-to-date: /home/student/ros2_ws/install/ugv_sdk/include/ugv_sdk/details/parser_base.hpp
[1.786s] -- Up-to-date: /home/student/ros2_ws/install/ugv_sdk/include/ugv_sdk/details/protocol_v2
[1.786s] -- Up-to-date: /home/student/ros2_ws/install/ugv_sdk/include/ugv_sdk/details/protocol_v2/protocol_v2_parser.hpp
[1.786s] -- Up-to-date: /home/student/ros2_ws/install/ugv_sdk/include/ugv_sdk/mobile_robot
[1.786s] -- Up-to-date: /home/student/ros2_ws/install/ugv_sdk/include/ugv_sdk/mobile_robot/titan_robot.hpp
[1.787s] -- Up-to-date: /home/student/ros2_ws/install/ugv_sdk/include/ugv_sdk/mobile_robot/hunter_robot.hpp
[1.787s] -- Up-to-date: /home/student/ros2_ws/install/ugv_sdk/include/ugv_sdk/mobile_robot/scout_robot.hpp
[1.787s] -- Up-to-date: /home/student/ros2_ws/install/ugv_sdk/include/ugv_sdk/mobile_robot/bunker_robot.hpp
[1.787s] -- Up-to-date: /home/student/ros2_ws/install/ugv_sdk/include/ugv_sdk/mobile_robot/tracer_robot.hpp
[1.792s] -- Up-to-date: /home/student/ros2_ws/install/ugv_sdk/include/ugv_sdk/mobile_robot/ranger_robot.hpp
[1.793s] -- Up-to-date: /home/student/ros2_ws/install/ugv_sdk/lib/cmake/ugv_sdk/ugv_sdkTargets.cmake
[1.793s] -- Up-to-date: /home/student/ros2_ws/install/ugv_sdk/lib/cmake/ugv_sdk/ugv_sdkTargets-release.cmake
[1.793s] -- Up-to-date: /home/student/ros2_ws/install/ugv_sdk/lib/cmake/ugv_sdk/ugv_sdkConfig.cmake
[1.793s] -- Up-to-date: /home/student/ros2_ws/install/ugv_sdk/lib/cmake/ugv_sdk/ugv_sdkConfigVersion.cmake
[1.813s] Invoked command in '/home/student/ros2_ws/build/ugv_sdk' returned '0': /usr/bin/cmake --install /home/student/ros2_ws/build/ugv_sdk
