[0.307s] DEBUG:colcon:Command line arguments: ['/usr/bin/colcon', 'build']
[0.308s] DEBUG:colcon:Parsed command line arguments: Namespace(log_base=None, log_level=None, verb_name='build', build_base='build', install_base='install', merge_install=False, symlink_install=False, test_result_base=None, continue_on_error=False, executor='parallel', parallel_workers=2, event_handlers=None, ignore_user_meta=False, metas=['./colcon.meta'], base_paths=['.'], packages_ignore=None, packages_ignore_regex=None, paths=None, packages_up_to=None, packages_up_to_regex=None, packages_above=None, packages_above_and_dependencies=None, packages_above_depth=None, packages_select_by_dep=None, packages_skip_by_dep=None, packages_skip_up_to=None, packages_select_build_failed=False, packages_skip_build_finished=False, packages_select_test_failures=False, packages_skip_test_passed=False, packages_select=None, packages_skip=None, packages_select_regex=None, packages_skip_regex=None, packages_start=None, packages_end=None, allow_overriding=[], cmake_args=None, cmake_target=None, cmake_target_skip_unavailable=False, cmake_clean_cache=False, cmake_clean_first=False, cmake_force_configure=False, ament_cmake_args=None, catkin_cmake_args=None, catkin_skip_building_tests=False, verb_parser=<colcon_defaults.argument_parser.defaults.DefaultArgumentsDecorator object at 0x7f336fdfa470>, verb_extension=<colcon_core.verb.build.BuildVerb object at 0x7f336ff77700>, main=<bound method BuildVerb.main of <colcon_core.verb.build.BuildVerb object at 0x7f336ff77700>>)
[0.867s] Level 1:colcon.colcon_core.package_discovery:discover_packages(colcon_meta) check parameters
[0.867s] Level 1:colcon.colcon_core.package_discovery:discover_packages(recursive) check parameters
[0.867s] Level 1:colcon.colcon_core.package_discovery:discover_packages(ignore) check parameters
[0.867s] Level 1:colcon.colcon_core.package_discovery:discover_packages(path) check parameters
[0.867s] Level 1:colcon.colcon_core.package_discovery:discover_packages(colcon_meta) discover
[0.867s] Level 1:colcon.colcon_core.package_discovery:discover_packages(recursive) discover
[0.867s] INFO:colcon.colcon_core.package_discovery:Crawling recursively for packages in '/home/student/ros2_ws'
[0.868s] Level 1:colcon.colcon_core.package_identification:_identify(.) by extensions ['ignore', 'ignore_ament_install']
[0.868s] Level 1:colcon.colcon_core.package_identification:_identify(.) by extension 'ignore'
[0.868s] Level 1:colcon.colcon_core.package_identification:_identify(.) by extension 'ignore_ament_install'
[0.868s] Level 1:colcon.colcon_core.package_identification:_identify(.) by extensions ['colcon_pkg']
[0.868s] Level 1:colcon.colcon_core.package_identification:_identify(.) by extension 'colcon_pkg'
[0.868s] Level 1:colcon.colcon_core.package_identification:_identify(.) by extensions ['colcon_meta']
[0.869s] Level 1:colcon.colcon_core.package_identification:_identify(.) by extension 'colcon_meta'
[0.869s] Level 1:colcon.colcon_core.package_identification:_identify(.) by extensions ['ros']
[0.869s] Level 1:colcon.colcon_core.package_identification:_identify(.) by extension 'ros'
[0.907s] Level 1:colcon.colcon_core.package_identification:_identify(.) by extensions ['cmake', 'python']
[0.908s] Level 1:colcon.colcon_core.package_identification:_identify(.) by extension 'cmake'
[0.908s] Level 1:colcon.colcon_core.package_identification:_identify(.) by extension 'python'
[0.908s] Level 1:colcon.colcon_core.package_identification:_identify(.) by extensions ['python_setup_py']
[0.908s] Level 1:colcon.colcon_core.package_identification:_identify(.) by extension 'python_setup_py'
[0.908s] Level 1:colcon.colcon_core.package_identification:_identify(bags) by extensions ['ignore', 'ignore_ament_install']
[0.908s] Level 1:colcon.colcon_core.package_identification:_identify(bags) by extension 'ignore'
[0.909s] Level 1:colcon.colcon_core.package_identification:_identify(bags) by extension 'ignore_ament_install'
[0.909s] Level 1:colcon.colcon_core.package_identification:_identify(bags) by extensions ['colcon_pkg']
[0.909s] Level 1:colcon.colcon_core.package_identification:_identify(bags) by extension 'colcon_pkg'
[0.909s] Level 1:colcon.colcon_core.package_identification:_identify(bags) by extensions ['colcon_meta']
[0.909s] Level 1:colcon.colcon_core.package_identification:_identify(bags) by extension 'colcon_meta'
[0.909s] Level 1:colcon.colcon_core.package_identification:_identify(bags) by extensions ['ros']
[0.909s] Level 1:colcon.colcon_core.package_identification:_identify(bags) by extension 'ros'
[0.910s] Level 1:colcon.colcon_core.package_identification:_identify(bags) by extensions ['cmake', 'python']
[0.910s] Level 1:colcon.colcon_core.package_identification:_identify(bags) by extension 'cmake'
[0.910s] Level 1:colcon.colcon_core.package_identification:_identify(bags) by extension 'python'
[0.910s] Level 1:colcon.colcon_core.package_identification:_identify(bags) by extensions ['python_setup_py']
[0.910s] Level 1:colcon.colcon_core.package_identification:_identify(bags) by extension 'python_setup_py'
[0.910s] Level 1:colcon.colcon_core.package_identification:_identify(bags/turtlebot3_bag) by extensions ['ignore', 'ignore_ament_install']
[0.911s] Level 1:colcon.colcon_core.package_identification:_identify(bags/turtlebot3_bag) by extension 'ignore'
[0.911s] Level 1:colcon.colcon_core.package_identification:_identify(bags/turtlebot3_bag) by extension 'ignore_ament_install'
[0.911s] Level 1:colcon.colcon_core.package_identification:_identify(bags/turtlebot3_bag) by extensions ['colcon_pkg']
[0.911s] Level 1:colcon.colcon_core.package_identification:_identify(bags/turtlebot3_bag) by extension 'colcon_pkg'
[0.911s] Level 1:colcon.colcon_core.package_identification:_identify(bags/turtlebot3_bag) by extensions ['colcon_meta']
[0.911s] Level 1:colcon.colcon_core.package_identification:_identify(bags/turtlebot3_bag) by extension 'colcon_meta'
[0.911s] Level 1:colcon.colcon_core.package_identification:_identify(bags/turtlebot3_bag) by extensions ['ros']
[0.911s] Level 1:colcon.colcon_core.package_identification:_identify(bags/turtlebot3_bag) by extension 'ros'
[0.912s] Level 1:colcon.colcon_core.package_identification:_identify(bags/turtlebot3_bag) by extensions ['cmake', 'python']
[0.912s] Level 1:colcon.colcon_core.package_identification:_identify(bags/turtlebot3_bag) by extension 'cmake'
[0.912s] Level 1:colcon.colcon_core.package_identification:_identify(bags/turtlebot3_bag) by extension 'python'
[0.912s] Level 1:colcon.colcon_core.package_identification:_identify(bags/turtlebot3_bag) by extensions ['python_setup_py']
[0.912s] Level 1:colcon.colcon_core.package_identification:_identify(bags/turtlebot3_bag) by extension 'python_setup_py'
[0.912s] Level 1:colcon.colcon_core.package_identification:_identify(build) by extensions ['ignore', 'ignore_ament_install']
[0.913s] Level 1:colcon.colcon_core.package_identification:_identify(build) by extension 'ignore'
[0.913s] Level 1:colcon.colcon_core.package_identification:_identify(build) ignored
[0.913s] Level 1:colcon.colcon_core.package_identification:_identify(install) by extensions ['ignore', 'ignore_ament_install']
[0.913s] Level 1:colcon.colcon_core.package_identification:_identify(install) by extension 'ignore'
[0.913s] Level 1:colcon.colcon_core.package_identification:_identify(install) ignored
[0.913s] Level 1:colcon.colcon_core.package_identification:_identify(log) by extensions ['ignore', 'ignore_ament_install']
[0.914s] Level 1:colcon.colcon_core.package_identification:_identify(log) by extension 'ignore'
[0.914s] Level 1:colcon.colcon_core.package_identification:_identify(log) ignored
[0.914s] Level 1:colcon.colcon_core.package_identification:_identify(src) by extensions ['ignore', 'ignore_ament_install']
[0.914s] Level 1:colcon.colcon_core.package_identification:_identify(src) by extension 'ignore'
[0.914s] Level 1:colcon.colcon_core.package_identification:_identify(src) by extension 'ignore_ament_install'
[0.914s] Level 1:colcon.colcon_core.package_identification:_identify(src) by extensions ['colcon_pkg']
[0.915s] Level 1:colcon.colcon_core.package_identification:_identify(src) by extension 'colcon_pkg'
[0.915s] Level 1:colcon.colcon_core.package_identification:_identify(src) by extensions ['colcon_meta']
[0.915s] Level 1:colcon.colcon_core.package_identification:_identify(src) by extension 'colcon_meta'
[0.915s] Level 1:colcon.colcon_core.package_identification:_identify(src) by extensions ['ros']
[0.915s] Level 1:colcon.colcon_core.package_identification:_identify(src) by extension 'ros'
[0.915s] Level 1:colcon.colcon_core.package_identification:_identify(src) by extensions ['cmake', 'python']
[0.915s] Level 1:colcon.colcon_core.package_identification:_identify(src) by extension 'cmake'
[0.915s] Level 1:colcon.colcon_core.package_identification:_identify(src) by extension 'python'
[0.916s] Level 1:colcon.colcon_core.package_identification:_identify(src) by extensions ['python_setup_py']
[0.916s] Level 1:colcon.colcon_core.package_identification:_identify(src) by extension 'python_setup_py'
[0.916s] Level 1:colcon.colcon_core.package_identification:_identify(src/lidar_slam_mapping) by extensions ['ignore', 'ignore_ament_install']
[0.916s] Level 1:colcon.colcon_core.package_identification:_identify(src/lidar_slam_mapping) by extension 'ignore'
[0.916s] Level 1:colcon.colcon_core.package_identification:_identify(src/lidar_slam_mapping) by extension 'ignore_ament_install'
[0.916s] Level 1:colcon.colcon_core.package_identification:_identify(src/lidar_slam_mapping) by extensions ['colcon_pkg']
[0.917s] Level 1:colcon.colcon_core.package_identification:_identify(src/lidar_slam_mapping) by extension 'colcon_pkg'
[0.917s] Level 1:colcon.colcon_core.package_identification:_identify(src/lidar_slam_mapping) by extensions ['colcon_meta']
[0.917s] Level 1:colcon.colcon_core.package_identification:_identify(src/lidar_slam_mapping) by extension 'colcon_meta'
[0.917s] Level 1:colcon.colcon_core.package_identification:_identify(src/lidar_slam_mapping) by extensions ['ros']
[0.917s] Level 1:colcon.colcon_core.package_identification:_identify(src/lidar_slam_mapping) by extension 'ros'
[0.924s] DEBUG:colcon.colcon_core.package_identification:Package 'src/lidar_slam_mapping' with type 'ros.ament_python' and name 'lidar_slam_mapping'
[0.925s] Level 1:colcon.colcon_core.package_identification:_identify(src/objectRecognition) by extensions ['ignore', 'ignore_ament_install']
[0.925s] Level 1:colcon.colcon_core.package_identification:_identify(src/objectRecognition) by extension 'ignore'
[0.925s] Level 1:colcon.colcon_core.package_identification:_identify(src/objectRecognition) by extension 'ignore_ament_install'
[0.925s] Level 1:colcon.colcon_core.package_identification:_identify(src/objectRecognition) by extensions ['colcon_pkg']
[0.925s] Level 1:colcon.colcon_core.package_identification:_identify(src/objectRecognition) by extension 'colcon_pkg'
[0.925s] Level 1:colcon.colcon_core.package_identification:_identify(src/objectRecognition) by extensions ['colcon_meta']
[0.925s] Level 1:colcon.colcon_core.package_identification:_identify(src/objectRecognition) by extension 'colcon_meta'
[0.926s] Level 1:colcon.colcon_core.package_identification:_identify(src/objectRecognition) by extensions ['ros']
[0.926s] Level 1:colcon.colcon_core.package_identification:_identify(src/objectRecognition) by extension 'ros'
[0.926s] Level 1:colcon.colcon_core.package_identification:_identify(src/objectRecognition) by extensions ['cmake', 'python']
[0.926s] Level 1:colcon.colcon_core.package_identification:_identify(src/objectRecognition) by extension 'cmake'
[0.926s] Level 1:colcon.colcon_core.package_identification:_identify(src/objectRecognition) by extension 'python'
[0.926s] Level 1:colcon.colcon_core.package_identification:_identify(src/objectRecognition) by extensions ['python_setup_py']
[0.926s] Level 1:colcon.colcon_core.package_identification:_identify(src/objectRecognition) by extension 'python_setup_py'
[0.927s] Level 1:colcon.colcon_core.package_identification:_identify(src/rslidar_msg) by extensions ['ignore', 'ignore_ament_install']
[0.927s] Level 1:colcon.colcon_core.package_identification:_identify(src/rslidar_msg) by extension 'ignore'
[0.927s] Level 1:colcon.colcon_core.package_identification:_identify(src/rslidar_msg) by extension 'ignore_ament_install'
[0.927s] Level 1:colcon.colcon_core.package_identification:_identify(src/rslidar_msg) by extensions ['colcon_pkg']
[0.927s] Level 1:colcon.colcon_core.package_identification:_identify(src/rslidar_msg) by extension 'colcon_pkg'
[0.927s] Level 1:colcon.colcon_core.package_identification:_identify(src/rslidar_msg) by extensions ['colcon_meta']
[0.928s] Level 1:colcon.colcon_core.package_identification:_identify(src/rslidar_msg) by extension 'colcon_meta'
[0.928s] Level 1:colcon.colcon_core.package_identification:_identify(src/rslidar_msg) by extensions ['ros']
[0.928s] Level 1:colcon.colcon_core.package_identification:_identify(src/rslidar_msg) by extension 'ros'
[0.930s] DEBUG:colcon.colcon_core.package_identification:Package 'src/rslidar_msg' with type 'ros.ament_cmake' and name 'rslidar_msg'
[0.930s] Level 1:colcon.colcon_core.package_identification:_identify(src/rslidar_sdk) by extensions ['ignore', 'ignore_ament_install']
[0.930s] Level 1:colcon.colcon_core.package_identification:_identify(src/rslidar_sdk) by extension 'ignore'
[0.931s] Level 1:colcon.colcon_core.package_identification:_identify(src/rslidar_sdk) by extension 'ignore_ament_install'
[0.931s] Level 1:colcon.colcon_core.package_identification:_identify(src/rslidar_sdk) by extensions ['colcon_pkg']
[0.931s] Level 1:colcon.colcon_core.package_identification:_identify(src/rslidar_sdk) by extension 'colcon_pkg'
[0.931s] Level 1:colcon.colcon_core.package_identification:_identify(src/rslidar_sdk) by extensions ['colcon_meta']
[0.931s] Level 1:colcon.colcon_core.package_identification:_identify(src/rslidar_sdk) by extension 'colcon_meta'
[0.931s] Level 1:colcon.colcon_core.package_identification:_identify(src/rslidar_sdk) by extensions ['ros']
[0.931s] Level 1:colcon.colcon_core.package_identification:_identify(src/rslidar_sdk) by extension 'ros'
[0.980s] DEBUG:colcon.colcon_core.package_identification:Package 'src/rslidar_sdk' with type 'ros.ament_cmake' and name 'rslidar_sdk'
[0.981s] Level 1:colcon.colcon_core.package_identification:_identify(src/scout_ros2) by extensions ['ignore', 'ignore_ament_install']
[0.981s] Level 1:colcon.colcon_core.package_identification:_identify(src/scout_ros2) by extension 'ignore'
[0.981s] Level 1:colcon.colcon_core.package_identification:_identify(src/scout_ros2) by extension 'ignore_ament_install'
[0.981s] Level 1:colcon.colcon_core.package_identification:_identify(src/scout_ros2) by extensions ['colcon_pkg']
[0.981s] Level 1:colcon.colcon_core.package_identification:_identify(src/scout_ros2) by extension 'colcon_pkg'
[0.981s] Level 1:colcon.colcon_core.package_identification:_identify(src/scout_ros2) by extensions ['colcon_meta']
[0.981s] Level 1:colcon.colcon_core.package_identification:_identify(src/scout_ros2) by extension 'colcon_meta'
[0.982s] Level 1:colcon.colcon_core.package_identification:_identify(src/scout_ros2) by extensions ['ros']
[0.982s] Level 1:colcon.colcon_core.package_identification:_identify(src/scout_ros2) by extension 'ros'
[0.982s] Level 1:colcon.colcon_core.package_identification:_identify(src/scout_ros2) by extensions ['cmake', 'python']
[0.982s] Level 1:colcon.colcon_core.package_identification:_identify(src/scout_ros2) by extension 'cmake'
[0.982s] Level 1:colcon.colcon_core.package_identification:_identify(src/scout_ros2) by extension 'python'
[0.982s] Level 1:colcon.colcon_core.package_identification:_identify(src/scout_ros2) by extensions ['python_setup_py']
[0.982s] Level 1:colcon.colcon_core.package_identification:_identify(src/scout_ros2) by extension 'python_setup_py'
[0.983s] Level 1:colcon.colcon_core.package_identification:_identify(src/scout_ros2/scout_base) by extensions ['ignore', 'ignore_ament_install']
[0.983s] Level 1:colcon.colcon_core.package_identification:_identify(src/scout_ros2/scout_base) by extension 'ignore'
[0.983s] Level 1:colcon.colcon_core.package_identification:_identify(src/scout_ros2/scout_base) by extension 'ignore_ament_install'
[0.983s] Level 1:colcon.colcon_core.package_identification:_identify(src/scout_ros2/scout_base) by extensions ['colcon_pkg']
[0.983s] Level 1:colcon.colcon_core.package_identification:_identify(src/scout_ros2/scout_base) by extension 'colcon_pkg'
[0.984s] Level 1:colcon.colcon_core.package_identification:_identify(src/scout_ros2/scout_base) by extensions ['colcon_meta']
[0.984s] Level 1:colcon.colcon_core.package_identification:_identify(src/scout_ros2/scout_base) by extension 'colcon_meta'
[0.984s] Level 1:colcon.colcon_core.package_identification:_identify(src/scout_ros2/scout_base) by extensions ['ros']
[0.984s] Level 1:colcon.colcon_core.package_identification:_identify(src/scout_ros2/scout_base) by extension 'ros'
[0.988s] DEBUG:colcon.colcon_core.package_identification:Package 'src/scout_ros2/scout_base' with type 'ros.ament_cmake' and name 'scout_base'
[0.988s] Level 1:colcon.colcon_core.package_identification:_identify(src/scout_ros2/scout_description) by extensions ['ignore', 'ignore_ament_install']
[0.988s] Level 1:colcon.colcon_core.package_identification:_identify(src/scout_ros2/scout_description) by extension 'ignore'
[0.989s] Level 1:colcon.colcon_core.package_identification:_identify(src/scout_ros2/scout_description) by extension 'ignore_ament_install'
[0.989s] Level 1:colcon.colcon_core.package_identification:_identify(src/scout_ros2/scout_description) by extensions ['colcon_pkg']
[0.989s] Level 1:colcon.colcon_core.package_identification:_identify(src/scout_ros2/scout_description) by extension 'colcon_pkg'
[0.989s] Level 1:colcon.colcon_core.package_identification:_identify(src/scout_ros2/scout_description) by extensions ['colcon_meta']
[0.989s] Level 1:colcon.colcon_core.package_identification:_identify(src/scout_ros2/scout_description) by extension 'colcon_meta'
[0.989s] Level 1:colcon.colcon_core.package_identification:_identify(src/scout_ros2/scout_description) by extensions ['ros']
[0.989s] Level 1:colcon.colcon_core.package_identification:_identify(src/scout_ros2/scout_description) by extension 'ros'
[0.991s] DEBUG:colcon.colcon_core.package_identification:Package 'src/scout_ros2/scout_description' with type 'ros.ament_cmake' and name 'scout_description'
[0.991s] Level 1:colcon.colcon_core.package_identification:_identify(src/scout_ros2/scout_msgs) by extensions ['ignore', 'ignore_ament_install']
[0.991s] Level 1:colcon.colcon_core.package_identification:_identify(src/scout_ros2/scout_msgs) by extension 'ignore'
[0.991s] Level 1:colcon.colcon_core.package_identification:_identify(src/scout_ros2/scout_msgs) by extension 'ignore_ament_install'
[0.992s] Level 1:colcon.colcon_core.package_identification:_identify(src/scout_ros2/scout_msgs) by extensions ['colcon_pkg']
[0.992s] Level 1:colcon.colcon_core.package_identification:_identify(src/scout_ros2/scout_msgs) by extension 'colcon_pkg'
[0.992s] Level 1:colcon.colcon_core.package_identification:_identify(src/scout_ros2/scout_msgs) by extensions ['colcon_meta']
[0.992s] Level 1:colcon.colcon_core.package_identification:_identify(src/scout_ros2/scout_msgs) by extension 'colcon_meta'
[0.992s] Level 1:colcon.colcon_core.package_identification:_identify(src/scout_ros2/scout_msgs) by extensions ['ros']
[0.992s] Level 1:colcon.colcon_core.package_identification:_identify(src/scout_ros2/scout_msgs) by extension 'ros'
[0.994s] DEBUG:colcon.colcon_core.package_identification:Package 'src/scout_ros2/scout_msgs' with type 'ros.ament_cmake' and name 'scout_msgs'
[0.994s] Level 1:colcon.colcon_core.package_identification:_identify(src/ugv_sdk) by extensions ['ignore', 'ignore_ament_install']
[0.994s] Level 1:colcon.colcon_core.package_identification:_identify(src/ugv_sdk) by extension 'ignore'
[0.995s] Level 1:colcon.colcon_core.package_identification:_identify(src/ugv_sdk) by extension 'ignore_ament_install'
[0.995s] Level 1:colcon.colcon_core.package_identification:_identify(src/ugv_sdk) by extensions ['colcon_pkg']
[0.995s] Level 1:colcon.colcon_core.package_identification:_identify(src/ugv_sdk) by extension 'colcon_pkg'
[0.995s] Level 1:colcon.colcon_core.package_identification:_identify(src/ugv_sdk) by extensions ['colcon_meta']
[0.995s] Level 1:colcon.colcon_core.package_identification:_identify(src/ugv_sdk) by extension 'colcon_meta'
[0.995s] Level 1:colcon.colcon_core.package_identification:_identify(src/ugv_sdk) by extensions ['ros']
[0.995s] Level 1:colcon.colcon_core.package_identification:_identify(src/ugv_sdk) by extension 'ros'
[0.998s] DEBUG:colcon.colcon_core.package_identification:Package 'src/ugv_sdk' with type 'ros.catkin' and name 'ugv_sdk'
[0.998s] Level 1:colcon.colcon_core.package_discovery:discover_packages(recursive) using defaults
[0.998s] Level 1:colcon.colcon_core.package_discovery:discover_packages(ignore) discover
[0.998s] Level 1:colcon.colcon_core.package_discovery:discover_packages(ignore) using defaults
[0.998s] Level 1:colcon.colcon_core.package_discovery:discover_packages(path) discover
[0.998s] Level 1:colcon.colcon_core.package_discovery:discover_packages(path) using defaults
[1.052s] Level 1:colcon.colcon_core.package_discovery:discover_packages(prefix_path) check parameters
[1.052s] Level 1:colcon.colcon_core.package_discovery:discover_packages(prefix_path) discover
[1.055s] WARNING:colcon.colcon_ros.prefix_path.ament:The path '/home/student/ros2_ws/install/rplidar_ros' in the environment variable AMENT_PREFIX_PATH doesn't exist
[1.055s] WARNING:colcon.colcon_ros.prefix_path.ament:The path '/home/student/ros2_ws/install/lidar_slam_nav2' in the environment variable AMENT_PREFIX_PATH doesn't exist
[1.055s] WARNING:colcon.colcon_ros.prefix_path.ament:The path '/home/student/ros2_ws/install/cartographer_rviz' in the environment variable AMENT_PREFIX_PATH doesn't exist
[1.056s] WARNING:colcon.colcon_ros.prefix_path.ament:The path '/home/student/ros2_ws/install/cartographer_ros' in the environment variable AMENT_PREFIX_PATH doesn't exist
[1.056s] WARNING:colcon.colcon_ros.prefix_path.ament:The path '/home/student/ros2_ws/install/cartographer_ros_msgs' in the environment variable AMENT_PREFIX_PATH doesn't exist
[1.056s] WARNING:colcon.colcon_ros.prefix_path.catkin:The path '/home/student/ros2_ws/install/rplidar_ros' in the environment variable CMAKE_PREFIX_PATH doesn't exist
[1.056s] WARNING:colcon.colcon_ros.prefix_path.catkin:The path '/home/student/ros2_ws/install/cartographer_rviz' in the environment variable CMAKE_PREFIX_PATH doesn't exist
[1.056s] WARNING:colcon.colcon_ros.prefix_path.catkin:The path '/home/student/ros2_ws/install/cartographer_ros' in the environment variable CMAKE_PREFIX_PATH doesn't exist
[1.056s] WARNING:colcon.colcon_ros.prefix_path.catkin:The path '/home/student/ros2_ws/install/cartographer_ros_msgs' in the environment variable CMAKE_PREFIX_PATH doesn't exist
[1.058s] DEBUG:colcon.colcon_installed_package_information.package_discovery:Found 7 installed packages in /home/student/ros2_ws/install
[1.063s] DEBUG:colcon.colcon_installed_package_information.package_discovery:Found 387 installed packages in /opt/ros/humble
[1.069s] Level 1:colcon.colcon_core.package_discovery:discover_packages(prefix_path) using defaults
[1.211s] Level 5:colcon.colcon_core.verb:set package 'rslidar_msg' build argument 'cmake_args' from command line to 'None'
[1.212s] Level 5:colcon.colcon_core.verb:set package 'rslidar_msg' build argument 'cmake_target' from command line to 'None'
[1.212s] Level 5:colcon.colcon_core.verb:set package 'rslidar_msg' build argument 'cmake_target_skip_unavailable' from command line to 'False'
[1.212s] Level 5:colcon.colcon_core.verb:set package 'rslidar_msg' build argument 'cmake_clean_cache' from command line to 'False'
[1.212s] Level 5:colcon.colcon_core.verb:set package 'rslidar_msg' build argument 'cmake_clean_first' from command line to 'False'
[1.212s] Level 5:colcon.colcon_core.verb:set package 'rslidar_msg' build argument 'cmake_force_configure' from command line to 'False'
[1.212s] Level 5:colcon.colcon_core.verb:set package 'rslidar_msg' build argument 'ament_cmake_args' from command line to 'None'
[1.212s] Level 5:colcon.colcon_core.verb:set package 'rslidar_msg' build argument 'catkin_cmake_args' from command line to 'None'
[1.212s] Level 5:colcon.colcon_core.verb:set package 'rslidar_msg' build argument 'catkin_skip_building_tests' from command line to 'False'
[1.212s] DEBUG:colcon.colcon_core.verb:Building package 'rslidar_msg' with the following arguments: {'ament_cmake_args': None, 'build_base': '/home/student/ros2_ws/build/rslidar_msg', 'catkin_cmake_args': None, 'catkin_skip_building_tests': False, 'cmake_args': None, 'cmake_clean_cache': False, 'cmake_clean_first': False, 'cmake_force_configure': False, 'cmake_target': None, 'cmake_target_skip_unavailable': False, 'install_base': '/home/student/ros2_ws/install/rslidar_msg', 'merge_install': False, 'path': '/home/student/ros2_ws/src/rslidar_msg', 'symlink_install': False, 'test_result_base': None}
[1.213s] Level 5:colcon.colcon_core.verb:set package 'scout_description' build argument 'cmake_args' from command line to 'None'
[1.213s] Level 5:colcon.colcon_core.verb:set package 'scout_description' build argument 'cmake_target' from command line to 'None'
[1.214s] Level 5:colcon.colcon_core.verb:set package 'scout_description' build argument 'cmake_target_skip_unavailable' from command line to 'False'
[1.214s] Level 5:colcon.colcon_core.verb:set package 'scout_description' build argument 'cmake_clean_cache' from command line to 'False'
[1.214s] Level 5:colcon.colcon_core.verb:set package 'scout_description' build argument 'cmake_clean_first' from command line to 'False'
[1.214s] Level 5:colcon.colcon_core.verb:set package 'scout_description' build argument 'cmake_force_configure' from command line to 'False'
[1.214s] Level 5:colcon.colcon_core.verb:set package 'scout_description' build argument 'ament_cmake_args' from command line to 'None'
[1.214s] Level 5:colcon.colcon_core.verb:set package 'scout_description' build argument 'catkin_cmake_args' from command line to 'None'
[1.214s] Level 5:colcon.colcon_core.verb:set package 'scout_description' build argument 'catkin_skip_building_tests' from command line to 'False'
[1.214s] DEBUG:colcon.colcon_core.verb:Building package 'scout_description' with the following arguments: {'ament_cmake_args': None, 'build_base': '/home/student/ros2_ws/build/scout_description', 'catkin_cmake_args': None, 'catkin_skip_building_tests': False, 'cmake_args': None, 'cmake_clean_cache': False, 'cmake_clean_first': False, 'cmake_force_configure': False, 'cmake_target': None, 'cmake_target_skip_unavailable': False, 'install_base': '/home/student/ros2_ws/install/scout_description', 'merge_install': False, 'path': '/home/student/ros2_ws/src/scout_ros2/scout_description', 'symlink_install': False, 'test_result_base': None}
[1.215s] Level 5:colcon.colcon_core.verb:set package 'scout_msgs' build argument 'cmake_args' from command line to 'None'
[1.215s] Level 5:colcon.colcon_core.verb:set package 'scout_msgs' build argument 'cmake_target' from command line to 'None'
[1.215s] Level 5:colcon.colcon_core.verb:set package 'scout_msgs' build argument 'cmake_target_skip_unavailable' from command line to 'False'
[1.215s] Level 5:colcon.colcon_core.verb:set package 'scout_msgs' build argument 'cmake_clean_cache' from command line to 'False'
[1.215s] Level 5:colcon.colcon_core.verb:set package 'scout_msgs' build argument 'cmake_clean_first' from command line to 'False'
[1.216s] Level 5:colcon.colcon_core.verb:set package 'scout_msgs' build argument 'cmake_force_configure' from command line to 'False'
[1.216s] Level 5:colcon.colcon_core.verb:set package 'scout_msgs' build argument 'ament_cmake_args' from command line to 'None'
[1.216s] Level 5:colcon.colcon_core.verb:set package 'scout_msgs' build argument 'catkin_cmake_args' from command line to 'None'
[1.216s] Level 5:colcon.colcon_core.verb:set package 'scout_msgs' build argument 'catkin_skip_building_tests' from command line to 'False'
[1.216s] DEBUG:colcon.colcon_core.verb:Building package 'scout_msgs' with the following arguments: {'ament_cmake_args': None, 'build_base': '/home/student/ros2_ws/build/scout_msgs', 'catkin_cmake_args': None, 'catkin_skip_building_tests': False, 'cmake_args': None, 'cmake_clean_cache': False, 'cmake_clean_first': False, 'cmake_force_configure': False, 'cmake_target': None, 'cmake_target_skip_unavailable': False, 'install_base': '/home/student/ros2_ws/install/scout_msgs', 'merge_install': False, 'path': '/home/student/ros2_ws/src/scout_ros2/scout_msgs', 'symlink_install': False, 'test_result_base': None}
[1.217s] Level 5:colcon.colcon_core.verb:set package 'ugv_sdk' build argument 'cmake_args' from command line to 'None'
[1.217s] Level 5:colcon.colcon_core.verb:set package 'ugv_sdk' build argument 'cmake_target' from command line to 'None'
[1.217s] Level 5:colcon.colcon_core.verb:set package 'ugv_sdk' build argument 'cmake_target_skip_unavailable' from command line to 'False'
[1.217s] Level 5:colcon.colcon_core.verb:set package 'ugv_sdk' build argument 'cmake_clean_cache' from command line to 'False'
[1.217s] Level 5:colcon.colcon_core.verb:set package 'ugv_sdk' build argument 'cmake_clean_first' from command line to 'False'
[1.217s] Level 5:colcon.colcon_core.verb:set package 'ugv_sdk' build argument 'cmake_force_configure' from command line to 'False'
[1.217s] Level 5:colcon.colcon_core.verb:set package 'ugv_sdk' build argument 'ament_cmake_args' from command line to 'None'
[1.217s] Level 5:colcon.colcon_core.verb:set package 'ugv_sdk' build argument 'catkin_cmake_args' from command line to 'None'
[1.218s] Level 5:colcon.colcon_core.verb:set package 'ugv_sdk' build argument 'catkin_skip_building_tests' from command line to 'False'
[1.218s] DEBUG:colcon.colcon_core.verb:Building package 'ugv_sdk' with the following arguments: {'ament_cmake_args': None, 'build_base': '/home/student/ros2_ws/build/ugv_sdk', 'catkin_cmake_args': None, 'catkin_skip_building_tests': False, 'cmake_args': None, 'cmake_clean_cache': False, 'cmake_clean_first': False, 'cmake_force_configure': False, 'cmake_target': None, 'cmake_target_skip_unavailable': False, 'install_base': '/home/student/ros2_ws/install/ugv_sdk', 'merge_install': False, 'path': '/home/student/ros2_ws/src/ugv_sdk', 'symlink_install': False, 'test_result_base': None}
[1.219s] Level 5:colcon.colcon_core.verb:set package 'rslidar_sdk' build argument 'cmake_args' from command line to 'None'
[1.219s] Level 5:colcon.colcon_core.verb:set package 'rslidar_sdk' build argument 'cmake_target' from command line to 'None'
[1.219s] Level 5:colcon.colcon_core.verb:set package 'rslidar_sdk' build argument 'cmake_target_skip_unavailable' from command line to 'False'
[1.219s] Level 5:colcon.colcon_core.verb:set package 'rslidar_sdk' build argument 'cmake_clean_cache' from command line to 'False'
[1.219s] Level 5:colcon.colcon_core.verb:set package 'rslidar_sdk' build argument 'cmake_clean_first' from command line to 'False'
[1.219s] Level 5:colcon.colcon_core.verb:set package 'rslidar_sdk' build argument 'cmake_force_configure' from command line to 'False'
[1.219s] Level 5:colcon.colcon_core.verb:set package 'rslidar_sdk' build argument 'ament_cmake_args' from command line to 'None'
[1.219s] Level 5:colcon.colcon_core.verb:set package 'rslidar_sdk' build argument 'catkin_cmake_args' from command line to 'None'
[1.219s] Level 5:colcon.colcon_core.verb:set package 'rslidar_sdk' build argument 'catkin_skip_building_tests' from command line to 'False'
[1.220s] DEBUG:colcon.colcon_core.verb:Building package 'rslidar_sdk' with the following arguments: {'ament_cmake_args': None, 'build_base': '/home/student/ros2_ws/build/rslidar_sdk', 'catkin_cmake_args': None, 'catkin_skip_building_tests': False, 'cmake_args': None, 'cmake_clean_cache': False, 'cmake_clean_first': False, 'cmake_force_configure': False, 'cmake_target': None, 'cmake_target_skip_unavailable': False, 'install_base': '/home/student/ros2_ws/install/rslidar_sdk', 'merge_install': False, 'path': '/home/student/ros2_ws/src/rslidar_sdk', 'symlink_install': False, 'test_result_base': None}
[1.221s] Level 5:colcon.colcon_core.verb:set package 'scout_base' build argument 'cmake_args' from command line to 'None'
[1.221s] Level 5:colcon.colcon_core.verb:set package 'scout_base' build argument 'cmake_target' from command line to 'None'
[1.221s] Level 5:colcon.colcon_core.verb:set package 'scout_base' build argument 'cmake_target_skip_unavailable' from command line to 'False'
[1.221s] Level 5:colcon.colcon_core.verb:set package 'scout_base' build argument 'cmake_clean_cache' from command line to 'False'
[1.221s] Level 5:colcon.colcon_core.verb:set package 'scout_base' build argument 'cmake_clean_first' from command line to 'False'
[1.221s] Level 5:colcon.colcon_core.verb:set package 'scout_base' build argument 'cmake_force_configure' from command line to 'False'
[1.221s] Level 5:colcon.colcon_core.verb:set package 'scout_base' build argument 'ament_cmake_args' from command line to 'None'
[1.221s] Level 5:colcon.colcon_core.verb:set package 'scout_base' build argument 'catkin_cmake_args' from command line to 'None'
[1.221s] Level 5:colcon.colcon_core.verb:set package 'scout_base' build argument 'catkin_skip_building_tests' from command line to 'False'
[1.221s] DEBUG:colcon.colcon_core.verb:Building package 'scout_base' with the following arguments: {'ament_cmake_args': None, 'build_base': '/home/student/ros2_ws/build/scout_base', 'catkin_cmake_args': None, 'catkin_skip_building_tests': False, 'cmake_args': None, 'cmake_clean_cache': False, 'cmake_clean_first': False, 'cmake_force_configure': False, 'cmake_target': None, 'cmake_target_skip_unavailable': False, 'install_base': '/home/student/ros2_ws/install/scout_base', 'merge_install': False, 'path': '/home/student/ros2_ws/src/scout_ros2/scout_base', 'symlink_install': False, 'test_result_base': None}
[1.222s] Level 5:colcon.colcon_core.verb:set package 'lidar_slam_mapping' build argument 'cmake_args' from command line to 'None'
[1.223s] Level 5:colcon.colcon_core.verb:set package 'lidar_slam_mapping' build argument 'cmake_target' from command line to 'None'
[1.223s] Level 5:colcon.colcon_core.verb:set package 'lidar_slam_mapping' build argument 'cmake_target_skip_unavailable' from command line to 'False'
[1.223s] Level 5:colcon.colcon_core.verb:set package 'lidar_slam_mapping' build argument 'cmake_clean_cache' from command line to 'False'
[1.223s] Level 5:colcon.colcon_core.verb:set package 'lidar_slam_mapping' build argument 'cmake_clean_first' from command line to 'False'
[1.223s] Level 5:colcon.colcon_core.verb:set package 'lidar_slam_mapping' build argument 'cmake_force_configure' from command line to 'False'
[1.223s] Level 5:colcon.colcon_core.verb:set package 'lidar_slam_mapping' build argument 'ament_cmake_args' from command line to 'None'
[1.223s] Level 5:colcon.colcon_core.verb:set package 'lidar_slam_mapping' build argument 'catkin_cmake_args' from command line to 'None'
[1.223s] Level 5:colcon.colcon_core.verb:set package 'lidar_slam_mapping' build argument 'catkin_skip_building_tests' from command line to 'False'
[1.223s] DEBUG:colcon.colcon_core.verb:Building package 'lidar_slam_mapping' with the following arguments: {'ament_cmake_args': None, 'build_base': '/home/student/ros2_ws/build/lidar_slam_mapping', 'catkin_cmake_args': None, 'catkin_skip_building_tests': False, 'cmake_args': None, 'cmake_clean_cache': False, 'cmake_clean_first': False, 'cmake_force_configure': False, 'cmake_target': None, 'cmake_target_skip_unavailable': False, 'install_base': '/home/student/ros2_ws/install/lidar_slam_mapping', 'merge_install': False, 'path': '/home/student/ros2_ws/src/lidar_slam_mapping', 'symlink_install': False, 'test_result_base': None}
[1.224s] INFO:colcon.colcon_core.executor:Executing jobs using 'parallel' executor
[1.226s] DEBUG:colcon.colcon_parallel_executor.executor.parallel:run_until_complete
[1.226s] INFO:colcon.colcon_ros.task.ament_cmake.build:Building ROS package in '/home/student/ros2_ws/src/rslidar_msg' with build type 'ament_cmake'
[1.227s] INFO:colcon.colcon_cmake.task.cmake.build:Building CMake package in '/home/student/ros2_ws/src/rslidar_msg'
[1.231s] INFO:colcon.colcon_core.plugin_system:Skipping extension 'colcon_core.shell.bat': Not used on non-Windows systems
[1.231s] INFO:colcon.colcon_core.shell:Skip shell extension 'powershell' for command environment: Not usable outside of PowerShell
[1.232s] DEBUG:colcon.colcon_core.shell:Skip shell extension 'dsv' for command environment
[1.244s] INFO:colcon.colcon_ros.task.ament_cmake.build:Building ROS package in '/home/student/ros2_ws/src/scout_ros2/scout_msgs' with build type 'ament_cmake'
[1.244s] INFO:colcon.colcon_cmake.task.cmake.build:Building CMake package in '/home/student/ros2_ws/src/scout_ros2/scout_msgs'
[1.245s] INFO:colcon.colcon_core.shell:Skip shell extension 'powershell' for command environment: Not usable outside of PowerShell
[1.245s] DEBUG:colcon.colcon_core.shell:Skip shell extension 'dsv' for command environment
[1.267s] DEBUG:colcon.colcon_core.event_handler.log_command:Invoking command in '/home/student/ros2_ws/build/rslidar_msg': CMAKE_PREFIX_PATH=/home/student/ros2_ws/install/scout_base:/home/student/ros2_ws/install/lidar_slam_mapping:/home/student/ros2_ws/install/lidar_slam_nav2:/opt/ros/humble:/home/student/ros2_ws/install/ugv_sdk:/home/student/ros2_ws/install/scout_msgs:/home/student/ros2_ws/install/scout_description:/home/student/ros2_ws/install/rslidar_sdk:/home/student/ros2_ws/install/rslidar_msg:/home/student/ros2_ws/install/rplidar_ros:/home/student/ros2_ws/install/cartographer_rviz:/home/student/ros2_ws/install/cartographer_ros:/home/student/ros2_ws/install/cartographer_ros_msgs /usr/bin/cmake --build /home/student/ros2_ws/build/rslidar_msg -- -j2 -l2
[1.293s] DEBUG:colcon.colcon_core.event_handler.log_command:Invoking command in '/home/student/ros2_ws/build/scout_msgs': CMAKE_PREFIX_PATH=/home/student/ros2_ws/install/scout_base:/home/student/ros2_ws/install/lidar_slam_mapping:/home/student/ros2_ws/install/lidar_slam_nav2:/opt/ros/humble:/home/student/ros2_ws/install/ugv_sdk:/home/student/ros2_ws/install/scout_msgs:/home/student/ros2_ws/install/scout_description:/home/student/ros2_ws/install/rslidar_sdk:/home/student/ros2_ws/install/rslidar_msg:/home/student/ros2_ws/install/rplidar_ros:/home/student/ros2_ws/install/cartographer_rviz:/home/student/ros2_ws/install/cartographer_ros:/home/student/ros2_ws/install/cartographer_ros_msgs /usr/bin/cmake --build /home/student/ros2_ws/build/scout_msgs -- -j2 -l2
[4.426s] DEBUG:colcon.colcon_core.event_handler.log_command:Invoked command in '/home/student/ros2_ws/build/rslidar_msg' returned '0': CMAKE_PREFIX_PATH=/home/student/ros2_ws/install/scout_base:/home/student/ros2_ws/install/lidar_slam_mapping:/home/student/ros2_ws/install/lidar_slam_nav2:/opt/ros/humble:/home/student/ros2_ws/install/ugv_sdk:/home/student/ros2_ws/install/scout_msgs:/home/student/ros2_ws/install/scout_description:/home/student/ros2_ws/install/rslidar_sdk:/home/student/ros2_ws/install/rslidar_msg:/home/student/ros2_ws/install/rplidar_ros:/home/student/ros2_ws/install/cartographer_rviz:/home/student/ros2_ws/install/cartographer_ros:/home/student/ros2_ws/install/cartographer_ros_msgs /usr/bin/cmake --build /home/student/ros2_ws/build/rslidar_msg -- -j2 -l2
[4.470s] DEBUG:colcon.colcon_core.event_handler.log_command:Invoking command in '/home/student/ros2_ws/build/rslidar_msg': CMAKE_PREFIX_PATH=/home/student/ros2_ws/install/scout_base:/home/student/ros2_ws/install/lidar_slam_mapping:/home/student/ros2_ws/install/lidar_slam_nav2:/opt/ros/humble:/home/student/ros2_ws/install/ugv_sdk:/home/student/ros2_ws/install/scout_msgs:/home/student/ros2_ws/install/scout_description:/home/student/ros2_ws/install/rslidar_sdk:/home/student/ros2_ws/install/rslidar_msg:/home/student/ros2_ws/install/rplidar_ros:/home/student/ros2_ws/install/cartographer_rviz:/home/student/ros2_ws/install/cartographer_ros:/home/student/ros2_ws/install/cartographer_ros_msgs /usr/bin/cmake --install /home/student/ros2_ws/build/rslidar_msg
[4.772s] Level 1:colcon.colcon_core.environment:create_environment_scripts_only(rslidar_msg)
[4.778s] Level 1:colcon.colcon_core.environment:checking '/home/student/ros2_ws/install/rslidar_msg' for CMake module files
[4.780s] Level 1:colcon.colcon_core.environment:checking '/home/student/ros2_ws/install/rslidar_msg' for CMake config files
[4.781s] Level 1:colcon.colcon_core.shell:create_environment_hook('rslidar_msg', 'cmake_prefix_path')
[4.786s] INFO:colcon.colcon_core.shell:Creating environment hook '/home/student/ros2_ws/install/rslidar_msg/share/rslidar_msg/hook/cmake_prefix_path.ps1'
[4.787s] DEBUG:colcon.colcon_core.event_handler.log_command:Invoked command in '/home/student/ros2_ws/build/rslidar_msg' returned '0': CMAKE_PREFIX_PATH=/home/student/ros2_ws/install/scout_base:/home/student/ros2_ws/install/lidar_slam_mapping:/home/student/ros2_ws/install/lidar_slam_nav2:/opt/ros/humble:/home/student/ros2_ws/install/ugv_sdk:/home/student/ros2_ws/install/scout_msgs:/home/student/ros2_ws/install/scout_description:/home/student/ros2_ws/install/rslidar_sdk:/home/student/ros2_ws/install/rslidar_msg:/home/student/ros2_ws/install/rplidar_ros:/home/student/ros2_ws/install/cartographer_rviz:/home/student/ros2_ws/install/cartographer_ros:/home/student/ros2_ws/install/cartographer_ros_msgs /usr/bin/cmake --install /home/student/ros2_ws/build/rslidar_msg
[4.790s] INFO:colcon.colcon_core.shell:Creating environment descriptor '/home/student/ros2_ws/install/rslidar_msg/share/rslidar_msg/hook/cmake_prefix_path.dsv'
[4.791s] INFO:colcon.colcon_core.shell:Creating environment hook '/home/student/ros2_ws/install/rslidar_msg/share/rslidar_msg/hook/cmake_prefix_path.sh'
[4.795s] Level 1:colcon.colcon_core.environment:checking '/home/student/ros2_ws/install/rslidar_msg/lib'
[4.796s] Level 1:colcon.colcon_core.shell:create_environment_hook('rslidar_msg', 'ld_library_path_lib')
[4.796s] INFO:colcon.colcon_core.shell:Creating environment hook '/home/student/ros2_ws/install/rslidar_msg/share/rslidar_msg/hook/ld_library_path_lib.ps1'
[4.798s] INFO:colcon.colcon_core.shell:Creating environment descriptor '/home/student/ros2_ws/install/rslidar_msg/share/rslidar_msg/hook/ld_library_path_lib.dsv'
[4.798s] INFO:colcon.colcon_core.shell:Creating environment hook '/home/student/ros2_ws/install/rslidar_msg/share/rslidar_msg/hook/ld_library_path_lib.sh'
[4.803s] Level 1:colcon.colcon_core.environment:checking '/home/student/ros2_ws/install/rslidar_msg/bin'
[4.804s] Level 1:colcon.colcon_core.environment:checking '/home/student/ros2_ws/install/rslidar_msg/lib/pkgconfig/rslidar_msg.pc'
[4.804s] Level 1:colcon.colcon_core.environment:checking '/home/student/ros2_ws/install/rslidar_msg/lib/python3.10/site-packages'
[4.805s] Level 1:colcon.colcon_core.environment:checking '/home/student/ros2_ws/install/rslidar_msg/bin'
[4.808s] INFO:colcon.colcon_core.shell:Creating package script '/home/student/ros2_ws/install/rslidar_msg/share/rslidar_msg/package.ps1'
[4.815s] INFO:colcon.colcon_core.shell:Creating package descriptor '/home/student/ros2_ws/install/rslidar_msg/share/rslidar_msg/package.dsv'
[4.816s] INFO:colcon.colcon_core.shell:Creating package script '/home/student/ros2_ws/install/rslidar_msg/share/rslidar_msg/package.sh'
[4.818s] INFO:colcon.colcon_core.shell:Creating package script '/home/student/ros2_ws/install/rslidar_msg/share/rslidar_msg/package.bash'
[4.828s] INFO:colcon.colcon_core.shell:Creating package script '/home/student/ros2_ws/install/rslidar_msg/share/rslidar_msg/package.zsh'
[4.830s] Level 1:colcon.colcon_core.environment:create_file_with_runtime_dependencies(/home/student/ros2_ws/install/rslidar_msg/share/colcon-core/packages/rslidar_msg)
[4.836s] Level 1:colcon.colcon_core.environment:create_environment_scripts_only(rslidar_msg)
[4.837s] Level 1:colcon.colcon_core.environment:checking '/home/student/ros2_ws/install/rslidar_msg' for CMake module files
[4.839s] Level 1:colcon.colcon_core.environment:checking '/home/student/ros2_ws/install/rslidar_msg' for CMake config files
[4.840s] Level 1:colcon.colcon_core.shell:create_environment_hook('rslidar_msg', 'cmake_prefix_path')
[4.840s] INFO:colcon.colcon_core.shell:Creating environment hook '/home/student/ros2_ws/install/rslidar_msg/share/rslidar_msg/hook/cmake_prefix_path.ps1'
[4.846s] INFO:colcon.colcon_core.shell:Creating environment descriptor '/home/student/ros2_ws/install/rslidar_msg/share/rslidar_msg/hook/cmake_prefix_path.dsv'
[4.851s] INFO:colcon.colcon_core.shell:Creating environment hook '/home/student/ros2_ws/install/rslidar_msg/share/rslidar_msg/hook/cmake_prefix_path.sh'
[4.856s] Level 1:colcon.colcon_core.environment:checking '/home/student/ros2_ws/install/rslidar_msg/lib'
[4.857s] Level 1:colcon.colcon_core.shell:create_environment_hook('rslidar_msg', 'ld_library_path_lib')
[4.857s] INFO:colcon.colcon_core.shell:Creating environment hook '/home/student/ros2_ws/install/rslidar_msg/share/rslidar_msg/hook/ld_library_path_lib.ps1'
[4.861s] INFO:colcon.colcon_core.shell:Creating environment descriptor '/home/student/ros2_ws/install/rslidar_msg/share/rslidar_msg/hook/ld_library_path_lib.dsv'
[4.865s] INFO:colcon.colcon_core.shell:Creating environment hook '/home/student/ros2_ws/install/rslidar_msg/share/rslidar_msg/hook/ld_library_path_lib.sh'
[4.867s] Level 1:colcon.colcon_core.environment:checking '/home/student/ros2_ws/install/rslidar_msg/bin'
[4.869s] Level 1:colcon.colcon_core.environment:checking '/home/student/ros2_ws/install/rslidar_msg/lib/pkgconfig/rslidar_msg.pc'
[4.870s] Level 1:colcon.colcon_core.environment:checking '/home/student/ros2_ws/install/rslidar_msg/lib/python3.10/site-packages'
[4.870s] Level 1:colcon.colcon_core.environment:checking '/home/student/ros2_ws/install/rslidar_msg/bin'
[4.871s] INFO:colcon.colcon_core.shell:Creating package script '/home/student/ros2_ws/install/rslidar_msg/share/rslidar_msg/package.ps1'
[4.879s] INFO:colcon.colcon_core.shell:Creating package descriptor '/home/student/ros2_ws/install/rslidar_msg/share/rslidar_msg/package.dsv'
[4.881s] INFO:colcon.colcon_core.shell:Creating package script '/home/student/ros2_ws/install/rslidar_msg/share/rslidar_msg/package.sh'
[4.883s] INFO:colcon.colcon_core.shell:Creating package script '/home/student/ros2_ws/install/rslidar_msg/share/rslidar_msg/package.bash'
[4.888s] INFO:colcon.colcon_core.shell:Creating package script '/home/student/ros2_ws/install/rslidar_msg/share/rslidar_msg/package.zsh'
[4.890s] Level 1:colcon.colcon_core.environment:create_file_with_runtime_dependencies(/home/student/ros2_ws/install/rslidar_msg/share/colcon-core/packages/rslidar_msg)
[4.892s] INFO:colcon.colcon_ros.task.catkin.build:Building ROS package in '/home/student/ros2_ws/src/ugv_sdk' with build type 'catkin'
[4.892s] INFO:colcon.colcon_cmake.task.cmake.build:Building CMake package in '/home/student/ros2_ws/src/ugv_sdk'
[4.894s] INFO:colcon.colcon_core.shell:Skip shell extension 'powershell' for command environment: Not usable outside of PowerShell
[4.894s] DEBUG:colcon.colcon_core.shell:Skip shell extension 'dsv' for command environment
[4.926s] DEBUG:colcon.colcon_core.event_handler.log_command:Invoking command in '/home/student/ros2_ws/build/ugv_sdk': /usr/bin/cmake --build /home/student/ros2_ws/build/ugv_sdk -- -j2 -l2
[5.121s] DEBUG:colcon.colcon_core.event_handler.log_command:Invoked command in '/home/student/ros2_ws/build/scout_msgs' returned '0': CMAKE_PREFIX_PATH=/home/student/ros2_ws/install/scout_base:/home/student/ros2_ws/install/lidar_slam_mapping:/home/student/ros2_ws/install/lidar_slam_nav2:/opt/ros/humble:/home/student/ros2_ws/install/ugv_sdk:/home/student/ros2_ws/install/scout_msgs:/home/student/ros2_ws/install/scout_description:/home/student/ros2_ws/install/rslidar_sdk:/home/student/ros2_ws/install/rslidar_msg:/home/student/ros2_ws/install/rplidar_ros:/home/student/ros2_ws/install/cartographer_rviz:/home/student/ros2_ws/install/cartographer_ros:/home/student/ros2_ws/install/cartographer_ros_msgs /usr/bin/cmake --build /home/student/ros2_ws/build/scout_msgs -- -j2 -l2
[5.122s] DEBUG:colcon.colcon_core.event_handler.log_command:Invoking command in '/home/student/ros2_ws/build/scout_msgs': CMAKE_PREFIX_PATH=/home/student/ros2_ws/install/scout_base:/home/student/ros2_ws/install/lidar_slam_mapping:/home/student/ros2_ws/install/lidar_slam_nav2:/opt/ros/humble:/home/student/ros2_ws/install/ugv_sdk:/home/student/ros2_ws/install/scout_msgs:/home/student/ros2_ws/install/scout_description:/home/student/ros2_ws/install/rslidar_sdk:/home/student/ros2_ws/install/rslidar_msg:/home/student/ros2_ws/install/rplidar_ros:/home/student/ros2_ws/install/cartographer_rviz:/home/student/ros2_ws/install/cartographer_ros:/home/student/ros2_ws/install/cartographer_ros_msgs /usr/bin/cmake --install /home/student/ros2_ws/build/scout_msgs
[5.449s] Level 1:colcon.colcon_core.environment:create_environment_scripts_only(scout_msgs)
[5.450s] Level 1:colcon.colcon_core.environment:checking '/home/student/ros2_ws/install/scout_msgs' for CMake module files
[5.452s] Level 1:colcon.colcon_core.environment:checking '/home/student/ros2_ws/install/scout_msgs' for CMake config files
[5.454s] DEBUG:colcon.colcon_core.event_handler.log_command:Invoked command in '/home/student/ros2_ws/build/scout_msgs' returned '0': CMAKE_PREFIX_PATH=/home/student/ros2_ws/install/scout_base:/home/student/ros2_ws/install/lidar_slam_mapping:/home/student/ros2_ws/install/lidar_slam_nav2:/opt/ros/humble:/home/student/ros2_ws/install/ugv_sdk:/home/student/ros2_ws/install/scout_msgs:/home/student/ros2_ws/install/scout_description:/home/student/ros2_ws/install/rslidar_sdk:/home/student/ros2_ws/install/rslidar_msg:/home/student/ros2_ws/install/rplidar_ros:/home/student/ros2_ws/install/cartographer_rviz:/home/student/ros2_ws/install/cartographer_ros:/home/student/ros2_ws/install/cartographer_ros_msgs /usr/bin/cmake --install /home/student/ros2_ws/build/scout_msgs
[5.455s] Level 1:colcon.colcon_core.shell:create_environment_hook('scout_msgs', 'cmake_prefix_path')
[5.455s] INFO:colcon.colcon_core.shell:Creating environment hook '/home/student/ros2_ws/install/scout_msgs/share/scout_msgs/hook/cmake_prefix_path.ps1'
[5.457s] INFO:colcon.colcon_core.shell:Creating environment descriptor '/home/student/ros2_ws/install/scout_msgs/share/scout_msgs/hook/cmake_prefix_path.dsv'
[5.458s] INFO:colcon.colcon_core.shell:Creating environment hook '/home/student/ros2_ws/install/scout_msgs/share/scout_msgs/hook/cmake_prefix_path.sh'
[5.462s] Level 1:colcon.colcon_core.environment:checking '/home/student/ros2_ws/install/scout_msgs/lib'
[5.463s] Level 1:colcon.colcon_core.shell:create_environment_hook('scout_msgs', 'ld_library_path_lib')
[5.464s] INFO:colcon.colcon_core.shell:Creating environment hook '/home/student/ros2_ws/install/scout_msgs/share/scout_msgs/hook/ld_library_path_lib.ps1'
[5.465s] INFO:colcon.colcon_core.shell:Creating environment descriptor '/home/student/ros2_ws/install/scout_msgs/share/scout_msgs/hook/ld_library_path_lib.dsv'
[5.466s] INFO:colcon.colcon_core.shell:Creating environment hook '/home/student/ros2_ws/install/scout_msgs/share/scout_msgs/hook/ld_library_path_lib.sh'
[5.470s] Level 1:colcon.colcon_core.environment:checking '/home/student/ros2_ws/install/scout_msgs/bin'
[5.470s] Level 1:colcon.colcon_core.environment:checking '/home/student/ros2_ws/install/scout_msgs/lib/pkgconfig/scout_msgs.pc'
[5.471s] Level 1:colcon.colcon_core.environment:checking '/home/student/ros2_ws/install/scout_msgs/lib/python3.10/site-packages'
[5.471s] Level 1:colcon.colcon_core.environment:checking '/home/student/ros2_ws/install/scout_msgs/bin'
[5.472s] INFO:colcon.colcon_core.shell:Creating package script '/home/student/ros2_ws/install/scout_msgs/share/scout_msgs/package.ps1'
[5.485s] INFO:colcon.colcon_core.shell:Creating package descriptor '/home/student/ros2_ws/install/scout_msgs/share/scout_msgs/package.dsv'
[5.490s] INFO:colcon.colcon_core.shell:Creating package script '/home/student/ros2_ws/install/scout_msgs/share/scout_msgs/package.sh'
[5.494s] INFO:colcon.colcon_core.shell:Creating package script '/home/student/ros2_ws/install/scout_msgs/share/scout_msgs/package.bash'
[5.495s] INFO:colcon.colcon_core.shell:Creating package script '/home/student/ros2_ws/install/scout_msgs/share/scout_msgs/package.zsh'
[5.496s] Level 1:colcon.colcon_core.environment:create_file_with_runtime_dependencies(/home/student/ros2_ws/install/scout_msgs/share/colcon-core/packages/scout_msgs)
[5.498s] Level 1:colcon.colcon_core.environment:create_environment_scripts_only(scout_msgs)
[5.498s] Level 1:colcon.colcon_core.environment:checking '/home/student/ros2_ws/install/scout_msgs' for CMake module files
[5.507s] Level 1:colcon.colcon_core.environment:checking '/home/student/ros2_ws/install/scout_msgs' for CMake config files
[5.511s] Level 1:colcon.colcon_core.shell:create_environment_hook('scout_msgs', 'cmake_prefix_path')
[5.512s] INFO:colcon.colcon_core.shell:Creating environment hook '/home/student/ros2_ws/install/scout_msgs/share/scout_msgs/hook/cmake_prefix_path.ps1'
[5.515s] INFO:colcon.colcon_core.shell:Creating environment descriptor '/home/student/ros2_ws/install/scout_msgs/share/scout_msgs/hook/cmake_prefix_path.dsv'
[5.518s] INFO:colcon.colcon_core.shell:Creating environment hook '/home/student/ros2_ws/install/scout_msgs/share/scout_msgs/hook/cmake_prefix_path.sh'
[5.526s] Level 1:colcon.colcon_core.environment:checking '/home/student/ros2_ws/install/scout_msgs/lib'
[5.526s] Level 1:colcon.colcon_core.shell:create_environment_hook('scout_msgs', 'ld_library_path_lib')
[5.527s] INFO:colcon.colcon_core.shell:Creating environment hook '/home/student/ros2_ws/install/scout_msgs/share/scout_msgs/hook/ld_library_path_lib.ps1'
[5.531s] INFO:colcon.colcon_core.shell:Creating environment descriptor '/home/student/ros2_ws/install/scout_msgs/share/scout_msgs/hook/ld_library_path_lib.dsv'
[5.532s] INFO:colcon.colcon_core.shell:Creating environment hook '/home/student/ros2_ws/install/scout_msgs/share/scout_msgs/hook/ld_library_path_lib.sh'
[5.536s] Level 1:colcon.colcon_core.environment:checking '/home/student/ros2_ws/install/scout_msgs/bin'
[5.537s] Level 1:colcon.colcon_core.environment:checking '/home/student/ros2_ws/install/scout_msgs/lib/pkgconfig/scout_msgs.pc'
[5.537s] Level 1:colcon.colcon_core.environment:checking '/home/student/ros2_ws/install/scout_msgs/lib/python3.10/site-packages'
[5.538s] Level 1:colcon.colcon_core.environment:checking '/home/student/ros2_ws/install/scout_msgs/bin'
[5.539s] INFO:colcon.colcon_core.shell:Creating package script '/home/student/ros2_ws/install/scout_msgs/share/scout_msgs/package.ps1'
[5.541s] INFO:colcon.colcon_core.shell:Creating package descriptor '/home/student/ros2_ws/install/scout_msgs/share/scout_msgs/package.dsv'
[5.542s] INFO:colcon.colcon_core.shell:Creating package script '/home/student/ros2_ws/install/scout_msgs/share/scout_msgs/package.sh'
[5.544s] INFO:colcon.colcon_core.shell:Creating package script '/home/student/ros2_ws/install/scout_msgs/share/scout_msgs/package.bash'
[5.545s] INFO:colcon.colcon_core.shell:Creating package script '/home/student/ros2_ws/install/scout_msgs/share/scout_msgs/package.zsh'
[5.546s] Level 1:colcon.colcon_core.environment:create_file_with_runtime_dependencies(/home/student/ros2_ws/install/scout_msgs/share/colcon-core/packages/scout_msgs)
[5.548s] INFO:colcon.colcon_ros.task.ament_cmake.build:Building ROS package in '/home/student/ros2_ws/src/rslidar_sdk' with build type 'ament_cmake'
[5.548s] INFO:colcon.colcon_cmake.task.cmake.build:Building CMake package in '/home/student/ros2_ws/src/rslidar_sdk'
[5.549s] INFO:colcon.colcon_core.shell:Skip shell extension 'powershell' for command environment: Not usable outside of PowerShell
[5.549s] DEBUG:colcon.colcon_core.shell:Skip shell extension 'dsv' for command environment
[5.625s] DEBUG:colcon.colcon_core.event_handler.log_command:Invoking command in '/home/student/ros2_ws/build/rslidar_sdk': CMAKE_PREFIX_PATH=/home/student/ros2_ws/install/rslidar_msg:/home/student/ros2_ws/install/scout_base:/home/student/ros2_ws/install/lidar_slam_mapping:/home/student/ros2_ws/install/lidar_slam_nav2:/opt/ros/humble:/home/student/ros2_ws/install/ugv_sdk:/home/student/ros2_ws/install/scout_msgs:/home/student/ros2_ws/install/scout_description:/home/student/ros2_ws/install/rslidar_sdk:/home/student/ros2_ws/install/rplidar_ros:/home/student/ros2_ws/install/cartographer_rviz:/home/student/ros2_ws/install/cartographer_ros:/home/student/ros2_ws/install/cartographer_ros_msgs LD_LIBRARY_PATH=/home/student/ros2_ws/install/rslidar_msg/lib:/home/student/ros2_ws/install/scout_msgs/lib:/home/student/ros2_ws/install/cartographer_rviz/lib:/home/student/ros2_ws/install/cartographer_ros/lib:/home/student/ros2_ws/install/cartographer_ros_msgs/lib:/usr/lib/x86_64-linux-gnu/gazebo-11/plugins:/opt/ros/humble/opt/rviz_ogre_vendor/lib:/opt/ros/humble/lib/x86_64-linux-gnu:/opt/ros/humble/lib /usr/bin/cmake --build /home/student/ros2_ws/build/rslidar_sdk -- -j2 -l2
[5.964s] DEBUG:colcon.colcon_core.event_handler.log_command:Invoked command in '/home/student/ros2_ws/build/rslidar_sdk' returned '0': CMAKE_PREFIX_PATH=/home/student/ros2_ws/install/rslidar_msg:/home/student/ros2_ws/install/scout_base:/home/student/ros2_ws/install/lidar_slam_mapping:/home/student/ros2_ws/install/lidar_slam_nav2:/opt/ros/humble:/home/student/ros2_ws/install/ugv_sdk:/home/student/ros2_ws/install/scout_msgs:/home/student/ros2_ws/install/scout_description:/home/student/ros2_ws/install/rslidar_sdk:/home/student/ros2_ws/install/rplidar_ros:/home/student/ros2_ws/install/cartographer_rviz:/home/student/ros2_ws/install/cartographer_ros:/home/student/ros2_ws/install/cartographer_ros_msgs LD_LIBRARY_PATH=/home/student/ros2_ws/install/rslidar_msg/lib:/home/student/ros2_ws/install/scout_msgs/lib:/home/student/ros2_ws/install/cartographer_rviz/lib:/home/student/ros2_ws/install/cartographer_ros/lib:/home/student/ros2_ws/install/cartographer_ros_msgs/lib:/usr/lib/x86_64-linux-gnu/gazebo-11/plugins:/opt/ros/humble/opt/rviz_ogre_vendor/lib:/opt/ros/humble/lib/x86_64-linux-gnu:/opt/ros/humble/lib /usr/bin/cmake --build /home/student/ros2_ws/build/rslidar_sdk -- -j2 -l2
[5.969s] DEBUG:colcon.colcon_core.event_handler.log_command:Invoking command in '/home/student/ros2_ws/build/rslidar_sdk': CMAKE_PREFIX_PATH=/home/student/ros2_ws/install/rslidar_msg:/home/student/ros2_ws/install/scout_base:/home/student/ros2_ws/install/lidar_slam_mapping:/home/student/ros2_ws/install/lidar_slam_nav2:/opt/ros/humble:/home/student/ros2_ws/install/ugv_sdk:/home/student/ros2_ws/install/scout_msgs:/home/student/ros2_ws/install/scout_description:/home/student/ros2_ws/install/rslidar_sdk:/home/student/ros2_ws/install/rplidar_ros:/home/student/ros2_ws/install/cartographer_rviz:/home/student/ros2_ws/install/cartographer_ros:/home/student/ros2_ws/install/cartographer_ros_msgs LD_LIBRARY_PATH=/home/student/ros2_ws/install/rslidar_msg/lib:/home/student/ros2_ws/install/scout_msgs/lib:/home/student/ros2_ws/install/cartographer_rviz/lib:/home/student/ros2_ws/install/cartographer_ros/lib:/home/student/ros2_ws/install/cartographer_ros_msgs/lib:/usr/lib/x86_64-linux-gnu/gazebo-11/plugins:/opt/ros/humble/opt/rviz_ogre_vendor/lib:/opt/ros/humble/lib/x86_64-linux-gnu:/opt/ros/humble/lib /usr/bin/cmake --install /home/student/ros2_ws/build/rslidar_sdk
[6.047s] Level 1:colcon.colcon_core.environment:create_environment_scripts_only(rslidar_sdk)
[6.048s] Level 1:colcon.colcon_core.environment:checking '/home/student/ros2_ws/install/rslidar_sdk' for CMake module files
[6.049s] DEBUG:colcon.colcon_core.event_handler.log_command:Invoked command in '/home/student/ros2_ws/build/rslidar_sdk' returned '0': CMAKE_PREFIX_PATH=/home/student/ros2_ws/install/rslidar_msg:/home/student/ros2_ws/install/scout_base:/home/student/ros2_ws/install/lidar_slam_mapping:/home/student/ros2_ws/install/lidar_slam_nav2:/opt/ros/humble:/home/student/ros2_ws/install/ugv_sdk:/home/student/ros2_ws/install/scout_msgs:/home/student/ros2_ws/install/scout_description:/home/student/ros2_ws/install/rslidar_sdk:/home/student/ros2_ws/install/rplidar_ros:/home/student/ros2_ws/install/cartographer_rviz:/home/student/ros2_ws/install/cartographer_ros:/home/student/ros2_ws/install/cartographer_ros_msgs LD_LIBRARY_PATH=/home/student/ros2_ws/install/rslidar_msg/lib:/home/student/ros2_ws/install/scout_msgs/lib:/home/student/ros2_ws/install/cartographer_rviz/lib:/home/student/ros2_ws/install/cartographer_ros/lib:/home/student/ros2_ws/install/cartographer_ros_msgs/lib:/usr/lib/x86_64-linux-gnu/gazebo-11/plugins:/opt/ros/humble/opt/rviz_ogre_vendor/lib:/opt/ros/humble/lib/x86_64-linux-gnu:/opt/ros/humble/lib /usr/bin/cmake --install /home/student/ros2_ws/build/rslidar_sdk
[6.053s] Level 1:colcon.colcon_core.environment:checking '/home/student/ros2_ws/install/rslidar_sdk' for CMake config files
[6.053s] Level 1:colcon.colcon_core.shell:create_environment_hook('rslidar_sdk', 'cmake_prefix_path')
[6.054s] INFO:colcon.colcon_core.shell:Creating environment hook '/home/student/ros2_ws/install/rslidar_sdk/share/rslidar_sdk/hook/cmake_prefix_path.ps1'
[6.059s] INFO:colcon.colcon_core.shell:Creating environment descriptor '/home/student/ros2_ws/install/rslidar_sdk/share/rslidar_sdk/hook/cmake_prefix_path.dsv'
[6.067s] INFO:colcon.colcon_core.shell:Creating environment hook '/home/student/ros2_ws/install/rslidar_sdk/share/rslidar_sdk/hook/cmake_prefix_path.sh'
[6.069s] Level 1:colcon.colcon_core.environment:checking '/home/student/ros2_ws/install/rslidar_sdk/lib'
[6.070s] Level 1:colcon.colcon_core.environment:checking '/home/student/ros2_ws/install/rslidar_sdk/bin'
[6.070s] Level 1:colcon.colcon_core.environment:checking '/home/student/ros2_ws/install/rslidar_sdk/lib/pkgconfig/rslidar_sdk.pc'
[6.070s] Level 1:colcon.colcon_core.environment:checking '/home/student/ros2_ws/install/rslidar_sdk/lib/python3.10/site-packages'
[6.071s] Level 1:colcon.colcon_core.environment:checking '/home/student/ros2_ws/install/rslidar_sdk/bin'
[6.076s] INFO:colcon.colcon_core.shell:Creating package script '/home/student/ros2_ws/install/rslidar_sdk/share/rslidar_sdk/package.ps1'
[6.080s] INFO:colcon.colcon_core.shell:Creating package descriptor '/home/student/ros2_ws/install/rslidar_sdk/share/rslidar_sdk/package.dsv'
[6.087s] INFO:colcon.colcon_core.shell:Creating package script '/home/student/ros2_ws/install/rslidar_sdk/share/rslidar_sdk/package.sh'
[6.089s] INFO:colcon.colcon_core.shell:Creating package script '/home/student/ros2_ws/install/rslidar_sdk/share/rslidar_sdk/package.bash'
[6.095s] INFO:colcon.colcon_core.shell:Creating package script '/home/student/ros2_ws/install/rslidar_sdk/share/rslidar_sdk/package.zsh'
[6.097s] Level 1:colcon.colcon_core.environment:create_file_with_runtime_dependencies(/home/student/ros2_ws/install/rslidar_sdk/share/colcon-core/packages/rslidar_sdk)
[6.098s] Level 1:colcon.colcon_core.environment:create_environment_scripts_only(rslidar_sdk)
[6.099s] Level 1:colcon.colcon_core.environment:checking '/home/student/ros2_ws/install/rslidar_sdk' for CMake module files
[6.100s] Level 1:colcon.colcon_core.environment:checking '/home/student/ros2_ws/install/rslidar_sdk' for CMake config files
[6.100s] Level 1:colcon.colcon_core.shell:create_environment_hook('rslidar_sdk', 'cmake_prefix_path')
[6.101s] INFO:colcon.colcon_core.shell:Creating environment hook '/home/student/ros2_ws/install/rslidar_sdk/share/rslidar_sdk/hook/cmake_prefix_path.ps1'
[6.111s] INFO:colcon.colcon_core.shell:Creating environment descriptor '/home/student/ros2_ws/install/rslidar_sdk/share/rslidar_sdk/hook/cmake_prefix_path.dsv'
[6.113s] INFO:colcon.colcon_core.shell:Creating environment hook '/home/student/ros2_ws/install/rslidar_sdk/share/rslidar_sdk/hook/cmake_prefix_path.sh'
[6.119s] Level 1:colcon.colcon_core.environment:checking '/home/student/ros2_ws/install/rslidar_sdk/lib'
[6.120s] Level 1:colcon.colcon_core.environment:checking '/home/student/ros2_ws/install/rslidar_sdk/bin'
[6.120s] Level 1:colcon.colcon_core.environment:checking '/home/student/ros2_ws/install/rslidar_sdk/lib/pkgconfig/rslidar_sdk.pc'
[6.121s] Level 1:colcon.colcon_core.environment:checking '/home/student/ros2_ws/install/rslidar_sdk/lib/python3.10/site-packages'
[6.121s] Level 1:colcon.colcon_core.environment:checking '/home/student/ros2_ws/install/rslidar_sdk/bin'
[6.122s] INFO:colcon.colcon_core.shell:Creating package script '/home/student/ros2_ws/install/rslidar_sdk/share/rslidar_sdk/package.ps1'
[6.125s] INFO:colcon.colcon_core.shell:Creating package descriptor '/home/student/ros2_ws/install/rslidar_sdk/share/rslidar_sdk/package.dsv'
[6.126s] INFO:colcon.colcon_core.shell:Creating package script '/home/student/ros2_ws/install/rslidar_sdk/share/rslidar_sdk/package.sh'
[6.131s] INFO:colcon.colcon_core.shell:Creating package script '/home/student/ros2_ws/install/rslidar_sdk/share/rslidar_sdk/package.bash'
[6.133s] INFO:colcon.colcon_core.shell:Creating package script '/home/student/ros2_ws/install/rslidar_sdk/share/rslidar_sdk/package.zsh'
[6.134s] Level 1:colcon.colcon_core.environment:create_file_with_runtime_dependencies(/home/student/ros2_ws/install/rslidar_sdk/share/colcon-core/packages/rslidar_sdk)
[6.135s] INFO:colcon.colcon_ros.task.ament_cmake.build:Building ROS package in '/home/student/ros2_ws/src/scout_ros2/scout_description' with build type 'ament_cmake'
[6.135s] INFO:colcon.colcon_cmake.task.cmake.build:Building CMake package in '/home/student/ros2_ws/src/scout_ros2/scout_description'
[6.137s] INFO:colcon.colcon_core.shell:Skip shell extension 'powershell' for command environment: Not usable outside of PowerShell
[6.137s] DEBUG:colcon.colcon_core.shell:Skip shell extension 'dsv' for command environment
[6.162s] DEBUG:colcon.colcon_core.event_handler.log_command:Invoked command in '/home/student/ros2_ws/build/ugv_sdk' returned '0': /usr/bin/cmake --build /home/student/ros2_ws/build/ugv_sdk -- -j2 -l2
[6.171s] DEBUG:colcon.colcon_core.event_handler.log_command:Invoking command in '/home/student/ros2_ws/build/ugv_sdk': /usr/bin/cmake --install /home/student/ros2_ws/build/ugv_sdk
[6.190s] DEBUG:colcon.colcon_core.event_handler.log_command:Invoking command in '/home/student/ros2_ws/build/scout_description': CMAKE_PREFIX_PATH=/home/student/ros2_ws/install/scout_base:/home/student/ros2_ws/install/lidar_slam_mapping:/home/student/ros2_ws/install/lidar_slam_nav2:/opt/ros/humble:/home/student/ros2_ws/install/ugv_sdk:/home/student/ros2_ws/install/scout_msgs:/home/student/ros2_ws/install/scout_description:/home/student/ros2_ws/install/rslidar_sdk:/home/student/ros2_ws/install/rslidar_msg:/home/student/ros2_ws/install/rplidar_ros:/home/student/ros2_ws/install/cartographer_rviz:/home/student/ros2_ws/install/cartographer_ros:/home/student/ros2_ws/install/cartographer_ros_msgs /usr/bin/cmake --build /home/student/ros2_ws/build/scout_description -- -j2 -l2
[6.252s] Level 1:colcon.colcon_core.shell:create_environment_hook('ugv_sdk', 'ros_package_path')
[6.253s] INFO:colcon.colcon_core.shell:Creating environment hook '/home/student/ros2_ws/install/ugv_sdk/share/ugv_sdk/hook/ros_package_path.ps1'
[6.254s] INFO:colcon.colcon_core.shell:Creating environment descriptor '/home/student/ros2_ws/install/ugv_sdk/share/ugv_sdk/hook/ros_package_path.dsv'
[6.255s] INFO:colcon.colcon_core.shell:Creating environment hook '/home/student/ros2_ws/install/ugv_sdk/share/ugv_sdk/hook/ros_package_path.sh'
[6.256s] Level 1:colcon.colcon_core.shell:create_environment_hook('ugv_sdk', 'pkg_config_path')
[6.257s] INFO:colcon.colcon_core.shell:Creating environment hook '/home/student/ros2_ws/install/ugv_sdk/share/ugv_sdk/hook/pkg_config_path.ps1'
[6.258s] INFO:colcon.colcon_core.shell:Creating environment descriptor '/home/student/ros2_ws/install/ugv_sdk/share/ugv_sdk/hook/pkg_config_path.dsv'
[6.258s] INFO:colcon.colcon_core.shell:Creating environment hook '/home/student/ros2_ws/install/ugv_sdk/share/ugv_sdk/hook/pkg_config_path.sh'
[6.264s] DEBUG:colcon.colcon_core.event_handler.log_command:Invoked command in '/home/student/ros2_ws/build/ugv_sdk' returned '0': /usr/bin/cmake --install /home/student/ros2_ws/build/ugv_sdk
[6.275s] Level 1:colcon.colcon_core.shell:create_environment_hook('ugv_sdk', 'pkg_config_path_multiarch')
[6.276s] INFO:colcon.colcon_core.shell:Creating environment hook '/home/student/ros2_ws/install/ugv_sdk/share/ugv_sdk/hook/pkg_config_path_multiarch.ps1'
[6.283s] INFO:colcon.colcon_core.shell:Creating environment descriptor '/home/student/ros2_ws/install/ugv_sdk/share/ugv_sdk/hook/pkg_config_path_multiarch.dsv'
[6.285s] INFO:colcon.colcon_core.shell:Creating environment hook '/home/student/ros2_ws/install/ugv_sdk/share/ugv_sdk/hook/pkg_config_path_multiarch.sh'
[6.290s] Level 1:colcon.colcon_core.environment:create_environment_scripts_only(ugv_sdk)
[6.293s] Level 1:colcon.colcon_core.environment:checking '/home/student/ros2_ws/install/ugv_sdk' for CMake module files
[6.294s] Level 1:colcon.colcon_core.environment:checking '/home/student/ros2_ws/install/ugv_sdk' for CMake config files
[6.301s] Level 1:colcon.colcon_core.shell:create_environment_hook('ugv_sdk', 'cmake_prefix_path')
[6.301s] INFO:colcon.colcon_core.shell:Creating environment hook '/home/student/ros2_ws/install/ugv_sdk/share/ugv_sdk/hook/cmake_prefix_path.ps1'
[6.305s] INFO:colcon.colcon_core.shell:Creating environment descriptor '/home/student/ros2_ws/install/ugv_sdk/share/ugv_sdk/hook/cmake_prefix_path.dsv'
[6.306s] INFO:colcon.colcon_core.shell:Creating environment hook '/home/student/ros2_ws/install/ugv_sdk/share/ugv_sdk/hook/cmake_prefix_path.sh'
[6.310s] Level 1:colcon.colcon_core.environment:checking '/home/student/ros2_ws/install/ugv_sdk/lib'
[6.310s] Level 1:colcon.colcon_core.environment:checking '/home/student/ros2_ws/install/ugv_sdk/bin'
[6.310s] Level 1:colcon.colcon_core.environment:checking '/home/student/ros2_ws/install/ugv_sdk/lib/pkgconfig/ugv_sdk.pc'
[6.311s] Level 1:colcon.colcon_core.environment:checking '/home/student/ros2_ws/install/ugv_sdk/lib/python3.10/site-packages'
[6.316s] Level 1:colcon.colcon_core.environment:checking '/home/student/ros2_ws/install/ugv_sdk/bin'
[6.317s] INFO:colcon.colcon_core.shell:Creating package script '/home/student/ros2_ws/install/ugv_sdk/share/ugv_sdk/package.ps1'
[6.324s] INFO:colcon.colcon_core.shell:Creating package descriptor '/home/student/ros2_ws/install/ugv_sdk/share/ugv_sdk/package.dsv'
[6.328s] INFO:colcon.colcon_core.shell:Creating package script '/home/student/ros2_ws/install/ugv_sdk/share/ugv_sdk/package.sh'
[6.332s] INFO:colcon.colcon_core.shell:Creating package script '/home/student/ros2_ws/install/ugv_sdk/share/ugv_sdk/package.bash'
[6.335s] INFO:colcon.colcon_core.shell:Creating package script '/home/student/ros2_ws/install/ugv_sdk/share/ugv_sdk/package.zsh'
[6.336s] Level 1:colcon.colcon_core.environment:create_file_with_runtime_dependencies(/home/student/ros2_ws/install/ugv_sdk/share/colcon-core/packages/ugv_sdk)
[6.337s] INFO:colcon.colcon_ros.task.ament_cmake.build:Building ROS package in '/home/student/ros2_ws/src/scout_ros2/scout_base' with build type 'ament_cmake'
[6.337s] INFO:colcon.colcon_cmake.task.cmake.build:Building CMake package in '/home/student/ros2_ws/src/scout_ros2/scout_base'
[6.338s] INFO:colcon.colcon_core.shell:Skip shell extension 'powershell' for command environment: Not usable outside of PowerShell
[6.338s] DEBUG:colcon.colcon_core.shell:Skip shell extension 'dsv' for command environment
[6.394s] DEBUG:colcon.colcon_core.event_handler.log_command:Invoked command in '/home/student/ros2_ws/build/scout_description' returned '0': CMAKE_PREFIX_PATH=/home/student/ros2_ws/install/scout_base:/home/student/ros2_ws/install/lidar_slam_mapping:/home/student/ros2_ws/install/lidar_slam_nav2:/opt/ros/humble:/home/student/ros2_ws/install/ugv_sdk:/home/student/ros2_ws/install/scout_msgs:/home/student/ros2_ws/install/scout_description:/home/student/ros2_ws/install/rslidar_sdk:/home/student/ros2_ws/install/rslidar_msg:/home/student/ros2_ws/install/rplidar_ros:/home/student/ros2_ws/install/cartographer_rviz:/home/student/ros2_ws/install/cartographer_ros:/home/student/ros2_ws/install/cartographer_ros_msgs /usr/bin/cmake --build /home/student/ros2_ws/build/scout_description -- -j2 -l2
[6.401s] DEBUG:colcon.colcon_core.event_handler.log_command:Invoking command in '/home/student/ros2_ws/build/scout_description': CMAKE_PREFIX_PATH=/home/student/ros2_ws/install/scout_base:/home/student/ros2_ws/install/lidar_slam_mapping:/home/student/ros2_ws/install/lidar_slam_nav2:/opt/ros/humble:/home/student/ros2_ws/install/ugv_sdk:/home/student/ros2_ws/install/scout_msgs:/home/student/ros2_ws/install/scout_description:/home/student/ros2_ws/install/rslidar_sdk:/home/student/ros2_ws/install/rslidar_msg:/home/student/ros2_ws/install/rplidar_ros:/home/student/ros2_ws/install/cartographer_rviz:/home/student/ros2_ws/install/cartographer_ros:/home/student/ros2_ws/install/cartographer_ros_msgs /usr/bin/cmake --install /home/student/ros2_ws/build/scout_description
[6.446s] DEBUG:colcon.colcon_core.event_handler.log_command:Invoking command in '/home/student/ros2_ws/build/scout_base': CMAKE_PREFIX_PATH=/home/student/ros2_ws/install/lidar_slam_mapping:/home/student/ros2_ws/install/lidar_slam_nav2:/opt/ros/humble:/home/student/ros2_ws/install/ugv_sdk:/home/student/ros2_ws/install/scout_msgs:/home/student/ros2_ws/install/scout_base:/home/student/ros2_ws/install/scout_description:/home/student/ros2_ws/install/rslidar_sdk:/home/student/ros2_ws/install/rslidar_msg:/home/student/ros2_ws/install/rplidar_ros:/home/student/ros2_ws/install/cartographer_rviz:/home/student/ros2_ws/install/cartographer_ros:/home/student/ros2_ws/install/cartographer_ros_msgs /usr/bin/cmake --build /home/student/ros2_ws/build/scout_base -- -j2 -l2
[6.472s] Level 1:colcon.colcon_core.environment:create_environment_scripts_only(scout_description)
[6.473s] Level 1:colcon.colcon_core.environment:checking '/home/student/ros2_ws/install/scout_description' for CMake module files
[6.475s] Level 1:colcon.colcon_core.environment:checking '/home/student/ros2_ws/install/scout_description' for CMake config files
[6.476s] Level 1:colcon.colcon_core.shell:create_environment_hook('scout_description', 'cmake_prefix_path')
[6.477s] INFO:colcon.colcon_core.shell:Creating environment hook '/home/student/ros2_ws/install/scout_description/share/scout_description/hook/cmake_prefix_path.ps1'
[6.481s] INFO:colcon.colcon_core.shell:Creating environment descriptor '/home/student/ros2_ws/install/scout_description/share/scout_description/hook/cmake_prefix_path.dsv'
[6.482s] INFO:colcon.colcon_core.shell:Creating environment hook '/home/student/ros2_ws/install/scout_description/share/scout_description/hook/cmake_prefix_path.sh'
[6.488s] Level 1:colcon.colcon_core.environment:checking '/home/student/ros2_ws/install/scout_description/bin'
[6.488s] Level 1:colcon.colcon_core.environment:checking '/home/student/ros2_ws/install/scout_description/lib/pkgconfig/scout_description.pc'
[6.488s] Level 1:colcon.colcon_core.environment:checking '/home/student/ros2_ws/install/scout_description/lib/python3.10/site-packages'
[6.489s] Level 1:colcon.colcon_core.environment:checking '/home/student/ros2_ws/install/scout_description/bin'
[6.490s] INFO:colcon.colcon_core.shell:Creating package script '/home/student/ros2_ws/install/scout_description/share/scout_description/package.ps1'
[6.497s] DEBUG:colcon.colcon_core.event_handler.log_command:Invoked command in '/home/student/ros2_ws/build/scout_description' returned '0': CMAKE_PREFIX_PATH=/home/student/ros2_ws/install/scout_base:/home/student/ros2_ws/install/lidar_slam_mapping:/home/student/ros2_ws/install/lidar_slam_nav2:/opt/ros/humble:/home/student/ros2_ws/install/ugv_sdk:/home/student/ros2_ws/install/scout_msgs:/home/student/ros2_ws/install/scout_description:/home/student/ros2_ws/install/rslidar_sdk:/home/student/ros2_ws/install/rslidar_msg:/home/student/ros2_ws/install/rplidar_ros:/home/student/ros2_ws/install/cartographer_rviz:/home/student/ros2_ws/install/cartographer_ros:/home/student/ros2_ws/install/cartographer_ros_msgs /usr/bin/cmake --install /home/student/ros2_ws/build/scout_description
[6.500s] INFO:colcon.colcon_core.shell:Creating package descriptor '/home/student/ros2_ws/install/scout_description/share/scout_description/package.dsv'
[6.502s] INFO:colcon.colcon_core.shell:Creating package script '/home/student/ros2_ws/install/scout_description/share/scout_description/package.sh'
[6.505s] INFO:colcon.colcon_core.shell:Creating package script '/home/student/ros2_ws/install/scout_description/share/scout_description/package.bash'
[6.508s] INFO:colcon.colcon_core.shell:Creating package script '/home/student/ros2_ws/install/scout_description/share/scout_description/package.zsh'
[6.510s] Level 1:colcon.colcon_core.environment:create_file_with_runtime_dependencies(/home/student/ros2_ws/install/scout_description/share/colcon-core/packages/scout_description)
[6.511s] Level 1:colcon.colcon_core.environment:create_environment_scripts_only(scout_description)
[6.516s] Level 1:colcon.colcon_core.environment:checking '/home/student/ros2_ws/install/scout_description' for CMake module files
[6.517s] Level 1:colcon.colcon_core.environment:checking '/home/student/ros2_ws/install/scout_description' for CMake config files
[6.518s] Level 1:colcon.colcon_core.shell:create_environment_hook('scout_description', 'cmake_prefix_path')
[6.519s] INFO:colcon.colcon_core.shell:Creating environment hook '/home/student/ros2_ws/install/scout_description/share/scout_description/hook/cmake_prefix_path.ps1'
[6.520s] INFO:colcon.colcon_core.shell:Creating environment descriptor '/home/student/ros2_ws/install/scout_description/share/scout_description/hook/cmake_prefix_path.dsv'
[6.521s] INFO:colcon.colcon_core.shell:Creating environment hook '/home/student/ros2_ws/install/scout_description/share/scout_description/hook/cmake_prefix_path.sh'
[6.536s] Level 1:colcon.colcon_core.environment:checking '/home/student/ros2_ws/install/scout_description/bin'
[6.536s] Level 1:colcon.colcon_core.environment:checking '/home/student/ros2_ws/install/scout_description/lib/pkgconfig/scout_description.pc'
[6.537s] Level 1:colcon.colcon_core.environment:checking '/home/student/ros2_ws/install/scout_description/lib/python3.10/site-packages'
[6.537s] Level 1:colcon.colcon_core.environment:checking '/home/student/ros2_ws/install/scout_description/bin'
[6.538s] INFO:colcon.colcon_core.shell:Creating package script '/home/student/ros2_ws/install/scout_description/share/scout_description/package.ps1'
[6.549s] INFO:colcon.colcon_core.shell:Creating package descriptor '/home/student/ros2_ws/install/scout_description/share/scout_description/package.dsv'
[6.553s] INFO:colcon.colcon_core.shell:Creating package script '/home/student/ros2_ws/install/scout_description/share/scout_description/package.sh'
[6.562s] INFO:colcon.colcon_core.shell:Creating package script '/home/student/ros2_ws/install/scout_description/share/scout_description/package.bash'
[6.569s] INFO:colcon.colcon_core.shell:Creating package script '/home/student/ros2_ws/install/scout_description/share/scout_description/package.zsh'
[6.571s] Level 1:colcon.colcon_core.environment:create_file_with_runtime_dependencies(/home/student/ros2_ws/install/scout_description/share/colcon-core/packages/scout_description)
[6.579s] INFO:colcon.colcon_ros.task.ament_python.build:Building ROS package in '/home/student/ros2_ws/src/lidar_slam_mapping' with build type 'ament_python'
[6.583s] Level 1:colcon.colcon_core.shell:create_environment_hook('lidar_slam_mapping', 'ament_prefix_path')
[6.585s] INFO:colcon.colcon_core.shell:Creating environment hook '/home/student/ros2_ws/install/lidar_slam_mapping/share/lidar_slam_mapping/hook/ament_prefix_path.ps1'
[6.586s] INFO:colcon.colcon_core.shell:Creating environment descriptor '/home/student/ros2_ws/install/lidar_slam_mapping/share/lidar_slam_mapping/hook/ament_prefix_path.dsv'
[6.595s] INFO:colcon.colcon_core.shell:Creating environment hook '/home/student/ros2_ws/install/lidar_slam_mapping/share/lidar_slam_mapping/hook/ament_prefix_path.sh'
[6.596s] INFO:colcon.colcon_core.shell:Skip shell extension 'powershell' for command environment: Not usable outside of PowerShell
[6.597s] DEBUG:colcon.colcon_core.shell:Skip shell extension 'dsv' for command environment
[8.049s] WARNING:colcon.colcon_ros.task.ament_python.build:Package 'lidar_slam_mapping' doesn't explicitly install a marker in the package index (colcon-ros currently does it implicitly but that fallback will be removed in the future)
[8.050s] INFO:colcon.colcon_core.task.python.build:Building Python package in '/home/student/ros2_ws/src/lidar_slam_mapping'
[8.051s] INFO:colcon.colcon_core.shell:Skip shell extension 'powershell' for command environment: Not usable outside of PowerShell
[8.051s] DEBUG:colcon.colcon_core.shell:Skip shell extension 'dsv' for command environment
[8.070s] DEBUG:colcon.colcon_core.event_handler.log_command:Invoked command in '/home/student/ros2_ws/build/scout_base' returned '0': CMAKE_PREFIX_PATH=/home/student/ros2_ws/install/lidar_slam_mapping:/home/student/ros2_ws/install/lidar_slam_nav2:/opt/ros/humble:/home/student/ros2_ws/install/ugv_sdk:/home/student/ros2_ws/install/scout_msgs:/home/student/ros2_ws/install/scout_base:/home/student/ros2_ws/install/scout_description:/home/student/ros2_ws/install/rslidar_sdk:/home/student/ros2_ws/install/rslidar_msg:/home/student/ros2_ws/install/rplidar_ros:/home/student/ros2_ws/install/cartographer_rviz:/home/student/ros2_ws/install/cartographer_ros:/home/student/ros2_ws/install/cartographer_ros_msgs /usr/bin/cmake --build /home/student/ros2_ws/build/scout_base -- -j2 -l2
[8.076s] DEBUG:colcon.colcon_core.event_handler.log_command:Invoking command in '/home/student/ros2_ws/build/scout_base': CMAKE_PREFIX_PATH=/home/student/ros2_ws/install/lidar_slam_mapping:/home/student/ros2_ws/install/lidar_slam_nav2:/opt/ros/humble:/home/student/ros2_ws/install/ugv_sdk:/home/student/ros2_ws/install/scout_msgs:/home/student/ros2_ws/install/scout_base:/home/student/ros2_ws/install/scout_description:/home/student/ros2_ws/install/rslidar_sdk:/home/student/ros2_ws/install/rslidar_msg:/home/student/ros2_ws/install/rplidar_ros:/home/student/ros2_ws/install/cartographer_rviz:/home/student/ros2_ws/install/cartographer_ros:/home/student/ros2_ws/install/cartographer_ros_msgs /usr/bin/cmake --install /home/student/ros2_ws/build/scout_base
[8.172s] Level 1:colcon.colcon_core.environment:create_environment_scripts_only(scout_base)
[8.179s] Level 1:colcon.colcon_core.environment:checking '/home/student/ros2_ws/install/scout_base' for CMake module files
[8.180s] Level 1:colcon.colcon_core.environment:checking '/home/student/ros2_ws/install/scout_base' for CMake config files
[8.181s] Level 1:colcon.colcon_core.shell:create_environment_hook('scout_base', 'cmake_prefix_path')
[8.182s] INFO:colcon.colcon_core.shell:Creating environment hook '/home/student/ros2_ws/install/scout_base/share/scout_base/hook/cmake_prefix_path.ps1'
[8.183s] INFO:colcon.colcon_core.shell:Creating environment descriptor '/home/student/ros2_ws/install/scout_base/share/scout_base/hook/cmake_prefix_path.dsv'
[8.186s] DEBUG:colcon.colcon_core.event_handler.log_command:Invoked command in '/home/student/ros2_ws/build/scout_base' returned '0': CMAKE_PREFIX_PATH=/home/student/ros2_ws/install/lidar_slam_mapping:/home/student/ros2_ws/install/lidar_slam_nav2:/opt/ros/humble:/home/student/ros2_ws/install/ugv_sdk:/home/student/ros2_ws/install/scout_msgs:/home/student/ros2_ws/install/scout_base:/home/student/ros2_ws/install/scout_description:/home/student/ros2_ws/install/rslidar_sdk:/home/student/ros2_ws/install/rslidar_msg:/home/student/ros2_ws/install/rplidar_ros:/home/student/ros2_ws/install/cartographer_rviz:/home/student/ros2_ws/install/cartographer_ros:/home/student/ros2_ws/install/cartographer_ros_msgs /usr/bin/cmake --install /home/student/ros2_ws/build/scout_base
[8.195s] INFO:colcon.colcon_core.shell:Creating environment hook '/home/student/ros2_ws/install/scout_base/share/scout_base/hook/cmake_prefix_path.sh'
[8.197s] Level 1:colcon.colcon_core.environment:checking '/home/student/ros2_ws/install/scout_base/lib'
[8.197s] Level 1:colcon.colcon_core.environment:checking '/home/student/ros2_ws/install/scout_base/bin'
[8.197s] Level 1:colcon.colcon_core.environment:checking '/home/student/ros2_ws/install/scout_base/lib/pkgconfig/scout_base.pc'
[8.198s] Level 1:colcon.colcon_core.environment:checking '/home/student/ros2_ws/install/scout_base/lib/python3.10/site-packages'
[8.198s] Level 1:colcon.colcon_core.environment:checking '/home/student/ros2_ws/install/scout_base/bin'
[8.204s] INFO:colcon.colcon_core.shell:Creating package script '/home/student/ros2_ws/install/scout_base/share/scout_base/package.ps1'
[8.212s] INFO:colcon.colcon_core.shell:Creating package descriptor '/home/student/ros2_ws/install/scout_base/share/scout_base/package.dsv'
[8.216s] INFO:colcon.colcon_core.shell:Creating package script '/home/student/ros2_ws/install/scout_base/share/scout_base/package.sh'
[8.228s] INFO:colcon.colcon_core.shell:Creating package script '/home/student/ros2_ws/install/scout_base/share/scout_base/package.bash'
[8.230s] INFO:colcon.colcon_core.shell:Creating package script '/home/student/ros2_ws/install/scout_base/share/scout_base/package.zsh'
[8.233s] Level 1:colcon.colcon_core.environment:create_file_with_runtime_dependencies(/home/student/ros2_ws/install/scout_base/share/colcon-core/packages/scout_base)
[8.238s] Level 1:colcon.colcon_core.environment:create_environment_scripts_only(scout_base)
[8.238s] Level 1:colcon.colcon_core.environment:checking '/home/student/ros2_ws/install/scout_base' for CMake module files
[8.250s] Level 1:colcon.colcon_core.environment:checking '/home/student/ros2_ws/install/scout_base' for CMake config files
[8.253s] Level 1:colcon.colcon_core.shell:create_environment_hook('scout_base', 'cmake_prefix_path')
[8.262s] INFO:colcon.colcon_core.shell:Creating environment hook '/home/student/ros2_ws/install/scout_base/share/scout_base/hook/cmake_prefix_path.ps1'
[8.263s] INFO:colcon.colcon_core.shell:Creating environment descriptor '/home/student/ros2_ws/install/scout_base/share/scout_base/hook/cmake_prefix_path.dsv'
[8.264s] INFO:colcon.colcon_core.shell:Creating environment hook '/home/student/ros2_ws/install/scout_base/share/scout_base/hook/cmake_prefix_path.sh'
[8.270s] Level 1:colcon.colcon_core.environment:checking '/home/student/ros2_ws/install/scout_base/lib'
[8.273s] Level 1:colcon.colcon_core.environment:checking '/home/student/ros2_ws/install/scout_base/bin'
[8.274s] Level 1:colcon.colcon_core.environment:checking '/home/student/ros2_ws/install/scout_base/lib/pkgconfig/scout_base.pc'
[8.274s] Level 1:colcon.colcon_core.environment:checking '/home/student/ros2_ws/install/scout_base/lib/python3.10/site-packages'
[8.275s] Level 1:colcon.colcon_core.environment:checking '/home/student/ros2_ws/install/scout_base/bin'
[8.275s] INFO:colcon.colcon_core.shell:Creating package script '/home/student/ros2_ws/install/scout_base/share/scout_base/package.ps1'
[8.277s] INFO:colcon.colcon_core.shell:Creating package descriptor '/home/student/ros2_ws/install/scout_base/share/scout_base/package.dsv'
[8.287s] INFO:colcon.colcon_core.shell:Creating package script '/home/student/ros2_ws/install/scout_base/share/scout_base/package.sh'
[8.291s] INFO:colcon.colcon_core.shell:Creating package script '/home/student/ros2_ws/install/scout_base/share/scout_base/package.bash'
[8.292s] INFO:colcon.colcon_core.shell:Creating package script '/home/student/ros2_ws/install/scout_base/share/scout_base/package.zsh'
[8.295s] Level 1:colcon.colcon_core.environment:create_file_with_runtime_dependencies(/home/student/ros2_ws/install/scout_base/share/colcon-core/packages/scout_base)
[10.026s] DEBUG:colcon.colcon_core.event_handler.log_command:Invoking command in '/home/student/ros2_ws/src/lidar_slam_mapping': CMAKE_PREFIX_PATH=/home/student/ros2_ws/install/rslidar_sdk:/home/student/ros2_ws/install/rslidar_msg:/home/student/ros2_ws/install/scout_base:/home/student/ros2_ws/install/ugv_sdk:/home/student/ros2_ws/install/scout_msgs:/home/student/ros2_ws/install/scout_description:/home/student/ros2_ws/install/rplidar_ros:/home/student/ros2_ws/install/cartographer_rviz:/home/student/ros2_ws/install/cartographer_ros:/home/student/ros2_ws/install/cartographer_ros_msgs LD_LIBRARY_PATH=/home/student/ros2_ws/install/rslidar_msg/lib:/home/student/ros2_ws/install/scout_msgs/lib:/home/student/ros2_ws/install/cartographer_rviz/lib:/home/student/ros2_ws/install/cartographer_ros/lib:/home/student/ros2_ws/install/cartographer_ros_msgs/lib:/usr/lib/x86_64-linux-gnu/gazebo-11/plugins:/opt/ros/humble/opt/rviz_ogre_vendor/lib:/opt/ros/humble/lib/x86_64-linux-gnu:/opt/ros/humble/lib PYTHONPATH=/home/student/ros2_ws/build/lidar_slam_mapping/prefix_override:/usr/lib/python3/dist-packages/colcon_core/task/python/colcon_distutils_commands:/home/student/ros2_ws/install/lidar_slam_mapping/lib/python3.10/site-packages:${PYTHONPATH} /usr/bin/python3 -W ignore:setup.py install is deprecated -W ignore:easy_install command is deprecated setup.py egg_info --egg-base ../../build/lidar_slam_mapping build --build-base /home/student/ros2_ws/build/lidar_slam_mapping/build install --record /home/student/ros2_ws/build/lidar_slam_mapping/install.log --single-version-externally-managed install_data
[11.149s] Level 1:colcon.colcon_core.environment:checking '/home/student/ros2_ws/install/lidar_slam_mapping' for CMake module files
[11.149s] DEBUG:colcon.colcon_core.event_handler.log_command:Invoked command in '/home/student/ros2_ws/src/lidar_slam_mapping' returned '0': CMAKE_PREFIX_PATH=/home/student/ros2_ws/install/rslidar_sdk:/home/student/ros2_ws/install/rslidar_msg:/home/student/ros2_ws/install/scout_base:/home/student/ros2_ws/install/ugv_sdk:/home/student/ros2_ws/install/scout_msgs:/home/student/ros2_ws/install/scout_description:/home/student/ros2_ws/install/rplidar_ros:/home/student/ros2_ws/install/cartographer_rviz:/home/student/ros2_ws/install/cartographer_ros:/home/student/ros2_ws/install/cartographer_ros_msgs LD_LIBRARY_PATH=/home/student/ros2_ws/install/rslidar_msg/lib:/home/student/ros2_ws/install/scout_msgs/lib:/home/student/ros2_ws/install/cartographer_rviz/lib:/home/student/ros2_ws/install/cartographer_ros/lib:/home/student/ros2_ws/install/cartographer_ros_msgs/lib:/usr/lib/x86_64-linux-gnu/gazebo-11/plugins:/opt/ros/humble/opt/rviz_ogre_vendor/lib:/opt/ros/humble/lib/x86_64-linux-gnu:/opt/ros/humble/lib PYTHONPATH=/home/student/ros2_ws/build/lidar_slam_mapping/prefix_override:/usr/lib/python3/dist-packages/colcon_core/task/python/colcon_distutils_commands:/home/student/ros2_ws/install/lidar_slam_mapping/lib/python3.10/site-packages:${PYTHONPATH} /usr/bin/python3 -W ignore:setup.py install is deprecated -W ignore:easy_install command is deprecated setup.py egg_info --egg-base ../../build/lidar_slam_mapping build --build-base /home/student/ros2_ws/build/lidar_slam_mapping/build install --record /home/student/ros2_ws/build/lidar_slam_mapping/install.log --single-version-externally-managed install_data
[11.151s] Level 1:colcon.colcon_core.environment:checking '/home/student/ros2_ws/install/lidar_slam_mapping' for CMake config files
[11.152s] Level 1:colcon.colcon_core.environment:checking '/home/student/ros2_ws/install/lidar_slam_mapping/lib'
[11.153s] Level 1:colcon.colcon_core.environment:checking '/home/student/ros2_ws/install/lidar_slam_mapping/bin'
[11.153s] Level 1:colcon.colcon_core.environment:checking '/home/student/ros2_ws/install/lidar_slam_mapping/lib/pkgconfig/lidar_slam_mapping.pc'
[11.155s] Level 1:colcon.colcon_core.environment:checking '/home/student/ros2_ws/install/lidar_slam_mapping/lib/python3.10/site-packages'
[11.156s] Level 1:colcon.colcon_core.shell:create_environment_hook('lidar_slam_mapping', 'pythonpath')
[11.156s] INFO:colcon.colcon_core.shell:Creating environment hook '/home/student/ros2_ws/install/lidar_slam_mapping/share/lidar_slam_mapping/hook/pythonpath.ps1'
[11.158s] INFO:colcon.colcon_core.shell:Creating environment descriptor '/home/student/ros2_ws/install/lidar_slam_mapping/share/lidar_slam_mapping/hook/pythonpath.dsv'
[11.159s] INFO:colcon.colcon_core.shell:Creating environment hook '/home/student/ros2_ws/install/lidar_slam_mapping/share/lidar_slam_mapping/hook/pythonpath.sh'
[11.160s] Level 1:colcon.colcon_core.environment:checking '/home/student/ros2_ws/install/lidar_slam_mapping/bin'
[11.160s] Level 1:colcon.colcon_core.environment:create_environment_scripts_only(lidar_slam_mapping)
[11.161s] INFO:colcon.colcon_core.shell:Creating package script '/home/student/ros2_ws/install/lidar_slam_mapping/share/lidar_slam_mapping/package.ps1'
[11.162s] INFO:colcon.colcon_core.shell:Creating package descriptor '/home/student/ros2_ws/install/lidar_slam_mapping/share/lidar_slam_mapping/package.dsv'
[11.163s] INFO:colcon.colcon_core.shell:Creating package script '/home/student/ros2_ws/install/lidar_slam_mapping/share/lidar_slam_mapping/package.sh'
[11.164s] INFO:colcon.colcon_core.shell:Creating package script '/home/student/ros2_ws/install/lidar_slam_mapping/share/lidar_slam_mapping/package.bash'
[11.165s] INFO:colcon.colcon_core.shell:Creating package script '/home/student/ros2_ws/install/lidar_slam_mapping/share/lidar_slam_mapping/package.zsh'
[11.166s] Level 1:colcon.colcon_core.environment:create_file_with_runtime_dependencies(/home/student/ros2_ws/install/lidar_slam_mapping/share/colcon-core/packages/lidar_slam_mapping)
[11.167s] DEBUG:colcon.colcon_parallel_executor.executor.parallel:closing loop
[11.167s] DEBUG:colcon.colcon_parallel_executor.executor.parallel:loop closed
[11.168s] DEBUG:colcon.colcon_parallel_executor.executor.parallel:run_until_complete finished with '0'
[11.168s] DEBUG:colcon.colcon_core.event_reactor:joining thread
[11.182s] INFO:colcon.colcon_core.plugin_system:Skipping extension 'colcon_notification.desktop_notification.terminal_notifier': Not used on non-Darwin systems
[11.182s] INFO:colcon.colcon_core.plugin_system:Skipping extension 'colcon_notification.desktop_notification.win32': Not used on non-Windows systems
[11.183s] INFO:colcon.colcon_notification.desktop_notification:Sending desktop notification using 'notify2'
[11.217s] DEBUG:colcon.colcon_core.event_reactor:joined thread
[11.218s] INFO:colcon.colcon_core.shell:Creating prefix script '/home/student/ros2_ws/install/local_setup.ps1'
[11.221s] INFO:colcon.colcon_core.shell:Creating prefix util module '/home/student/ros2_ws/install/_local_setup_util_ps1.py'
[11.231s] INFO:colcon.colcon_core.shell:Creating prefix chain script '/home/student/ros2_ws/install/setup.ps1'
[11.240s] INFO:colcon.colcon_core.shell:Creating prefix script '/home/student/ros2_ws/install/local_setup.sh'
[11.242s] INFO:colcon.colcon_core.shell:Creating prefix util module '/home/student/ros2_ws/install/_local_setup_util_sh.py'
[11.245s] INFO:colcon.colcon_core.shell:Creating prefix chain script '/home/student/ros2_ws/install/setup.sh'
[11.254s] INFO:colcon.colcon_core.shell:Creating prefix script '/home/student/ros2_ws/install/local_setup.bash'
[11.256s] INFO:colcon.colcon_core.shell:Creating prefix chain script '/home/student/ros2_ws/install/setup.bash'
[11.262s] INFO:colcon.colcon_core.shell:Creating prefix script '/home/student/ros2_ws/install/local_setup.zsh'
[11.264s] INFO:colcon.colcon_core.shell:Creating prefix chain script '/home/student/ros2_ws/install/setup.zsh'
