[0.041s] Invoking command in '/home/student/ros2_ws/build/rslidar_msg': CMAKE_PREFIX_PATH=${CMAKE_PREFIX_PATH}:/home/student/ros2_ws/install/lidar_slam_mapping:/home/student/ros2_ws/install/lidar_slam_nav2:/opt/ros/humble /usr/bin/cmake /home/student/ros2_ws/src/rslidar_msg -DCMAKE_INSTALL_PREFIX=/home/student/ros2_ws/install/rslidar_msg
[0.196s] -- The C compiler identification is GNU 11.4.0
[0.336s] -- The CXX compiler identification is GNU 11.4.0
[0.351s] -- Detecting C compiler ABI info
[0.501s] -- Detecting C compiler ABI info - done
[0.523s] -- Check for working C compiler: /usr/bin/cc - skipped
[0.524s] -- Detecting C compile features
[0.525s] -- Detecting C compile features - done
[0.535s] -- Detecting CXX compiler ABI info
[0.714s] -- Detecting CXX compiler ABI info - done
[0.742s] -- Check for working CXX compiler: /usr/bin/c++ - skipped
[0.742s] -- Detecting CXX compile features
[0.743s] -- Detecting CXX compile features - done
[0.748s] -- Found ament_cmake: 1.3.11 (/opt/ros/humble/share/ament_cmake/cmake)
[1.128s] -- Found Python3: /usr/bin/python3 (found version "3.10.12") found components: Interpreter 
[1.368s] -- Found std_msgs: 4.2.4 (/opt/ros/humble/share/std_msgs/cmake)
[1.457s] -- Found rosidl_generator_c: 3.1.6 (/opt/ros/humble/share/rosidl_generator_c/cmake)
[1.471s] -- Found rosidl_adapter: 3.1.6 (/opt/ros/humble/share/rosidl_adapter/cmake)
[1.493s] -- Found rosidl_generator_cpp: 3.1.6 (/opt/ros/humble/share/rosidl_generator_cpp/cmake)
[1.526s] -- Using all available rosidl_typesupport_c: rosidl_typesupport_fastrtps_c;rosidl_typesupport_introspection_c
[1.572s] -- Using all available rosidl_typesupport_cpp: rosidl_typesupport_fastrtps_cpp;rosidl_typesupport_introspection_cpp
[1.645s] -- Found rclcpp: 16.0.11 (/opt/ros/humble/share/rclcpp/cmake)
[1.749s] -- Found rmw_implementation_cmake: 6.1.2 (/opt/ros/humble/share/rmw_implementation_cmake/cmake)
[1.757s] -- Found rmw_fastrtps_cpp: 6.2.7 (/opt/ros/humble/share/rmw_fastrtps_cpp/cmake)
[1.962s] -- Found OpenSSL: /usr/lib/x86_64-linux-gnu/libcrypto.so (found version "3.0.2")  
[2.040s] -- Found FastRTPS: /opt/ros/humble/include  
[2.146s] -- Using RMW implementation 'rmw_fastrtps_cpp' as default
[2.166s] -- Looking for pthread.h
[2.330s] -- Looking for pthread.h - found
[2.331s] -- Performing Test CMAKE_HAVE_LIBC_PTHREAD
[2.507s] -- Performing Test CMAKE_HAVE_LIBC_PTHREAD - Success
[2.510s] -- Found Threads: TRUE  
[2.655s] -- Found rosidl_default_generators: 1.2.0 (/opt/ros/humble/share/rosidl_default_generators/cmake)
[3.602s] -- Found ament_cmake_ros: 0.10.0 (/opt/ros/humble/share/ament_cmake_ros/cmake)
[4.723s] -- Using all available rosidl_typesupport_c: rosidl_typesupport_fastrtps_c;rosidl_typesupport_introspection_c
[5.455s] -- Using all available rosidl_typesupport_cpp: rosidl_typesupport_fastrtps_cpp;rosidl_typesupport_introspection_cpp
[5.561s] -- Found PythonInterp: /usr/bin/python3 (found suitable version "3.10.12", minimum required is "3.6") 
[5.565s] -- Found python_cmake_module: 0.10.0 (/opt/ros/humble/share/python_cmake_module/cmake)
[5.696s] -- Found PythonLibs: /usr/lib/x86_64-linux-gnu/libpython3.10.so (found suitable version "3.10.12", minimum required is "3.5") 
[5.697s] -- Using PYTHON_EXECUTABLE: /usr/bin/python3
[5.697s] -- Using PYTHON_INCLUDE_DIRS: /usr/include/python3.10
[5.697s] -- Using PYTHON_LIBRARIES: /usr/lib/x86_64-linux-gnu/libpython3.10.so
[5.784s] -- Found PythonExtra: .so  
[5.931s] -- Found ament_lint_auto: 0.12.11 (/opt/ros/humble/share/ament_lint_auto/cmake)
[5.985s] -- Added test 'copyright' to check source files copyright and LICENSE
[6.001s] -- Added test 'lint_cmake' to check CMake code style
[6.009s] -- Added test 'xmllint' to check XML markup files
[6.017s] -- Configuring done
[6.111s] -- Generating done
[6.146s] -- Build files have been written to: /home/student/ros2_ws/build/rslidar_msg
[6.192s] Invoked command in '/home/student/ros2_ws/build/rslidar_msg' returned '0': CMAKE_PREFIX_PATH=${CMAKE_PREFIX_PATH}:/home/student/ros2_ws/install/lidar_slam_mapping:/home/student/ros2_ws/install/lidar_slam_nav2:/opt/ros/humble /usr/bin/cmake /home/student/ros2_ws/src/rslidar_msg -DCMAKE_INSTALL_PREFIX=/home/student/ros2_ws/install/rslidar_msg
[6.194s] Invoking command in '/home/student/ros2_ws/build/rslidar_msg': CMAKE_PREFIX_PATH=${CMAKE_PREFIX_PATH}:/home/student/ros2_ws/install/lidar_slam_mapping:/home/student/ros2_ws/install/lidar_slam_nav2:/opt/ros/humble /usr/bin/cmake --build /home/student/ros2_ws/build/rslidar_msg -- -j2 -l2
[6.307s] [  3%] [34m[1mGenerating C++ code for ROS interfaces[0m
[6.362s] [  6%] [34m[1mGenerating C code for ROS interfaces[0m
[7.731s] [  6%] Built target rslidar_msg__cpp
[7.813s] [  9%] [32mBuilding C object CMakeFiles/rslidar_msg__rosidl_generator_c.dir/rosidl_generator_c/rslidar_msg/msg/detail/rslidar_packet__functions.c.o[0m
[7.853s] [  9%] Built target ament_cmake_python_copy_rslidar_msg
[7.903s] [ 12%] [34m[1mGenerating C++ type support dispatch for ROS interfaces[0m
[8.055s] [ 16%] [32m[1mLinking C shared library librslidar_msg__rosidl_generator_c.so[0m
[8.269s] [ 16%] Built target rslidar_msg__rosidl_generator_c
[8.322s] [ 19%] [34m[1mGenerating C++ type support for eProsima Fast-RTPS[0m
[9.088s] [ 22%] [32mBuilding CXX object CMakeFiles/rslidar_msg__rosidl_typesupport_cpp.dir/rosidl_typesupport_cpp/rslidar_msg/msg/rslidar_packet__type_support.cpp.o[0m
[9.761s] [ 25%] [32mBuilding CXX object CMakeFiles/rslidar_msg__rosidl_typesupport_fastrtps_cpp.dir/rosidl_typesupport_fastrtps_cpp/rslidar_msg/msg/detail/dds_fastrtps/rslidar_packet__type_support.cpp.o[0m
[10.628s] [ 29%] [32m[1mLinking CXX shared library librslidar_msg__rosidl_typesupport_cpp.so[0m
[10.869s] [ 29%] Built target rslidar_msg__rosidl_typesupport_cpp
[10.935s] [ 32%] [34m[1mGenerating C introspection for ROS interfaces[0m
[12.148s] [ 35%] [32m[1mLinking CXX shared library librslidar_msg__rosidl_typesupport_fastrtps_cpp.so[0m
[12.230s] [ 38%] [32mBuilding C object CMakeFiles/rslidar_msg__rosidl_typesupport_introspection_c.dir/rosidl_typesupport_introspection_c/rslidar_msg/msg/detail/rslidar_packet__type_support.c.o[0m
[12.411s] [ 41%] [32m[1mLinking C shared library librslidar_msg__rosidl_typesupport_introspection_c.so[0m
[12.550s] [ 41%] Built target rslidar_msg__rosidl_typesupport_introspection_c
[12.577s] [ 41%] Built target rslidar_msg__rosidl_typesupport_fastrtps_cpp
[12.586s] [ 45%] [34m[1mGenerating C type support dispatch for ROS interfaces[0m
[12.630s] [ 48%] [34m[1mGenerating C++ introspection for ROS interfaces[0m
[13.897s] [ 51%] [32mBuilding CXX object CMakeFiles/rslidar_msg__rosidl_typesupport_c.dir/rosidl_typesupport_c/rslidar_msg/msg/rslidar_packet__type_support.cpp.o[0m
[13.999s] [ 54%] [32mBuilding CXX object CMakeFiles/rslidar_msg__rosidl_typesupport_introspection_cpp.dir/rosidl_typesupport_introspection_cpp/rslidar_msg/msg/detail/rslidar_packet__type_support.cpp.o[0m
[14.051s] [ 58%] [32m[1mLinking CXX shared library librslidar_msg__rosidl_typesupport_c.so[0m
[14.278s] [ 58%] Built target rslidar_msg__rosidl_typesupport_c
[15.760s] running egg_info
[15.763s] creating rslidar_msg.egg-info
[15.764s] writing rslidar_msg.egg-info/PKG-INFO
[15.765s] writing dependency_links to rslidar_msg.egg-info/dependency_links.txt
[15.772s] writing top-level names to rslidar_msg.egg-info/top_level.txt
[15.773s] writing manifest file 'rslidar_msg.egg-info/SOURCES.txt'
[15.782s] reading manifest file 'rslidar_msg.egg-info/SOURCES.txt'
[15.787s] writing manifest file 'rslidar_msg.egg-info/SOURCES.txt'
[15.975s] [ 58%] Built target ament_cmake_python_build_rslidar_msg_egg
[16.043s] [ 61%] [34m[1mGenerating C type support for eProsima Fast-RTPS[0m
[16.483s] [ 64%] [32m[1mLinking CXX shared library librslidar_msg__rosidl_typesupport_introspection_cpp.so[0m
[16.962s] [ 64%] Built target rslidar_msg__rosidl_typesupport_introspection_cpp
[17.399s] [ 67%] [32mBuilding CXX object CMakeFiles/rslidar_msg__rosidl_typesupport_fastrtps_c.dir/rosidl_typesupport_fastrtps_c/rslidar_msg/msg/detail/rslidar_packet__type_support_c.cpp.o[0m
[18.524s] [ 70%] [32m[1mLinking CXX shared library librslidar_msg__rosidl_typesupport_fastrtps_c.so[0m
[18.727s] [ 70%] Built target rslidar_msg__rosidl_typesupport_fastrtps_c
[18.767s] [ 70%] Built target rslidar_msg
[18.808s] [ 74%] [34m[1mGenerating Python code for ROS interfaces[0m
[19.698s] [ 74%] Built target rslidar_msg__py
[19.739s] [ 77%] [32mBuilding C object CMakeFiles/rslidar_msg__rosidl_generator_py.dir/rosidl_generator_py/rslidar_msg/msg/_rslidar_packet_s.c.o[0m
[20.006s] [ 80%] [32m[1mLinking C shared library rosidl_generator_py/rslidar_msg/librslidar_msg__rosidl_generator_py.so[0m
[20.101s] [ 80%] Built target rslidar_msg__rosidl_generator_py
[20.143s] [ 83%] [32mBuilding C object CMakeFiles/rslidar_msg__rosidl_typesupport_fastrtps_c__pyext.dir/rosidl_generator_py/rslidar_msg/_rslidar_msg_s.ep.rosidl_typesupport_fastrtps_c.c.o[0m
[20.390s] [ 87%] [32m[1mLinking C shared library rosidl_generator_py/rslidar_msg/rslidar_msg_s__rosidl_typesupport_fastrtps_c.cpython-310-x86_64-linux-gnu.so[0m
[20.476s] [ 87%] Built target rslidar_msg__rosidl_typesupport_fastrtps_c__pyext
[20.518s] [ 90%] [32mBuilding C object CMakeFiles/rslidar_msg__rosidl_typesupport_introspection_c__pyext.dir/rosidl_generator_py/rslidar_msg/_rslidar_msg_s.ep.rosidl_typesupport_introspection_c.c.o[0m
[20.759s] [ 93%] [32m[1mLinking C shared library rosidl_generator_py/rslidar_msg/rslidar_msg_s__rosidl_typesupport_introspection_c.cpython-310-x86_64-linux-gnu.so[0m
[20.844s] [ 93%] Built target rslidar_msg__rosidl_typesupport_introspection_c__pyext
[20.886s] [ 96%] [32mBuilding C object CMakeFiles/rslidar_msg__rosidl_typesupport_c__pyext.dir/rosidl_generator_py/rslidar_msg/_rslidar_msg_s.ep.rosidl_typesupport_c.c.o[0m
[21.162s] [100%] [32m[1mLinking C shared library rosidl_generator_py/rslidar_msg/rslidar_msg_s__rosidl_typesupport_c.cpython-310-x86_64-linux-gnu.so[0m
[21.265s] [100%] Built target rslidar_msg__rosidl_typesupport_c__pyext
[21.289s] Invoked command in '/home/student/ros2_ws/build/rslidar_msg' returned '0': CMAKE_PREFIX_PATH=${CMAKE_PREFIX_PATH}:/home/student/ros2_ws/install/lidar_slam_mapping:/home/student/ros2_ws/install/lidar_slam_nav2:/opt/ros/humble /usr/bin/cmake --build /home/student/ros2_ws/build/rslidar_msg -- -j2 -l2
[21.309s] Invoking command in '/home/student/ros2_ws/build/rslidar_msg': CMAKE_PREFIX_PATH=${CMAKE_PREFIX_PATH}:/home/student/ros2_ws/install/lidar_slam_mapping:/home/student/ros2_ws/install/lidar_slam_nav2:/opt/ros/humble /usr/bin/cmake --install /home/student/ros2_ws/build/rslidar_msg
[21.327s] -- Install configuration: ""
[21.328s] -- Installing: /home/student/ros2_ws/install/rslidar_msg/share/ament_index/resource_index/rosidl_interfaces/rslidar_msg
[21.328s] -- Installing: /home/student/ros2_ws/install/rslidar_msg/include/rslidar_msg/rslidar_msg
[21.332s] -- Installing: /home/student/ros2_ws/install/rslidar_msg/include/rslidar_msg/rslidar_msg/msg
[21.333s] -- Installing: /home/student/ros2_ws/install/rslidar_msg/include/rslidar_msg/rslidar_msg/msg/rslidar_packet.h
[21.333s] -- Installing: /home/student/ros2_ws/install/rslidar_msg/include/rslidar_msg/rslidar_msg/msg/rosidl_generator_c__visibility_control.h
[21.333s] -- Installing: /home/student/ros2_ws/install/rslidar_msg/include/rslidar_msg/rslidar_msg/msg/detail
[21.334s] -- Installing: /home/student/ros2_ws/install/rslidar_msg/include/rslidar_msg/rslidar_msg/msg/detail/rslidar_packet__type_support.h
[21.334s] -- Installing: /home/student/ros2_ws/install/rslidar_msg/include/rslidar_msg/rslidar_msg/msg/detail/rslidar_packet__functions.c
[21.334s] -- Installing: /home/student/ros2_ws/install/rslidar_msg/include/rslidar_msg/rslidar_msg/msg/detail/rslidar_packet__struct.h
[21.335s] -- Installing: /home/student/ros2_ws/install/rslidar_msg/include/rslidar_msg/rslidar_msg/msg/detail/rslidar_packet__functions.h
[21.335s] -- Installing: /home/student/ros2_ws/install/rslidar_msg/share/rslidar_msg/environment/library_path.sh
[21.336s] -- Installing: /home/student/ros2_ws/install/rslidar_msg/share/rslidar_msg/environment/library_path.dsv
[21.336s] -- Installing: /home/student/ros2_ws/install/rslidar_msg/lib/librslidar_msg__rosidl_generator_c.so
[21.337s] -- Set runtime path of "/home/student/ros2_ws/install/rslidar_msg/lib/librslidar_msg__rosidl_generator_c.so" to ""
[21.339s] -- Up-to-date: /home/student/ros2_ws/install/rslidar_msg/include/rslidar_msg/rslidar_msg
[21.339s] -- Up-to-date: /home/student/ros2_ws/install/rslidar_msg/include/rslidar_msg/rslidar_msg/msg
[21.340s] -- Installing: /home/student/ros2_ws/install/rslidar_msg/include/rslidar_msg/rslidar_msg/msg/rosidl_typesupport_fastrtps_c__visibility_control.h
[21.340s] -- Up-to-date: /home/student/ros2_ws/install/rslidar_msg/include/rslidar_msg/rslidar_msg/msg/detail
[21.340s] -- Installing: /home/student/ros2_ws/install/rslidar_msg/include/rslidar_msg/rslidar_msg/msg/detail/rslidar_packet__rosidl_typesupport_fastrtps_c.h
[21.340s] -- Installing: /home/student/ros2_ws/install/rslidar_msg/lib/librslidar_msg__rosidl_typesupport_fastrtps_c.so
[21.341s] -- Set runtime path of "/home/student/ros2_ws/install/rslidar_msg/lib/librslidar_msg__rosidl_typesupport_fastrtps_c.so" to ""
[21.342s] -- Up-to-date: /home/student/ros2_ws/install/rslidar_msg/include/rslidar_msg/rslidar_msg
[21.342s] -- Up-to-date: /home/student/ros2_ws/install/rslidar_msg/include/rslidar_msg/rslidar_msg/msg
[21.342s] -- Installing: /home/student/ros2_ws/install/rslidar_msg/include/rslidar_msg/rslidar_msg/msg/rslidar_packet.hpp
[21.342s] -- Installing: /home/student/ros2_ws/install/rslidar_msg/include/rslidar_msg/rslidar_msg/msg/rosidl_generator_cpp__visibility_control.hpp
[21.343s] -- Up-to-date: /home/student/ros2_ws/install/rslidar_msg/include/rslidar_msg/rslidar_msg/msg/detail
[21.343s] -- Installing: /home/student/ros2_ws/install/rslidar_msg/include/rslidar_msg/rslidar_msg/msg/detail/rslidar_packet__type_support.hpp
[21.343s] -- Installing: /home/student/ros2_ws/install/rslidar_msg/include/rslidar_msg/rslidar_msg/msg/detail/rslidar_packet__struct.hpp
[21.343s] -- Installing: /home/student/ros2_ws/install/rslidar_msg/include/rslidar_msg/rslidar_msg/msg/detail/rslidar_packet__builder.hpp
[21.344s] -- Installing: /home/student/ros2_ws/install/rslidar_msg/include/rslidar_msg/rslidar_msg/msg/detail/rslidar_packet__traits.hpp
[21.344s] -- Up-to-date: /home/student/ros2_ws/install/rslidar_msg/include/rslidar_msg/rslidar_msg
[21.344s] -- Up-to-date: /home/student/ros2_ws/install/rslidar_msg/include/rslidar_msg/rslidar_msg/msg
[21.345s] -- Up-to-date: /home/student/ros2_ws/install/rslidar_msg/include/rslidar_msg/rslidar_msg/msg/detail
[21.345s] -- Installing: /home/student/ros2_ws/install/rslidar_msg/include/rslidar_msg/rslidar_msg/msg/detail/rslidar_packet__rosidl_typesupport_fastrtps_cpp.hpp
[21.345s] -- Installing: /home/student/ros2_ws/install/rslidar_msg/include/rslidar_msg/rslidar_msg/msg/detail/dds_fastrtps
[21.348s] -- Installing: /home/student/ros2_ws/install/rslidar_msg/include/rslidar_msg/rslidar_msg/msg/rosidl_typesupport_fastrtps_cpp__visibility_control.h
[21.348s] -- Installing: /home/student/ros2_ws/install/rslidar_msg/lib/librslidar_msg__rosidl_typesupport_fastrtps_cpp.so
[21.349s] -- Set runtime path of "/home/student/ros2_ws/install/rslidar_msg/lib/librslidar_msg__rosidl_typesupport_fastrtps_cpp.so" to ""
[21.349s] -- Up-to-date: /home/student/ros2_ws/install/rslidar_msg/include/rslidar_msg/rslidar_msg
[21.349s] -- Up-to-date: /home/student/ros2_ws/install/rslidar_msg/include/rslidar_msg/rslidar_msg/msg
[21.349s] -- Installing: /home/student/ros2_ws/install/rslidar_msg/include/rslidar_msg/rslidar_msg/msg/rosidl_typesupport_introspection_c__visibility_control.h
[21.350s] -- Up-to-date: /home/student/ros2_ws/install/rslidar_msg/include/rslidar_msg/rslidar_msg/msg/detail
[21.350s] -- Installing: /home/student/ros2_ws/install/rslidar_msg/include/rslidar_msg/rslidar_msg/msg/detail/rslidar_packet__type_support.c
[21.350s] -- Installing: /home/student/ros2_ws/install/rslidar_msg/include/rslidar_msg/rslidar_msg/msg/detail/rslidar_packet__rosidl_typesupport_introspection_c.h
[21.350s] -- Installing: /home/student/ros2_ws/install/rslidar_msg/lib/librslidar_msg__rosidl_typesupport_introspection_c.so
[21.350s] -- Set runtime path of "/home/student/ros2_ws/install/rslidar_msg/lib/librslidar_msg__rosidl_typesupport_introspection_c.so" to ""
[21.351s] -- Installing: /home/student/ros2_ws/install/rslidar_msg/lib/librslidar_msg__rosidl_typesupport_c.so
[21.352s] -- Set runtime path of "/home/student/ros2_ws/install/rslidar_msg/lib/librslidar_msg__rosidl_typesupport_c.so" to ""
[21.352s] -- Up-to-date: /home/student/ros2_ws/install/rslidar_msg/include/rslidar_msg/rslidar_msg
[21.353s] -- Up-to-date: /home/student/ros2_ws/install/rslidar_msg/include/rslidar_msg/rslidar_msg/msg
[21.353s] -- Up-to-date: /home/student/ros2_ws/install/rslidar_msg/include/rslidar_msg/rslidar_msg/msg/detail
[21.353s] -- Installing: /home/student/ros2_ws/install/rslidar_msg/include/rslidar_msg/rslidar_msg/msg/detail/rslidar_packet__rosidl_typesupport_introspection_cpp.hpp
[21.355s] -- Installing: /home/student/ros2_ws/install/rslidar_msg/include/rslidar_msg/rslidar_msg/msg/detail/rslidar_packet__type_support.cpp
[21.355s] -- Installing: /home/student/ros2_ws/install/rslidar_msg/lib/librslidar_msg__rosidl_typesupport_introspection_cpp.so
[21.355s] -- Set runtime path of "/home/student/ros2_ws/install/rslidar_msg/lib/librslidar_msg__rosidl_typesupport_introspection_cpp.so" to ""
[21.356s] -- Installing: /home/student/ros2_ws/install/rslidar_msg/lib/librslidar_msg__rosidl_typesupport_cpp.so
[21.357s] -- Set runtime path of "/home/student/ros2_ws/install/rslidar_msg/lib/librslidar_msg__rosidl_typesupport_cpp.so" to ""
[21.357s] -- Installing: /home/student/ros2_ws/install/rslidar_msg/share/rslidar_msg/environment/pythonpath.sh
[21.357s] -- Installing: /home/student/ros2_ws/install/rslidar_msg/share/rslidar_msg/environment/pythonpath.dsv
[21.357s] -- Installing: /home/student/ros2_ws/install/rslidar_msg/local/lib/python3.10/dist-packages/rslidar_msg-0.0.0-py3.10.egg-info
[21.358s] -- Installing: /home/student/ros2_ws/install/rslidar_msg/local/lib/python3.10/dist-packages/rslidar_msg-0.0.0-py3.10.egg-info/top_level.txt
[21.359s] -- Installing: /home/student/ros2_ws/install/rslidar_msg/local/lib/python3.10/dist-packages/rslidar_msg-0.0.0-py3.10.egg-info/SOURCES.txt
[21.359s] -- Installing: /home/student/ros2_ws/install/rslidar_msg/local/lib/python3.10/dist-packages/rslidar_msg-0.0.0-py3.10.egg-info/dependency_links.txt
[21.360s] -- Installing: /home/student/ros2_ws/install/rslidar_msg/local/lib/python3.10/dist-packages/rslidar_msg-0.0.0-py3.10.egg-info/PKG-INFO
[21.360s] -- Installing: /home/student/ros2_ws/install/rslidar_msg/local/lib/python3.10/dist-packages/rslidar_msg
[21.360s] -- Installing: /home/student/ros2_ws/install/rslidar_msg/local/lib/python3.10/dist-packages/rslidar_msg/librslidar_msg__rosidl_generator_py.so
[21.360s] -- Installing: /home/student/ros2_ws/install/rslidar_msg/local/lib/python3.10/dist-packages/rslidar_msg/_rslidar_msg_s.ep.rosidl_typesupport_c.c
[21.363s] -- Installing: /home/student/ros2_ws/install/rslidar_msg/local/lib/python3.10/dist-packages/rslidar_msg/rslidar_msg_s__rosidl_typesupport_introspection_c.cpython-310-x86_64-linux-gnu.so
[21.364s] -- Installing: /home/student/ros2_ws/install/rslidar_msg/local/lib/python3.10/dist-packages/rslidar_msg/_rslidar_msg_s.ep.rosidl_typesupport_fastrtps_c.c
[21.364s] -- Installing: /home/student/ros2_ws/install/rslidar_msg/local/lib/python3.10/dist-packages/rslidar_msg/msg
[21.364s] -- Installing: /home/student/ros2_ws/install/rslidar_msg/local/lib/python3.10/dist-packages/rslidar_msg/msg/_rslidar_packet.py
[21.364s] -- Installing: /home/student/ros2_ws/install/rslidar_msg/local/lib/python3.10/dist-packages/rslidar_msg/msg/__init__.py
[21.365s] -- Installing: /home/student/ros2_ws/install/rslidar_msg/local/lib/python3.10/dist-packages/rslidar_msg/msg/_rslidar_packet_s.c
[21.365s] -- Installing: /home/student/ros2_ws/install/rslidar_msg/local/lib/python3.10/dist-packages/rslidar_msg/_rslidar_msg_s.ep.rosidl_typesupport_introspection_c.c
[21.365s] -- Installing: /home/student/ros2_ws/install/rslidar_msg/local/lib/python3.10/dist-packages/rslidar_msg/__init__.py
[21.365s] -- Installing: /home/student/ros2_ws/install/rslidar_msg/local/lib/python3.10/dist-packages/rslidar_msg/rslidar_msg_s__rosidl_typesupport_fastrtps_c.cpython-310-x86_64-linux-gnu.so
[21.366s] -- Installing: /home/student/ros2_ws/install/rslidar_msg/local/lib/python3.10/dist-packages/rslidar_msg/rslidar_msg_s__rosidl_typesupport_c.cpython-310-x86_64-linux-gnu.so
[21.447s] Listing '/home/student/ros2_ws/install/rslidar_msg/local/lib/python3.10/dist-packages/rslidar_msg'...
[21.447s] Compiling '/home/student/ros2_ws/install/rslidar_msg/local/lib/python3.10/dist-packages/rslidar_msg/__init__.py'...
[21.448s] Listing '/home/student/ros2_ws/install/rslidar_msg/local/lib/python3.10/dist-packages/rslidar_msg/msg'...
[21.448s] Compiling '/home/student/ros2_ws/install/rslidar_msg/local/lib/python3.10/dist-packages/rslidar_msg/msg/__init__.py'...
[21.449s] Compiling '/home/student/ros2_ws/install/rslidar_msg/local/lib/python3.10/dist-packages/rslidar_msg/msg/_rslidar_packet.py'...
[21.462s] -- Installing: /home/student/ros2_ws/install/rslidar_msg/local/lib/python3.10/dist-packages/rslidar_msg/rslidar_msg_s__rosidl_typesupport_fastrtps_c.cpython-310-x86_64-linux-gnu.so
[21.462s] -- Set runtime path of "/home/student/ros2_ws/install/rslidar_msg/local/lib/python3.10/dist-packages/rslidar_msg/rslidar_msg_s__rosidl_typesupport_fastrtps_c.cpython-310-x86_64-linux-gnu.so" to ""
[21.463s] -- Installing: /home/student/ros2_ws/install/rslidar_msg/local/lib/python3.10/dist-packages/rslidar_msg/rslidar_msg_s__rosidl_typesupport_introspection_c.cpython-310-x86_64-linux-gnu.so
[21.463s] -- Set runtime path of "/home/student/ros2_ws/install/rslidar_msg/local/lib/python3.10/dist-packages/rslidar_msg/rslidar_msg_s__rosidl_typesupport_introspection_c.cpython-310-x86_64-linux-gnu.so" to ""
[21.464s] -- Installing: /home/student/ros2_ws/install/rslidar_msg/local/lib/python3.10/dist-packages/rslidar_msg/rslidar_msg_s__rosidl_typesupport_c.cpython-310-x86_64-linux-gnu.so
[21.464s] -- Set runtime path of "/home/student/ros2_ws/install/rslidar_msg/local/lib/python3.10/dist-packages/rslidar_msg/rslidar_msg_s__rosidl_typesupport_c.cpython-310-x86_64-linux-gnu.so" to ""
[21.465s] -- Installing: /home/student/ros2_ws/install/rslidar_msg/lib/librslidar_msg__rosidl_generator_py.so
[21.466s] -- Set runtime path of "/home/student/ros2_ws/install/rslidar_msg/lib/librslidar_msg__rosidl_generator_py.so" to ""
[21.466s] -- Installing: /home/student/ros2_ws/install/rslidar_msg/share/rslidar_msg/msg/RslidarPacket.idl
[21.466s] -- Installing: /home/student/ros2_ws/install/rslidar_msg/share/rslidar_msg/msg/RslidarPacket.msg
[21.467s] -- Installing: /home/student/ros2_ws/install/rslidar_msg/share/ament_index/resource_index/package_run_dependencies/rslidar_msg
[21.467s] -- Installing: /home/student/ros2_ws/install/rslidar_msg/share/ament_index/resource_index/parent_prefix_path/rslidar_msg
[21.468s] -- Installing: /home/student/ros2_ws/install/rslidar_msg/share/rslidar_msg/environment/ament_prefix_path.sh
[21.468s] -- Installing: /home/student/ros2_ws/install/rslidar_msg/share/rslidar_msg/environment/ament_prefix_path.dsv
[21.468s] -- Installing: /home/student/ros2_ws/install/rslidar_msg/share/rslidar_msg/environment/path.sh
[21.469s] -- Installing: /home/student/ros2_ws/install/rslidar_msg/share/rslidar_msg/environment/path.dsv
[21.469s] -- Installing: /home/student/ros2_ws/install/rslidar_msg/share/rslidar_msg/local_setup.bash
[21.470s] -- Installing: /home/student/ros2_ws/install/rslidar_msg/share/rslidar_msg/local_setup.sh
[21.470s] -- Installing: /home/student/ros2_ws/install/rslidar_msg/share/rslidar_msg/local_setup.zsh
[21.471s] -- Installing: /home/student/ros2_ws/install/rslidar_msg/share/rslidar_msg/local_setup.dsv
[21.471s] -- Installing: /home/student/ros2_ws/install/rslidar_msg/share/rslidar_msg/package.dsv
[21.472s] -- Installing: /home/student/ros2_ws/install/rslidar_msg/share/ament_index/resource_index/packages/rslidar_msg
[21.472s] -- Installing: /home/student/ros2_ws/install/rslidar_msg/share/rslidar_msg/cmake/export_rslidar_msg__rosidl_generator_cExport.cmake
[21.472s] -- Installing: /home/student/ros2_ws/install/rslidar_msg/share/rslidar_msg/cmake/export_rslidar_msg__rosidl_generator_cExport-noconfig.cmake
[21.473s] -- Installing: /home/student/ros2_ws/install/rslidar_msg/share/rslidar_msg/cmake/export_rslidar_msg__rosidl_typesupport_fastrtps_cExport.cmake
[21.473s] -- Installing: /home/student/ros2_ws/install/rslidar_msg/share/rslidar_msg/cmake/export_rslidar_msg__rosidl_typesupport_fastrtps_cExport-noconfig.cmake
[21.474s] -- Installing: /home/student/ros2_ws/install/rslidar_msg/share/rslidar_msg/cmake/export_rslidar_msg__rosidl_generator_cppExport.cmake
[21.474s] -- Installing: /home/student/ros2_ws/install/rslidar_msg/share/rslidar_msg/cmake/export_rslidar_msg__rosidl_typesupport_fastrtps_cppExport.cmake
[21.475s] -- Installing: /home/student/ros2_ws/install/rslidar_msg/share/rslidar_msg/cmake/export_rslidar_msg__rosidl_typesupport_fastrtps_cppExport-noconfig.cmake
[21.475s] -- Installing: /home/student/ros2_ws/install/rslidar_msg/share/rslidar_msg/cmake/rslidar_msg__rosidl_typesupport_introspection_cExport.cmake
[21.475s] -- Installing: /home/student/ros2_ws/install/rslidar_msg/share/rslidar_msg/cmake/rslidar_msg__rosidl_typesupport_introspection_cExport-noconfig.cmake
[21.476s] -- Installing: /home/student/ros2_ws/install/rslidar_msg/share/rslidar_msg/cmake/rslidar_msg__rosidl_typesupport_cExport.cmake
[21.476s] -- Installing: /home/student/ros2_ws/install/rslidar_msg/share/rslidar_msg/cmake/rslidar_msg__rosidl_typesupport_cExport-noconfig.cmake
[21.477s] -- Installing: /home/student/ros2_ws/install/rslidar_msg/share/rslidar_msg/cmake/rslidar_msg__rosidl_typesupport_introspection_cppExport.cmake
[21.477s] -- Installing: /home/student/ros2_ws/install/rslidar_msg/share/rslidar_msg/cmake/rslidar_msg__rosidl_typesupport_introspection_cppExport-noconfig.cmake
[21.477s] -- Installing: /home/student/ros2_ws/install/rslidar_msg/share/rslidar_msg/cmake/rslidar_msg__rosidl_typesupport_cppExport.cmake
[21.478s] -- Installing: /home/student/ros2_ws/install/rslidar_msg/share/rslidar_msg/cmake/rslidar_msg__rosidl_typesupport_cppExport-noconfig.cmake
[21.478s] -- Installing: /home/student/ros2_ws/install/rslidar_msg/share/rslidar_msg/cmake/export_rslidar_msg__rosidl_generator_pyExport.cmake
[21.479s] -- Installing: /home/student/ros2_ws/install/rslidar_msg/share/rslidar_msg/cmake/export_rslidar_msg__rosidl_generator_pyExport-noconfig.cmake
[21.479s] -- Installing: /home/student/ros2_ws/install/rslidar_msg/share/rslidar_msg/cmake/rosidl_cmake-extras.cmake
[21.479s] -- Installing: /home/student/ros2_ws/install/rslidar_msg/share/rslidar_msg/cmake/ament_cmake_export_dependencies-extras.cmake
[21.480s] -- Installing: /home/student/ros2_ws/install/rslidar_msg/share/rslidar_msg/cmake/ament_cmake_export_include_directories-extras.cmake
[21.480s] -- Installing: /home/student/ros2_ws/install/rslidar_msg/share/rslidar_msg/cmake/ament_cmake_export_libraries-extras.cmake
[21.481s] -- Installing: /home/student/ros2_ws/install/rslidar_msg/share/rslidar_msg/cmake/ament_cmake_export_targets-extras.cmake
[21.481s] -- Installing: /home/student/ros2_ws/install/rslidar_msg/share/rslidar_msg/cmake/rosidl_cmake_export_typesupport_targets-extras.cmake
[21.482s] -- Installing: /home/student/ros2_ws/install/rslidar_msg/share/rslidar_msg/cmake/rosidl_cmake_export_typesupport_libraries-extras.cmake
[21.482s] -- Installing: /home/student/ros2_ws/install/rslidar_msg/share/rslidar_msg/cmake/rslidar_msgConfig.cmake
[21.484s] -- Installing: /home/student/ros2_ws/install/rslidar_msg/share/rslidar_msg/cmake/rslidar_msgConfig-version.cmake
[21.484s] -- Installing: /home/student/ros2_ws/install/rslidar_msg/share/rslidar_msg/package.xml
[21.488s] Invoked command in '/home/student/ros2_ws/build/rslidar_msg' returned '0': CMAKE_PREFIX_PATH=${CMAKE_PREFIX_PATH}:/home/student/ros2_ws/install/lidar_slam_mapping:/home/student/ros2_ws/install/lidar_slam_nav2:/opt/ros/humble /usr/bin/cmake --install /home/student/ros2_ws/build/rslidar_msg
