[0.106s] Invoking command in '/home/student/ros2_ws/build/scout_base': CMAKE_PREFIX_PATH=/home/student/ros2_ws/install/robot_control:/home/student/ros2_ws/install/lidar_slam_mapping:/home/student/ros2_ws/install/object_recognition:/home/student/ros2_ws/install/autonomous_driving:/opt/ros/humble:/home/student/ros2_ws/install/ugv_sdk:/home/student/ros2_ws/install/scout_msgs:/home/student/ros2_ws/install/scout_base:/home/student/ros2_ws/install/scout_description:/home/student/ros2_ws/install/rslidar_sdk:/home/student/ros2_ws/install/rslidar_msg /usr/bin/cmake --build /home/student/ros2_ws/build/scout_base -- -j2 -l2
[0.389s] [35m[1mConsolidate compiler generated dependencies of target scout_base_node[0m
[0.526s] [100%] Built target scout_base_node
[0.581s] Invoked command in '/home/student/ros2_ws/build/scout_base' returned '0': CMAKE_PREFIX_PATH=/home/student/ros2_ws/install/robot_control:/home/student/ros2_ws/install/lidar_slam_mapping:/home/student/ros2_ws/install/object_recognition:/home/student/ros2_ws/install/autonomous_driving:/opt/ros/humble:/home/student/ros2_ws/install/ugv_sdk:/home/student/ros2_ws/install/scout_msgs:/home/student/ros2_ws/install/scout_base:/home/student/ros2_ws/install/scout_description:/home/student/ros2_ws/install/rslidar_sdk:/home/student/ros2_ws/install/rslidar_msg /usr/bin/cmake --build /home/student/ros2_ws/build/scout_base -- -j2 -l2
[0.593s] Invoking command in '/home/student/ros2_ws/build/scout_base': CMAKE_PREFIX_PATH=/home/student/ros2_ws/install/robot_control:/home/student/ros2_ws/install/lidar_slam_mapping:/home/student/ros2_ws/install/object_recognition:/home/student/ros2_ws/install/autonomous_driving:/opt/ros/humble:/home/student/ros2_ws/install/ugv_sdk:/home/student/ros2_ws/install/scout_msgs:/home/student/ros2_ws/install/scout_base:/home/student/ros2_ws/install/scout_description:/home/student/ros2_ws/install/rslidar_sdk:/home/student/ros2_ws/install/rslidar_msg /usr/bin/cmake --install /home/student/ros2_ws/build/scout_base
[0.633s] -- Install configuration: ""
[0.633s] -- Installing: /home/student/ros2_ws/install/scout_base/lib/scout_base/scout_base_node
[0.668s] -- Set runtime path of "/home/student/ros2_ws/install/scout_base/lib/scout_base/scout_base_node" to ""
[0.669s] -- Installing: /home/student/ros2_ws/install/scout_base/share/scout_base//launch
[0.669s] -- Installing: /home/student/ros2_ws/install/scout_base/share/scout_base//launch/scout_base.launch.py
[0.680s] -- Installing: /home/student/ros2_ws/install/scout_base/share/scout_base//launch/scout_mini_omni_base.launch.py
[0.681s] -- Installing: /home/student/ros2_ws/install/scout_base/share/scout_base//launch/scout_mini_base.launch.py
[0.681s] -- Installing: /home/student/ros2_ws/install/scout_base/share/ament_index/resource_index/package_run_dependencies/scout_base
[0.682s] -- Installing: /home/student/ros2_ws/install/scout_base/share/ament_index/resource_index/parent_prefix_path/scout_base
[0.682s] -- Installing: /home/student/ros2_ws/install/scout_base/share/scout_base/environment/ament_prefix_path.sh
[0.682s] -- Installing: /home/student/ros2_ws/install/scout_base/share/scout_base/environment/ament_prefix_path.dsv
[0.683s] -- Installing: /home/student/ros2_ws/install/scout_base/share/scout_base/environment/path.sh
[0.685s] -- Installing: /home/student/ros2_ws/install/scout_base/share/scout_base/environment/path.dsv
[0.686s] -- Installing: /home/student/ros2_ws/install/scout_base/share/scout_base/local_setup.bash
[0.689s] -- Installing: /home/student/ros2_ws/install/scout_base/share/scout_base/local_setup.sh
[0.689s] -- Installing: /home/student/ros2_ws/install/scout_base/share/scout_base/local_setup.zsh
[0.693s] -- Installing: /home/student/ros2_ws/install/scout_base/share/scout_base/local_setup.dsv
[0.693s] -- Installing: /home/student/ros2_ws/install/scout_base/share/scout_base/package.dsv
[0.694s] -- Installing: /home/student/ros2_ws/install/scout_base/share/ament_index/resource_index/packages/scout_base
[0.694s] -- Installing: /home/student/ros2_ws/install/scout_base/share/scout_base/cmake/scout_baseConfig.cmake
[0.694s] -- Installing: /home/student/ros2_ws/install/scout_base/share/scout_base/cmake/scout_baseConfig-version.cmake
[0.694s] -- Installing: /home/student/ros2_ws/install/scout_base/share/scout_base/package.xml
[0.705s] Invoked command in '/home/student/ros2_ws/build/scout_base' returned '0': CMAKE_PREFIX_PATH=/home/student/ros2_ws/install/robot_control:/home/student/ros2_ws/install/lidar_slam_mapping:/home/student/ros2_ws/install/object_recognition:/home/student/ros2_ws/install/autonomous_driving:/opt/ros/humble:/home/student/ros2_ws/install/ugv_sdk:/home/student/ros2_ws/install/scout_msgs:/home/student/ros2_ws/install/scout_base:/home/student/ros2_ws/install/scout_description:/home/student/ros2_ws/install/rslidar_sdk:/home/student/ros2_ws/install/rslidar_msg /usr/bin/cmake --install /home/student/ros2_ws/build/scout_base
