[0.074s] Invoking command in '/home/student/ros2_ws/build/scout_description': CMAKE_PREFIX_PATH=/home/student/ros2_ws/install/scout_base:/home/student/ros2_ws/install/lidar_slam_mapping:/home/student/ros2_ws/install/object_recognition:/opt/ros/humble:/home/student/ros2_ws/install/ugv_sdk:/home/student/ros2_ws/install/scout_msgs:/home/student/ros2_ws/install/scout_description:/home/student/ros2_ws/install/rslidar_sdk:/home/student/ros2_ws/install/rslidar_msg /usr/bin/cmake /home/student/ros2_ws/src/scout_ros2/scout_description -DCMAKE_INSTALL_PREFIX=/home/student/ros2_ws/install/scout_description
[0.242s] -- The C compiler identification is GNU 11.4.0
[0.392s] -- The CXX compiler identification is GNU 11.4.0
[0.414s] -- Detecting C compiler ABI info
[0.661s] -- Detecting C compiler ABI info - done
[0.699s] -- Check for working C compiler: /usr/bin/cc - skipped
[0.705s] -- Detecting C compile features
[0.707s] -- Detecting C compile features - done
[0.726s] -- Detecting CXX compiler ABI info
[1.009s] -- Detecting CXX compiler ABI info - done
[1.065s] -- Check for working CXX compiler: /usr/bin/c++ - skipped
[1.067s] -- Detecting CXX compile features
[1.071s] -- Detecting CXX compile features - done
[1.085s] -- Found ament_cmake: 1.3.11 (/opt/ros/humble/share/ament_cmake/cmake)
[1.955s] -- Found Python3: /usr/bin/python3 (found version "3.10.12") found components: Interpreter 
[2.740s] -- Configuring done
[2.758s] -- Generating done
[2.768s] -- Build files have been written to: /home/student/ros2_ws/build/scout_description
[2.784s] Invoked command in '/home/student/ros2_ws/build/scout_description' returned '0': CMAKE_PREFIX_PATH=/home/student/ros2_ws/install/scout_base:/home/student/ros2_ws/install/lidar_slam_mapping:/home/student/ros2_ws/install/object_recognition:/opt/ros/humble:/home/student/ros2_ws/install/ugv_sdk:/home/student/ros2_ws/install/scout_msgs:/home/student/ros2_ws/install/scout_description:/home/student/ros2_ws/install/rslidar_sdk:/home/student/ros2_ws/install/rslidar_msg /usr/bin/cmake /home/student/ros2_ws/src/scout_ros2/scout_description -DCMAKE_INSTALL_PREFIX=/home/student/ros2_ws/install/scout_description
[2.790s] Invoking command in '/home/student/ros2_ws/build/scout_description': CMAKE_PREFIX_PATH=/home/student/ros2_ws/install/scout_base:/home/student/ros2_ws/install/lidar_slam_mapping:/home/student/ros2_ws/install/object_recognition:/opt/ros/humble:/home/student/ros2_ws/install/ugv_sdk:/home/student/ros2_ws/install/scout_msgs:/home/student/ros2_ws/install/scout_description:/home/student/ros2_ws/install/rslidar_sdk:/home/student/ros2_ws/install/rslidar_msg /usr/bin/cmake --build /home/student/ros2_ws/build/scout_description -- -j2 -l2
[2.967s] Invoked command in '/home/student/ros2_ws/build/scout_description' returned '0': CMAKE_PREFIX_PATH=/home/student/ros2_ws/install/scout_base:/home/student/ros2_ws/install/lidar_slam_mapping:/home/student/ros2_ws/install/object_recognition:/opt/ros/humble:/home/student/ros2_ws/install/ugv_sdk:/home/student/ros2_ws/install/scout_msgs:/home/student/ros2_ws/install/scout_description:/home/student/ros2_ws/install/rslidar_sdk:/home/student/ros2_ws/install/rslidar_msg /usr/bin/cmake --build /home/student/ros2_ws/build/scout_description -- -j2 -l2
[2.969s] Invoking command in '/home/student/ros2_ws/build/scout_description': CMAKE_PREFIX_PATH=/home/student/ros2_ws/install/scout_base:/home/student/ros2_ws/install/lidar_slam_mapping:/home/student/ros2_ws/install/object_recognition:/opt/ros/humble:/home/student/ros2_ws/install/ugv_sdk:/home/student/ros2_ws/install/scout_msgs:/home/student/ros2_ws/install/scout_description:/home/student/ros2_ws/install/rslidar_sdk:/home/student/ros2_ws/install/rslidar_msg /usr/bin/cmake --install /home/student/ros2_ws/build/scout_description
[2.989s] -- Install configuration: ""
[2.997s] -- Installing: /home/student/ros2_ws/install/scout_description/share/scout_description//launch
[2.998s] -- Installing: /home/student/ros2_ws/install/scout_description/share/scout_description//launch/scout_base_description.launch.py
[3.000s] -- Installing: /home/student/ros2_ws/install/scout_description/share/scout_description//urdf
[3.001s] -- Installing: /home/student/ros2_ws/install/scout_description/share/scout_description//urdf/scout_mini
[3.001s] -- Installing: /home/student/ros2_ws/install/scout_description/share/scout_description//urdf/scout_mini/scout_mini.urdf
[3.001s] -- Installing: /home/student/ros2_ws/install/scout_description/share/scout_description//urdf/scout_mini/scout_mini.xacro
[3.002s] -- Installing: /home/student/ros2_ws/install/scout_description/share/scout_description//urdf/scout_mini/scout_mini_wheel.xacro
[3.003s] -- Installing: /home/student/ros2_ws/install/scout_description/share/scout_description//urdf/generate_urdf.sh
[3.008s] -- Installing: /home/student/ros2_ws/install/scout_description/share/scout_description//urdf/scout_v2
[3.009s] -- Installing: /home/student/ros2_ws/install/scout_description/share/scout_description//urdf/scout_v2/scout_v2.xacro
[3.011s] -- Installing: /home/student/ros2_ws/install/scout_description/share/scout_description//urdf/scout_v2/scout_v2.urdf
[3.012s] -- Installing: /home/student/ros2_ws/install/scout_description/share/scout_description//urdf/scout_v2/scout_wheel_type1.xacro
[3.012s] -- Installing: /home/student/ros2_ws/install/scout_description/share/scout_description//urdf/scout_v2/scout_wheel_type2.xacro
[3.013s] -- Installing: /home/student/ros2_ws/install/scout_description/share/scout_description//meshes
[3.013s] -- Installing: /home/student/ros2_ws/install/scout_description/share/scout_description//meshes/scout_mini
[3.013s] -- Installing: /home/student/ros2_ws/install/scout_description/share/scout_description//meshes/scout_mini/mini_wheel.dae
[3.104s] -- Installing: /home/student/ros2_ws/install/scout_description/share/scout_description//meshes/scout_mini/mini_base_link.dae
[3.240s] -- Installing: /home/student/ros2_ws/install/scout_description/share/scout_description//meshes/scout_v2
[3.241s] -- Installing: /home/student/ros2_ws/install/scout_description/share/scout_description//meshes/scout_v2/base_link_full.dae
[3.242s] -- Installing: /home/student/ros2_ws/install/scout_description/share/scout_description//meshes/scout_v2/wheel_type2.dae
[3.256s] -- Installing: /home/student/ros2_ws/install/scout_description/share/scout_description//meshes/scout_v2/wheel_type1.dae
[3.272s] -- Installing: /home/student/ros2_ws/install/scout_description/share/scout_description//meshes/scout_v2/hokuyo.dae
[3.274s] -- Installing: /home/student/ros2_ws/install/scout_description/share/scout_description//meshes/scout_v2/base_link.dae
[3.376s] -- Installing: /home/student/ros2_ws/install/scout_description/share/ament_index/resource_index/package_run_dependencies/scout_description
[3.380s] -- Installing: /home/student/ros2_ws/install/scout_description/share/ament_index/resource_index/parent_prefix_path/scout_description
[3.380s] -- Installing: /home/student/ros2_ws/install/scout_description/share/scout_description/environment/ament_prefix_path.sh
[3.381s] -- Installing: /home/student/ros2_ws/install/scout_description/share/scout_description/environment/ament_prefix_path.dsv
[3.382s] -- Installing: /home/student/ros2_ws/install/scout_description/share/scout_description/environment/path.sh
[3.382s] -- Installing: /home/student/ros2_ws/install/scout_description/share/scout_description/environment/path.dsv
[3.382s] -- Installing: /home/student/ros2_ws/install/scout_description/share/scout_description/local_setup.bash
[3.383s] -- Installing: /home/student/ros2_ws/install/scout_description/share/scout_description/local_setup.sh
[3.383s] -- Installing: /home/student/ros2_ws/install/scout_description/share/scout_description/local_setup.zsh
[3.384s] -- Installing: /home/student/ros2_ws/install/scout_description/share/scout_description/local_setup.dsv
[3.384s] -- Installing: /home/student/ros2_ws/install/scout_description/share/scout_description/package.dsv
[3.385s] -- Installing: /home/student/ros2_ws/install/scout_description/share/ament_index/resource_index/packages/scout_description
[3.393s] -- Installing: /home/student/ros2_ws/install/scout_description/share/scout_description/cmake/scout_descriptionConfig.cmake
[3.394s] -- Installing: /home/student/ros2_ws/install/scout_description/share/scout_description/cmake/scout_descriptionConfig-version.cmake
[3.394s] -- Installing: /home/student/ros2_ws/install/scout_description/share/scout_description/package.xml
[3.400s] Invoked command in '/home/student/ros2_ws/build/scout_description' returned '0': CMAKE_PREFIX_PATH=/home/student/ros2_ws/install/scout_base:/home/student/ros2_ws/install/lidar_slam_mapping:/home/student/ros2_ws/install/object_recognition:/opt/ros/humble:/home/student/ros2_ws/install/ugv_sdk:/home/student/ros2_ws/install/scout_msgs:/home/student/ros2_ws/install/scout_description:/home/student/ros2_ws/install/rslidar_sdk:/home/student/ros2_ws/install/rslidar_msg /usr/bin/cmake --install /home/student/ros2_ws/build/scout_description
