[0.048s] Invoking command in '/home/student/ros2_ws/build/scout_msgs': CMAKE_PREFIX_PATH=${CMAKE_PREFIX_PATH}:/home/student/ros2_ws/install/robot_control:/home/student/ros2_ws/install/lidar_slam_mapping:/home/student/ros2_ws/install/object_recognition:/home/student/ros2_ws/install/autonomous_driving:/opt/ros/humble /usr/bin/cmake /home/student/ros2_ws/src/scout_ros2/scout_msgs -DCMAKE_INSTALL_PREFIX=/home/student/ros2_ws/install/scout_msgs
[0.512s] -- The C compiler identification is GNU 11.4.0
[0.908s] -- The CXX compiler identification is GNU 11.4.0
[0.962s] -- Detecting C compiler ABI info
[1.300s] -- Detecting C compiler ABI info - done
[1.374s] -- Check for working C compiler: /usr/bin/cc - skipped
[1.374s] -- Detecting C compile features
[1.379s] -- Detecting C compile features - done
[1.391s] -- Detecting CXX compiler ABI info
[1.690s] -- Detecting CXX compiler ABI info - done
[1.759s] -- Check for working CXX compiler: /usr/bin/c++ - skipped
[1.761s] -- Detecting CXX compile features
[1.762s] -- Detecting CXX compile features - done
[1.788s] -- Found ament_cmake: 1.3.11 (/opt/ros/humble/share/ament_cmake/cmake)
[2.522s] -- Found Python3: /usr/bin/python3 (found version "3.10.12") found components: Interpreter 
[2.906s] -- Found builtin_interfaces: 1.2.1 (/opt/ros/humble/share/builtin_interfaces/cmake)
[3.016s] -- Found rosidl_generator_c: 3.1.6 (/opt/ros/humble/share/rosidl_generator_c/cmake)
[3.042s] -- Found rosidl_adapter: 3.1.6 (/opt/ros/humble/share/rosidl_adapter/cmake)
[3.069s] -- Found rosidl_generator_cpp: 3.1.6 (/opt/ros/humble/share/rosidl_generator_cpp/cmake)
[3.109s] -- Using all available rosidl_typesupport_c: rosidl_typesupport_fastrtps_c;rosidl_typesupport_introspection_c
[3.172s] -- Using all available rosidl_typesupport_cpp: rosidl_typesupport_fastrtps_cpp;rosidl_typesupport_introspection_cpp
[3.218s] -- Found rosidl_default_generators: 1.2.0 (/opt/ros/humble/share/rosidl_default_generators/cmake)
[3.259s] -- Found std_msgs: 4.2.4 (/opt/ros/humble/share/std_msgs/cmake)
[4.190s] -- Found ament_cmake_ros: 0.10.0 (/opt/ros/humble/share/ament_cmake_ros/cmake)
[5.993s] -- Using all available rosidl_typesupport_c: rosidl_typesupport_fastrtps_c;rosidl_typesupport_introspection_c
[6.756s] -- Using all available rosidl_typesupport_cpp: rosidl_typesupport_fastrtps_cpp;rosidl_typesupport_introspection_cpp
[6.824s] -- Found PythonInterp: /usr/bin/python3 (found suitable version "3.10.12", minimum required is "3.6") 
[6.829s] -- Found python_cmake_module: 0.10.0 (/opt/ros/humble/share/python_cmake_module/cmake)
[6.898s] -- Found PythonLibs: /usr/lib/x86_64-linux-gnu/libpython3.10.so (found suitable version "3.10.12", minimum required is "3.5") 
[6.899s] -- Using PYTHON_EXECUTABLE: /usr/bin/python3
[6.899s] -- Using PYTHON_INCLUDE_DIRS: /usr/include/python3.10
[6.899s] -- Using PYTHON_LIBRARIES: /usr/lib/x86_64-linux-gnu/libpython3.10.so
[6.954s] -- Found PythonExtra: .so  
[7.101s] -- Found ament_lint_auto: 0.12.11 (/opt/ros/humble/share/ament_lint_auto/cmake)
[7.167s] -- Added test 'copyright' to check source files copyright and LICENSE
[7.174s] -- Added test 'lint_cmake' to check CMake code style
[7.179s] -- Added test 'xmllint' to check XML markup files
[7.190s] -- Configuring done
[7.303s] -- Generating done
[7.341s] -- Build files have been written to: /home/student/ros2_ws/build/scout_msgs
[7.371s] Invoked command in '/home/student/ros2_ws/build/scout_msgs' returned '0': CMAKE_PREFIX_PATH=${CMAKE_PREFIX_PATH}:/home/student/ros2_ws/install/robot_control:/home/student/ros2_ws/install/lidar_slam_mapping:/home/student/ros2_ws/install/object_recognition:/home/student/ros2_ws/install/autonomous_driving:/opt/ros/humble /usr/bin/cmake /home/student/ros2_ws/src/scout_ros2/scout_msgs -DCMAKE_INSTALL_PREFIX=/home/student/ros2_ws/install/scout_msgs
[7.372s] Invoking command in '/home/student/ros2_ws/build/scout_msgs': CMAKE_PREFIX_PATH=${CMAKE_PREFIX_PATH}:/home/student/ros2_ws/install/robot_control:/home/student/ros2_ws/install/lidar_slam_mapping:/home/student/ros2_ws/install/object_recognition:/home/student/ros2_ws/install/autonomous_driving:/opt/ros/humble /usr/bin/cmake --build /home/student/ros2_ws/build/scout_msgs -- -j2 -l2
[7.498s] [  1%] [34m[1mGenerating C++ code for ROS interfaces[0m
[9.644s] [  1%] Built target scout_msgs__cpp
[9.667s] [  3%] [34m[1mGenerating C code for ROS interfaces[0m
[11.901s] [  4%] [32mBuilding C object CMakeFiles/scout_msgs__rosidl_generator_c.dir/rosidl_generator_c/scout_msgs/msg/detail/scout_actuator_state__functions.c.o[0m
[12.015s] [  6%] [32mBuilding C object CMakeFiles/scout_msgs__rosidl_generator_c.dir/rosidl_generator_c/scout_msgs/msg/detail/scout_light_cmd__functions.c.o[0m
[12.139s] [  7%] [32mBuilding C object CMakeFiles/scout_msgs__rosidl_generator_c.dir/rosidl_generator_c/scout_msgs/msg/detail/scout_light_state__functions.c.o[0m
[12.258s] [  9%] [32mBuilding C object CMakeFiles/scout_msgs__rosidl_generator_c.dir/rosidl_generator_c/scout_msgs/msg/detail/scout_rc_state__functions.c.o[0m
[12.374s] [ 11%] [32mBuilding C object CMakeFiles/scout_msgs__rosidl_generator_c.dir/rosidl_generator_c/scout_msgs/msg/detail/scout_status__functions.c.o[0m
[12.493s] [ 12%] [32m[1mLinking C shared library libscout_msgs__rosidl_generator_c.so[0m
[12.589s] [ 12%] Built target scout_msgs__rosidl_generator_c
[12.649s] [ 12%] Built target ament_cmake_python_copy_scout_msgs
[12.671s] [ 14%] [34m[1mGenerating C++ type support dispatch for ROS interfaces[0m
[13.913s] [ 15%] [32mBuilding CXX object CMakeFiles/scout_msgs__rosidl_typesupport_cpp.dir/rosidl_typesupport_cpp/scout_msgs/msg/scout_actuator_state__type_support.cpp.o[0m
[14.689s] [ 17%] [32mBuilding CXX object CMakeFiles/scout_msgs__rosidl_typesupport_cpp.dir/rosidl_typesupport_cpp/scout_msgs/msg/scout_light_cmd__type_support.cpp.o[0m
[15.815s] [ 19%] [32mBuilding CXX object CMakeFiles/scout_msgs__rosidl_typesupport_cpp.dir/rosidl_typesupport_cpp/scout_msgs/msg/scout_light_state__type_support.cpp.o[0m
[16.666s] [ 20%] [32mBuilding CXX object CMakeFiles/scout_msgs__rosidl_typesupport_cpp.dir/rosidl_typesupport_cpp/scout_msgs/msg/scout_rc_state__type_support.cpp.o[0m
[17.723s] [ 22%] [32mBuilding CXX object CMakeFiles/scout_msgs__rosidl_typesupport_cpp.dir/rosidl_typesupport_cpp/scout_msgs/msg/scout_status__type_support.cpp.o[0m
[18.638s] [ 23%] [32m[1mLinking CXX shared library libscout_msgs__rosidl_typesupport_cpp.so[0m
[18.746s] [ 23%] Built target scout_msgs__rosidl_typesupport_cpp
[18.768s] [ 25%] [34m[1mGenerating C type support for eProsima Fast-RTPS[0m
[20.674s] [ 26%] [32mBuilding CXX object CMakeFiles/scout_msgs__rosidl_typesupport_fastrtps_c.dir/rosidl_typesupport_fastrtps_c/scout_msgs/msg/detail/scout_actuator_state__type_support_c.cpp.o[0m
[21.851s] [ 28%] [32mBuilding CXX object CMakeFiles/scout_msgs__rosidl_typesupport_fastrtps_c.dir/rosidl_typesupport_fastrtps_c/scout_msgs/msg/detail/scout_light_cmd__type_support_c.cpp.o[0m
[22.870s] [ 30%] [32mBuilding CXX object CMakeFiles/scout_msgs__rosidl_typesupport_fastrtps_c.dir/rosidl_typesupport_fastrtps_c/scout_msgs/msg/detail/scout_light_state__type_support_c.cpp.o[0m
[23.913s] [ 31%] [32mBuilding CXX object CMakeFiles/scout_msgs__rosidl_typesupport_fastrtps_c.dir/rosidl_typesupport_fastrtps_c/scout_msgs/msg/detail/scout_rc_state__type_support_c.cpp.o[0m
[24.991s] [ 33%] [32mBuilding CXX object CMakeFiles/scout_msgs__rosidl_typesupport_fastrtps_c.dir/rosidl_typesupport_fastrtps_c/scout_msgs/msg/detail/scout_status__type_support_c.cpp.o[0m
[26.115s] [ 34%] [32m[1mLinking CXX shared library libscout_msgs__rosidl_typesupport_fastrtps_c.so[0m
[26.449s] [ 34%] Built target scout_msgs__rosidl_typesupport_fastrtps_c
[26.494s] [ 36%] [34m[1mGenerating C++ type support for eProsima Fast-RTPS[0m
[28.532s] [ 38%] [32mBuilding CXX object CMakeFiles/scout_msgs__rosidl_typesupport_fastrtps_cpp.dir/rosidl_typesupport_fastrtps_cpp/scout_msgs/msg/detail/dds_fastrtps/scout_actuator_state__type_support.cpp.o[0m
[30.108s] [ 39%] [32mBuilding CXX object CMakeFiles/scout_msgs__rosidl_typesupport_fastrtps_cpp.dir/rosidl_typesupport_fastrtps_cpp/scout_msgs/msg/detail/dds_fastrtps/scout_light_cmd__type_support.cpp.o[0m
[31.637s] [ 41%] [32mBuilding CXX object CMakeFiles/scout_msgs__rosidl_typesupport_fastrtps_cpp.dir/rosidl_typesupport_fastrtps_cpp/scout_msgs/msg/detail/dds_fastrtps/scout_light_state__type_support.cpp.o[0m
[33.045s] [ 42%] [32mBuilding CXX object CMakeFiles/scout_msgs__rosidl_typesupport_fastrtps_cpp.dir/rosidl_typesupport_fastrtps_cpp/scout_msgs/msg/detail/dds_fastrtps/scout_rc_state__type_support.cpp.o[0m
[34.882s] [ 44%] [32mBuilding CXX object CMakeFiles/scout_msgs__rosidl_typesupport_fastrtps_cpp.dir/rosidl_typesupport_fastrtps_cpp/scout_msgs/msg/detail/dds_fastrtps/scout_status__type_support.cpp.o[0m
[36.151s] [ 46%] [32m[1mLinking CXX shared library libscout_msgs__rosidl_typesupport_fastrtps_cpp.so[0m
[36.385s] [ 46%] Built target scout_msgs__rosidl_typesupport_fastrtps_cpp
[36.412s] [ 47%] [34m[1mGenerating C introspection for ROS interfaces[0m
[38.176s] [ 49%] [32mBuilding C object CMakeFiles/scout_msgs__rosidl_typesupport_introspection_c.dir/rosidl_typesupport_introspection_c/scout_msgs/msg/detail/scout_actuator_state__type_support.c.o[0m
[38.249s] [ 50%] [32mBuilding C object CMakeFiles/scout_msgs__rosidl_typesupport_introspection_c.dir/rosidl_typesupport_introspection_c/scout_msgs/msg/detail/scout_light_cmd__type_support.c.o[0m
[38.323s] [ 52%] [32mBuilding C object CMakeFiles/scout_msgs__rosidl_typesupport_introspection_c.dir/rosidl_typesupport_introspection_c/scout_msgs/msg/detail/scout_light_state__type_support.c.o[0m
[38.396s] [ 53%] [32mBuilding C object CMakeFiles/scout_msgs__rosidl_typesupport_introspection_c.dir/rosidl_typesupport_introspection_c/scout_msgs/msg/detail/scout_rc_state__type_support.c.o[0m
[38.467s] [ 55%] [32mBuilding C object CMakeFiles/scout_msgs__rosidl_typesupport_introspection_c.dir/rosidl_typesupport_introspection_c/scout_msgs/msg/detail/scout_status__type_support.c.o[0m
[38.554s] [ 57%] [32m[1mLinking C shared library libscout_msgs__rosidl_typesupport_introspection_c.so[0m
[38.628s] [ 57%] Built target scout_msgs__rosidl_typesupport_introspection_c
[38.650s] [ 58%] [34m[1mGenerating C type support dispatch for ROS interfaces[0m
[40.280s] [ 60%] [32mBuilding CXX object CMakeFiles/scout_msgs__rosidl_typesupport_c.dir/rosidl_typesupport_c/scout_msgs/msg/scout_actuator_state__type_support.cpp.o[0m
[40.374s] [ 61%] [32mBuilding CXX object CMakeFiles/scout_msgs__rosidl_typesupport_c.dir/rosidl_typesupport_c/scout_msgs/msg/scout_light_cmd__type_support.cpp.o[0m
[40.523s] [ 63%] [32mBuilding CXX object CMakeFiles/scout_msgs__rosidl_typesupport_c.dir/rosidl_typesupport_c/scout_msgs/msg/scout_light_state__type_support.cpp.o[0m
[40.671s] [ 65%] [32mBuilding CXX object CMakeFiles/scout_msgs__rosidl_typesupport_c.dir/rosidl_typesupport_c/scout_msgs/msg/scout_rc_state__type_support.cpp.o[0m
[40.859s] [ 66%] [32mBuilding CXX object CMakeFiles/scout_msgs__rosidl_typesupport_c.dir/rosidl_typesupport_c/scout_msgs/msg/scout_status__type_support.cpp.o[0m
[40.959s] [ 68%] [32m[1mLinking CXX shared library libscout_msgs__rosidl_typesupport_c.so[0m
[41.158s] [ 68%] Built target scout_msgs__rosidl_typesupport_c
[41.196s] [ 69%] [34m[1mGenerating C++ introspection for ROS interfaces[0m
[42.983s] [ 71%] [32mBuilding CXX object CMakeFiles/scout_msgs__rosidl_typesupport_introspection_cpp.dir/rosidl_typesupport_introspection_cpp/scout_msgs/msg/detail/scout_actuator_state__type_support.cpp.o[0m
[44.213s] [ 73%] [32mBuilding CXX object CMakeFiles/scout_msgs__rosidl_typesupport_introspection_cpp.dir/rosidl_typesupport_introspection_cpp/scout_msgs/msg/detail/scout_light_cmd__type_support.cpp.o[0m
[45.359s] [ 74%] [32mBuilding CXX object CMakeFiles/scout_msgs__rosidl_typesupport_introspection_cpp.dir/rosidl_typesupport_introspection_cpp/scout_msgs/msg/detail/scout_light_state__type_support.cpp.o[0m
[46.709s] [ 76%] [32mBuilding CXX object CMakeFiles/scout_msgs__rosidl_typesupport_introspection_cpp.dir/rosidl_typesupport_introspection_cpp/scout_msgs/msg/detail/scout_rc_state__type_support.cpp.o[0m
[47.976s] [ 77%] [32mBuilding CXX object CMakeFiles/scout_msgs__rosidl_typesupport_introspection_cpp.dir/rosidl_typesupport_introspection_cpp/scout_msgs/msg/detail/scout_status__type_support.cpp.o[0m
[49.301s] [ 79%] [32m[1mLinking CXX shared library libscout_msgs__rosidl_typesupport_introspection_cpp.so[0m
[49.798s] [ 79%] Built target scout_msgs__rosidl_typesupport_introspection_cpp
[51.176s] running egg_info
[51.176s] creating scout_msgs.egg-info
[51.176s] writing scout_msgs.egg-info/PKG-INFO
[51.177s] writing dependency_links to scout_msgs.egg-info/dependency_links.txt
[51.177s] writing top-level names to scout_msgs.egg-info/top_level.txt
[51.177s] writing manifest file 'scout_msgs.egg-info/SOURCES.txt'
[51.184s] reading manifest file 'scout_msgs.egg-info/SOURCES.txt'
[51.185s] writing manifest file 'scout_msgs.egg-info/SOURCES.txt'
[51.277s] [ 79%] Built target ament_cmake_python_build_scout_msgs_egg
[51.320s] [ 79%] Built target scout_msgs
[51.364s] [ 80%] [34m[1mGenerating Python code for ROS interfaces[0m
[54.351s] [ 80%] Built target scout_msgs__py
[54.399s] [ 82%] [32mBuilding C object CMakeFiles/scout_msgs__rosidl_generator_py.dir/rosidl_generator_py/scout_msgs/msg/_scout_actuator_state_s.c.o[0m
[55.008s] [ 84%] [32mBuilding C object CMakeFiles/scout_msgs__rosidl_generator_py.dir/rosidl_generator_py/scout_msgs/msg/_scout_light_cmd_s.c.o[0m
[55.466s] [ 85%] [32mBuilding C object CMakeFiles/scout_msgs__rosidl_generator_py.dir/rosidl_generator_py/scout_msgs/msg/_scout_light_state_s.c.o[0m
[56.203s] [ 87%] [32mBuilding C object CMakeFiles/scout_msgs__rosidl_generator_py.dir/rosidl_generator_py/scout_msgs/msg/_scout_rc_state_s.c.o[0m
[56.724s] [ 88%] [32mBuilding C object CMakeFiles/scout_msgs__rosidl_generator_py.dir/rosidl_generator_py/scout_msgs/msg/_scout_status_s.c.o[0m
[57.098s] [ 90%] [32m[1mLinking C shared library rosidl_generator_py/scout_msgs/libscout_msgs__rosidl_generator_py.so[0m
[57.225s] [ 90%] Built target scout_msgs__rosidl_generator_py
[57.298s] [ 92%] [32mBuilding C object CMakeFiles/scout_msgs__rosidl_typesupport_fastrtps_c__pyext.dir/rosidl_generator_py/scout_msgs/_scout_msgs_s.ep.rosidl_typesupport_fastrtps_c.c.o[0m
[57.597s] [ 93%] [32m[1mLinking C shared library rosidl_generator_py/scout_msgs/scout_msgs_s__rosidl_typesupport_fastrtps_c.cpython-310-x86_64-linux-gnu.so[0m
[57.706s] [ 93%] Built target scout_msgs__rosidl_typesupport_fastrtps_c__pyext
[57.750s] [ 95%] [32mBuilding C object CMakeFiles/scout_msgs__rosidl_typesupport_introspection_c__pyext.dir/rosidl_generator_py/scout_msgs/_scout_msgs_s.ep.rosidl_typesupport_introspection_c.c.o[0m
[58.195s] [ 96%] [32m[1mLinking C shared library rosidl_generator_py/scout_msgs/scout_msgs_s__rosidl_typesupport_introspection_c.cpython-310-x86_64-linux-gnu.so[0m
[58.436s] [ 96%] Built target scout_msgs__rosidl_typesupport_introspection_c__pyext
[58.545s] [ 98%] [32mBuilding C object CMakeFiles/scout_msgs__rosidl_typesupport_c__pyext.dir/rosidl_generator_py/scout_msgs/_scout_msgs_s.ep.rosidl_typesupport_c.c.o[0m
[58.914s] [100%] [32m[1mLinking C shared library rosidl_generator_py/scout_msgs/scout_msgs_s__rosidl_typesupport_c.cpython-310-x86_64-linux-gnu.so[0m
[59.002s] [100%] Built target scout_msgs__rosidl_typesupport_c__pyext
[59.038s] Invoked command in '/home/student/ros2_ws/build/scout_msgs' returned '0': CMAKE_PREFIX_PATH=${CMAKE_PREFIX_PATH}:/home/student/ros2_ws/install/robot_control:/home/student/ros2_ws/install/lidar_slam_mapping:/home/student/ros2_ws/install/object_recognition:/home/student/ros2_ws/install/autonomous_driving:/opt/ros/humble /usr/bin/cmake --build /home/student/ros2_ws/build/scout_msgs -- -j2 -l2
[59.040s] Invoking command in '/home/student/ros2_ws/build/scout_msgs': CMAKE_PREFIX_PATH=${CMAKE_PREFIX_PATH}:/home/student/ros2_ws/install/robot_control:/home/student/ros2_ws/install/lidar_slam_mapping:/home/student/ros2_ws/install/object_recognition:/home/student/ros2_ws/install/autonomous_driving:/opt/ros/humble /usr/bin/cmake --install /home/student/ros2_ws/build/scout_msgs
[59.060s] -- Install configuration: ""
[59.062s] -- Installing: /home/student/ros2_ws/install/scout_msgs/share/ament_index/resource_index/rosidl_interfaces/scout_msgs
[59.065s] -- Installing: /home/student/ros2_ws/install/scout_msgs/include/scout_msgs/scout_msgs
[59.067s] -- Installing: /home/student/ros2_ws/install/scout_msgs/include/scout_msgs/scout_msgs/msg
[59.069s] -- Installing: /home/student/ros2_ws/install/scout_msgs/include/scout_msgs/scout_msgs/msg/scout_status.h
[59.071s] -- Installing: /home/student/ros2_ws/install/scout_msgs/include/scout_msgs/scout_msgs/msg/scout_rc_state.h
[59.074s] -- Installing: /home/student/ros2_ws/install/scout_msgs/include/scout_msgs/scout_msgs/msg/rosidl_generator_c__visibility_control.h
[59.078s] -- Installing: /home/student/ros2_ws/install/scout_msgs/include/scout_msgs/scout_msgs/msg/detail
[59.079s] -- Installing: /home/student/ros2_ws/install/scout_msgs/include/scout_msgs/scout_msgs/msg/detail/scout_actuator_state__functions.c
[59.083s] -- Installing: /home/student/ros2_ws/install/scout_msgs/include/scout_msgs/scout_msgs/msg/detail/scout_light_cmd__type_support.h
[59.086s] -- Installing: /home/student/ros2_ws/install/scout_msgs/include/scout_msgs/scout_msgs/msg/detail/scout_light_state__functions.h
[59.096s] -- Installing: /home/student/ros2_ws/install/scout_msgs/include/scout_msgs/scout_msgs/msg/detail/scout_light_state__functions.c
[59.098s] -- Installing: /home/student/ros2_ws/install/scout_msgs/include/scout_msgs/scout_msgs/msg/detail/scout_actuator_state__functions.h
[59.104s] -- Installing: /home/student/ros2_ws/install/scout_msgs/include/scout_msgs/scout_msgs/msg/detail/scout_status__functions.c
[59.105s] -- Installing: /home/student/ros2_ws/install/scout_msgs/include/scout_msgs/scout_msgs/msg/detail/scout_rc_state__struct.h
[59.105s] -- Installing: /home/student/ros2_ws/install/scout_msgs/include/scout_msgs/scout_msgs/msg/detail/scout_light_state__struct.h
[59.111s] -- Installing: /home/student/ros2_ws/install/scout_msgs/include/scout_msgs/scout_msgs/msg/detail/scout_actuator_state__struct.h
[59.112s] -- Installing: /home/student/ros2_ws/install/scout_msgs/include/scout_msgs/scout_msgs/msg/detail/scout_light_cmd__functions.h
[59.113s] -- Installing: /home/student/ros2_ws/install/scout_msgs/include/scout_msgs/scout_msgs/msg/detail/scout_rc_state__type_support.h
[59.115s] -- Installing: /home/student/ros2_ws/install/scout_msgs/include/scout_msgs/scout_msgs/msg/detail/scout_status__type_support.h
[59.120s] -- Installing: /home/student/ros2_ws/install/scout_msgs/include/scout_msgs/scout_msgs/msg/detail/scout_light_cmd__struct.h
[59.125s] -- Installing: /home/student/ros2_ws/install/scout_msgs/include/scout_msgs/scout_msgs/msg/detail/scout_actuator_state__type_support.h
[59.126s] -- Installing: /home/student/ros2_ws/install/scout_msgs/include/scout_msgs/scout_msgs/msg/detail/scout_status__functions.h
[59.127s] -- Installing: /home/student/ros2_ws/install/scout_msgs/include/scout_msgs/scout_msgs/msg/detail/scout_status__struct.h
[59.128s] -- Installing: /home/student/ros2_ws/install/scout_msgs/include/scout_msgs/scout_msgs/msg/detail/scout_rc_state__functions.h
[59.132s] -- Installing: /home/student/ros2_ws/install/scout_msgs/include/scout_msgs/scout_msgs/msg/detail/scout_rc_state__functions.c
[59.133s] -- Installing: /home/student/ros2_ws/install/scout_msgs/include/scout_msgs/scout_msgs/msg/detail/scout_light_cmd__functions.c
[59.143s] -- Installing: /home/student/ros2_ws/install/scout_msgs/include/scout_msgs/scout_msgs/msg/detail/scout_light_state__type_support.h
[59.143s] -- Installing: /home/student/ros2_ws/install/scout_msgs/include/scout_msgs/scout_msgs/msg/scout_actuator_state.h
[59.144s] -- Installing: /home/student/ros2_ws/install/scout_msgs/include/scout_msgs/scout_msgs/msg/scout_light_cmd.h
[59.144s] -- Installing: /home/student/ros2_ws/install/scout_msgs/include/scout_msgs/scout_msgs/msg/scout_light_state.h
[59.144s] -- Installing: /home/student/ros2_ws/install/scout_msgs/share/scout_msgs/environment/library_path.sh
[59.144s] -- Installing: /home/student/ros2_ws/install/scout_msgs/share/scout_msgs/environment/library_path.dsv
[59.144s] -- Installing: /home/student/ros2_ws/install/scout_msgs/lib/libscout_msgs__rosidl_generator_c.so
[59.145s] -- Set runtime path of "/home/student/ros2_ws/install/scout_msgs/lib/libscout_msgs__rosidl_generator_c.so" to ""
[59.146s] -- Up-to-date: /home/student/ros2_ws/install/scout_msgs/include/scout_msgs/scout_msgs
[59.146s] -- Up-to-date: /home/student/ros2_ws/install/scout_msgs/include/scout_msgs/scout_msgs/msg
[59.146s] -- Installing: /home/student/ros2_ws/install/scout_msgs/include/scout_msgs/scout_msgs/msg/rosidl_typesupport_fastrtps_c__visibility_control.h
[59.151s] -- Up-to-date: /home/student/ros2_ws/install/scout_msgs/include/scout_msgs/scout_msgs/msg/detail
[59.152s] -- Installing: /home/student/ros2_ws/install/scout_msgs/include/scout_msgs/scout_msgs/msg/detail/scout_status__rosidl_typesupport_fastrtps_c.h
[59.153s] -- Installing: /home/student/ros2_ws/install/scout_msgs/include/scout_msgs/scout_msgs/msg/detail/scout_light_cmd__rosidl_typesupport_fastrtps_c.h
[59.156s] -- Installing: /home/student/ros2_ws/install/scout_msgs/include/scout_msgs/scout_msgs/msg/detail/scout_rc_state__rosidl_typesupport_fastrtps_c.h
[59.157s] -- Installing: /home/student/ros2_ws/install/scout_msgs/include/scout_msgs/scout_msgs/msg/detail/scout_actuator_state__rosidl_typesupport_fastrtps_c.h
[59.158s] -- Installing: /home/student/ros2_ws/install/scout_msgs/include/scout_msgs/scout_msgs/msg/detail/scout_light_state__rosidl_typesupport_fastrtps_c.h
[59.162s] -- Installing: /home/student/ros2_ws/install/scout_msgs/lib/libscout_msgs__rosidl_typesupport_fastrtps_c.so
[59.163s] -- Set runtime path of "/home/student/ros2_ws/install/scout_msgs/lib/libscout_msgs__rosidl_typesupport_fastrtps_c.so" to ""
[59.164s] -- Up-to-date: /home/student/ros2_ws/install/scout_msgs/include/scout_msgs/scout_msgs
[59.165s] -- Up-to-date: /home/student/ros2_ws/install/scout_msgs/include/scout_msgs/scout_msgs/msg
[59.166s] -- Installing: /home/student/ros2_ws/install/scout_msgs/include/scout_msgs/scout_msgs/msg/scout_actuator_state.hpp
[59.167s] -- Installing: /home/student/ros2_ws/install/scout_msgs/include/scout_msgs/scout_msgs/msg/scout_rc_state.hpp
[59.168s] -- Installing: /home/student/ros2_ws/install/scout_msgs/include/scout_msgs/scout_msgs/msg/rosidl_generator_cpp__visibility_control.hpp
[59.168s] -- Up-to-date: /home/student/ros2_ws/install/scout_msgs/include/scout_msgs/scout_msgs/msg/detail
[59.169s] -- Installing: /home/student/ros2_ws/install/scout_msgs/include/scout_msgs/scout_msgs/msg/detail/scout_rc_state__traits.hpp
[59.169s] -- Installing: /home/student/ros2_ws/install/scout_msgs/include/scout_msgs/scout_msgs/msg/detail/scout_light_cmd__builder.hpp
[59.170s] -- Installing: /home/student/ros2_ws/install/scout_msgs/include/scout_msgs/scout_msgs/msg/detail/scout_light_cmd__type_support.hpp
[59.171s] -- Installing: /home/student/ros2_ws/install/scout_msgs/include/scout_msgs/scout_msgs/msg/detail/scout_light_state__struct.hpp
[59.176s] -- Installing: /home/student/ros2_ws/install/scout_msgs/include/scout_msgs/scout_msgs/msg/detail/scout_status__builder.hpp
[59.177s] -- Installing: /home/student/ros2_ws/install/scout_msgs/include/scout_msgs/scout_msgs/msg/detail/scout_light_state__traits.hpp
[59.178s] -- Installing: /home/student/ros2_ws/install/scout_msgs/include/scout_msgs/scout_msgs/msg/detail/scout_actuator_state__builder.hpp
[59.178s] -- Installing: /home/student/ros2_ws/install/scout_msgs/include/scout_msgs/scout_msgs/msg/detail/scout_status__type_support.hpp
[59.179s] -- Installing: /home/student/ros2_ws/install/scout_msgs/include/scout_msgs/scout_msgs/msg/detail/scout_status__struct.hpp
[59.180s] -- Installing: /home/student/ros2_ws/install/scout_msgs/include/scout_msgs/scout_msgs/msg/detail/scout_actuator_state__type_support.hpp
[59.180s] -- Installing: /home/student/ros2_ws/install/scout_msgs/include/scout_msgs/scout_msgs/msg/detail/scout_actuator_state__traits.hpp
[59.182s] -- Installing: /home/student/ros2_ws/install/scout_msgs/include/scout_msgs/scout_msgs/msg/detail/scout_light_state__builder.hpp
[59.183s] -- Installing: /home/student/ros2_ws/install/scout_msgs/include/scout_msgs/scout_msgs/msg/detail/scout_actuator_state__struct.hpp
[59.184s] -- Installing: /home/student/ros2_ws/install/scout_msgs/include/scout_msgs/scout_msgs/msg/detail/scout_light_cmd__traits.hpp
[59.184s] -- Installing: /home/student/ros2_ws/install/scout_msgs/include/scout_msgs/scout_msgs/msg/detail/scout_rc_state__builder.hpp
[59.185s] -- Installing: /home/student/ros2_ws/install/scout_msgs/include/scout_msgs/scout_msgs/msg/detail/scout_light_state__type_support.hpp
[59.186s] -- Installing: /home/student/ros2_ws/install/scout_msgs/include/scout_msgs/scout_msgs/msg/detail/scout_rc_state__type_support.hpp
[59.186s] -- Installing: /home/student/ros2_ws/install/scout_msgs/include/scout_msgs/scout_msgs/msg/detail/scout_light_cmd__struct.hpp
[59.191s] -- Installing: /home/student/ros2_ws/install/scout_msgs/include/scout_msgs/scout_msgs/msg/detail/scout_rc_state__struct.hpp
[59.193s] -- Installing: /home/student/ros2_ws/install/scout_msgs/include/scout_msgs/scout_msgs/msg/detail/scout_status__traits.hpp
[59.194s] -- Installing: /home/student/ros2_ws/install/scout_msgs/include/scout_msgs/scout_msgs/msg/scout_light_state.hpp
[59.194s] -- Installing: /home/student/ros2_ws/install/scout_msgs/include/scout_msgs/scout_msgs/msg/scout_light_cmd.hpp
[59.195s] -- Installing: /home/student/ros2_ws/install/scout_msgs/include/scout_msgs/scout_msgs/msg/scout_status.hpp
[59.196s] -- Up-to-date: /home/student/ros2_ws/install/scout_msgs/include/scout_msgs/scout_msgs
[59.197s] -- Up-to-date: /home/student/ros2_ws/install/scout_msgs/include/scout_msgs/scout_msgs/msg
[59.199s] -- Up-to-date: /home/student/ros2_ws/install/scout_msgs/include/scout_msgs/scout_msgs/msg/detail
[59.200s] -- Installing: /home/student/ros2_ws/install/scout_msgs/include/scout_msgs/scout_msgs/msg/detail/scout_status__rosidl_typesupport_fastrtps_cpp.hpp
[59.204s] -- Installing: /home/student/ros2_ws/install/scout_msgs/include/scout_msgs/scout_msgs/msg/detail/scout_actuator_state__rosidl_typesupport_fastrtps_cpp.hpp
[59.205s] -- Installing: /home/student/ros2_ws/install/scout_msgs/include/scout_msgs/scout_msgs/msg/detail/scout_light_cmd__rosidl_typesupport_fastrtps_cpp.hpp
[59.206s] -- Installing: /home/student/ros2_ws/install/scout_msgs/include/scout_msgs/scout_msgs/msg/detail/scout_light_state__rosidl_typesupport_fastrtps_cpp.hpp
[59.207s] -- Installing: /home/student/ros2_ws/install/scout_msgs/include/scout_msgs/scout_msgs/msg/detail/dds_fastrtps
[59.210s] -- Installing: /home/student/ros2_ws/install/scout_msgs/include/scout_msgs/scout_msgs/msg/detail/scout_rc_state__rosidl_typesupport_fastrtps_cpp.hpp
[59.211s] -- Installing: /home/student/ros2_ws/install/scout_msgs/include/scout_msgs/scout_msgs/msg/rosidl_typesupport_fastrtps_cpp__visibility_control.h
[59.212s] -- Installing: /home/student/ros2_ws/install/scout_msgs/lib/libscout_msgs__rosidl_typesupport_fastrtps_cpp.so
[59.215s] -- Set runtime path of "/home/student/ros2_ws/install/scout_msgs/lib/libscout_msgs__rosidl_typesupport_fastrtps_cpp.so" to ""
[59.218s] -- Up-to-date: /home/student/ros2_ws/install/scout_msgs/include/scout_msgs/scout_msgs
[59.219s] -- Up-to-date: /home/student/ros2_ws/install/scout_msgs/include/scout_msgs/scout_msgs/msg
[59.219s] -- Installing: /home/student/ros2_ws/install/scout_msgs/include/scout_msgs/scout_msgs/msg/rosidl_typesupport_introspection_c__visibility_control.h
[59.220s] -- Up-to-date: /home/student/ros2_ws/install/scout_msgs/include/scout_msgs/scout_msgs/msg/detail
[59.223s] -- Installing: /home/student/ros2_ws/install/scout_msgs/include/scout_msgs/scout_msgs/msg/detail/scout_actuator_state__type_support.c
[59.224s] -- Installing: /home/student/ros2_ws/install/scout_msgs/include/scout_msgs/scout_msgs/msg/detail/scout_light_cmd__rosidl_typesupport_introspection_c.h
[59.225s] -- Installing: /home/student/ros2_ws/install/scout_msgs/include/scout_msgs/scout_msgs/msg/detail/scout_light_state__rosidl_typesupport_introspection_c.h
[59.225s] -- Installing: /home/student/ros2_ws/install/scout_msgs/include/scout_msgs/scout_msgs/msg/detail/scout_light_state__type_support.c
[59.229s] -- Installing: /home/student/ros2_ws/install/scout_msgs/include/scout_msgs/scout_msgs/msg/detail/scout_rc_state__rosidl_typesupport_introspection_c.h
[59.230s] -- Installing: /home/student/ros2_ws/install/scout_msgs/include/scout_msgs/scout_msgs/msg/detail/scout_status__rosidl_typesupport_introspection_c.h
[59.231s] -- Installing: /home/student/ros2_ws/install/scout_msgs/include/scout_msgs/scout_msgs/msg/detail/scout_actuator_state__rosidl_typesupport_introspection_c.h
[59.231s] -- Installing: /home/student/ros2_ws/install/scout_msgs/include/scout_msgs/scout_msgs/msg/detail/scout_rc_state__type_support.c
[59.238s] -- Installing: /home/student/ros2_ws/install/scout_msgs/include/scout_msgs/scout_msgs/msg/detail/scout_status__type_support.c
[59.239s] -- Installing: /home/student/ros2_ws/install/scout_msgs/include/scout_msgs/scout_msgs/msg/detail/scout_light_cmd__type_support.c
[59.240s] -- Installing: /home/student/ros2_ws/install/scout_msgs/lib/libscout_msgs__rosidl_typesupport_introspection_c.so
[59.241s] -- Set runtime path of "/home/student/ros2_ws/install/scout_msgs/lib/libscout_msgs__rosidl_typesupport_introspection_c.so" to ""
[59.241s] -- Installing: /home/student/ros2_ws/install/scout_msgs/lib/libscout_msgs__rosidl_typesupport_c.so
[59.243s] -- Set runtime path of "/home/student/ros2_ws/install/scout_msgs/lib/libscout_msgs__rosidl_typesupport_c.so" to ""
[59.243s] -- Up-to-date: /home/student/ros2_ws/install/scout_msgs/include/scout_msgs/scout_msgs
[59.244s] -- Up-to-date: /home/student/ros2_ws/install/scout_msgs/include/scout_msgs/scout_msgs/msg
[59.245s] -- Up-to-date: /home/student/ros2_ws/install/scout_msgs/include/scout_msgs/scout_msgs/msg/detail
[59.247s] -- Installing: /home/student/ros2_ws/install/scout_msgs/include/scout_msgs/scout_msgs/msg/detail/scout_rc_state__rosidl_typesupport_introspection_cpp.hpp
[59.248s] -- Installing: /home/student/ros2_ws/install/scout_msgs/include/scout_msgs/scout_msgs/msg/detail/scout_light_state__rosidl_typesupport_introspection_cpp.hpp
[59.249s] -- Installing: /home/student/ros2_ws/install/scout_msgs/include/scout_msgs/scout_msgs/msg/detail/scout_light_cmd__rosidl_typesupport_introspection_cpp.hpp
[59.252s] -- Installing: /home/student/ros2_ws/install/scout_msgs/include/scout_msgs/scout_msgs/msg/detail/scout_actuator_state__rosidl_typesupport_introspection_cpp.hpp
[59.253s] -- Installing: /home/student/ros2_ws/install/scout_msgs/include/scout_msgs/scout_msgs/msg/detail/scout_actuator_state__type_support.cpp
[59.253s] -- Installing: /home/student/ros2_ws/install/scout_msgs/include/scout_msgs/scout_msgs/msg/detail/scout_light_state__type_support.cpp
[59.255s] -- Installing: /home/student/ros2_ws/install/scout_msgs/include/scout_msgs/scout_msgs/msg/detail/scout_light_cmd__type_support.cpp
[59.259s] -- Installing: /home/student/ros2_ws/install/scout_msgs/include/scout_msgs/scout_msgs/msg/detail/scout_rc_state__type_support.cpp
[59.260s] -- Installing: /home/student/ros2_ws/install/scout_msgs/include/scout_msgs/scout_msgs/msg/detail/scout_status__type_support.cpp
[59.261s] -- Installing: /home/student/ros2_ws/install/scout_msgs/include/scout_msgs/scout_msgs/msg/detail/scout_status__rosidl_typesupport_introspection_cpp.hpp
[59.262s] -- Installing: /home/student/ros2_ws/install/scout_msgs/lib/libscout_msgs__rosidl_typesupport_introspection_cpp.so
[59.266s] -- Set runtime path of "/home/student/ros2_ws/install/scout_msgs/lib/libscout_msgs__rosidl_typesupport_introspection_cpp.so" to ""
[59.267s] -- Installing: /home/student/ros2_ws/install/scout_msgs/lib/libscout_msgs__rosidl_typesupport_cpp.so
[59.268s] -- Set runtime path of "/home/student/ros2_ws/install/scout_msgs/lib/libscout_msgs__rosidl_typesupport_cpp.so" to ""
[59.269s] -- Installing: /home/student/ros2_ws/install/scout_msgs/share/scout_msgs/environment/pythonpath.sh
[59.271s] -- Installing: /home/student/ros2_ws/install/scout_msgs/share/scout_msgs/environment/pythonpath.dsv
[59.275s] -- Installing: /home/student/ros2_ws/install/scout_msgs/local/lib/python3.10/dist-packages/scout_msgs-0.1.0-py3.10.egg-info
[59.276s] -- Installing: /home/student/ros2_ws/install/scout_msgs/local/lib/python3.10/dist-packages/scout_msgs-0.1.0-py3.10.egg-info/top_level.txt
[59.276s] -- Installing: /home/student/ros2_ws/install/scout_msgs/local/lib/python3.10/dist-packages/scout_msgs-0.1.0-py3.10.egg-info/SOURCES.txt
[59.279s] -- Installing: /home/student/ros2_ws/install/scout_msgs/local/lib/python3.10/dist-packages/scout_msgs-0.1.0-py3.10.egg-info/dependency_links.txt
[59.280s] -- Installing: /home/student/ros2_ws/install/scout_msgs/local/lib/python3.10/dist-packages/scout_msgs-0.1.0-py3.10.egg-info/PKG-INFO
[59.281s] -- Installing: /home/student/ros2_ws/install/scout_msgs/local/lib/python3.10/dist-packages/scout_msgs
[59.282s] -- Installing: /home/student/ros2_ws/install/scout_msgs/local/lib/python3.10/dist-packages/scout_msgs/_scout_msgs_s.ep.rosidl_typesupport_introspection_c.c
[59.288s] -- Installing: /home/student/ros2_ws/install/scout_msgs/local/lib/python3.10/dist-packages/scout_msgs/msg
[59.288s] -- Installing: /home/student/ros2_ws/install/scout_msgs/local/lib/python3.10/dist-packages/scout_msgs/msg/_scout_light_cmd_s.c
[59.289s] -- Installing: /home/student/ros2_ws/install/scout_msgs/local/lib/python3.10/dist-packages/scout_msgs/msg/_scout_actuator_state.py
[59.290s] -- Installing: /home/student/ros2_ws/install/scout_msgs/local/lib/python3.10/dist-packages/scout_msgs/msg/__init__.py
[59.290s] -- Installing: /home/student/ros2_ws/install/scout_msgs/local/lib/python3.10/dist-packages/scout_msgs/msg/_scout_rc_state_s.c
[59.294s] -- Installing: /home/student/ros2_ws/install/scout_msgs/local/lib/python3.10/dist-packages/scout_msgs/msg/_scout_light_state_s.c
[59.295s] -- Installing: /home/student/ros2_ws/install/scout_msgs/local/lib/python3.10/dist-packages/scout_msgs/msg/_scout_light_state.py
[59.295s] -- Installing: /home/student/ros2_ws/install/scout_msgs/local/lib/python3.10/dist-packages/scout_msgs/msg/_scout_actuator_state_s.c
[59.298s] -- Installing: /home/student/ros2_ws/install/scout_msgs/local/lib/python3.10/dist-packages/scout_msgs/msg/_scout_status.py
[59.299s] -- Installing: /home/student/ros2_ws/install/scout_msgs/local/lib/python3.10/dist-packages/scout_msgs/msg/_scout_light_cmd.py
[59.300s] -- Installing: /home/student/ros2_ws/install/scout_msgs/local/lib/python3.10/dist-packages/scout_msgs/msg/_scout_status_s.c
[59.303s] -- Installing: /home/student/ros2_ws/install/scout_msgs/local/lib/python3.10/dist-packages/scout_msgs/msg/_scout_rc_state.py
[59.305s] -- Installing: /home/student/ros2_ws/install/scout_msgs/local/lib/python3.10/dist-packages/scout_msgs/libscout_msgs__rosidl_generator_py.so
[59.307s] -- Installing: /home/student/ros2_ws/install/scout_msgs/local/lib/python3.10/dist-packages/scout_msgs/__init__.py
[59.310s] -- Installing: /home/student/ros2_ws/install/scout_msgs/local/lib/python3.10/dist-packages/scout_msgs/_scout_msgs_s.ep.rosidl_typesupport_c.c
[59.311s] -- Installing: /home/student/ros2_ws/install/scout_msgs/local/lib/python3.10/dist-packages/scout_msgs/scout_msgs_s__rosidl_typesupport_fastrtps_c.cpython-310-x86_64-linux-gnu.so
[59.315s] -- Installing: /home/student/ros2_ws/install/scout_msgs/local/lib/python3.10/dist-packages/scout_msgs/scout_msgs_s__rosidl_typesupport_c.cpython-310-x86_64-linux-gnu.so
[59.316s] -- Installing: /home/student/ros2_ws/install/scout_msgs/local/lib/python3.10/dist-packages/scout_msgs/_scout_msgs_s.ep.rosidl_typesupport_fastrtps_c.c
[59.316s] -- Installing: /home/student/ros2_ws/install/scout_msgs/local/lib/python3.10/dist-packages/scout_msgs/scout_msgs_s__rosidl_typesupport_introspection_c.cpython-310-x86_64-linux-gnu.so
[59.515s] Listing '/home/student/ros2_ws/install/scout_msgs/local/lib/python3.10/dist-packages/scout_msgs'...
[59.516s] Compiling '/home/student/ros2_ws/install/scout_msgs/local/lib/python3.10/dist-packages/scout_msgs/__init__.py'...
[59.516s] Listing '/home/student/ros2_ws/install/scout_msgs/local/lib/python3.10/dist-packages/scout_msgs/msg'...
[59.516s] Compiling '/home/student/ros2_ws/install/scout_msgs/local/lib/python3.10/dist-packages/scout_msgs/msg/__init__.py'...
[59.516s] Compiling '/home/student/ros2_ws/install/scout_msgs/local/lib/python3.10/dist-packages/scout_msgs/msg/_scout_actuator_state.py'...
[59.517s] Compiling '/home/student/ros2_ws/install/scout_msgs/local/lib/python3.10/dist-packages/scout_msgs/msg/_scout_light_cmd.py'...
[59.517s] Compiling '/home/student/ros2_ws/install/scout_msgs/local/lib/python3.10/dist-packages/scout_msgs/msg/_scout_light_state.py'...
[59.517s] Compiling '/home/student/ros2_ws/install/scout_msgs/local/lib/python3.10/dist-packages/scout_msgs/msg/_scout_rc_state.py'...
[59.517s] Compiling '/home/student/ros2_ws/install/scout_msgs/local/lib/python3.10/dist-packages/scout_msgs/msg/_scout_status.py'...
[59.566s] -- Installing: /home/student/ros2_ws/install/scout_msgs/local/lib/python3.10/dist-packages/scout_msgs/scout_msgs_s__rosidl_typesupport_fastrtps_c.cpython-310-x86_64-linux-gnu.so
[59.567s] -- Set runtime path of "/home/student/ros2_ws/install/scout_msgs/local/lib/python3.10/dist-packages/scout_msgs/scout_msgs_s__rosidl_typesupport_fastrtps_c.cpython-310-x86_64-linux-gnu.so" to ""
[59.567s] -- Installing: /home/student/ros2_ws/install/scout_msgs/local/lib/python3.10/dist-packages/scout_msgs/scout_msgs_s__rosidl_typesupport_introspection_c.cpython-310-x86_64-linux-gnu.so
[59.571s] -- Set runtime path of "/home/student/ros2_ws/install/scout_msgs/local/lib/python3.10/dist-packages/scout_msgs/scout_msgs_s__rosidl_typesupport_introspection_c.cpython-310-x86_64-linux-gnu.so" to ""
[59.571s] -- Installing: /home/student/ros2_ws/install/scout_msgs/local/lib/python3.10/dist-packages/scout_msgs/scout_msgs_s__rosidl_typesupport_c.cpython-310-x86_64-linux-gnu.so
[59.572s] -- Set runtime path of "/home/student/ros2_ws/install/scout_msgs/local/lib/python3.10/dist-packages/scout_msgs/scout_msgs_s__rosidl_typesupport_c.cpython-310-x86_64-linux-gnu.so" to ""
[59.576s] -- Installing: /home/student/ros2_ws/install/scout_msgs/lib/libscout_msgs__rosidl_generator_py.so
[59.577s] -- Set runtime path of "/home/student/ros2_ws/install/scout_msgs/lib/libscout_msgs__rosidl_generator_py.so" to ""
[59.584s] -- Installing: /home/student/ros2_ws/install/scout_msgs/share/scout_msgs/msg/ScoutActuatorState.idl
[59.587s] -- Installing: /home/student/ros2_ws/install/scout_msgs/share/scout_msgs/msg/ScoutLightCmd.idl
[59.591s] -- Installing: /home/student/ros2_ws/install/scout_msgs/share/scout_msgs/msg/ScoutLightState.idl
[59.591s] -- Installing: /home/student/ros2_ws/install/scout_msgs/share/scout_msgs/msg/ScoutRCState.idl
[59.592s] -- Installing: /home/student/ros2_ws/install/scout_msgs/share/scout_msgs/msg/ScoutStatus.idl
[59.592s] -- Installing: /home/student/ros2_ws/install/scout_msgs/share/scout_msgs/msg/ScoutActuatorState.msg
[59.593s] -- Installing: /home/student/ros2_ws/install/scout_msgs/share/scout_msgs/msg/ScoutLightCmd.msg
[59.594s] -- Installing: /home/student/ros2_ws/install/scout_msgs/share/scout_msgs/msg/ScoutLightState.msg
[59.595s] -- Installing: /home/student/ros2_ws/install/scout_msgs/share/scout_msgs/msg/ScoutRCState.msg
[59.602s] -- Installing: /home/student/ros2_ws/install/scout_msgs/share/scout_msgs/msg/ScoutStatus.msg
[59.602s] -- Installing: /home/student/ros2_ws/install/scout_msgs/share/ament_index/resource_index/package_run_dependencies/scout_msgs
[59.605s] -- Installing: /home/student/ros2_ws/install/scout_msgs/share/ament_index/resource_index/parent_prefix_path/scout_msgs
[59.605s] -- Installing: /home/student/ros2_ws/install/scout_msgs/share/scout_msgs/environment/ament_prefix_path.sh
[59.605s] -- Installing: /home/student/ros2_ws/install/scout_msgs/share/scout_msgs/environment/ament_prefix_path.dsv
[59.610s] -- Installing: /home/student/ros2_ws/install/scout_msgs/share/scout_msgs/environment/path.sh
[59.611s] -- Installing: /home/student/ros2_ws/install/scout_msgs/share/scout_msgs/environment/path.dsv
[59.612s] -- Installing: /home/student/ros2_ws/install/scout_msgs/share/scout_msgs/local_setup.bash
[59.613s] -- Installing: /home/student/ros2_ws/install/scout_msgs/share/scout_msgs/local_setup.sh
[59.619s] -- Installing: /home/student/ros2_ws/install/scout_msgs/share/scout_msgs/local_setup.zsh
[59.620s] -- Installing: /home/student/ros2_ws/install/scout_msgs/share/scout_msgs/local_setup.dsv
[59.622s] -- Installing: /home/student/ros2_ws/install/scout_msgs/share/scout_msgs/package.dsv
[59.622s] -- Installing: /home/student/ros2_ws/install/scout_msgs/share/ament_index/resource_index/packages/scout_msgs
[59.622s] -- Installing: /home/student/ros2_ws/install/scout_msgs/share/scout_msgs/cmake/export_scout_msgs__rosidl_generator_cExport.cmake
[59.628s] -- Installing: /home/student/ros2_ws/install/scout_msgs/share/scout_msgs/cmake/export_scout_msgs__rosidl_generator_cExport-noconfig.cmake
[59.629s] -- Installing: /home/student/ros2_ws/install/scout_msgs/share/scout_msgs/cmake/export_scout_msgs__rosidl_typesupport_fastrtps_cExport.cmake
[59.630s] -- Installing: /home/student/ros2_ws/install/scout_msgs/share/scout_msgs/cmake/export_scout_msgs__rosidl_typesupport_fastrtps_cExport-noconfig.cmake
[59.636s] -- Installing: /home/student/ros2_ws/install/scout_msgs/share/scout_msgs/cmake/export_scout_msgs__rosidl_generator_cppExport.cmake
[59.637s] -- Installing: /home/student/ros2_ws/install/scout_msgs/share/scout_msgs/cmake/export_scout_msgs__rosidl_typesupport_fastrtps_cppExport.cmake
[59.638s] -- Installing: /home/student/ros2_ws/install/scout_msgs/share/scout_msgs/cmake/export_scout_msgs__rosidl_typesupport_fastrtps_cppExport-noconfig.cmake
[59.638s] -- Installing: /home/student/ros2_ws/install/scout_msgs/share/scout_msgs/cmake/scout_msgs__rosidl_typesupport_introspection_cExport.cmake
[59.647s] -- Installing: /home/student/ros2_ws/install/scout_msgs/share/scout_msgs/cmake/scout_msgs__rosidl_typesupport_introspection_cExport-noconfig.cmake
[59.648s] -- Installing: /home/student/ros2_ws/install/scout_msgs/share/scout_msgs/cmake/scout_msgs__rosidl_typesupport_cExport.cmake
[59.649s] -- Installing: /home/student/ros2_ws/install/scout_msgs/share/scout_msgs/cmake/scout_msgs__rosidl_typesupport_cExport-noconfig.cmake
[59.650s] -- Installing: /home/student/ros2_ws/install/scout_msgs/share/scout_msgs/cmake/scout_msgs__rosidl_typesupport_introspection_cppExport.cmake
[59.651s] -- Installing: /home/student/ros2_ws/install/scout_msgs/share/scout_msgs/cmake/scout_msgs__rosidl_typesupport_introspection_cppExport-noconfig.cmake
[59.660s] -- Installing: /home/student/ros2_ws/install/scout_msgs/share/scout_msgs/cmake/scout_msgs__rosidl_typesupport_cppExport.cmake
[59.661s] -- Installing: /home/student/ros2_ws/install/scout_msgs/share/scout_msgs/cmake/scout_msgs__rosidl_typesupport_cppExport-noconfig.cmake
[59.662s] -- Installing: /home/student/ros2_ws/install/scout_msgs/share/scout_msgs/cmake/export_scout_msgs__rosidl_generator_pyExport.cmake
[59.662s] -- Installing: /home/student/ros2_ws/install/scout_msgs/share/scout_msgs/cmake/export_scout_msgs__rosidl_generator_pyExport-noconfig.cmake
[59.663s] -- Installing: /home/student/ros2_ws/install/scout_msgs/share/scout_msgs/cmake/rosidl_cmake-extras.cmake
[59.664s] -- Installing: /home/student/ros2_ws/install/scout_msgs/share/scout_msgs/cmake/ament_cmake_export_dependencies-extras.cmake
[59.665s] -- Installing: /home/student/ros2_ws/install/scout_msgs/share/scout_msgs/cmake/ament_cmake_export_include_directories-extras.cmake
[59.671s] -- Installing: /home/student/ros2_ws/install/scout_msgs/share/scout_msgs/cmake/ament_cmake_export_libraries-extras.cmake
[59.675s] -- Installing: /home/student/ros2_ws/install/scout_msgs/share/scout_msgs/cmake/ament_cmake_export_targets-extras.cmake
[59.676s] -- Installing: /home/student/ros2_ws/install/scout_msgs/share/scout_msgs/cmake/rosidl_cmake_export_typesupport_targets-extras.cmake
[59.676s] -- Installing: /home/student/ros2_ws/install/scout_msgs/share/scout_msgs/cmake/rosidl_cmake_export_typesupport_libraries-extras.cmake
[59.681s] -- Installing: /home/student/ros2_ws/install/scout_msgs/share/scout_msgs/cmake/scout_msgsConfig.cmake
[59.682s] -- Installing: /home/student/ros2_ws/install/scout_msgs/share/scout_msgs/cmake/scout_msgsConfig-version.cmake
[59.682s] -- Installing: /home/student/ros2_ws/install/scout_msgs/share/scout_msgs/package.xml
[59.704s] Invoked command in '/home/student/ros2_ws/build/scout_msgs' returned '0': CMAKE_PREFIX_PATH=${CMAKE_PREFIX_PATH}:/home/student/ros2_ws/install/robot_control:/home/student/ros2_ws/install/lidar_slam_mapping:/home/student/ros2_ws/install/object_recognition:/home/student/ros2_ws/install/autonomous_driving:/opt/ros/humble /usr/bin/cmake --install /home/student/ros2_ws/build/scout_msgs
