[0.182s] Invoking command in '/home/student/ros2_ws/build/ugv_sdk': /usr/bin/cmake --build /home/student/ros2_ws/build/ugv_sdk -- -j2 -l2
[0.703s] [ 42%] Built target ugv_sdk
[0.936s] [ 50%] Built target demo_scout_robot
[1.139s] [ 57%] Built target demo_scout_mini_omni_robot
[1.327s] [ 64%] Built target demo_tracer_robot
[1.532s] [ 71%] Built target demo_ranger_robot
[1.726s] [ 78%] Built target demo_bunker_robot
[1.897s] [ 85%] Built target demo_hunter_robot
[2.056s] [ 92%] Built target demo_protocol_detector
[2.190s] [100%] Built target demo_robot_version
[3.306s] Invoked command in '/home/student/ros2_ws/build/ugv_sdk' returned '0': /usr/bin/cmake --build /home/student/ros2_ws/build/ugv_sdk -- -j2 -l2
[3.316s] Invoking command in '/home/student/ros2_ws/build/ugv_sdk': /usr/bin/cmake --install /home/student/ros2_ws/build/ugv_sdk
[3.374s] -- Install configuration: "Release"
[3.375s] -- Up-to-date: /home/student/ros2_ws/install/ugv_sdk/lib/libugv_sdk.a
[3.375s] -- Up-to-date: /home/student/ros2_ws/install/ugv_sdk/include/ugv_sdk
[3.388s] -- Up-to-date: /home/student/ros2_ws/install/ugv_sdk/include/ugv_sdk/utilities
[3.388s] -- Up-to-date: /home/student/ros2_ws/install/ugv_sdk/include/ugv_sdk/utilities/protocol_detector.hpp
[3.391s] -- Up-to-date: /home/student/ros2_ws/install/ugv_sdk/include/ugv_sdk/details
[3.391s] -- Up-to-date: /home/student/ros2_ws/install/ugv_sdk/include/ugv_sdk/details/async_port
[3.392s] -- Up-to-date: /home/student/ros2_ws/install/ugv_sdk/include/ugv_sdk/details/async_port/ring_buffer.hpp
[3.392s] -- Up-to-date: /home/student/ros2_ws/install/ugv_sdk/include/ugv_sdk/details/async_port/async_serial.hpp
[3.392s] -- Up-to-date: /home/student/ros2_ws/install/ugv_sdk/include/ugv_sdk/details/async_port/async_can.hpp
[3.393s] -- Up-to-date: /home/student/ros2_ws/install/ugv_sdk/include/ugv_sdk/details/interface
[3.393s] -- Up-to-date: /home/student/ros2_ws/install/ugv_sdk/include/ugv_sdk/details/interface/robot_common_interface.hpp
[3.393s] -- Up-to-date: /home/student/ros2_ws/install/ugv_sdk/include/ugv_sdk/details/interface/bunker_interface.hpp
[3.393s] -- Up-to-date: /home/student/ros2_ws/install/ugv_sdk/include/ugv_sdk/details/interface/hunter_interface.hpp
[3.394s] -- Up-to-date: /home/student/ros2_ws/install/ugv_sdk/include/ugv_sdk/details/interface/scout_interface.hpp
[3.394s] -- Up-to-date: /home/student/ros2_ws/install/ugv_sdk/include/ugv_sdk/details/interface/titan_interface.hpp
[3.394s] -- Up-to-date: /home/student/ros2_ws/install/ugv_sdk/include/ugv_sdk/details/interface/agilex_types.h
[3.395s] -- Up-to-date: /home/student/ros2_ws/install/ugv_sdk/include/ugv_sdk/details/interface/tracer_interface.hpp
[3.395s] -- Up-to-date: /home/student/ros2_ws/install/ugv_sdk/include/ugv_sdk/details/interface/ranger_interface.hpp
[3.395s] -- Up-to-date: /home/student/ros2_ws/install/ugv_sdk/include/ugv_sdk/details/interface/agilex_message.h
[3.396s] -- Up-to-date: /home/student/ros2_ws/install/ugv_sdk/include/ugv_sdk/details/robot_base
[3.396s] -- Up-to-date: /home/student/ros2_ws/install/ugv_sdk/include/ugv_sdk/details/robot_base/hunter_base.hpp
[3.396s] -- Up-to-date: /home/student/ros2_ws/install/ugv_sdk/include/ugv_sdk/details/robot_base/bunker_base.hpp
[3.397s] -- Up-to-date: /home/student/ros2_ws/install/ugv_sdk/include/ugv_sdk/details/robot_base/titan_base.hpp
[3.397s] -- Up-to-date: /home/student/ros2_ws/install/ugv_sdk/include/ugv_sdk/details/robot_base/agilex_base.hpp
[3.397s] -- Up-to-date: /home/student/ros2_ws/install/ugv_sdk/include/ugv_sdk/details/robot_base/scout_base.hpp
[3.398s] -- Up-to-date: /home/student/ros2_ws/install/ugv_sdk/include/ugv_sdk/details/robot_base/tracer_base.hpp
[3.398s] -- Up-to-date: /home/student/ros2_ws/install/ugv_sdk/include/ugv_sdk/details/robot_base/ranger_base.hpp
[3.398s] -- Up-to-date: /home/student/ros2_ws/install/ugv_sdk/include/ugv_sdk/details/protocol_v1
[3.399s] -- Up-to-date: /home/student/ros2_ws/install/ugv_sdk/include/ugv_sdk/details/protocol_v1/robot_limits.hpp
[3.399s] -- Up-to-date: /home/student/ros2_ws/install/ugv_sdk/include/ugv_sdk/details/protocol_v1/agilex_msg_parser_v1.h
[3.399s] -- Up-to-date: /home/student/ros2_ws/install/ugv_sdk/include/ugv_sdk/details/protocol_v1/protocol_v1_parser.hpp
[3.400s] -- Up-to-date: /home/student/ros2_ws/install/ugv_sdk/include/ugv_sdk/details/parser_base.hpp
[3.400s] -- Up-to-date: /home/student/ros2_ws/install/ugv_sdk/include/ugv_sdk/details/protocol_v2
[3.400s] -- Up-to-date: /home/student/ros2_ws/install/ugv_sdk/include/ugv_sdk/details/protocol_v2/protocol_v2_parser.hpp
[3.400s] -- Up-to-date: /home/student/ros2_ws/install/ugv_sdk/include/ugv_sdk/mobile_robot
[3.401s] -- Up-to-date: /home/student/ros2_ws/install/ugv_sdk/include/ugv_sdk/mobile_robot/titan_robot.hpp
[3.401s] -- Up-to-date: /home/student/ros2_ws/install/ugv_sdk/include/ugv_sdk/mobile_robot/hunter_robot.hpp
[3.401s] -- Up-to-date: /home/student/ros2_ws/install/ugv_sdk/include/ugv_sdk/mobile_robot/scout_robot.hpp
[3.402s] -- Up-to-date: /home/student/ros2_ws/install/ugv_sdk/include/ugv_sdk/mobile_robot/bunker_robot.hpp
[3.402s] -- Up-to-date: /home/student/ros2_ws/install/ugv_sdk/include/ugv_sdk/mobile_robot/tracer_robot.hpp
[3.402s] -- Up-to-date: /home/student/ros2_ws/install/ugv_sdk/include/ugv_sdk/mobile_robot/ranger_robot.hpp
[3.421s] -- Up-to-date: /home/student/ros2_ws/install/ugv_sdk/lib/cmake/ugv_sdk/ugv_sdkTargets.cmake
[3.422s] -- Up-to-date: /home/student/ros2_ws/install/ugv_sdk/lib/cmake/ugv_sdk/ugv_sdkTargets-release.cmake
[3.422s] -- Up-to-date: /home/student/ros2_ws/install/ugv_sdk/lib/cmake/ugv_sdk/ugv_sdkConfig.cmake
[3.422s] -- Up-to-date: /home/student/ros2_ws/install/ugv_sdk/lib/cmake/ugv_sdk/ugv_sdkConfigVersion.cmake
[3.452s] Invoked command in '/home/student/ros2_ws/build/ugv_sdk' returned '0': /usr/bin/cmake --install /home/student/ros2_ws/build/ugv_sdk
