[0.050s] Invoking command in '/home/student/ros2_ws/build/ugv_sdk': /usr/bin/cmake /home/student/ros2_ws/src/ugv_sdk -DCATKIN_INSTALL_INTO_PREFIX_ROOT=0 -DCMAKE_INSTALL_PREFIX=/home/student/ros2_ws/install/ugv_sdk
[0.179s] -- The C compiler identification is GNU 11.4.0
[0.306s] -- The CXX compiler identification is GNU 11.4.0
[0.322s] -- Detecting C compiler ABI info
[0.478s] -- Detecting C compiler ABI info - done
[0.500s] -- Check for working C compiler: /usr/bin/cc - skipped
[0.501s] -- Detecting C compile features
[0.502s] -- Detecting C compile features - done
[0.511s] -- Detecting CXX compiler ABI info
[0.703s] -- Detecting CXX compiler ABI info - done
[0.729s] -- Check for working CXX compiler: /usr/bin/c++ - skipped
[0.730s] -- Detecting CXX compile features
[0.731s] -- Detecting CXX compile features - done
[0.734s] -- Build package with cmake
[0.734s] -- Setting build type to 'Release' as none was specified.
[0.735s] -- Tests will not be built
[0.746s] -- Looking for pthread.h
[0.934s] -- Looking for pthread.h - found
[0.935s] -- Performing Test CMAKE_HAVE_LIBC_PTHREAD
[1.125s] -- Performing Test CMAKE_HAVE_LIBC_PTHREAD - Success
[1.127s] -- Found Threads: TRUE  
[1.137s] -- Project will be installed to /home/student/ros2_ws/install/ugv_sdk with 'make install'
[1.137s] --  - To install LIB components to /home/student/ros2_ws/install/ugv_sdk/lib
[1.137s] --  - To install BIN components to /home/student/ros2_ws/install/ugv_sdk/bin
[1.138s] --  - To install INCLUDE components to /home/student/ros2_ws/install/ugv_sdk/include
[1.138s] --  - To install CMAKE components to /home/student/ros2_ws/install/ugv_sdk/share/cmake/ugv_sdk
[1.159s] -- Configuring done
[1.204s] -- Generating done
[1.208s] [33mCMake Warning:
[1.208s]   Manually-specified variables were not used by the project:
[1.208s] 
[1.208s]     CATKIN_INSTALL_INTO_PREFIX_ROOT
[1.209s] 
[1.209s] [0m
[1.218s] -- Build files have been written to: /home/student/ros2_ws/build/ugv_sdk
[1.228s] Invoked command in '/home/student/ros2_ws/build/ugv_sdk' returned '0': /usr/bin/cmake /home/student/ros2_ws/src/ugv_sdk -DCATKIN_INSTALL_INTO_PREFIX_ROOT=0 -DCMAKE_INSTALL_PREFIX=/home/student/ros2_ws/install/ugv_sdk
[1.229s] Invoking command in '/home/student/ros2_ws/build/ugv_sdk': /usr/bin/cmake --build /home/student/ros2_ws/build/ugv_sdk -- -j2 -l2
[1.326s] [  3%] [32mBuilding CXX object CMakeFiles/ugv_sdk.dir/src/async_port/async_serial.cpp.o[0m
[9.541s] [  7%] [32mBuilding CXX object CMakeFiles/ugv_sdk.dir/src/async_port/async_can.cpp.o[0m
[16.990s] [ 10%] [32mBuilding CXX object CMakeFiles/ugv_sdk.dir/src/utilities/protocol_detector.cpp.o[0m
[20.715s] [ 14%] [32mBuilding CXX object CMakeFiles/ugv_sdk.dir/src/mobile_robot/scout_robot.cpp.o[0m
[27.035s] [ 17%] [32mBuilding CXX object CMakeFiles/ugv_sdk.dir/src/mobile_robot/hunter_robot.cpp.o[0m
[31.821s] [ 21%] [32mBuilding CXX object CMakeFiles/ugv_sdk.dir/src/mobile_robot/bunker_robot.cpp.o[0m
[36.466s] [ 25%] [32mBuilding CXX object CMakeFiles/ugv_sdk.dir/src/mobile_robot/ranger_robot.cpp.o[0m
[40.944s] [ 28%] [32mBuilding CXX object CMakeFiles/ugv_sdk.dir/src/mobile_robot/titan_robot.cpp.o[0m
[45.186s] [ 32%] [32mBuilding C object CMakeFiles/ugv_sdk.dir/src/protocol_v2/agilex_msg_parser_v2.c.o[0m
[45.574s] [ 35%] [32mBuilding CXX object CMakeFiles/ugv_sdk.dir/src/protocol_v2/protocol_v2_parser.cpp.o[0m
[45.663s] [ 39%] [32mBuilding C object CMakeFiles/ugv_sdk.dir/src/protocol_v1/agilex_msg_parser_v1.c.o[0m
[45.816s] [ 42%] [32m[1mLinking CXX static library lib/libugv_sdk.a[0m
[45.917s] [ 42%] Built target ugv_sdk
[45.957s] [ 46%] [32mBuilding CXX object sample/scout_demo/CMakeFiles/demo_scout_robot.dir/scout_robot_demo.cpp.o[0m
[49.530s] [ 50%] [32m[1mLinking CXX executable ../../bin/demo_scout_robot[0m
[49.757s] [ 50%] Built target demo_scout_robot
[49.797s] [ 53%] [32mBuilding CXX object sample/scout_demo/CMakeFiles/demo_scout_mini_omni_robot.dir/scout_mini_omni_demo.cpp.o[0m
[53.387s] [ 57%] [32m[1mLinking CXX executable ../../bin/demo_scout_mini_omni_robot[0m
[53.613s] [ 57%] Built target demo_scout_mini_omni_robot
[53.659s] [ 60%] [32mBuilding CXX object sample/tracer_demo/CMakeFiles/demo_tracer_robot.dir/tracer_robot_demo.cpp.o[0m
[58.086s] [ 64%] [32m[1mLinking CXX executable ../../bin/demo_tracer_robot[0m
[58.302s] [ 64%] Built target demo_tracer_robot
[58.344s] [ 67%] [32mBuilding CXX object sample/ranger_demo/CMakeFiles/demo_ranger_robot.dir/ranger_robot_demo.cpp.o[0m
[62.349s] [ 71%] [32m[1mLinking CXX executable ../../bin/demo_ranger_robot[0m
[62.566s] [ 71%] Built target demo_ranger_robot
[62.609s] [ 75%] [32mBuilding CXX object sample/bunker_demo/CMakeFiles/demo_bunker_robot.dir/bunker_robot_demo.cpp.o[0m
[63.732s] [ 78%] [32m[1mLinking CXX executable ../../bin/demo_bunker_robot[0m
[63.956s] [ 78%] Built target demo_bunker_robot
[64.001s] [ 82%] [32mBuilding CXX object sample/hunter_demo/CMakeFiles/demo_hunter_robot.dir/hunter_robot_demo.cpp.o[0m
[67.708s] [ 85%] [32m[1mLinking CXX executable ../../bin/demo_hunter_robot[0m
[67.931s] [ 85%] Built target demo_hunter_robot
[67.987s] [ 89%] [32mBuilding CXX object sample/utils_demo/CMakeFiles/demo_protocol_detector.dir/demo_protocol_detector.cpp.o[0m
[71.554s] [ 92%] [32m[1mLinking CXX executable ../../bin/demo_protocol_detector[0m
[71.761s] [ 92%] Built target demo_protocol_detector
[71.802s] [ 96%] [32mBuilding CXX object sample/utils_demo/CMakeFiles/demo_robot_version.dir/demo_robot_version.cpp.o[0m
[75.390s] [100%] [32m[1mLinking CXX executable ../../bin/demo_robot_version[0m
[75.614s] [100%] Built target demo_robot_version
[75.645s] Invoked command in '/home/student/ros2_ws/build/ugv_sdk' returned '0': /usr/bin/cmake --build /home/student/ros2_ws/build/ugv_sdk -- -j2 -l2
[75.646s] Invoking command in '/home/student/ros2_ws/build/ugv_sdk': /usr/bin/cmake --install /home/student/ros2_ws/build/ugv_sdk
[75.664s] -- Install configuration: "Release"
[75.665s] -- Installing: /home/student/ros2_ws/install/ugv_sdk/lib/libugv_sdk.a
[75.669s] -- Installing: /home/student/ros2_ws/install/ugv_sdk/include/ugv_sdk
[75.670s] -- Installing: /home/student/ros2_ws/install/ugv_sdk/include/ugv_sdk/utilities
[75.670s] -- Installing: /home/student/ros2_ws/install/ugv_sdk/include/ugv_sdk/utilities/protocol_detector.hpp
[75.671s] -- Installing: /home/student/ros2_ws/install/ugv_sdk/include/ugv_sdk/details
[75.671s] -- Installing: /home/student/ros2_ws/install/ugv_sdk/include/ugv_sdk/details/async_port
[75.672s] -- Installing: /home/student/ros2_ws/install/ugv_sdk/include/ugv_sdk/details/async_port/ring_buffer.hpp
[75.672s] -- Installing: /home/student/ros2_ws/install/ugv_sdk/include/ugv_sdk/details/async_port/async_serial.hpp
[75.673s] -- Installing: /home/student/ros2_ws/install/ugv_sdk/include/ugv_sdk/details/async_port/async_can.hpp
[75.673s] -- Installing: /home/student/ros2_ws/install/ugv_sdk/include/ugv_sdk/details/interface
[75.674s] -- Installing: /home/student/ros2_ws/install/ugv_sdk/include/ugv_sdk/details/interface/robot_common_interface.hpp
[75.674s] -- Installing: /home/student/ros2_ws/install/ugv_sdk/include/ugv_sdk/details/interface/bunker_interface.hpp
[75.675s] -- Installing: /home/student/ros2_ws/install/ugv_sdk/include/ugv_sdk/details/interface/hunter_interface.hpp
[75.675s] -- Installing: /home/student/ros2_ws/install/ugv_sdk/include/ugv_sdk/details/interface/scout_interface.hpp
[75.676s] -- Installing: /home/student/ros2_ws/install/ugv_sdk/include/ugv_sdk/details/interface/titan_interface.hpp
[75.676s] -- Installing: /home/student/ros2_ws/install/ugv_sdk/include/ugv_sdk/details/interface/agilex_types.h
[75.677s] -- Installing: /home/student/ros2_ws/install/ugv_sdk/include/ugv_sdk/details/interface/tracer_interface.hpp
[75.677s] -- Installing: /home/student/ros2_ws/install/ugv_sdk/include/ugv_sdk/details/interface/ranger_interface.hpp
[75.678s] -- Installing: /home/student/ros2_ws/install/ugv_sdk/include/ugv_sdk/details/interface/agilex_message.h
[75.678s] -- Installing: /home/student/ros2_ws/install/ugv_sdk/include/ugv_sdk/details/robot_base
[75.679s] -- Installing: /home/student/ros2_ws/install/ugv_sdk/include/ugv_sdk/details/robot_base/hunter_base.hpp
[75.679s] -- Installing: /home/student/ros2_ws/install/ugv_sdk/include/ugv_sdk/details/robot_base/bunker_base.hpp
[75.680s] -- Installing: /home/student/ros2_ws/install/ugv_sdk/include/ugv_sdk/details/robot_base/titan_base.hpp
[75.680s] -- Installing: /home/student/ros2_ws/install/ugv_sdk/include/ugv_sdk/details/robot_base/agilex_base.hpp
[75.681s] -- Installing: /home/student/ros2_ws/install/ugv_sdk/include/ugv_sdk/details/robot_base/scout_base.hpp
[75.681s] -- Installing: /home/student/ros2_ws/install/ugv_sdk/include/ugv_sdk/details/robot_base/tracer_base.hpp
[75.682s] -- Installing: /home/student/ros2_ws/install/ugv_sdk/include/ugv_sdk/details/robot_base/ranger_base.hpp
[75.682s] -- Installing: /home/student/ros2_ws/install/ugv_sdk/include/ugv_sdk/details/protocol_v1
[75.683s] -- Installing: /home/student/ros2_ws/install/ugv_sdk/include/ugv_sdk/details/protocol_v1/robot_limits.hpp
[75.683s] -- Installing: /home/student/ros2_ws/install/ugv_sdk/include/ugv_sdk/details/protocol_v1/agilex_msg_parser_v1.h
[75.684s] -- Installing: /home/student/ros2_ws/install/ugv_sdk/include/ugv_sdk/details/protocol_v1/protocol_v1_parser.hpp
[75.684s] -- Installing: /home/student/ros2_ws/install/ugv_sdk/include/ugv_sdk/details/parser_base.hpp
[75.685s] -- Installing: /home/student/ros2_ws/install/ugv_sdk/include/ugv_sdk/details/protocol_v2
[75.685s] -- Installing: /home/student/ros2_ws/install/ugv_sdk/include/ugv_sdk/details/protocol_v2/protocol_v2_parser.hpp
[75.686s] -- Installing: /home/student/ros2_ws/install/ugv_sdk/include/ugv_sdk/mobile_robot
[75.686s] -- Installing: /home/student/ros2_ws/install/ugv_sdk/include/ugv_sdk/mobile_robot/titan_robot.hpp
[75.687s] -- Installing: /home/student/ros2_ws/install/ugv_sdk/include/ugv_sdk/mobile_robot/hunter_robot.hpp
[75.687s] -- Installing: /home/student/ros2_ws/install/ugv_sdk/include/ugv_sdk/mobile_robot/scout_robot.hpp
[75.688s] -- Installing: /home/student/ros2_ws/install/ugv_sdk/include/ugv_sdk/mobile_robot/bunker_robot.hpp
[75.688s] -- Installing: /home/student/ros2_ws/install/ugv_sdk/include/ugv_sdk/mobile_robot/tracer_robot.hpp
[75.689s] -- Installing: /home/student/ros2_ws/install/ugv_sdk/include/ugv_sdk/mobile_robot/ranger_robot.hpp
[75.689s] -- Installing: /home/student/ros2_ws/install/ugv_sdk/lib/cmake/ugv_sdk/ugv_sdkTargets.cmake
[75.690s] -- Installing: /home/student/ros2_ws/install/ugv_sdk/lib/cmake/ugv_sdk/ugv_sdkTargets-release.cmake
[75.691s] -- Installing: /home/student/ros2_ws/install/ugv_sdk/lib/cmake/ugv_sdk/ugv_sdkConfig.cmake
[75.691s] -- Installing: /home/student/ros2_ws/install/ugv_sdk/lib/cmake/ugv_sdk/ugv_sdkConfigVersion.cmake
[75.699s] Invoked command in '/home/student/ros2_ws/build/ugv_sdk' returned '0': /usr/bin/cmake --install /home/student/ros2_ws/build/ugv_sdk
