[0.048s] Invoking command in '/home/student/ros2_ws/build/scout_msgs': CMAKE_PREFIX_PATH=/home/student/ros2_ws/install/scout_base:/home/student/ros2_ws/install/lidar_slam_mapping:/home/student/ros2_ws/install/lidar_slam_nav2:/opt/ros/humble:/home/student/ros2_ws/install/ugv_sdk:/home/student/ros2_ws/install/scout_msgs:/home/student/ros2_ws/install/scout_description:/home/student/ros2_ws/install/rslidar_sdk:/home/student/ros2_ws/install/rslidar_msg:/home/student/ros2_ws/install/rplidar_ros:/home/student/ros2_ws/install/cartographer_rviz:/home/student/ros2_ws/install/cartographer_ros:/home/student/ros2_ws/install/cartographer_ros_msgs /usr/bin/cmake --build /home/student/ros2_ws/build/scout_msgs -- -j2 -l2
[0.172s] [35m[1mConsolidate compiler generated dependencies of target scout_msgs__rosidl_generator_c[0m
[0.200s] [  1%] Built target scout_msgs__cpp
[0.231s] [ 12%] Built target scout_msgs__rosidl_generator_c
[0.280s] [35m[1mConsolidate compiler generated dependencies of target scout_msgs__rosidl_typesupport_cpp[0m
[0.345s] [ 12%] Built target ament_cmake_python_copy_scout_msgs
[0.351s] [ 23%] Built target scout_msgs__rosidl_typesupport_cpp
[0.396s] [35m[1mConsolidate compiler generated dependencies of target scout_msgs__rosidl_typesupport_fastrtps_c[0m
[0.405s] [35m[1mConsolidate compiler generated dependencies of target scout_msgs__rosidl_typesupport_fastrtps_cpp[0m
[0.471s] [ 46%] Built target scout_msgs__rosidl_typesupport_fastrtps_c
[0.471s] [ 46%] Built target scout_msgs__rosidl_typesupport_fastrtps_cpp
[0.518s] [35m[1mConsolidate compiler generated dependencies of target scout_msgs__rosidl_typesupport_c[0m
[0.521s] [35m[1mConsolidate compiler generated dependencies of target scout_msgs__rosidl_typesupport_introspection_c[0m
[0.561s] [ 57%] Built target scout_msgs__rosidl_typesupport_c
[0.575s] [ 68%] Built target scout_msgs__rosidl_typesupport_introspection_c
[0.617s] [35m[1mConsolidate compiler generated dependencies of target scout_msgs__rosidl_typesupport_introspection_cpp[0m
[0.715s] [ 79%] Built target scout_msgs__rosidl_typesupport_introspection_cpp
[0.841s] [ 79%] Built target scout_msgs
[0.968s] [ 80%] Built target scout_msgs__py
[1.039s] [35m[1mConsolidate compiler generated dependencies of target scout_msgs__rosidl_generator_py[0m
[1.132s] [ 90%] Built target scout_msgs__rosidl_generator_py
[1.199s] [35m[1mConsolidate compiler generated dependencies of target scout_msgs__rosidl_typesupport_fastrtps_c__pyext[0m
[1.266s] [ 93%] Built target scout_msgs__rosidl_typesupport_fastrtps_c__pyext
[1.323s] [35m[1mConsolidate compiler generated dependencies of target scout_msgs__rosidl_typesupport_introspection_c__pyext[0m
[1.390s] [ 96%] Built target scout_msgs__rosidl_typesupport_introspection_c__pyext
[1.446s] [35m[1mConsolidate compiler generated dependencies of target scout_msgs__rosidl_typesupport_c__pyext[0m
[1.517s] [100%] Built target scout_msgs__rosidl_typesupport_c__pyext
[1.680s] running egg_info
[1.682s] writing scout_msgs.egg-info/PKG-INFO
[1.683s] writing dependency_links to scout_msgs.egg-info/dependency_links.txt
[1.683s] writing top-level names to scout_msgs.egg-info/top_level.txt
[1.690s] reading manifest file 'scout_msgs.egg-info/SOURCES.txt'
[1.691s] writing manifest file 'scout_msgs.egg-info/SOURCES.txt'
[1.780s] [100%] Built target ament_cmake_python_build_scout_msgs_egg
[1.810s] Invoked command in '/home/student/ros2_ws/build/scout_msgs' returned '0': CMAKE_PREFIX_PATH=/home/student/ros2_ws/install/scout_base:/home/student/ros2_ws/install/lidar_slam_mapping:/home/student/ros2_ws/install/lidar_slam_nav2:/opt/ros/humble:/home/student/ros2_ws/install/ugv_sdk:/home/student/ros2_ws/install/scout_msgs:/home/student/ros2_ws/install/scout_description:/home/student/ros2_ws/install/rslidar_sdk:/home/student/ros2_ws/install/rslidar_msg:/home/student/ros2_ws/install/rplidar_ros:/home/student/ros2_ws/install/cartographer_rviz:/home/student/ros2_ws/install/cartographer_ros:/home/student/ros2_ws/install/cartographer_ros_msgs /usr/bin/cmake --build /home/student/ros2_ws/build/scout_msgs -- -j2 -l2
[1.826s] Invoking command in '/home/student/ros2_ws/build/scout_msgs': CMAKE_PREFIX_PATH=/home/student/ros2_ws/install/scout_base:/home/student/ros2_ws/install/lidar_slam_mapping:/home/student/ros2_ws/install/lidar_slam_nav2:/opt/ros/humble:/home/student/ros2_ws/install/ugv_sdk:/home/student/ros2_ws/install/scout_msgs:/home/student/ros2_ws/install/scout_description:/home/student/ros2_ws/install/rslidar_sdk:/home/student/ros2_ws/install/rslidar_msg:/home/student/ros2_ws/install/rplidar_ros:/home/student/ros2_ws/install/cartographer_rviz:/home/student/ros2_ws/install/cartographer_ros:/home/student/ros2_ws/install/cartographer_ros_msgs /usr/bin/cmake --install /home/student/ros2_ws/build/scout_msgs
[1.843s] -- Install configuration: ""
[1.844s] -- Up-to-date: /home/student/ros2_ws/install/scout_msgs/share/ament_index/resource_index/rosidl_interfaces/scout_msgs
[1.844s] -- Up-to-date: /home/student/ros2_ws/install/scout_msgs/include/scout_msgs/scout_msgs
[1.845s] -- Up-to-date: /home/student/ros2_ws/install/scout_msgs/include/scout_msgs/scout_msgs/msg
[1.845s] -- Up-to-date: /home/student/ros2_ws/install/scout_msgs/include/scout_msgs/scout_msgs/msg/scout_status.h
[1.846s] -- Up-to-date: /home/student/ros2_ws/install/scout_msgs/include/scout_msgs/scout_msgs/msg/scout_rc_state.h
[1.846s] -- Up-to-date: /home/student/ros2_ws/install/scout_msgs/include/scout_msgs/scout_msgs/msg/rosidl_generator_c__visibility_control.h
[1.846s] -- Up-to-date: /home/student/ros2_ws/install/scout_msgs/include/scout_msgs/scout_msgs/msg/detail
[1.847s] -- Up-to-date: /home/student/ros2_ws/install/scout_msgs/include/scout_msgs/scout_msgs/msg/detail/scout_actuator_state__functions.c
[1.847s] -- Up-to-date: /home/student/ros2_ws/install/scout_msgs/include/scout_msgs/scout_msgs/msg/detail/scout_light_cmd__type_support.h
[1.848s] -- Up-to-date: /home/student/ros2_ws/install/scout_msgs/include/scout_msgs/scout_msgs/msg/detail/scout_light_state__functions.h
[1.848s] -- Up-to-date: /home/student/ros2_ws/install/scout_msgs/include/scout_msgs/scout_msgs/msg/detail/scout_light_state__functions.c
[1.848s] -- Up-to-date: /home/student/ros2_ws/install/scout_msgs/include/scout_msgs/scout_msgs/msg/detail/scout_actuator_state__functions.h
[1.849s] -- Up-to-date: /home/student/ros2_ws/install/scout_msgs/include/scout_msgs/scout_msgs/msg/detail/scout_status__functions.c
[1.849s] -- Up-to-date: /home/student/ros2_ws/install/scout_msgs/include/scout_msgs/scout_msgs/msg/detail/scout_rc_state__struct.h
[1.850s] -- Up-to-date: /home/student/ros2_ws/install/scout_msgs/include/scout_msgs/scout_msgs/msg/detail/scout_light_state__struct.h
[1.872s] -- Up-to-date: /home/student/ros2_ws/install/scout_msgs/include/scout_msgs/scout_msgs/msg/detail/scout_actuator_state__struct.h
[1.872s] -- Up-to-date: /home/student/ros2_ws/install/scout_msgs/include/scout_msgs/scout_msgs/msg/detail/scout_light_cmd__functions.h
[1.872s] -- Up-to-date: /home/student/ros2_ws/install/scout_msgs/include/scout_msgs/scout_msgs/msg/detail/scout_rc_state__type_support.h
[1.873s] -- Up-to-date: /home/student/ros2_ws/install/scout_msgs/include/scout_msgs/scout_msgs/msg/detail/scout_status__type_support.h
[1.873s] -- Up-to-date: /home/student/ros2_ws/install/scout_msgs/include/scout_msgs/scout_msgs/msg/detail/scout_light_cmd__struct.h
[1.873s] -- Up-to-date: /home/student/ros2_ws/install/scout_msgs/include/scout_msgs/scout_msgs/msg/detail/scout_actuator_state__type_support.h
[1.873s] -- Up-to-date: /home/student/ros2_ws/install/scout_msgs/include/scout_msgs/scout_msgs/msg/detail/scout_status__functions.h
[1.873s] -- Up-to-date: /home/student/ros2_ws/install/scout_msgs/include/scout_msgs/scout_msgs/msg/detail/scout_status__struct.h
[1.874s] -- Up-to-date: /home/student/ros2_ws/install/scout_msgs/include/scout_msgs/scout_msgs/msg/detail/scout_rc_state__functions.h
[1.874s] -- Up-to-date: /home/student/ros2_ws/install/scout_msgs/include/scout_msgs/scout_msgs/msg/detail/scout_rc_state__functions.c
[1.875s] -- Up-to-date: /home/student/ros2_ws/install/scout_msgs/include/scout_msgs/scout_msgs/msg/detail/scout_light_cmd__functions.c
[1.875s] -- Up-to-date: /home/student/ros2_ws/install/scout_msgs/include/scout_msgs/scout_msgs/msg/detail/scout_light_state__type_support.h
[1.875s] -- Up-to-date: /home/student/ros2_ws/install/scout_msgs/include/scout_msgs/scout_msgs/msg/scout_actuator_state.h
[1.881s] -- Up-to-date: /home/student/ros2_ws/install/scout_msgs/include/scout_msgs/scout_msgs/msg/scout_light_cmd.h
[1.882s] -- Up-to-date: /home/student/ros2_ws/install/scout_msgs/include/scout_msgs/scout_msgs/msg/scout_light_state.h
[1.889s] -- Up-to-date: /home/student/ros2_ws/install/scout_msgs/share/scout_msgs/environment/library_path.sh
[1.889s] -- Up-to-date: /home/student/ros2_ws/install/scout_msgs/share/scout_msgs/environment/library_path.dsv
[1.890s] -- Up-to-date: /home/student/ros2_ws/install/scout_msgs/lib/libscout_msgs__rosidl_generator_c.so
[1.890s] -- Up-to-date: /home/student/ros2_ws/install/scout_msgs/include/scout_msgs/scout_msgs
[1.890s] -- Up-to-date: /home/student/ros2_ws/install/scout_msgs/include/scout_msgs/scout_msgs/msg
[1.890s] -- Up-to-date: /home/student/ros2_ws/install/scout_msgs/include/scout_msgs/scout_msgs/msg/rosidl_typesupport_fastrtps_c__visibility_control.h
[1.890s] -- Up-to-date: /home/student/ros2_ws/install/scout_msgs/include/scout_msgs/scout_msgs/msg/detail
[1.891s] -- Up-to-date: /home/student/ros2_ws/install/scout_msgs/include/scout_msgs/scout_msgs/msg/detail/scout_status__rosidl_typesupport_fastrtps_c.h
[1.892s] -- Up-to-date: /home/student/ros2_ws/install/scout_msgs/include/scout_msgs/scout_msgs/msg/detail/scout_light_cmd__rosidl_typesupport_fastrtps_c.h
[1.892s] -- Up-to-date: /home/student/ros2_ws/install/scout_msgs/include/scout_msgs/scout_msgs/msg/detail/scout_rc_state__rosidl_typesupport_fastrtps_c.h
[1.892s] -- Up-to-date: /home/student/ros2_ws/install/scout_msgs/include/scout_msgs/scout_msgs/msg/detail/scout_actuator_state__rosidl_typesupport_fastrtps_c.h
[1.893s] -- Up-to-date: /home/student/ros2_ws/install/scout_msgs/include/scout_msgs/scout_msgs/msg/detail/scout_light_state__rosidl_typesupport_fastrtps_c.h
[1.893s] -- Up-to-date: /home/student/ros2_ws/install/scout_msgs/lib/libscout_msgs__rosidl_typesupport_fastrtps_c.so
[1.893s] -- Up-to-date: /home/student/ros2_ws/install/scout_msgs/include/scout_msgs/scout_msgs
[1.893s] -- Up-to-date: /home/student/ros2_ws/install/scout_msgs/include/scout_msgs/scout_msgs/msg
[1.893s] -- Up-to-date: /home/student/ros2_ws/install/scout_msgs/include/scout_msgs/scout_msgs/msg/scout_actuator_state.hpp
[1.893s] -- Up-to-date: /home/student/ros2_ws/install/scout_msgs/include/scout_msgs/scout_msgs/msg/scout_rc_state.hpp
[1.894s] -- Up-to-date: /home/student/ros2_ws/install/scout_msgs/include/scout_msgs/scout_msgs/msg/rosidl_generator_cpp__visibility_control.hpp
[1.894s] -- Up-to-date: /home/student/ros2_ws/install/scout_msgs/include/scout_msgs/scout_msgs/msg/detail
[1.894s] -- Up-to-date: /home/student/ros2_ws/install/scout_msgs/include/scout_msgs/scout_msgs/msg/detail/scout_rc_state__traits.hpp
[1.894s] -- Up-to-date: /home/student/ros2_ws/install/scout_msgs/include/scout_msgs/scout_msgs/msg/detail/scout_light_cmd__builder.hpp
[1.895s] -- Up-to-date: /home/student/ros2_ws/install/scout_msgs/include/scout_msgs/scout_msgs/msg/detail/scout_light_cmd__type_support.hpp
[1.895s] -- Up-to-date: /home/student/ros2_ws/install/scout_msgs/include/scout_msgs/scout_msgs/msg/detail/scout_light_state__struct.hpp
[1.895s] -- Up-to-date: /home/student/ros2_ws/install/scout_msgs/include/scout_msgs/scout_msgs/msg/detail/scout_status__builder.hpp
[1.895s] -- Up-to-date: /home/student/ros2_ws/install/scout_msgs/include/scout_msgs/scout_msgs/msg/detail/scout_light_state__traits.hpp
[1.895s] -- Up-to-date: /home/student/ros2_ws/install/scout_msgs/include/scout_msgs/scout_msgs/msg/detail/scout_actuator_state__builder.hpp
[1.896s] -- Up-to-date: /home/student/ros2_ws/install/scout_msgs/include/scout_msgs/scout_msgs/msg/detail/scout_status__type_support.hpp
[1.896s] -- Up-to-date: /home/student/ros2_ws/install/scout_msgs/include/scout_msgs/scout_msgs/msg/detail/scout_status__struct.hpp
[1.896s] -- Up-to-date: /home/student/ros2_ws/install/scout_msgs/include/scout_msgs/scout_msgs/msg/detail/scout_actuator_state__type_support.hpp
[1.896s] -- Up-to-date: /home/student/ros2_ws/install/scout_msgs/include/scout_msgs/scout_msgs/msg/detail/scout_actuator_state__traits.hpp
[1.896s] -- Up-to-date: /home/student/ros2_ws/install/scout_msgs/include/scout_msgs/scout_msgs/msg/detail/scout_light_state__builder.hpp
[1.897s] -- Up-to-date: /home/student/ros2_ws/install/scout_msgs/include/scout_msgs/scout_msgs/msg/detail/scout_actuator_state__struct.hpp
[1.897s] -- Up-to-date: /home/student/ros2_ws/install/scout_msgs/include/scout_msgs/scout_msgs/msg/detail/scout_light_cmd__traits.hpp
[1.897s] -- Up-to-date: /home/student/ros2_ws/install/scout_msgs/include/scout_msgs/scout_msgs/msg/detail/scout_rc_state__builder.hpp
[1.897s] -- Up-to-date: /home/student/ros2_ws/install/scout_msgs/include/scout_msgs/scout_msgs/msg/detail/scout_light_state__type_support.hpp
[1.897s] -- Up-to-date: /home/student/ros2_ws/install/scout_msgs/include/scout_msgs/scout_msgs/msg/detail/scout_rc_state__type_support.hpp
[1.898s] -- Up-to-date: /home/student/ros2_ws/install/scout_msgs/include/scout_msgs/scout_msgs/msg/detail/scout_light_cmd__struct.hpp
[1.898s] -- Up-to-date: /home/student/ros2_ws/install/scout_msgs/include/scout_msgs/scout_msgs/msg/detail/scout_rc_state__struct.hpp
[1.898s] -- Up-to-date: /home/student/ros2_ws/install/scout_msgs/include/scout_msgs/scout_msgs/msg/detail/scout_status__traits.hpp
[1.898s] -- Up-to-date: /home/student/ros2_ws/install/scout_msgs/include/scout_msgs/scout_msgs/msg/scout_light_state.hpp
[1.898s] -- Up-to-date: /home/student/ros2_ws/install/scout_msgs/include/scout_msgs/scout_msgs/msg/scout_light_cmd.hpp
[1.898s] -- Up-to-date: /home/student/ros2_ws/install/scout_msgs/include/scout_msgs/scout_msgs/msg/scout_status.hpp
[1.899s] -- Up-to-date: /home/student/ros2_ws/install/scout_msgs/include/scout_msgs/scout_msgs
[1.899s] -- Up-to-date: /home/student/ros2_ws/install/scout_msgs/include/scout_msgs/scout_msgs/msg
[1.899s] -- Up-to-date: /home/student/ros2_ws/install/scout_msgs/include/scout_msgs/scout_msgs/msg/detail
[1.899s] -- Up-to-date: /home/student/ros2_ws/install/scout_msgs/include/scout_msgs/scout_msgs/msg/detail/scout_status__rosidl_typesupport_fastrtps_cpp.hpp
[1.899s] -- Up-to-date: /home/student/ros2_ws/install/scout_msgs/include/scout_msgs/scout_msgs/msg/detail/scout_actuator_state__rosidl_typesupport_fastrtps_cpp.hpp
[1.900s] -- Up-to-date: /home/student/ros2_ws/install/scout_msgs/include/scout_msgs/scout_msgs/msg/detail/scout_light_cmd__rosidl_typesupport_fastrtps_cpp.hpp
[1.900s] -- Up-to-date: /home/student/ros2_ws/install/scout_msgs/include/scout_msgs/scout_msgs/msg/detail/scout_light_state__rosidl_typesupport_fastrtps_cpp.hpp
[1.900s] -- Up-to-date: /home/student/ros2_ws/install/scout_msgs/include/scout_msgs/scout_msgs/msg/detail/dds_fastrtps
[1.900s] -- Up-to-date: /home/student/ros2_ws/install/scout_msgs/include/scout_msgs/scout_msgs/msg/detail/scout_rc_state__rosidl_typesupport_fastrtps_cpp.hpp
[1.900s] -- Up-to-date: /home/student/ros2_ws/install/scout_msgs/include/scout_msgs/scout_msgs/msg/rosidl_typesupport_fastrtps_cpp__visibility_control.h
[1.901s] -- Up-to-date: /home/student/ros2_ws/install/scout_msgs/lib/libscout_msgs__rosidl_typesupport_fastrtps_cpp.so
[1.901s] -- Up-to-date: /home/student/ros2_ws/install/scout_msgs/include/scout_msgs/scout_msgs
[1.901s] -- Up-to-date: /home/student/ros2_ws/install/scout_msgs/include/scout_msgs/scout_msgs/msg
[1.901s] -- Up-to-date: /home/student/ros2_ws/install/scout_msgs/include/scout_msgs/scout_msgs/msg/rosidl_typesupport_introspection_c__visibility_control.h
[1.901s] -- Up-to-date: /home/student/ros2_ws/install/scout_msgs/include/scout_msgs/scout_msgs/msg/detail
[1.902s] -- Up-to-date: /home/student/ros2_ws/install/scout_msgs/include/scout_msgs/scout_msgs/msg/detail/scout_actuator_state__type_support.c
[1.902s] -- Up-to-date: /home/student/ros2_ws/install/scout_msgs/include/scout_msgs/scout_msgs/msg/detail/scout_light_cmd__rosidl_typesupport_introspection_c.h
[1.902s] -- Up-to-date: /home/student/ros2_ws/install/scout_msgs/include/scout_msgs/scout_msgs/msg/detail/scout_light_state__rosidl_typesupport_introspection_c.h
[1.902s] -- Up-to-date: /home/student/ros2_ws/install/scout_msgs/include/scout_msgs/scout_msgs/msg/detail/scout_light_state__type_support.c
[1.902s] -- Up-to-date: /home/student/ros2_ws/install/scout_msgs/include/scout_msgs/scout_msgs/msg/detail/scout_rc_state__rosidl_typesupport_introspection_c.h
[1.903s] -- Up-to-date: /home/student/ros2_ws/install/scout_msgs/include/scout_msgs/scout_msgs/msg/detail/scout_status__rosidl_typesupport_introspection_c.h
[1.903s] -- Up-to-date: /home/student/ros2_ws/install/scout_msgs/include/scout_msgs/scout_msgs/msg/detail/scout_actuator_state__rosidl_typesupport_introspection_c.h
[1.903s] -- Up-to-date: /home/student/ros2_ws/install/scout_msgs/include/scout_msgs/scout_msgs/msg/detail/scout_rc_state__type_support.c
[1.903s] -- Up-to-date: /home/student/ros2_ws/install/scout_msgs/include/scout_msgs/scout_msgs/msg/detail/scout_status__type_support.c
[1.903s] -- Up-to-date: /home/student/ros2_ws/install/scout_msgs/include/scout_msgs/scout_msgs/msg/detail/scout_light_cmd__type_support.c
[1.904s] -- Up-to-date: /home/student/ros2_ws/install/scout_msgs/lib/libscout_msgs__rosidl_typesupport_introspection_c.so
[1.904s] -- Up-to-date: /home/student/ros2_ws/install/scout_msgs/lib/libscout_msgs__rosidl_typesupport_c.so
[1.904s] -- Up-to-date: /home/student/ros2_ws/install/scout_msgs/include/scout_msgs/scout_msgs
[1.904s] -- Up-to-date: /home/student/ros2_ws/install/scout_msgs/include/scout_msgs/scout_msgs/msg
[1.904s] -- Up-to-date: /home/student/ros2_ws/install/scout_msgs/include/scout_msgs/scout_msgs/msg/detail
[1.904s] -- Up-to-date: /home/student/ros2_ws/install/scout_msgs/include/scout_msgs/scout_msgs/msg/detail/scout_rc_state__rosidl_typesupport_introspection_cpp.hpp
[1.905s] -- Up-to-date: /home/student/ros2_ws/install/scout_msgs/include/scout_msgs/scout_msgs/msg/detail/scout_light_state__rosidl_typesupport_introspection_cpp.hpp
[1.905s] -- Up-to-date: /home/student/ros2_ws/install/scout_msgs/include/scout_msgs/scout_msgs/msg/detail/scout_light_cmd__rosidl_typesupport_introspection_cpp.hpp
[1.905s] -- Up-to-date: /home/student/ros2_ws/install/scout_msgs/include/scout_msgs/scout_msgs/msg/detail/scout_actuator_state__rosidl_typesupport_introspection_cpp.hpp
[1.905s] -- Up-to-date: /home/student/ros2_ws/install/scout_msgs/include/scout_msgs/scout_msgs/msg/detail/scout_actuator_state__type_support.cpp
[1.905s] -- Up-to-date: /home/student/ros2_ws/install/scout_msgs/include/scout_msgs/scout_msgs/msg/detail/scout_light_state__type_support.cpp
[1.906s] -- Up-to-date: /home/student/ros2_ws/install/scout_msgs/include/scout_msgs/scout_msgs/msg/detail/scout_light_cmd__type_support.cpp
[1.906s] -- Up-to-date: /home/student/ros2_ws/install/scout_msgs/include/scout_msgs/scout_msgs/msg/detail/scout_rc_state__type_support.cpp
[1.906s] -- Up-to-date: /home/student/ros2_ws/install/scout_msgs/include/scout_msgs/scout_msgs/msg/detail/scout_status__type_support.cpp
[1.906s] -- Up-to-date: /home/student/ros2_ws/install/scout_msgs/include/scout_msgs/scout_msgs/msg/detail/scout_status__rosidl_typesupport_introspection_cpp.hpp
[1.906s] -- Up-to-date: /home/student/ros2_ws/install/scout_msgs/lib/libscout_msgs__rosidl_typesupport_introspection_cpp.so
[1.907s] -- Up-to-date: /home/student/ros2_ws/install/scout_msgs/lib/libscout_msgs__rosidl_typesupport_cpp.so
[1.907s] -- Up-to-date: /home/student/ros2_ws/install/scout_msgs/share/scout_msgs/environment/pythonpath.sh
[1.908s] -- Up-to-date: /home/student/ros2_ws/install/scout_msgs/share/scout_msgs/environment/pythonpath.dsv
[1.909s] -- Up-to-date: /home/student/ros2_ws/install/scout_msgs/local/lib/python3.10/dist-packages/scout_msgs-0.1.0-py3.10.egg-info
[1.909s] -- Installing: /home/student/ros2_ws/install/scout_msgs/local/lib/python3.10/dist-packages/scout_msgs-0.1.0-py3.10.egg-info/top_level.txt
[1.909s] -- Installing: /home/student/ros2_ws/install/scout_msgs/local/lib/python3.10/dist-packages/scout_msgs-0.1.0-py3.10.egg-info/SOURCES.txt
[1.909s] -- Installing: /home/student/ros2_ws/install/scout_msgs/local/lib/python3.10/dist-packages/scout_msgs-0.1.0-py3.10.egg-info/dependency_links.txt
[1.909s] -- Installing: /home/student/ros2_ws/install/scout_msgs/local/lib/python3.10/dist-packages/scout_msgs-0.1.0-py3.10.egg-info/PKG-INFO
[1.917s] -- Up-to-date: /home/student/ros2_ws/install/scout_msgs/local/lib/python3.10/dist-packages/scout_msgs
[1.917s] -- Up-to-date: /home/student/ros2_ws/install/scout_msgs/local/lib/python3.10/dist-packages/scout_msgs/_scout_msgs_s.ep.rosidl_typesupport_introspection_c.c
[1.917s] -- Up-to-date: /home/student/ros2_ws/install/scout_msgs/local/lib/python3.10/dist-packages/scout_msgs/msg
[1.917s] -- Up-to-date: /home/student/ros2_ws/install/scout_msgs/local/lib/python3.10/dist-packages/scout_msgs/msg/_scout_light_cmd_s.c
[1.917s] -- Up-to-date: /home/student/ros2_ws/install/scout_msgs/local/lib/python3.10/dist-packages/scout_msgs/msg/_scout_actuator_state.py
[1.918s] -- Up-to-date: /home/student/ros2_ws/install/scout_msgs/local/lib/python3.10/dist-packages/scout_msgs/msg/__init__.py
[1.918s] -- Up-to-date: /home/student/ros2_ws/install/scout_msgs/local/lib/python3.10/dist-packages/scout_msgs/msg/_scout_rc_state_s.c
[1.918s] -- Up-to-date: /home/student/ros2_ws/install/scout_msgs/local/lib/python3.10/dist-packages/scout_msgs/msg/_scout_light_state_s.c
[1.918s] -- Up-to-date: /home/student/ros2_ws/install/scout_msgs/local/lib/python3.10/dist-packages/scout_msgs/msg/_scout_light_state.py
[1.918s] -- Up-to-date: /home/student/ros2_ws/install/scout_msgs/local/lib/python3.10/dist-packages/scout_msgs/msg/_scout_actuator_state_s.c
[1.919s] -- Up-to-date: /home/student/ros2_ws/install/scout_msgs/local/lib/python3.10/dist-packages/scout_msgs/msg/_scout_status.py
[1.919s] -- Up-to-date: /home/student/ros2_ws/install/scout_msgs/local/lib/python3.10/dist-packages/scout_msgs/msg/_scout_light_cmd.py
[1.919s] -- Up-to-date: /home/student/ros2_ws/install/scout_msgs/local/lib/python3.10/dist-packages/scout_msgs/msg/_scout_status_s.c
[1.919s] -- Up-to-date: /home/student/ros2_ws/install/scout_msgs/local/lib/python3.10/dist-packages/scout_msgs/msg/_scout_rc_state.py
[1.919s] -- Up-to-date: /home/student/ros2_ws/install/scout_msgs/local/lib/python3.10/dist-packages/scout_msgs/libscout_msgs__rosidl_generator_py.so
[1.920s] -- Up-to-date: /home/student/ros2_ws/install/scout_msgs/local/lib/python3.10/dist-packages/scout_msgs/__init__.py
[1.920s] -- Up-to-date: /home/student/ros2_ws/install/scout_msgs/local/lib/python3.10/dist-packages/scout_msgs/_scout_msgs_s.ep.rosidl_typesupport_c.c
[1.920s] -- Up-to-date: /home/student/ros2_ws/install/scout_msgs/local/lib/python3.10/dist-packages/scout_msgs/scout_msgs_s__rosidl_typesupport_fastrtps_c.cpython-310-x86_64-linux-gnu.so
[1.920s] -- Up-to-date: /home/student/ros2_ws/install/scout_msgs/local/lib/python3.10/dist-packages/scout_msgs/scout_msgs_s__rosidl_typesupport_c.cpython-310-x86_64-linux-gnu.so
[1.920s] -- Up-to-date: /home/student/ros2_ws/install/scout_msgs/local/lib/python3.10/dist-packages/scout_msgs/_scout_msgs_s.ep.rosidl_typesupport_fastrtps_c.c
[1.921s] -- Up-to-date: /home/student/ros2_ws/install/scout_msgs/local/lib/python3.10/dist-packages/scout_msgs/scout_msgs_s__rosidl_typesupport_introspection_c.cpython-310-x86_64-linux-gnu.so
[2.003s] Listing '/home/student/ros2_ws/install/scout_msgs/local/lib/python3.10/dist-packages/scout_msgs'...
[2.003s] Listing '/home/student/ros2_ws/install/scout_msgs/local/lib/python3.10/dist-packages/scout_msgs/msg'...
[2.020s] -- Up-to-date: /home/student/ros2_ws/install/scout_msgs/local/lib/python3.10/dist-packages/scout_msgs/scout_msgs_s__rosidl_typesupport_fastrtps_c.cpython-310-x86_64-linux-gnu.so
[2.020s] -- Up-to-date: /home/student/ros2_ws/install/scout_msgs/local/lib/python3.10/dist-packages/scout_msgs/scout_msgs_s__rosidl_typesupport_introspection_c.cpython-310-x86_64-linux-gnu.so
[2.021s] -- Up-to-date: /home/student/ros2_ws/install/scout_msgs/local/lib/python3.10/dist-packages/scout_msgs/scout_msgs_s__rosidl_typesupport_c.cpython-310-x86_64-linux-gnu.so
[2.021s] -- Up-to-date: /home/student/ros2_ws/install/scout_msgs/lib/libscout_msgs__rosidl_generator_py.so
[2.022s] -- Up-to-date: /home/student/ros2_ws/install/scout_msgs/share/scout_msgs/msg/ScoutActuatorState.idl
[2.022s] -- Up-to-date: /home/student/ros2_ws/install/scout_msgs/share/scout_msgs/msg/ScoutLightCmd.idl
[2.022s] -- Up-to-date: /home/student/ros2_ws/install/scout_msgs/share/scout_msgs/msg/ScoutLightState.idl
[2.023s] -- Up-to-date: /home/student/ros2_ws/install/scout_msgs/share/scout_msgs/msg/ScoutRCState.idl
[2.023s] -- Up-to-date: /home/student/ros2_ws/install/scout_msgs/share/scout_msgs/msg/ScoutStatus.idl
[2.023s] -- Up-to-date: /home/student/ros2_ws/install/scout_msgs/share/scout_msgs/msg/ScoutActuatorState.msg
[2.024s] -- Up-to-date: /home/student/ros2_ws/install/scout_msgs/share/scout_msgs/msg/ScoutLightCmd.msg
[2.024s] -- Up-to-date: /home/student/ros2_ws/install/scout_msgs/share/scout_msgs/msg/ScoutLightState.msg
[2.024s] -- Up-to-date: /home/student/ros2_ws/install/scout_msgs/share/scout_msgs/msg/ScoutRCState.msg
[2.024s] -- Up-to-date: /home/student/ros2_ws/install/scout_msgs/share/scout_msgs/msg/ScoutStatus.msg
[2.025s] -- Up-to-date: /home/student/ros2_ws/install/scout_msgs/share/ament_index/resource_index/package_run_dependencies/scout_msgs
[2.025s] -- Up-to-date: /home/student/ros2_ws/install/scout_msgs/share/ament_index/resource_index/parent_prefix_path/scout_msgs
[2.026s] -- Up-to-date: /home/student/ros2_ws/install/scout_msgs/share/scout_msgs/environment/ament_prefix_path.sh
[2.026s] -- Up-to-date: /home/student/ros2_ws/install/scout_msgs/share/scout_msgs/environment/ament_prefix_path.dsv
[2.026s] -- Up-to-date: /home/student/ros2_ws/install/scout_msgs/share/scout_msgs/environment/path.sh
[2.027s] -- Up-to-date: /home/student/ros2_ws/install/scout_msgs/share/scout_msgs/environment/path.dsv
[2.027s] -- Up-to-date: /home/student/ros2_ws/install/scout_msgs/share/scout_msgs/local_setup.bash
[2.027s] -- Up-to-date: /home/student/ros2_ws/install/scout_msgs/share/scout_msgs/local_setup.sh
[2.028s] -- Up-to-date: /home/student/ros2_ws/install/scout_msgs/share/scout_msgs/local_setup.zsh
[2.028s] -- Up-to-date: /home/student/ros2_ws/install/scout_msgs/share/scout_msgs/local_setup.dsv
[2.028s] -- Installing: /home/student/ros2_ws/install/scout_msgs/share/scout_msgs/package.dsv
[2.029s] -- Up-to-date: /home/student/ros2_ws/install/scout_msgs/share/ament_index/resource_index/packages/scout_msgs
[2.029s] -- Up-to-date: /home/student/ros2_ws/install/scout_msgs/share/scout_msgs/cmake/export_scout_msgs__rosidl_generator_cExport.cmake
[2.029s] -- Up-to-date: /home/student/ros2_ws/install/scout_msgs/share/scout_msgs/cmake/export_scout_msgs__rosidl_generator_cExport-noconfig.cmake
[2.029s] -- Up-to-date: /home/student/ros2_ws/install/scout_msgs/share/scout_msgs/cmake/export_scout_msgs__rosidl_typesupport_fastrtps_cExport.cmake
[2.029s] -- Up-to-date: /home/student/ros2_ws/install/scout_msgs/share/scout_msgs/cmake/export_scout_msgs__rosidl_typesupport_fastrtps_cExport-noconfig.cmake
[2.030s] -- Up-to-date: /home/student/ros2_ws/install/scout_msgs/share/scout_msgs/cmake/export_scout_msgs__rosidl_generator_cppExport.cmake
[2.030s] -- Up-to-date: /home/student/ros2_ws/install/scout_msgs/share/scout_msgs/cmake/export_scout_msgs__rosidl_typesupport_fastrtps_cppExport.cmake
[2.030s] -- Up-to-date: /home/student/ros2_ws/install/scout_msgs/share/scout_msgs/cmake/export_scout_msgs__rosidl_typesupport_fastrtps_cppExport-noconfig.cmake
[2.030s] -- Up-to-date: /home/student/ros2_ws/install/scout_msgs/share/scout_msgs/cmake/scout_msgs__rosidl_typesupport_introspection_cExport.cmake
[2.030s] -- Up-to-date: /home/student/ros2_ws/install/scout_msgs/share/scout_msgs/cmake/scout_msgs__rosidl_typesupport_introspection_cExport-noconfig.cmake
[2.031s] -- Up-to-date: /home/student/ros2_ws/install/scout_msgs/share/scout_msgs/cmake/scout_msgs__rosidl_typesupport_cExport.cmake
[2.031s] -- Up-to-date: /home/student/ros2_ws/install/scout_msgs/share/scout_msgs/cmake/scout_msgs__rosidl_typesupport_cExport-noconfig.cmake
[2.031s] -- Up-to-date: /home/student/ros2_ws/install/scout_msgs/share/scout_msgs/cmake/scout_msgs__rosidl_typesupport_introspection_cppExport.cmake
[2.031s] -- Up-to-date: /home/student/ros2_ws/install/scout_msgs/share/scout_msgs/cmake/scout_msgs__rosidl_typesupport_introspection_cppExport-noconfig.cmake
[2.031s] -- Up-to-date: /home/student/ros2_ws/install/scout_msgs/share/scout_msgs/cmake/scout_msgs__rosidl_typesupport_cppExport.cmake
[2.032s] -- Up-to-date: /home/student/ros2_ws/install/scout_msgs/share/scout_msgs/cmake/scout_msgs__rosidl_typesupport_cppExport-noconfig.cmake
[2.035s] -- Up-to-date: /home/student/ros2_ws/install/scout_msgs/share/scout_msgs/cmake/export_scout_msgs__rosidl_generator_pyExport.cmake
[2.036s] -- Up-to-date: /home/student/ros2_ws/install/scout_msgs/share/scout_msgs/cmake/export_scout_msgs__rosidl_generator_pyExport-noconfig.cmake
[2.037s] -- Up-to-date: /home/student/ros2_ws/install/scout_msgs/share/scout_msgs/cmake/rosidl_cmake-extras.cmake
[2.037s] -- Up-to-date: /home/student/ros2_ws/install/scout_msgs/share/scout_msgs/cmake/ament_cmake_export_dependencies-extras.cmake
[2.037s] -- Up-to-date: /home/student/ros2_ws/install/scout_msgs/share/scout_msgs/cmake/ament_cmake_export_include_directories-extras.cmake
[2.038s] -- Up-to-date: /home/student/ros2_ws/install/scout_msgs/share/scout_msgs/cmake/ament_cmake_export_libraries-extras.cmake
[2.038s] -- Up-to-date: /home/student/ros2_ws/install/scout_msgs/share/scout_msgs/cmake/ament_cmake_export_targets-extras.cmake
[2.039s] -- Up-to-date: /home/student/ros2_ws/install/scout_msgs/share/scout_msgs/cmake/rosidl_cmake_export_typesupport_targets-extras.cmake
[2.040s] -- Up-to-date: /home/student/ros2_ws/install/scout_msgs/share/scout_msgs/cmake/rosidl_cmake_export_typesupport_libraries-extras.cmake
[2.040s] -- Up-to-date: /home/student/ros2_ws/install/scout_msgs/share/scout_msgs/cmake/scout_msgsConfig.cmake
[2.043s] -- Up-to-date: /home/student/ros2_ws/install/scout_msgs/share/scout_msgs/cmake/scout_msgsConfig-version.cmake
[2.045s] -- Up-to-date: /home/student/ros2_ws/install/scout_msgs/share/scout_msgs/package.xml
[2.062s] Invoked command in '/home/student/ros2_ws/build/scout_msgs' returned '0': CMAKE_PREFIX_PATH=/home/student/ros2_ws/install/scout_base:/home/student/ros2_ws/install/lidar_slam_mapping:/home/student/ros2_ws/install/lidar_slam_nav2:/opt/ros/humble:/home/student/ros2_ws/install/ugv_sdk:/home/student/ros2_ws/install/scout_msgs:/home/student/ros2_ws/install/scout_description:/home/student/ros2_ws/install/rslidar_sdk:/home/student/ros2_ws/install/rslidar_msg:/home/student/ros2_ws/install/rplidar_ros:/home/student/ros2_ws/install/cartographer_rviz:/home/student/ros2_ws/install/cartographer_ros:/home/student/ros2_ws/install/cartographer_ros_msgs /usr/bin/cmake --install /home/student/ros2_ws/build/scout_msgs
