[4.349s] Invoking command in '/home/student/ros2_ws/src/lidar_slam_mapping': CMAKE_PREFIX_PATH=/home/student/ros2_ws/install/rslidar_sdk:/home/student/ros2_ws/install/rslidar_msg:/home/student/ros2_ws/install/scout_base:/home/student/ros2_ws/install/ugv_sdk:/home/student/ros2_ws/install/scout_msgs:/home/student/ros2_ws/install/scout_description LD_LIBRARY_PATH=/home/student/ros2_ws/install/rslidar_msg/lib:/home/student/ros2_ws/install/scout_msgs/lib:/usr/lib/x86_64-linux-gnu/gazebo-11/plugins:/opt/ros/humble/opt/rviz_ogre_vendor/lib:/opt/ros/humble/lib/x86_64-linux-gnu:/opt/ros/humble/lib PYTHONPATH=/home/student/ros2_ws/build/lidar_slam_mapping/prefix_override:/usr/lib/python3/dist-packages/colcon_core/task/python/colcon_distutils_commands:/home/student/ros2_ws/install/lidar_slam_mapping/lib/python3.10/site-packages:${PYTHONPATH} /usr/bin/python3 -W ignore:setup.py install is deprecated -W ignore:easy_install command is deprecated setup.py egg_info --egg-base ../../build/lidar_slam_mapping build --build-base /home/student/ros2_ws/build/lidar_slam_mapping/build install --record /home/student/ros2_ws/build/lidar_slam_mapping/install.log --single-version-externally-managed install_data
[5.780s] running egg_info
[5.783s] writing ../../build/lidar_slam_mapping/lidar_slam_mapping.egg-info/PKG-INFO
[5.785s] writing dependency_links to ../../build/lidar_slam_mapping/lidar_slam_mapping.egg-info/dependency_links.txt
[5.786s] writing entry points to ../../build/lidar_slam_mapping/lidar_slam_mapping.egg-info/entry_points.txt
[5.787s] writing requirements to ../../build/lidar_slam_mapping/lidar_slam_mapping.egg-info/requires.txt
[5.788s] writing top-level names to ../../build/lidar_slam_mapping/lidar_slam_mapping.egg-info/top_level.txt
[5.795s] reading manifest file '../../build/lidar_slam_mapping/lidar_slam_mapping.egg-info/SOURCES.txt'
[5.800s] writing manifest file '../../build/lidar_slam_mapping/lidar_slam_mapping.egg-info/SOURCES.txt'
[5.804s] running build
[5.804s] running build_py
[5.804s] copying lidar_slam_mapping/lidar_min_distance.py -> /home/student/ros2_ws/build/lidar_slam_mapping/build/lib/lidar_slam_mapping
[5.805s] running install
[5.805s] running install_lib
[5.808s] copying /home/student/ros2_ws/build/lidar_slam_mapping/build/lib/lidar_slam_mapping/lidar_min_distance.py -> /home/student/ros2_ws/install/lidar_slam_mapping/lib/python3.10/site-packages/lidar_slam_mapping
[5.810s] byte-compiling /home/student/ros2_ws/install/lidar_slam_mapping/lib/python3.10/site-packages/lidar_slam_mapping/lidar_min_distance.py to lidar_min_distance.cpython-310.pyc
[5.815s] running install_data
[5.816s] copying launch/slam_mapping_launch.py -> /home/student/ros2_ws/install/lidar_slam_mapping/share/lidar_slam_mapping/launch
[5.818s] running install_egg_info
[5.825s] removing '/home/student/ros2_ws/install/lidar_slam_mapping/lib/python3.10/site-packages/lidar_slam_mapping-0.0.1-py3.10.egg-info' (and everything under it)
[5.839s] Copying ../../build/lidar_slam_mapping/lidar_slam_mapping.egg-info to /home/student/ros2_ws/install/lidar_slam_mapping/lib/python3.10/site-packages/lidar_slam_mapping-0.0.1-py3.10.egg-info
[5.844s] running install_scripts
[5.918s] Installing lidar_min_distance script to /home/student/ros2_ws/install/lidar_slam_mapping/lib/lidar_slam_mapping
[5.919s] writing list of installed files to '/home/student/ros2_ws/build/lidar_slam_mapping/install.log'
[6.018s] Invoked command in '/home/student/ros2_ws/src/lidar_slam_mapping' returned '0': CMAKE_PREFIX_PATH=/home/student/ros2_ws/install/rslidar_sdk:/home/student/ros2_ws/install/rslidar_msg:/home/student/ros2_ws/install/scout_base:/home/student/ros2_ws/install/ugv_sdk:/home/student/ros2_ws/install/scout_msgs:/home/student/ros2_ws/install/scout_description LD_LIBRARY_PATH=/home/student/ros2_ws/install/rslidar_msg/lib:/home/student/ros2_ws/install/scout_msgs/lib:/usr/lib/x86_64-linux-gnu/gazebo-11/plugins:/opt/ros/humble/opt/rviz_ogre_vendor/lib:/opt/ros/humble/lib/x86_64-linux-gnu:/opt/ros/humble/lib PYTHONPATH=/home/student/ros2_ws/build/lidar_slam_mapping/prefix_override:/usr/lib/python3/dist-packages/colcon_core/task/python/colcon_distutils_commands:/home/student/ros2_ws/install/lidar_slam_mapping/lib/python3.10/site-packages:${PYTHONPATH} /usr/bin/python3 -W ignore:setup.py install is deprecated -W ignore:easy_install command is deprecated setup.py egg_info --egg-base ../../build/lidar_slam_mapping build --build-base /home/student/ros2_ws/build/lidar_slam_mapping/build install --record /home/student/ros2_ws/build/lidar_slam_mapping/install.log --single-version-externally-managed install_data
