[0.040s] Invoking command in '/home/student/ros2_ws/build/rslidar_msg': CMAKE_PREFIX_PATH=/home/student/ros2_ws/install/scout_base:/home/student/ros2_ws/install/lidar_slam_mapping:/home/student/ros2_ws/install/lidar_slam_nav2:/opt/ros/humble:/home/student/ros2_ws/install/ugv_sdk:/home/student/ros2_ws/install/scout_msgs:/home/student/ros2_ws/install/scout_description:/home/student/ros2_ws/install/rslidar_sdk:/home/student/ros2_ws/install/rslidar_msg:/home/student/ros2_ws/install/rplidar_ros:/home/student/ros2_ws/install/cartographer_rviz:/home/student/ros2_ws/install/cartographer_ros:/home/student/ros2_ws/install/cartographer_ros_msgs /usr/bin/cmake --build /home/student/ros2_ws/build/rslidar_msg -- -j2 -l2
[0.197s] [  3%] Built target rslidar_msg__cpp
[0.269s] [ 12%] Built target rslidar_msg__rosidl_generator_c
[0.350s] [ 12%] Built target ament_cmake_python_copy_rslidar_msg
[0.387s] [ 22%] Built target rslidar_msg__rosidl_typesupport_cpp
[0.529s] [ 32%] Built target rslidar_msg__rosidl_typesupport_fastrtps_c
[0.580s] [ 41%] Built target rslidar_msg__rosidl_typesupport_fastrtps_cpp
[0.660s] [ 51%] Built target rslidar_msg__rosidl_typesupport_introspection_c
[0.679s] [ 61%] Built target rslidar_msg__rosidl_typesupport_c
[0.771s] [ 70%] Built target rslidar_msg__rosidl_typesupport_introspection_cpp
[0.889s] [ 70%] Built target rslidar_msg
[1.019s] [ 74%] Built target rslidar_msg__py
[1.196s] [ 80%] Built target rslidar_msg__rosidl_generator_py
[1.293s] [ 87%] Built target rslidar_msg__rosidl_typesupport_fastrtps_c__pyext
[1.383s] [ 93%] Built target rslidar_msg__rosidl_typesupport_introspection_c__pyext
[1.453s] [100%] Built target rslidar_msg__rosidl_typesupport_c__pyext
[2.079s] running egg_info
[2.082s] writing rslidar_msg.egg-info/PKG-INFO
[2.082s] writing dependency_links to rslidar_msg.egg-info/dependency_links.txt
[2.083s] writing top-level names to rslidar_msg.egg-info/top_level.txt
[2.092s] reading manifest file 'rslidar_msg.egg-info/SOURCES.txt'
[2.093s] writing manifest file 'rslidar_msg.egg-info/SOURCES.txt'
[2.214s] [100%] Built target ament_cmake_python_build_rslidar_msg_egg
[2.250s] Invoked command in '/home/student/ros2_ws/build/rslidar_msg' returned '0': CMAKE_PREFIX_PATH=/home/student/ros2_ws/install/scout_base:/home/student/ros2_ws/install/lidar_slam_mapping:/home/student/ros2_ws/install/lidar_slam_nav2:/opt/ros/humble:/home/student/ros2_ws/install/ugv_sdk:/home/student/ros2_ws/install/scout_msgs:/home/student/ros2_ws/install/scout_description:/home/student/ros2_ws/install/rslidar_sdk:/home/student/ros2_ws/install/rslidar_msg:/home/student/ros2_ws/install/rplidar_ros:/home/student/ros2_ws/install/cartographer_rviz:/home/student/ros2_ws/install/cartographer_ros:/home/student/ros2_ws/install/cartographer_ros_msgs /usr/bin/cmake --build /home/student/ros2_ws/build/rslidar_msg -- -j2 -l2
[2.281s] Invoking command in '/home/student/ros2_ws/build/rslidar_msg': CMAKE_PREFIX_PATH=/home/student/ros2_ws/install/scout_base:/home/student/ros2_ws/install/lidar_slam_mapping:/home/student/ros2_ws/install/lidar_slam_nav2:/opt/ros/humble:/home/student/ros2_ws/install/ugv_sdk:/home/student/ros2_ws/install/scout_msgs:/home/student/ros2_ws/install/scout_description:/home/student/ros2_ws/install/rslidar_sdk:/home/student/ros2_ws/install/rslidar_msg:/home/student/ros2_ws/install/rplidar_ros:/home/student/ros2_ws/install/cartographer_rviz:/home/student/ros2_ws/install/cartographer_ros:/home/student/ros2_ws/install/cartographer_ros_msgs /usr/bin/cmake --install /home/student/ros2_ws/build/rslidar_msg
[2.306s] -- Install configuration: ""
[2.307s] -- Up-to-date: /home/student/ros2_ws/install/rslidar_msg/share/ament_index/resource_index/rosidl_interfaces/rslidar_msg
[2.307s] -- Up-to-date: /home/student/ros2_ws/install/rslidar_msg/include/rslidar_msg/rslidar_msg
[2.307s] -- Up-to-date: /home/student/ros2_ws/install/rslidar_msg/include/rslidar_msg/rslidar_msg/msg
[2.307s] -- Up-to-date: /home/student/ros2_ws/install/rslidar_msg/include/rslidar_msg/rslidar_msg/msg/rslidar_packet.h
[2.308s] -- Up-to-date: /home/student/ros2_ws/install/rslidar_msg/include/rslidar_msg/rslidar_msg/msg/rosidl_generator_c__visibility_control.h
[2.308s] -- Up-to-date: /home/student/ros2_ws/install/rslidar_msg/include/rslidar_msg/rslidar_msg/msg/detail
[2.308s] -- Up-to-date: /home/student/ros2_ws/install/rslidar_msg/include/rslidar_msg/rslidar_msg/msg/detail/rslidar_packet__type_support.h
[2.309s] -- Up-to-date: /home/student/ros2_ws/install/rslidar_msg/include/rslidar_msg/rslidar_msg/msg/detail/rslidar_packet__functions.c
[2.309s] -- Up-to-date: /home/student/ros2_ws/install/rslidar_msg/include/rslidar_msg/rslidar_msg/msg/detail/rslidar_packet__struct.h
[2.309s] -- Up-to-date: /home/student/ros2_ws/install/rslidar_msg/include/rslidar_msg/rslidar_msg/msg/detail/rslidar_packet__functions.h
[2.310s] -- Up-to-date: /home/student/ros2_ws/install/rslidar_msg/share/rslidar_msg/environment/library_path.sh
[2.310s] -- Up-to-date: /home/student/ros2_ws/install/rslidar_msg/share/rslidar_msg/environment/library_path.dsv
[2.310s] -- Up-to-date: /home/student/ros2_ws/install/rslidar_msg/lib/librslidar_msg__rosidl_generator_c.so
[2.311s] -- Up-to-date: /home/student/ros2_ws/install/rslidar_msg/include/rslidar_msg/rslidar_msg
[2.311s] -- Up-to-date: /home/student/ros2_ws/install/rslidar_msg/include/rslidar_msg/rslidar_msg/msg
[2.311s] -- Up-to-date: /home/student/ros2_ws/install/rslidar_msg/include/rslidar_msg/rslidar_msg/msg/rosidl_typesupport_fastrtps_c__visibility_control.h
[2.311s] -- Up-to-date: /home/student/ros2_ws/install/rslidar_msg/include/rslidar_msg/rslidar_msg/msg/detail
[2.312s] -- Up-to-date: /home/student/ros2_ws/install/rslidar_msg/include/rslidar_msg/rslidar_msg/msg/detail/rslidar_packet__rosidl_typesupport_fastrtps_c.h
[2.312s] -- Up-to-date: /home/student/ros2_ws/install/rslidar_msg/lib/librslidar_msg__rosidl_typesupport_fastrtps_c.so
[2.313s] -- Up-to-date: /home/student/ros2_ws/install/rslidar_msg/include/rslidar_msg/rslidar_msg
[2.313s] -- Up-to-date: /home/student/ros2_ws/install/rslidar_msg/include/rslidar_msg/rslidar_msg/msg
[2.313s] -- Up-to-date: /home/student/ros2_ws/install/rslidar_msg/include/rslidar_msg/rslidar_msg/msg/rslidar_packet.hpp
[2.314s] -- Up-to-date: /home/student/ros2_ws/install/rslidar_msg/include/rslidar_msg/rslidar_msg/msg/rosidl_generator_cpp__visibility_control.hpp
[2.314s] -- Up-to-date: /home/student/ros2_ws/install/rslidar_msg/include/rslidar_msg/rslidar_msg/msg/detail
[2.314s] -- Up-to-date: /home/student/ros2_ws/install/rslidar_msg/include/rslidar_msg/rslidar_msg/msg/detail/rslidar_packet__type_support.hpp
[2.315s] -- Up-to-date: /home/student/ros2_ws/install/rslidar_msg/include/rslidar_msg/rslidar_msg/msg/detail/rslidar_packet__struct.hpp
[2.315s] -- Up-to-date: /home/student/ros2_ws/install/rslidar_msg/include/rslidar_msg/rslidar_msg/msg/detail/rslidar_packet__builder.hpp
[2.316s] -- Up-to-date: /home/student/ros2_ws/install/rslidar_msg/include/rslidar_msg/rslidar_msg/msg/detail/rslidar_packet__traits.hpp
[2.316s] -- Up-to-date: /home/student/ros2_ws/install/rslidar_msg/include/rslidar_msg/rslidar_msg
[2.317s] -- Up-to-date: /home/student/ros2_ws/install/rslidar_msg/include/rslidar_msg/rslidar_msg/msg
[2.317s] -- Up-to-date: /home/student/ros2_ws/install/rslidar_msg/include/rslidar_msg/rslidar_msg/msg/detail
[2.320s] -- Up-to-date: /home/student/ros2_ws/install/rslidar_msg/include/rslidar_msg/rslidar_msg/msg/detail/rslidar_packet__rosidl_typesupport_fastrtps_cpp.hpp
[2.320s] -- Up-to-date: /home/student/ros2_ws/install/rslidar_msg/include/rslidar_msg/rslidar_msg/msg/detail/dds_fastrtps
[2.320s] -- Up-to-date: /home/student/ros2_ws/install/rslidar_msg/include/rslidar_msg/rslidar_msg/msg/rosidl_typesupport_fastrtps_cpp__visibility_control.h
[2.320s] -- Up-to-date: /home/student/ros2_ws/install/rslidar_msg/lib/librslidar_msg__rosidl_typesupport_fastrtps_cpp.so
[2.321s] -- Up-to-date: /home/student/ros2_ws/install/rslidar_msg/include/rslidar_msg/rslidar_msg
[2.321s] -- Up-to-date: /home/student/ros2_ws/install/rslidar_msg/include/rslidar_msg/rslidar_msg/msg
[2.321s] -- Up-to-date: /home/student/ros2_ws/install/rslidar_msg/include/rslidar_msg/rslidar_msg/msg/rosidl_typesupport_introspection_c__visibility_control.h
[2.321s] -- Up-to-date: /home/student/ros2_ws/install/rslidar_msg/include/rslidar_msg/rslidar_msg/msg/detail
[2.322s] -- Up-to-date: /home/student/ros2_ws/install/rslidar_msg/include/rslidar_msg/rslidar_msg/msg/detail/rslidar_packet__type_support.c
[2.325s] -- Up-to-date: /home/student/ros2_ws/install/rslidar_msg/include/rslidar_msg/rslidar_msg/msg/detail/rslidar_packet__rosidl_typesupport_introspection_c.h
[2.326s] -- Up-to-date: /home/student/ros2_ws/install/rslidar_msg/lib/librslidar_msg__rosidl_typesupport_introspection_c.so
[2.326s] -- Up-to-date: /home/student/ros2_ws/install/rslidar_msg/lib/librslidar_msg__rosidl_typesupport_c.so
[2.326s] -- Up-to-date: /home/student/ros2_ws/install/rslidar_msg/include/rslidar_msg/rslidar_msg
[2.327s] -- Up-to-date: /home/student/ros2_ws/install/rslidar_msg/include/rslidar_msg/rslidar_msg/msg
[2.327s] -- Up-to-date: /home/student/ros2_ws/install/rslidar_msg/include/rslidar_msg/rslidar_msg/msg/detail
[2.327s] -- Up-to-date: /home/student/ros2_ws/install/rslidar_msg/include/rslidar_msg/rslidar_msg/msg/detail/rslidar_packet__rosidl_typesupport_introspection_cpp.hpp
[2.327s] -- Up-to-date: /home/student/ros2_ws/install/rslidar_msg/include/rslidar_msg/rslidar_msg/msg/detail/rslidar_packet__type_support.cpp
[2.327s] -- Up-to-date: /home/student/ros2_ws/install/rslidar_msg/lib/librslidar_msg__rosidl_typesupport_introspection_cpp.so
[2.328s] -- Up-to-date: /home/student/ros2_ws/install/rslidar_msg/lib/librslidar_msg__rosidl_typesupport_cpp.so
[2.328s] -- Up-to-date: /home/student/ros2_ws/install/rslidar_msg/share/rslidar_msg/environment/pythonpath.sh
[2.328s] -- Up-to-date: /home/student/ros2_ws/install/rslidar_msg/share/rslidar_msg/environment/pythonpath.dsv
[2.328s] -- Up-to-date: /home/student/ros2_ws/install/rslidar_msg/local/lib/python3.10/dist-packages/rslidar_msg-0.0.0-py3.10.egg-info
[2.332s] -- Installing: /home/student/ros2_ws/install/rslidar_msg/local/lib/python3.10/dist-packages/rslidar_msg-0.0.0-py3.10.egg-info/top_level.txt
[2.332s] -- Installing: /home/student/ros2_ws/install/rslidar_msg/local/lib/python3.10/dist-packages/rslidar_msg-0.0.0-py3.10.egg-info/SOURCES.txt
[2.332s] -- Installing: /home/student/ros2_ws/install/rslidar_msg/local/lib/python3.10/dist-packages/rslidar_msg-0.0.0-py3.10.egg-info/dependency_links.txt
[2.332s] -- Installing: /home/student/ros2_ws/install/rslidar_msg/local/lib/python3.10/dist-packages/rslidar_msg-0.0.0-py3.10.egg-info/PKG-INFO
[2.332s] -- Up-to-date: /home/student/ros2_ws/install/rslidar_msg/local/lib/python3.10/dist-packages/rslidar_msg
[2.333s] -- Up-to-date: /home/student/ros2_ws/install/rslidar_msg/local/lib/python3.10/dist-packages/rslidar_msg/librslidar_msg__rosidl_generator_py.so
[2.333s] -- Up-to-date: /home/student/ros2_ws/install/rslidar_msg/local/lib/python3.10/dist-packages/rslidar_msg/_rslidar_msg_s.ep.rosidl_typesupport_c.c
[2.333s] -- Up-to-date: /home/student/ros2_ws/install/rslidar_msg/local/lib/python3.10/dist-packages/rslidar_msg/rslidar_msg_s__rosidl_typesupport_introspection_c.cpython-310-x86_64-linux-gnu.so
[2.333s] -- Up-to-date: /home/student/ros2_ws/install/rslidar_msg/local/lib/python3.10/dist-packages/rslidar_msg/_rslidar_msg_s.ep.rosidl_typesupport_fastrtps_c.c
[2.333s] -- Up-to-date: /home/student/ros2_ws/install/rslidar_msg/local/lib/python3.10/dist-packages/rslidar_msg/msg
[2.337s] -- Up-to-date: /home/student/ros2_ws/install/rslidar_msg/local/lib/python3.10/dist-packages/rslidar_msg/msg/_rslidar_packet.py
[2.337s] -- Up-to-date: /home/student/ros2_ws/install/rslidar_msg/local/lib/python3.10/dist-packages/rslidar_msg/msg/__init__.py
[2.337s] -- Up-to-date: /home/student/ros2_ws/install/rslidar_msg/local/lib/python3.10/dist-packages/rslidar_msg/msg/_rslidar_packet_s.c
[2.339s] -- Up-to-date: /home/student/ros2_ws/install/rslidar_msg/local/lib/python3.10/dist-packages/rslidar_msg/_rslidar_msg_s.ep.rosidl_typesupport_introspection_c.c
[2.339s] -- Up-to-date: /home/student/ros2_ws/install/rslidar_msg/local/lib/python3.10/dist-packages/rslidar_msg/__init__.py
[2.339s] -- Up-to-date: /home/student/ros2_ws/install/rslidar_msg/local/lib/python3.10/dist-packages/rslidar_msg/rslidar_msg_s__rosidl_typesupport_fastrtps_c.cpython-310-x86_64-linux-gnu.so
[2.341s] -- Up-to-date: /home/student/ros2_ws/install/rslidar_msg/local/lib/python3.10/dist-packages/rslidar_msg/rslidar_msg_s__rosidl_typesupport_c.cpython-310-x86_64-linux-gnu.so
[2.641s] Listing '/home/student/ros2_ws/install/rslidar_msg/local/lib/python3.10/dist-packages/rslidar_msg'...
[2.641s] Listing '/home/student/ros2_ws/install/rslidar_msg/local/lib/python3.10/dist-packages/rslidar_msg/msg'...
[2.692s] -- Up-to-date: /home/student/ros2_ws/install/rslidar_msg/local/lib/python3.10/dist-packages/rslidar_msg/rslidar_msg_s__rosidl_typesupport_fastrtps_c.cpython-310-x86_64-linux-gnu.so
[2.692s] -- Up-to-date: /home/student/ros2_ws/install/rslidar_msg/local/lib/python3.10/dist-packages/rslidar_msg/rslidar_msg_s__rosidl_typesupport_introspection_c.cpython-310-x86_64-linux-gnu.so
[2.694s] -- Up-to-date: /home/student/ros2_ws/install/rslidar_msg/local/lib/python3.10/dist-packages/rslidar_msg/rslidar_msg_s__rosidl_typesupport_c.cpython-310-x86_64-linux-gnu.so
[2.695s] -- Up-to-date: /home/student/ros2_ws/install/rslidar_msg/lib/librslidar_msg__rosidl_generator_py.so
[2.695s] -- Up-to-date: /home/student/ros2_ws/install/rslidar_msg/share/rslidar_msg/msg/RslidarPacket.idl
[2.695s] -- Up-to-date: /home/student/ros2_ws/install/rslidar_msg/share/rslidar_msg/msg/RslidarPacket.msg
[2.695s] -- Up-to-date: /home/student/ros2_ws/install/rslidar_msg/share/ament_index/resource_index/package_run_dependencies/rslidar_msg
[2.696s] -- Up-to-date: /home/student/ros2_ws/install/rslidar_msg/share/ament_index/resource_index/parent_prefix_path/rslidar_msg
[2.696s] -- Up-to-date: /home/student/ros2_ws/install/rslidar_msg/share/rslidar_msg/environment/ament_prefix_path.sh
[2.697s] -- Up-to-date: /home/student/ros2_ws/install/rslidar_msg/share/rslidar_msg/environment/ament_prefix_path.dsv
[2.697s] -- Up-to-date: /home/student/ros2_ws/install/rslidar_msg/share/rslidar_msg/environment/path.sh
[2.697s] -- Up-to-date: /home/student/ros2_ws/install/rslidar_msg/share/rslidar_msg/environment/path.dsv
[2.697s] -- Up-to-date: /home/student/ros2_ws/install/rslidar_msg/share/rslidar_msg/local_setup.bash
[2.697s] -- Up-to-date: /home/student/ros2_ws/install/rslidar_msg/share/rslidar_msg/local_setup.sh
[2.698s] -- Up-to-date: /home/student/ros2_ws/install/rslidar_msg/share/rslidar_msg/local_setup.zsh
[2.698s] -- Up-to-date: /home/student/ros2_ws/install/rslidar_msg/share/rslidar_msg/local_setup.dsv
[2.698s] -- Installing: /home/student/ros2_ws/install/rslidar_msg/share/rslidar_msg/package.dsv
[2.710s] -- Up-to-date: /home/student/ros2_ws/install/rslidar_msg/share/ament_index/resource_index/packages/rslidar_msg
[2.710s] -- Up-to-date: /home/student/ros2_ws/install/rslidar_msg/share/rslidar_msg/cmake/export_rslidar_msg__rosidl_generator_cExport.cmake
[2.711s] -- Up-to-date: /home/student/ros2_ws/install/rslidar_msg/share/rslidar_msg/cmake/export_rslidar_msg__rosidl_generator_cExport-noconfig.cmake
[2.711s] -- Up-to-date: /home/student/ros2_ws/install/rslidar_msg/share/rslidar_msg/cmake/export_rslidar_msg__rosidl_typesupport_fastrtps_cExport.cmake
[2.711s] -- Up-to-date: /home/student/ros2_ws/install/rslidar_msg/share/rslidar_msg/cmake/export_rslidar_msg__rosidl_typesupport_fastrtps_cExport-noconfig.cmake
[2.712s] -- Up-to-date: /home/student/ros2_ws/install/rslidar_msg/share/rslidar_msg/cmake/export_rslidar_msg__rosidl_generator_cppExport.cmake
[2.712s] -- Up-to-date: /home/student/ros2_ws/install/rslidar_msg/share/rslidar_msg/cmake/export_rslidar_msg__rosidl_typesupport_fastrtps_cppExport.cmake
[2.712s] -- Up-to-date: /home/student/ros2_ws/install/rslidar_msg/share/rslidar_msg/cmake/export_rslidar_msg__rosidl_typesupport_fastrtps_cppExport-noconfig.cmake
[2.713s] -- Up-to-date: /home/student/ros2_ws/install/rslidar_msg/share/rslidar_msg/cmake/rslidar_msg__rosidl_typesupport_introspection_cExport.cmake
[2.713s] -- Up-to-date: /home/student/ros2_ws/install/rslidar_msg/share/rslidar_msg/cmake/rslidar_msg__rosidl_typesupport_introspection_cExport-noconfig.cmake
[2.713s] -- Up-to-date: /home/student/ros2_ws/install/rslidar_msg/share/rslidar_msg/cmake/rslidar_msg__rosidl_typesupport_cExport.cmake
[2.713s] -- Up-to-date: /home/student/ros2_ws/install/rslidar_msg/share/rslidar_msg/cmake/rslidar_msg__rosidl_typesupport_cExport-noconfig.cmake
[2.714s] -- Up-to-date: /home/student/ros2_ws/install/rslidar_msg/share/rslidar_msg/cmake/rslidar_msg__rosidl_typesupport_introspection_cppExport.cmake
[2.717s] -- Up-to-date: /home/student/ros2_ws/install/rslidar_msg/share/rslidar_msg/cmake/rslidar_msg__rosidl_typesupport_introspection_cppExport-noconfig.cmake
[2.717s] -- Up-to-date: /home/student/ros2_ws/install/rslidar_msg/share/rslidar_msg/cmake/rslidar_msg__rosidl_typesupport_cppExport.cmake
[2.717s] -- Up-to-date: /home/student/ros2_ws/install/rslidar_msg/share/rslidar_msg/cmake/rslidar_msg__rosidl_typesupport_cppExport-noconfig.cmake
[2.717s] -- Up-to-date: /home/student/ros2_ws/install/rslidar_msg/share/rslidar_msg/cmake/export_rslidar_msg__rosidl_generator_pyExport.cmake
[2.717s] -- Up-to-date: /home/student/ros2_ws/install/rslidar_msg/share/rslidar_msg/cmake/export_rslidar_msg__rosidl_generator_pyExport-noconfig.cmake
[2.718s] -- Up-to-date: /home/student/ros2_ws/install/rslidar_msg/share/rslidar_msg/cmake/rosidl_cmake-extras.cmake
[2.718s] -- Up-to-date: /home/student/ros2_ws/install/rslidar_msg/share/rslidar_msg/cmake/ament_cmake_export_dependencies-extras.cmake
[2.718s] -- Up-to-date: /home/student/ros2_ws/install/rslidar_msg/share/rslidar_msg/cmake/ament_cmake_export_include_directories-extras.cmake
[2.718s] -- Up-to-date: /home/student/ros2_ws/install/rslidar_msg/share/rslidar_msg/cmake/ament_cmake_export_libraries-extras.cmake
[2.719s] -- Up-to-date: /home/student/ros2_ws/install/rslidar_msg/share/rslidar_msg/cmake/ament_cmake_export_targets-extras.cmake
[2.719s] -- Up-to-date: /home/student/ros2_ws/install/rslidar_msg/share/rslidar_msg/cmake/rosidl_cmake_export_typesupport_targets-extras.cmake
[2.719s] -- Up-to-date: /home/student/ros2_ws/install/rslidar_msg/share/rslidar_msg/cmake/rosidl_cmake_export_typesupport_libraries-extras.cmake
[2.719s] -- Up-to-date: /home/student/ros2_ws/install/rslidar_msg/share/rslidar_msg/cmake/rslidar_msgConfig.cmake
[2.720s] -- Up-to-date: /home/student/ros2_ws/install/rslidar_msg/share/rslidar_msg/cmake/rslidar_msgConfig-version.cmake
[2.720s] -- Up-to-date: /home/student/ros2_ws/install/rslidar_msg/share/rslidar_msg/package.xml
[2.754s] Invoked command in '/home/student/ros2_ws/build/rslidar_msg' returned '0': CMAKE_PREFIX_PATH=/home/student/ros2_ws/install/scout_base:/home/student/ros2_ws/install/lidar_slam_mapping:/home/student/ros2_ws/install/lidar_slam_nav2:/opt/ros/humble:/home/student/ros2_ws/install/ugv_sdk:/home/student/ros2_ws/install/scout_msgs:/home/student/ros2_ws/install/scout_description:/home/student/ros2_ws/install/rslidar_sdk:/home/student/ros2_ws/install/rslidar_msg:/home/student/ros2_ws/install/rplidar_ros:/home/student/ros2_ws/install/cartographer_rviz:/home/student/ros2_ws/install/cartographer_ros:/home/student/ros2_ws/install/cartographer_ros_msgs /usr/bin/cmake --install /home/student/ros2_ws/build/rslidar_msg
