[0.273s] DEBUG:colcon:Command line arguments: ['/usr/bin/colcon', 'build']
[0.273s] DEBUG:colcon:Parsed command line arguments: Namespace(log_base=None, log_level=None, verb_name='build', build_base='build', install_base='install', merge_install=False, symlink_install=False, test_result_base=None, continue_on_error=False, executor='parallel', parallel_workers=2, event_handlers=None, ignore_user_meta=False, metas=['./colcon.meta'], base_paths=['.'], packages_ignore=None, packages_ignore_regex=None, paths=None, packages_up_to=None, packages_up_to_regex=None, packages_above=None, packages_above_and_dependencies=None, packages_above_depth=None, packages_select_by_dep=None, packages_skip_by_dep=None, packages_skip_up_to=None, packages_select_build_failed=False, packages_skip_build_finished=False, packages_select_test_failures=False, packages_skip_test_passed=False, packages_select=None, packages_skip=None, packages_select_regex=None, packages_skip_regex=None, packages_start=None, packages_end=None, allow_overriding=[], cmake_args=None, cmake_target=None, cmake_target_skip_unavailable=False, cmake_clean_cache=False, cmake_clean_first=False, cmake_force_configure=False, ament_cmake_args=None, catkin_cmake_args=None, catkin_skip_building_tests=False, verb_parser=<colcon_defaults.argument_parser.defaults.DefaultArgumentsDecorator object at 0x7ff074617760>, verb_extension=<colcon_core.verb.build.BuildVerb object at 0x7ff0747ecb50>, main=<bound method BuildVerb.main of <colcon_core.verb.build.BuildVerb object at 0x7ff0747ecb50>>)
[0.930s] Level 1:colcon.colcon_core.package_discovery:discover_packages(colcon_meta) check parameters
[0.930s] Level 1:colcon.colcon_core.package_discovery:discover_packages(recursive) check parameters
[0.931s] Level 1:colcon.colcon_core.package_discovery:discover_packages(ignore) check parameters
[0.931s] Level 1:colcon.colcon_core.package_discovery:discover_packages(path) check parameters
[0.931s] Level 1:colcon.colcon_core.package_discovery:discover_packages(colcon_meta) discover
[0.931s] Level 1:colcon.colcon_core.package_discovery:discover_packages(recursive) discover
[0.931s] INFO:colcon.colcon_core.package_discovery:Crawling recursively for packages in '/home/student/ros2_ws'
[0.931s] Level 1:colcon.colcon_core.package_identification:_identify(.) by extensions ['ignore', 'ignore_ament_install']
[0.932s] Level 1:colcon.colcon_core.package_identification:_identify(.) by extension 'ignore'
[0.932s] Level 1:colcon.colcon_core.package_identification:_identify(.) by extension 'ignore_ament_install'
[0.932s] Level 1:colcon.colcon_core.package_identification:_identify(.) by extensions ['colcon_pkg']
[0.932s] Level 1:colcon.colcon_core.package_identification:_identify(.) by extension 'colcon_pkg'
[0.932s] Level 1:colcon.colcon_core.package_identification:_identify(.) by extensions ['colcon_meta']
[0.932s] Level 1:colcon.colcon_core.package_identification:_identify(.) by extension 'colcon_meta'
[0.933s] Level 1:colcon.colcon_core.package_identification:_identify(.) by extensions ['ros']
[0.933s] Level 1:colcon.colcon_core.package_identification:_identify(.) by extension 'ros'
[0.993s] Level 1:colcon.colcon_core.package_identification:_identify(.) by extensions ['cmake', 'python']
[0.993s] Level 1:colcon.colcon_core.package_identification:_identify(.) by extension 'cmake'
[0.994s] Level 1:colcon.colcon_core.package_identification:_identify(.) by extension 'python'
[0.994s] Level 1:colcon.colcon_core.package_identification:_identify(.) by extensions ['python_setup_py']
[0.994s] Level 1:colcon.colcon_core.package_identification:_identify(.) by extension 'python_setup_py'
[0.994s] Level 1:colcon.colcon_core.package_identification:_identify(bags) by extensions ['ignore', 'ignore_ament_install']
[0.994s] Level 1:colcon.colcon_core.package_identification:_identify(bags) by extension 'ignore'
[0.994s] Level 1:colcon.colcon_core.package_identification:_identify(bags) by extension 'ignore_ament_install'
[0.995s] Level 1:colcon.colcon_core.package_identification:_identify(bags) by extensions ['colcon_pkg']
[0.995s] Level 1:colcon.colcon_core.package_identification:_identify(bags) by extension 'colcon_pkg'
[0.995s] Level 1:colcon.colcon_core.package_identification:_identify(bags) by extensions ['colcon_meta']
[0.995s] Level 1:colcon.colcon_core.package_identification:_identify(bags) by extension 'colcon_meta'
[0.995s] Level 1:colcon.colcon_core.package_identification:_identify(bags) by extensions ['ros']
[0.995s] Level 1:colcon.colcon_core.package_identification:_identify(bags) by extension 'ros'
[0.995s] Level 1:colcon.colcon_core.package_identification:_identify(bags) by extensions ['cmake', 'python']
[0.995s] Level 1:colcon.colcon_core.package_identification:_identify(bags) by extension 'cmake'
[0.996s] Level 1:colcon.colcon_core.package_identification:_identify(bags) by extension 'python'
[0.996s] Level 1:colcon.colcon_core.package_identification:_identify(bags) by extensions ['python_setup_py']
[0.996s] Level 1:colcon.colcon_core.package_identification:_identify(bags) by extension 'python_setup_py'
[0.996s] Level 1:colcon.colcon_core.package_identification:_identify(bags/turtlebot3_bag) by extensions ['ignore', 'ignore_ament_install']
[0.996s] Level 1:colcon.colcon_core.package_identification:_identify(bags/turtlebot3_bag) by extension 'ignore'
[0.996s] Level 1:colcon.colcon_core.package_identification:_identify(bags/turtlebot3_bag) by extension 'ignore_ament_install'
[0.996s] Level 1:colcon.colcon_core.package_identification:_identify(bags/turtlebot3_bag) by extensions ['colcon_pkg']
[0.997s] Level 1:colcon.colcon_core.package_identification:_identify(bags/turtlebot3_bag) by extension 'colcon_pkg'
[0.997s] Level 1:colcon.colcon_core.package_identification:_identify(bags/turtlebot3_bag) by extensions ['colcon_meta']
[0.997s] Level 1:colcon.colcon_core.package_identification:_identify(bags/turtlebot3_bag) by extension 'colcon_meta'
[0.997s] Level 1:colcon.colcon_core.package_identification:_identify(bags/turtlebot3_bag) by extensions ['ros']
[0.997s] Level 1:colcon.colcon_core.package_identification:_identify(bags/turtlebot3_bag) by extension 'ros'
[0.997s] Level 1:colcon.colcon_core.package_identification:_identify(bags/turtlebot3_bag) by extensions ['cmake', 'python']
[0.997s] Level 1:colcon.colcon_core.package_identification:_identify(bags/turtlebot3_bag) by extension 'cmake'
[0.997s] Level 1:colcon.colcon_core.package_identification:_identify(bags/turtlebot3_bag) by extension 'python'
[0.998s] Level 1:colcon.colcon_core.package_identification:_identify(bags/turtlebot3_bag) by extensions ['python_setup_py']
[0.998s] Level 1:colcon.colcon_core.package_identification:_identify(bags/turtlebot3_bag) by extension 'python_setup_py'
[0.998s] Level 1:colcon.colcon_core.package_identification:_identify(build) by extensions ['ignore', 'ignore_ament_install']
[0.998s] Level 1:colcon.colcon_core.package_identification:_identify(build) by extension 'ignore'
[0.998s] Level 1:colcon.colcon_core.package_identification:_identify(build) ignored
[0.999s] Level 1:colcon.colcon_core.package_identification:_identify(install) by extensions ['ignore', 'ignore_ament_install']
[0.999s] Level 1:colcon.colcon_core.package_identification:_identify(install) by extension 'ignore'
[0.999s] Level 1:colcon.colcon_core.package_identification:_identify(install) ignored
[1.000s] Level 1:colcon.colcon_core.package_identification:_identify(log) by extensions ['ignore', 'ignore_ament_install']
[1.000s] Level 1:colcon.colcon_core.package_identification:_identify(log) by extension 'ignore'
[1.000s] Level 1:colcon.colcon_core.package_identification:_identify(log) ignored
[1.000s] Level 1:colcon.colcon_core.package_identification:_identify(src) by extensions ['ignore', 'ignore_ament_install']
[1.000s] Level 1:colcon.colcon_core.package_identification:_identify(src) by extension 'ignore'
[1.001s] Level 1:colcon.colcon_core.package_identification:_identify(src) by extension 'ignore_ament_install'
[1.001s] Level 1:colcon.colcon_core.package_identification:_identify(src) by extensions ['colcon_pkg']
[1.001s] Level 1:colcon.colcon_core.package_identification:_identify(src) by extension 'colcon_pkg'
[1.001s] Level 1:colcon.colcon_core.package_identification:_identify(src) by extensions ['colcon_meta']
[1.001s] Level 1:colcon.colcon_core.package_identification:_identify(src) by extension 'colcon_meta'
[1.001s] Level 1:colcon.colcon_core.package_identification:_identify(src) by extensions ['ros']
[1.001s] Level 1:colcon.colcon_core.package_identification:_identify(src) by extension 'ros'
[1.002s] Level 1:colcon.colcon_core.package_identification:_identify(src) by extensions ['cmake', 'python']
[1.002s] Level 1:colcon.colcon_core.package_identification:_identify(src) by extension 'cmake'
[1.002s] Level 1:colcon.colcon_core.package_identification:_identify(src) by extension 'python'
[1.002s] Level 1:colcon.colcon_core.package_identification:_identify(src) by extensions ['python_setup_py']
[1.002s] Level 1:colcon.colcon_core.package_identification:_identify(src) by extension 'python_setup_py'
[1.002s] Level 1:colcon.colcon_core.package_identification:_identify(src/lidar_slam_mapping) by extensions ['ignore', 'ignore_ament_install']
[1.003s] Level 1:colcon.colcon_core.package_identification:_identify(src/lidar_slam_mapping) by extension 'ignore'
[1.003s] Level 1:colcon.colcon_core.package_identification:_identify(src/lidar_slam_mapping) by extension 'ignore_ament_install'
[1.003s] Level 1:colcon.colcon_core.package_identification:_identify(src/lidar_slam_mapping) by extensions ['colcon_pkg']
[1.003s] Level 1:colcon.colcon_core.package_identification:_identify(src/lidar_slam_mapping) by extension 'colcon_pkg'
[1.003s] Level 1:colcon.colcon_core.package_identification:_identify(src/lidar_slam_mapping) by extensions ['colcon_meta']
[1.003s] Level 1:colcon.colcon_core.package_identification:_identify(src/lidar_slam_mapping) by extension 'colcon_meta'
[1.003s] Level 1:colcon.colcon_core.package_identification:_identify(src/lidar_slam_mapping) by extensions ['ros']
[1.003s] Level 1:colcon.colcon_core.package_identification:_identify(src/lidar_slam_mapping) by extension 'ros'
[1.010s] DEBUG:colcon.colcon_core.package_identification:Package 'src/lidar_slam_mapping' with type 'ros.ament_python' and name 'lidar_slam_mapping'
[1.010s] Level 1:colcon.colcon_core.package_identification:_identify(src/object_recognition) by extensions ['ignore', 'ignore_ament_install']
[1.011s] Level 1:colcon.colcon_core.package_identification:_identify(src/object_recognition) by extension 'ignore'
[1.011s] Level 1:colcon.colcon_core.package_identification:_identify(src/object_recognition) by extension 'ignore_ament_install'
[1.011s] Level 1:colcon.colcon_core.package_identification:_identify(src/object_recognition) by extensions ['colcon_pkg']
[1.011s] Level 1:colcon.colcon_core.package_identification:_identify(src/object_recognition) by extension 'colcon_pkg'
[1.011s] Level 1:colcon.colcon_core.package_identification:_identify(src/object_recognition) by extensions ['colcon_meta']
[1.011s] Level 1:colcon.colcon_core.package_identification:_identify(src/object_recognition) by extension 'colcon_meta'
[1.011s] Level 1:colcon.colcon_core.package_identification:_identify(src/object_recognition) by extensions ['ros']
[1.012s] Level 1:colcon.colcon_core.package_identification:_identify(src/object_recognition) by extension 'ros'
[1.012s] Level 1:colcon.colcon_core.package_identification:_identify(src/object_recognition) by extensions ['cmake', 'python']
[1.012s] Level 1:colcon.colcon_core.package_identification:_identify(src/object_recognition) by extension 'cmake'
[1.012s] Level 1:colcon.colcon_core.package_identification:_identify(src/object_recognition) by extension 'python'
[1.012s] Level 1:colcon.colcon_core.package_identification:_identify(src/object_recognition) by extensions ['python_setup_py']
[1.012s] Level 1:colcon.colcon_core.package_identification:_identify(src/object_recognition) by extension 'python_setup_py'
[1.012s] Level 1:colcon.colcon_core.package_identification:_identify(src/rslidar_msg) by extensions ['ignore', 'ignore_ament_install']
[1.013s] Level 1:colcon.colcon_core.package_identification:_identify(src/rslidar_msg) by extension 'ignore'
[1.013s] Level 1:colcon.colcon_core.package_identification:_identify(src/rslidar_msg) by extension 'ignore_ament_install'
[1.013s] Level 1:colcon.colcon_core.package_identification:_identify(src/rslidar_msg) by extensions ['colcon_pkg']
[1.013s] Level 1:colcon.colcon_core.package_identification:_identify(src/rslidar_msg) by extension 'colcon_pkg'
[1.013s] Level 1:colcon.colcon_core.package_identification:_identify(src/rslidar_msg) by extensions ['colcon_meta']
[1.013s] Level 1:colcon.colcon_core.package_identification:_identify(src/rslidar_msg) by extension 'colcon_meta'
[1.013s] Level 1:colcon.colcon_core.package_identification:_identify(src/rslidar_msg) by extensions ['ros']
[1.014s] Level 1:colcon.colcon_core.package_identification:_identify(src/rslidar_msg) by extension 'ros'
[1.015s] DEBUG:colcon.colcon_core.package_identification:Package 'src/rslidar_msg' with type 'ros.ament_cmake' and name 'rslidar_msg'
[1.016s] Level 1:colcon.colcon_core.package_identification:_identify(src/rslidar_sdk) by extensions ['ignore', 'ignore_ament_install']
[1.016s] Level 1:colcon.colcon_core.package_identification:_identify(src/rslidar_sdk) by extension 'ignore'
[1.016s] Level 1:colcon.colcon_core.package_identification:_identify(src/rslidar_sdk) by extension 'ignore_ament_install'
[1.016s] Level 1:colcon.colcon_core.package_identification:_identify(src/rslidar_sdk) by extensions ['colcon_pkg']
[1.016s] Level 1:colcon.colcon_core.package_identification:_identify(src/rslidar_sdk) by extension 'colcon_pkg'
[1.017s] Level 1:colcon.colcon_core.package_identification:_identify(src/rslidar_sdk) by extensions ['colcon_meta']
[1.017s] Level 1:colcon.colcon_core.package_identification:_identify(src/rslidar_sdk) by extension 'colcon_meta'
[1.017s] Level 1:colcon.colcon_core.package_identification:_identify(src/rslidar_sdk) by extensions ['ros']
[1.017s] Level 1:colcon.colcon_core.package_identification:_identify(src/rslidar_sdk) by extension 'ros'
[1.033s] DEBUG:colcon.colcon_core.package_identification:Package 'src/rslidar_sdk' with type 'ros.ament_cmake' and name 'rslidar_sdk'
[1.034s] Level 1:colcon.colcon_core.package_identification:_identify(src/scout_ros2) by extensions ['ignore', 'ignore_ament_install']
[1.034s] Level 1:colcon.colcon_core.package_identification:_identify(src/scout_ros2) by extension 'ignore'
[1.034s] Level 1:colcon.colcon_core.package_identification:_identify(src/scout_ros2) by extension 'ignore_ament_install'
[1.035s] Level 1:colcon.colcon_core.package_identification:_identify(src/scout_ros2) by extensions ['colcon_pkg']
[1.035s] Level 1:colcon.colcon_core.package_identification:_identify(src/scout_ros2) by extension 'colcon_pkg'
[1.035s] Level 1:colcon.colcon_core.package_identification:_identify(src/scout_ros2) by extensions ['colcon_meta']
[1.035s] Level 1:colcon.colcon_core.package_identification:_identify(src/scout_ros2) by extension 'colcon_meta'
[1.035s] Level 1:colcon.colcon_core.package_identification:_identify(src/scout_ros2) by extensions ['ros']
[1.035s] Level 1:colcon.colcon_core.package_identification:_identify(src/scout_ros2) by extension 'ros'
[1.035s] Level 1:colcon.colcon_core.package_identification:_identify(src/scout_ros2) by extensions ['cmake', 'python']
[1.035s] Level 1:colcon.colcon_core.package_identification:_identify(src/scout_ros2) by extension 'cmake'
[1.036s] Level 1:colcon.colcon_core.package_identification:_identify(src/scout_ros2) by extension 'python'
[1.036s] Level 1:colcon.colcon_core.package_identification:_identify(src/scout_ros2) by extensions ['python_setup_py']
[1.036s] Level 1:colcon.colcon_core.package_identification:_identify(src/scout_ros2) by extension 'python_setup_py'
[1.036s] Level 1:colcon.colcon_core.package_identification:_identify(src/scout_ros2/scout_base) by extensions ['ignore', 'ignore_ament_install']
[1.036s] Level 1:colcon.colcon_core.package_identification:_identify(src/scout_ros2/scout_base) by extension 'ignore'
[1.036s] Level 1:colcon.colcon_core.package_identification:_identify(src/scout_ros2/scout_base) by extension 'ignore_ament_install'
[1.037s] Level 1:colcon.colcon_core.package_identification:_identify(src/scout_ros2/scout_base) by extensions ['colcon_pkg']
[1.037s] Level 1:colcon.colcon_core.package_identification:_identify(src/scout_ros2/scout_base) by extension 'colcon_pkg'
[1.037s] Level 1:colcon.colcon_core.package_identification:_identify(src/scout_ros2/scout_base) by extensions ['colcon_meta']
[1.037s] Level 1:colcon.colcon_core.package_identification:_identify(src/scout_ros2/scout_base) by extension 'colcon_meta'
[1.037s] Level 1:colcon.colcon_core.package_identification:_identify(src/scout_ros2/scout_base) by extensions ['ros']
[1.037s] Level 1:colcon.colcon_core.package_identification:_identify(src/scout_ros2/scout_base) by extension 'ros'
[1.041s] DEBUG:colcon.colcon_core.package_identification:Package 'src/scout_ros2/scout_base' with type 'ros.ament_cmake' and name 'scout_base'
[1.041s] Level 1:colcon.colcon_core.package_identification:_identify(src/scout_ros2/scout_description) by extensions ['ignore', 'ignore_ament_install']
[1.041s] Level 1:colcon.colcon_core.package_identification:_identify(src/scout_ros2/scout_description) by extension 'ignore'
[1.041s] Level 1:colcon.colcon_core.package_identification:_identify(src/scout_ros2/scout_description) by extension 'ignore_ament_install'
[1.042s] Level 1:colcon.colcon_core.package_identification:_identify(src/scout_ros2/scout_description) by extensions ['colcon_pkg']
[1.042s] Level 1:colcon.colcon_core.package_identification:_identify(src/scout_ros2/scout_description) by extension 'colcon_pkg'
[1.042s] Level 1:colcon.colcon_core.package_identification:_identify(src/scout_ros2/scout_description) by extensions ['colcon_meta']
[1.042s] Level 1:colcon.colcon_core.package_identification:_identify(src/scout_ros2/scout_description) by extension 'colcon_meta'
[1.042s] Level 1:colcon.colcon_core.package_identification:_identify(src/scout_ros2/scout_description) by extensions ['ros']
[1.042s] Level 1:colcon.colcon_core.package_identification:_identify(src/scout_ros2/scout_description) by extension 'ros'
[1.043s] DEBUG:colcon.colcon_core.package_identification:Package 'src/scout_ros2/scout_description' with type 'ros.ament_cmake' and name 'scout_description'
[1.043s] Level 1:colcon.colcon_core.package_identification:_identify(src/scout_ros2/scout_msgs) by extensions ['ignore', 'ignore_ament_install']
[1.044s] Level 1:colcon.colcon_core.package_identification:_identify(src/scout_ros2/scout_msgs) by extension 'ignore'
[1.044s] Level 1:colcon.colcon_core.package_identification:_identify(src/scout_ros2/scout_msgs) by extension 'ignore_ament_install'
[1.044s] Level 1:colcon.colcon_core.package_identification:_identify(src/scout_ros2/scout_msgs) by extensions ['colcon_pkg']
[1.044s] Level 1:colcon.colcon_core.package_identification:_identify(src/scout_ros2/scout_msgs) by extension 'colcon_pkg'
[1.044s] Level 1:colcon.colcon_core.package_identification:_identify(src/scout_ros2/scout_msgs) by extensions ['colcon_meta']
[1.044s] Level 1:colcon.colcon_core.package_identification:_identify(src/scout_ros2/scout_msgs) by extension 'colcon_meta'
[1.044s] Level 1:colcon.colcon_core.package_identification:_identify(src/scout_ros2/scout_msgs) by extensions ['ros']
[1.045s] Level 1:colcon.colcon_core.package_identification:_identify(src/scout_ros2/scout_msgs) by extension 'ros'
[1.046s] DEBUG:colcon.colcon_core.package_identification:Package 'src/scout_ros2/scout_msgs' with type 'ros.ament_cmake' and name 'scout_msgs'
[1.046s] Level 1:colcon.colcon_core.package_identification:_identify(src/ugv_sdk) by extensions ['ignore', 'ignore_ament_install']
[1.046s] Level 1:colcon.colcon_core.package_identification:_identify(src/ugv_sdk) by extension 'ignore'
[1.047s] Level 1:colcon.colcon_core.package_identification:_identify(src/ugv_sdk) by extension 'ignore_ament_install'
[1.047s] Level 1:colcon.colcon_core.package_identification:_identify(src/ugv_sdk) by extensions ['colcon_pkg']
[1.047s] Level 1:colcon.colcon_core.package_identification:_identify(src/ugv_sdk) by extension 'colcon_pkg'
[1.047s] Level 1:colcon.colcon_core.package_identification:_identify(src/ugv_sdk) by extensions ['colcon_meta']
[1.047s] Level 1:colcon.colcon_core.package_identification:_identify(src/ugv_sdk) by extension 'colcon_meta'
[1.047s] Level 1:colcon.colcon_core.package_identification:_identify(src/ugv_sdk) by extensions ['ros']
[1.047s] Level 1:colcon.colcon_core.package_identification:_identify(src/ugv_sdk) by extension 'ros'
[1.049s] DEBUG:colcon.colcon_core.package_identification:Package 'src/ugv_sdk' with type 'ros.catkin' and name 'ugv_sdk'
[1.049s] Level 1:colcon.colcon_core.package_discovery:discover_packages(recursive) using defaults
[1.050s] Level 1:colcon.colcon_core.package_discovery:discover_packages(ignore) discover
[1.050s] Level 1:colcon.colcon_core.package_discovery:discover_packages(ignore) using defaults
[1.050s] Level 1:colcon.colcon_core.package_discovery:discover_packages(path) discover
[1.050s] Level 1:colcon.colcon_core.package_discovery:discover_packages(path) using defaults
[1.100s] Level 1:colcon.colcon_core.package_discovery:discover_packages(prefix_path) check parameters
[1.100s] Level 1:colcon.colcon_core.package_discovery:discover_packages(prefix_path) discover
[1.102s] WARNING:colcon.colcon_ros.prefix_path.ament:The path '/home/student/ros2_ws/install/scout_base' in the environment variable AMENT_PREFIX_PATH doesn't exist
[1.103s] WARNING:colcon.colcon_ros.prefix_path.ament:The path '/home/student/ros2_ws/install/scout_msgs' in the environment variable AMENT_PREFIX_PATH doesn't exist
[1.103s] WARNING:colcon.colcon_ros.prefix_path.ament:The path '/home/student/ros2_ws/install/scout_description' in the environment variable AMENT_PREFIX_PATH doesn't exist
[1.103s] WARNING:colcon.colcon_ros.prefix_path.ament:The path '/home/student/ros2_ws/install/lidar_slam_mapping' in the environment variable AMENT_PREFIX_PATH doesn't exist
[1.103s] WARNING:colcon.colcon_ros.prefix_path.ament:The path '/home/student/ros2_ws/install/rslidar_sdk' in the environment variable AMENT_PREFIX_PATH doesn't exist
[1.103s] WARNING:colcon.colcon_ros.prefix_path.ament:The path '/home/student/ros2_ws/install/rslidar_msg' in the environment variable AMENT_PREFIX_PATH doesn't exist
[1.103s] WARNING:colcon.colcon_ros.prefix_path.ament:The path '/home/student/ros2_ws/install/object_recognition' in the environment variable AMENT_PREFIX_PATH doesn't exist
[1.103s] WARNING:colcon.colcon_ros.prefix_path.catkin:The path '/home/student/ros2_ws/install/scout_base' in the environment variable CMAKE_PREFIX_PATH doesn't exist
[1.104s] WARNING:colcon.colcon_ros.prefix_path.catkin:The path '/home/student/ros2_ws/install/ugv_sdk' in the environment variable CMAKE_PREFIX_PATH doesn't exist
[1.104s] WARNING:colcon.colcon_ros.prefix_path.catkin:The path '/home/student/ros2_ws/install/scout_msgs' in the environment variable CMAKE_PREFIX_PATH doesn't exist
[1.104s] WARNING:colcon.colcon_ros.prefix_path.catkin:The path '/home/student/ros2_ws/install/scout_description' in the environment variable CMAKE_PREFIX_PATH doesn't exist
[1.104s] WARNING:colcon.colcon_ros.prefix_path.catkin:The path '/home/student/ros2_ws/install/rslidar_sdk' in the environment variable CMAKE_PREFIX_PATH doesn't exist
[1.104s] WARNING:colcon.colcon_ros.prefix_path.catkin:The path '/home/student/ros2_ws/install/rslidar_msg' in the environment variable CMAKE_PREFIX_PATH doesn't exist
[1.106s] DEBUG:colcon.colcon_installed_package_information.package_discovery:Found 0 installed packages in /home/student/ros2_ws/install
[1.110s] DEBUG:colcon.colcon_installed_package_information.package_discovery:Found 388 installed packages in /opt/ros/humble
[1.118s] Level 1:colcon.colcon_core.package_discovery:discover_packages(prefix_path) using defaults
[1.264s] Level 5:colcon.colcon_core.verb:set package 'rslidar_msg' build argument 'cmake_args' from command line to 'None'
[1.264s] Level 5:colcon.colcon_core.verb:set package 'rslidar_msg' build argument 'cmake_target' from command line to 'None'
[1.264s] Level 5:colcon.colcon_core.verb:set package 'rslidar_msg' build argument 'cmake_target_skip_unavailable' from command line to 'False'
[1.264s] Level 5:colcon.colcon_core.verb:set package 'rslidar_msg' build argument 'cmake_clean_cache' from command line to 'False'
[1.264s] Level 5:colcon.colcon_core.verb:set package 'rslidar_msg' build argument 'cmake_clean_first' from command line to 'False'
[1.265s] Level 5:colcon.colcon_core.verb:set package 'rslidar_msg' build argument 'cmake_force_configure' from command line to 'False'
[1.265s] Level 5:colcon.colcon_core.verb:set package 'rslidar_msg' build argument 'ament_cmake_args' from command line to 'None'
[1.265s] Level 5:colcon.colcon_core.verb:set package 'rslidar_msg' build argument 'catkin_cmake_args' from command line to 'None'
[1.265s] Level 5:colcon.colcon_core.verb:set package 'rslidar_msg' build argument 'catkin_skip_building_tests' from command line to 'False'
[1.265s] DEBUG:colcon.colcon_core.verb:Building package 'rslidar_msg' with the following arguments: {'ament_cmake_args': None, 'build_base': '/home/student/ros2_ws/build/rslidar_msg', 'catkin_cmake_args': None, 'catkin_skip_building_tests': False, 'cmake_args': None, 'cmake_clean_cache': False, 'cmake_clean_first': False, 'cmake_force_configure': False, 'cmake_target': None, 'cmake_target_skip_unavailable': False, 'install_base': '/home/student/ros2_ws/install/rslidar_msg', 'merge_install': False, 'path': '/home/student/ros2_ws/src/rslidar_msg', 'symlink_install': False, 'test_result_base': None}
[1.266s] Level 5:colcon.colcon_core.verb:set package 'scout_description' build argument 'cmake_args' from command line to 'None'
[1.266s] Level 5:colcon.colcon_core.verb:set package 'scout_description' build argument 'cmake_target' from command line to 'None'
[1.266s] Level 5:colcon.colcon_core.verb:set package 'scout_description' build argument 'cmake_target_skip_unavailable' from command line to 'False'
[1.266s] Level 5:colcon.colcon_core.verb:set package 'scout_description' build argument 'cmake_clean_cache' from command line to 'False'
[1.266s] Level 5:colcon.colcon_core.verb:set package 'scout_description' build argument 'cmake_clean_first' from command line to 'False'
[1.266s] Level 5:colcon.colcon_core.verb:set package 'scout_description' build argument 'cmake_force_configure' from command line to 'False'
[1.266s] Level 5:colcon.colcon_core.verb:set package 'scout_description' build argument 'ament_cmake_args' from command line to 'None'
[1.266s] Level 5:colcon.colcon_core.verb:set package 'scout_description' build argument 'catkin_cmake_args' from command line to 'None'
[1.266s] Level 5:colcon.colcon_core.verb:set package 'scout_description' build argument 'catkin_skip_building_tests' from command line to 'False'
[1.267s] DEBUG:colcon.colcon_core.verb:Building package 'scout_description' with the following arguments: {'ament_cmake_args': None, 'build_base': '/home/student/ros2_ws/build/scout_description', 'catkin_cmake_args': None, 'catkin_skip_building_tests': False, 'cmake_args': None, 'cmake_clean_cache': False, 'cmake_clean_first': False, 'cmake_force_configure': False, 'cmake_target': None, 'cmake_target_skip_unavailable': False, 'install_base': '/home/student/ros2_ws/install/scout_description', 'merge_install': False, 'path': '/home/student/ros2_ws/src/scout_ros2/scout_description', 'symlink_install': False, 'test_result_base': None}
[1.267s] Level 5:colcon.colcon_core.verb:set package 'scout_msgs' build argument 'cmake_args' from command line to 'None'
[1.268s] Level 5:colcon.colcon_core.verb:set package 'scout_msgs' build argument 'cmake_target' from command line to 'None'
[1.268s] Level 5:colcon.colcon_core.verb:set package 'scout_msgs' build argument 'cmake_target_skip_unavailable' from command line to 'False'
[1.268s] Level 5:colcon.colcon_core.verb:set package 'scout_msgs' build argument 'cmake_clean_cache' from command line to 'False'
[1.268s] Level 5:colcon.colcon_core.verb:set package 'scout_msgs' build argument 'cmake_clean_first' from command line to 'False'
[1.268s] Level 5:colcon.colcon_core.verb:set package 'scout_msgs' build argument 'cmake_force_configure' from command line to 'False'
[1.268s] Level 5:colcon.colcon_core.verb:set package 'scout_msgs' build argument 'ament_cmake_args' from command line to 'None'
[1.268s] Level 5:colcon.colcon_core.verb:set package 'scout_msgs' build argument 'catkin_cmake_args' from command line to 'None'
[1.268s] Level 5:colcon.colcon_core.verb:set package 'scout_msgs' build argument 'catkin_skip_building_tests' from command line to 'False'
[1.268s] DEBUG:colcon.colcon_core.verb:Building package 'scout_msgs' with the following arguments: {'ament_cmake_args': None, 'build_base': '/home/student/ros2_ws/build/scout_msgs', 'catkin_cmake_args': None, 'catkin_skip_building_tests': False, 'cmake_args': None, 'cmake_clean_cache': False, 'cmake_clean_first': False, 'cmake_force_configure': False, 'cmake_target': None, 'cmake_target_skip_unavailable': False, 'install_base': '/home/student/ros2_ws/install/scout_msgs', 'merge_install': False, 'path': '/home/student/ros2_ws/src/scout_ros2/scout_msgs', 'symlink_install': False, 'test_result_base': None}
[1.269s] Level 5:colcon.colcon_core.verb:set package 'ugv_sdk' build argument 'cmake_args' from command line to 'None'
[1.269s] Level 5:colcon.colcon_core.verb:set package 'ugv_sdk' build argument 'cmake_target' from command line to 'None'
[1.269s] Level 5:colcon.colcon_core.verb:set package 'ugv_sdk' build argument 'cmake_target_skip_unavailable' from command line to 'False'
[1.269s] Level 5:colcon.colcon_core.verb:set package 'ugv_sdk' build argument 'cmake_clean_cache' from command line to 'False'
[1.269s] Level 5:colcon.colcon_core.verb:set package 'ugv_sdk' build argument 'cmake_clean_first' from command line to 'False'
[1.269s] Level 5:colcon.colcon_core.verb:set package 'ugv_sdk' build argument 'cmake_force_configure' from command line to 'False'
[1.270s] Level 5:colcon.colcon_core.verb:set package 'ugv_sdk' build argument 'ament_cmake_args' from command line to 'None'
[1.270s] Level 5:colcon.colcon_core.verb:set package 'ugv_sdk' build argument 'catkin_cmake_args' from command line to 'None'
[1.270s] Level 5:colcon.colcon_core.verb:set package 'ugv_sdk' build argument 'catkin_skip_building_tests' from command line to 'False'
[1.270s] DEBUG:colcon.colcon_core.verb:Building package 'ugv_sdk' with the following arguments: {'ament_cmake_args': None, 'build_base': '/home/student/ros2_ws/build/ugv_sdk', 'catkin_cmake_args': None, 'catkin_skip_building_tests': False, 'cmake_args': None, 'cmake_clean_cache': False, 'cmake_clean_first': False, 'cmake_force_configure': False, 'cmake_target': None, 'cmake_target_skip_unavailable': False, 'install_base': '/home/student/ros2_ws/install/ugv_sdk', 'merge_install': False, 'path': '/home/student/ros2_ws/src/ugv_sdk', 'symlink_install': False, 'test_result_base': None}
[1.271s] Level 5:colcon.colcon_core.verb:set package 'rslidar_sdk' build argument 'cmake_args' from command line to 'None'
[1.271s] Level 5:colcon.colcon_core.verb:set package 'rslidar_sdk' build argument 'cmake_target' from command line to 'None'
[1.271s] Level 5:colcon.colcon_core.verb:set package 'rslidar_sdk' build argument 'cmake_target_skip_unavailable' from command line to 'False'
[1.271s] Level 5:colcon.colcon_core.verb:set package 'rslidar_sdk' build argument 'cmake_clean_cache' from command line to 'False'
[1.271s] Level 5:colcon.colcon_core.verb:set package 'rslidar_sdk' build argument 'cmake_clean_first' from command line to 'False'
[1.271s] Level 5:colcon.colcon_core.verb:set package 'rslidar_sdk' build argument 'cmake_force_configure' from command line to 'False'
[1.271s] Level 5:colcon.colcon_core.verb:set package 'rslidar_sdk' build argument 'ament_cmake_args' from command line to 'None'
[1.272s] Level 5:colcon.colcon_core.verb:set package 'rslidar_sdk' build argument 'catkin_cmake_args' from command line to 'None'
[1.272s] Level 5:colcon.colcon_core.verb:set package 'rslidar_sdk' build argument 'catkin_skip_building_tests' from command line to 'False'
[1.272s] DEBUG:colcon.colcon_core.verb:Building package 'rslidar_sdk' with the following arguments: {'ament_cmake_args': None, 'build_base': '/home/student/ros2_ws/build/rslidar_sdk', 'catkin_cmake_args': None, 'catkin_skip_building_tests': False, 'cmake_args': None, 'cmake_clean_cache': False, 'cmake_clean_first': False, 'cmake_force_configure': False, 'cmake_target': None, 'cmake_target_skip_unavailable': False, 'install_base': '/home/student/ros2_ws/install/rslidar_sdk', 'merge_install': False, 'path': '/home/student/ros2_ws/src/rslidar_sdk', 'symlink_install': False, 'test_result_base': None}
[1.273s] Level 5:colcon.colcon_core.verb:set package 'scout_base' build argument 'cmake_args' from command line to 'None'
[1.273s] Level 5:colcon.colcon_core.verb:set package 'scout_base' build argument 'cmake_target' from command line to 'None'
[1.273s] Level 5:colcon.colcon_core.verb:set package 'scout_base' build argument 'cmake_target_skip_unavailable' from command line to 'False'
[1.273s] Level 5:colcon.colcon_core.verb:set package 'scout_base' build argument 'cmake_clean_cache' from command line to 'False'
[1.273s] Level 5:colcon.colcon_core.verb:set package 'scout_base' build argument 'cmake_clean_first' from command line to 'False'
[1.273s] Level 5:colcon.colcon_core.verb:set package 'scout_base' build argument 'cmake_force_configure' from command line to 'False'
[1.273s] Level 5:colcon.colcon_core.verb:set package 'scout_base' build argument 'ament_cmake_args' from command line to 'None'
[1.273s] Level 5:colcon.colcon_core.verb:set package 'scout_base' build argument 'catkin_cmake_args' from command line to 'None'
[1.273s] Level 5:colcon.colcon_core.verb:set package 'scout_base' build argument 'catkin_skip_building_tests' from command line to 'False'
[1.273s] DEBUG:colcon.colcon_core.verb:Building package 'scout_base' with the following arguments: {'ament_cmake_args': None, 'build_base': '/home/student/ros2_ws/build/scout_base', 'catkin_cmake_args': None, 'catkin_skip_building_tests': False, 'cmake_args': None, 'cmake_clean_cache': False, 'cmake_clean_first': False, 'cmake_force_configure': False, 'cmake_target': None, 'cmake_target_skip_unavailable': False, 'install_base': '/home/student/ros2_ws/install/scout_base', 'merge_install': False, 'path': '/home/student/ros2_ws/src/scout_ros2/scout_base', 'symlink_install': False, 'test_result_base': None}
[1.274s] Level 5:colcon.colcon_core.verb:set package 'lidar_slam_mapping' build argument 'cmake_args' from command line to 'None'
[1.274s] Level 5:colcon.colcon_core.verb:set package 'lidar_slam_mapping' build argument 'cmake_target' from command line to 'None'
[1.274s] Level 5:colcon.colcon_core.verb:set package 'lidar_slam_mapping' build argument 'cmake_target_skip_unavailable' from command line to 'False'
[1.275s] Level 5:colcon.colcon_core.verb:set package 'lidar_slam_mapping' build argument 'cmake_clean_cache' from command line to 'False'
[1.275s] Level 5:colcon.colcon_core.verb:set package 'lidar_slam_mapping' build argument 'cmake_clean_first' from command line to 'False'
[1.275s] Level 5:colcon.colcon_core.verb:set package 'lidar_slam_mapping' build argument 'cmake_force_configure' from command line to 'False'
[1.275s] Level 5:colcon.colcon_core.verb:set package 'lidar_slam_mapping' build argument 'ament_cmake_args' from command line to 'None'
[1.275s] Level 5:colcon.colcon_core.verb:set package 'lidar_slam_mapping' build argument 'catkin_cmake_args' from command line to 'None'
[1.275s] Level 5:colcon.colcon_core.verb:set package 'lidar_slam_mapping' build argument 'catkin_skip_building_tests' from command line to 'False'
[1.275s] DEBUG:colcon.colcon_core.verb:Building package 'lidar_slam_mapping' with the following arguments: {'ament_cmake_args': None, 'build_base': '/home/student/ros2_ws/build/lidar_slam_mapping', 'catkin_cmake_args': None, 'catkin_skip_building_tests': False, 'cmake_args': None, 'cmake_clean_cache': False, 'cmake_clean_first': False, 'cmake_force_configure': False, 'cmake_target': None, 'cmake_target_skip_unavailable': False, 'install_base': '/home/student/ros2_ws/install/lidar_slam_mapping', 'merge_install': False, 'path': '/home/student/ros2_ws/src/lidar_slam_mapping', 'symlink_install': False, 'test_result_base': None}
[1.275s] INFO:colcon.colcon_core.executor:Executing jobs using 'parallel' executor
[1.277s] DEBUG:colcon.colcon_parallel_executor.executor.parallel:run_until_complete
[1.278s] INFO:colcon.colcon_ros.task.ament_cmake.build:Building ROS package in '/home/student/ros2_ws/src/rslidar_msg' with build type 'ament_cmake'
[1.278s] INFO:colcon.colcon_cmake.task.cmake.build:Building CMake package in '/home/student/ros2_ws/src/rslidar_msg'
[1.283s] INFO:colcon.colcon_core.plugin_system:Skipping extension 'colcon_core.shell.bat': Not used on non-Windows systems
[1.284s] INFO:colcon.colcon_core.shell:Skip shell extension 'powershell' for command environment: Not usable outside of PowerShell
[1.284s] DEBUG:colcon.colcon_core.shell:Skip shell extension 'dsv' for command environment
[1.295s] INFO:colcon.colcon_ros.task.ament_cmake.build:Building ROS package in '/home/student/ros2_ws/src/scout_ros2/scout_msgs' with build type 'ament_cmake'
[1.296s] INFO:colcon.colcon_cmake.task.cmake.build:Building CMake package in '/home/student/ros2_ws/src/scout_ros2/scout_msgs'
[1.297s] INFO:colcon.colcon_core.shell:Skip shell extension 'powershell' for command environment: Not usable outside of PowerShell
[1.297s] DEBUG:colcon.colcon_core.shell:Skip shell extension 'dsv' for command environment
[1.322s] DEBUG:colcon.colcon_core.event_handler.log_command:Invoking command in '/home/student/ros2_ws/build/rslidar_msg': CMAKE_PREFIX_PATH=${CMAKE_PREFIX_PATH}:/home/student/ros2_ws/install/lidar_slam_mapping:/home/student/ros2_ws/install/object_recognition:/opt/ros/humble /usr/bin/cmake /home/student/ros2_ws/src/rslidar_msg -DCMAKE_INSTALL_PREFIX=/home/student/ros2_ws/install/rslidar_msg
[1.338s] DEBUG:colcon.colcon_core.event_handler.log_command:Invoking command in '/home/student/ros2_ws/build/scout_msgs': CMAKE_PREFIX_PATH=${CMAKE_PREFIX_PATH}:/home/student/ros2_ws/install/lidar_slam_mapping:/home/student/ros2_ws/install/object_recognition:/opt/ros/humble /usr/bin/cmake /home/student/ros2_ws/src/scout_ros2/scout_msgs -DCMAKE_INSTALL_PREFIX=/home/student/ros2_ws/install/scout_msgs
[7.572s] DEBUG:colcon.colcon_core.event_handler.log_command:Invoked command in '/home/student/ros2_ws/build/scout_msgs' returned '0': CMAKE_PREFIX_PATH=${CMAKE_PREFIX_PATH}:/home/student/ros2_ws/install/lidar_slam_mapping:/home/student/ros2_ws/install/object_recognition:/opt/ros/humble /usr/bin/cmake /home/student/ros2_ws/src/scout_ros2/scout_msgs -DCMAKE_INSTALL_PREFIX=/home/student/ros2_ws/install/scout_msgs
[7.574s] DEBUG:colcon.colcon_core.event_handler.log_command:Invoking command in '/home/student/ros2_ws/build/scout_msgs': CMAKE_PREFIX_PATH=${CMAKE_PREFIX_PATH}:/home/student/ros2_ws/install/lidar_slam_mapping:/home/student/ros2_ws/install/object_recognition:/opt/ros/humble /usr/bin/cmake --build /home/student/ros2_ws/build/scout_msgs -- -j2 -l2
[8.233s] DEBUG:colcon.colcon_core.event_handler.log_command:Invoked command in '/home/student/ros2_ws/build/rslidar_msg' returned '0': CMAKE_PREFIX_PATH=${CMAKE_PREFIX_PATH}:/home/student/ros2_ws/install/lidar_slam_mapping:/home/student/ros2_ws/install/object_recognition:/opt/ros/humble /usr/bin/cmake /home/student/ros2_ws/src/rslidar_msg -DCMAKE_INSTALL_PREFIX=/home/student/ros2_ws/install/rslidar_msg
[8.236s] DEBUG:colcon.colcon_core.event_handler.log_command:Invoking command in '/home/student/ros2_ws/build/rslidar_msg': CMAKE_PREFIX_PATH=${CMAKE_PREFIX_PATH}:/home/student/ros2_ws/install/lidar_slam_mapping:/home/student/ros2_ws/install/object_recognition:/opt/ros/humble /usr/bin/cmake --build /home/student/ros2_ws/build/rslidar_msg -- -j2 -l2
[23.083s] DEBUG:colcon.colcon_core.event_handler.log_command:Invoked command in '/home/student/ros2_ws/build/rslidar_msg' returned '0': CMAKE_PREFIX_PATH=${CMAKE_PREFIX_PATH}:/home/student/ros2_ws/install/lidar_slam_mapping:/home/student/ros2_ws/install/object_recognition:/opt/ros/humble /usr/bin/cmake --build /home/student/ros2_ws/build/rslidar_msg -- -j2 -l2
[23.112s] DEBUG:colcon.colcon_core.event_handler.log_command:Invoking command in '/home/student/ros2_ws/build/rslidar_msg': CMAKE_PREFIX_PATH=${CMAKE_PREFIX_PATH}:/home/student/ros2_ws/install/lidar_slam_mapping:/home/student/ros2_ws/install/object_recognition:/opt/ros/humble /usr/bin/cmake --install /home/student/ros2_ws/build/rslidar_msg
[23.330s] Level 1:colcon.colcon_core.environment:create_environment_scripts_only(rslidar_msg)
[23.332s] DEBUG:colcon.colcon_core.event_handler.log_command:Invoked command in '/home/student/ros2_ws/build/rslidar_msg' returned '0': CMAKE_PREFIX_PATH=${CMAKE_PREFIX_PATH}:/home/student/ros2_ws/install/lidar_slam_mapping:/home/student/ros2_ws/install/object_recognition:/opt/ros/humble /usr/bin/cmake --install /home/student/ros2_ws/build/rslidar_msg
[23.338s] Level 1:colcon.colcon_core.environment:checking '/home/student/ros2_ws/install/rslidar_msg' for CMake module files
[23.340s] Level 1:colcon.colcon_core.environment:checking '/home/student/ros2_ws/install/rslidar_msg' for CMake config files
[23.341s] Level 1:colcon.colcon_core.shell:create_environment_hook('rslidar_msg', 'cmake_prefix_path')
[23.342s] INFO:colcon.colcon_core.shell:Creating environment hook '/home/student/ros2_ws/install/rslidar_msg/share/rslidar_msg/hook/cmake_prefix_path.ps1'
[23.343s] INFO:colcon.colcon_core.shell:Creating environment descriptor '/home/student/ros2_ws/install/rslidar_msg/share/rslidar_msg/hook/cmake_prefix_path.dsv'
[23.344s] INFO:colcon.colcon_core.shell:Creating environment hook '/home/student/ros2_ws/install/rslidar_msg/share/rslidar_msg/hook/cmake_prefix_path.sh'
[23.346s] Level 1:colcon.colcon_core.environment:checking '/home/student/ros2_ws/install/rslidar_msg/lib'
[23.346s] Level 1:colcon.colcon_core.shell:create_environment_hook('rslidar_msg', 'ld_library_path_lib')
[23.347s] INFO:colcon.colcon_core.shell:Creating environment hook '/home/student/ros2_ws/install/rslidar_msg/share/rslidar_msg/hook/ld_library_path_lib.ps1'
[23.348s] INFO:colcon.colcon_core.shell:Creating environment descriptor '/home/student/ros2_ws/install/rslidar_msg/share/rslidar_msg/hook/ld_library_path_lib.dsv'
[23.349s] INFO:colcon.colcon_core.shell:Creating environment hook '/home/student/ros2_ws/install/rslidar_msg/share/rslidar_msg/hook/ld_library_path_lib.sh'
[23.350s] Level 1:colcon.colcon_core.environment:checking '/home/student/ros2_ws/install/rslidar_msg/bin'
[23.350s] Level 1:colcon.colcon_core.environment:checking '/home/student/ros2_ws/install/rslidar_msg/lib/pkgconfig/rslidar_msg.pc'
[23.351s] Level 1:colcon.colcon_core.environment:checking '/home/student/ros2_ws/install/rslidar_msg/lib/python3.10/site-packages'
[23.351s] Level 1:colcon.colcon_core.environment:checking '/home/student/ros2_ws/install/rslidar_msg/bin'
[23.352s] INFO:colcon.colcon_core.shell:Creating package script '/home/student/ros2_ws/install/rslidar_msg/share/rslidar_msg/package.ps1'
[23.355s] INFO:colcon.colcon_core.shell:Creating package descriptor '/home/student/ros2_ws/install/rslidar_msg/share/rslidar_msg/package.dsv'
[23.356s] INFO:colcon.colcon_core.shell:Creating package script '/home/student/ros2_ws/install/rslidar_msg/share/rslidar_msg/package.sh'
[23.358s] INFO:colcon.colcon_core.shell:Creating package script '/home/student/ros2_ws/install/rslidar_msg/share/rslidar_msg/package.bash'
[23.360s] INFO:colcon.colcon_core.shell:Creating package script '/home/student/ros2_ws/install/rslidar_msg/share/rslidar_msg/package.zsh'
[23.361s] Level 1:colcon.colcon_core.environment:create_file_with_runtime_dependencies(/home/student/ros2_ws/install/rslidar_msg/share/colcon-core/packages/rslidar_msg)
[23.363s] Level 1:colcon.colcon_core.environment:create_environment_scripts_only(rslidar_msg)
[23.364s] Level 1:colcon.colcon_core.environment:checking '/home/student/ros2_ws/install/rslidar_msg' for CMake module files
[23.365s] Level 1:colcon.colcon_core.environment:checking '/home/student/ros2_ws/install/rslidar_msg' for CMake config files
[23.367s] Level 1:colcon.colcon_core.shell:create_environment_hook('rslidar_msg', 'cmake_prefix_path')
[23.367s] INFO:colcon.colcon_core.shell:Creating environment hook '/home/student/ros2_ws/install/rslidar_msg/share/rslidar_msg/hook/cmake_prefix_path.ps1'
[23.368s] INFO:colcon.colcon_core.shell:Creating environment descriptor '/home/student/ros2_ws/install/rslidar_msg/share/rslidar_msg/hook/cmake_prefix_path.dsv'
[23.369s] INFO:colcon.colcon_core.shell:Creating environment hook '/home/student/ros2_ws/install/rslidar_msg/share/rslidar_msg/hook/cmake_prefix_path.sh'
[23.371s] Level 1:colcon.colcon_core.environment:checking '/home/student/ros2_ws/install/rslidar_msg/lib'
[23.371s] Level 1:colcon.colcon_core.shell:create_environment_hook('rslidar_msg', 'ld_library_path_lib')
[23.372s] INFO:colcon.colcon_core.shell:Creating environment hook '/home/student/ros2_ws/install/rslidar_msg/share/rslidar_msg/hook/ld_library_path_lib.ps1'
[23.373s] INFO:colcon.colcon_core.shell:Creating environment descriptor '/home/student/ros2_ws/install/rslidar_msg/share/rslidar_msg/hook/ld_library_path_lib.dsv'
[23.374s] INFO:colcon.colcon_core.shell:Creating environment hook '/home/student/ros2_ws/install/rslidar_msg/share/rslidar_msg/hook/ld_library_path_lib.sh'
[23.375s] Level 1:colcon.colcon_core.environment:checking '/home/student/ros2_ws/install/rslidar_msg/bin'
[23.385s] Level 1:colcon.colcon_core.environment:checking '/home/student/ros2_ws/install/rslidar_msg/lib/pkgconfig/rslidar_msg.pc'
[23.386s] Level 1:colcon.colcon_core.environment:checking '/home/student/ros2_ws/install/rslidar_msg/lib/python3.10/site-packages'
[23.387s] Level 1:colcon.colcon_core.environment:checking '/home/student/ros2_ws/install/rslidar_msg/bin'
[23.387s] INFO:colcon.colcon_core.shell:Creating package script '/home/student/ros2_ws/install/rslidar_msg/share/rslidar_msg/package.ps1'
[23.392s] INFO:colcon.colcon_core.shell:Creating package descriptor '/home/student/ros2_ws/install/rslidar_msg/share/rslidar_msg/package.dsv'
[23.394s] INFO:colcon.colcon_core.shell:Creating package script '/home/student/ros2_ws/install/rslidar_msg/share/rslidar_msg/package.sh'
[23.395s] INFO:colcon.colcon_core.shell:Creating package script '/home/student/ros2_ws/install/rslidar_msg/share/rslidar_msg/package.bash'
[23.396s] INFO:colcon.colcon_core.shell:Creating package script '/home/student/ros2_ws/install/rslidar_msg/share/rslidar_msg/package.zsh'
[23.397s] Level 1:colcon.colcon_core.environment:create_file_with_runtime_dependencies(/home/student/ros2_ws/install/rslidar_msg/share/colcon-core/packages/rslidar_msg)
[23.398s] INFO:colcon.colcon_ros.task.catkin.build:Building ROS package in '/home/student/ros2_ws/src/ugv_sdk' with build type 'catkin'
[23.399s] INFO:colcon.colcon_cmake.task.cmake.build:Building CMake package in '/home/student/ros2_ws/src/ugv_sdk'
[23.400s] INFO:colcon.colcon_core.shell:Skip shell extension 'powershell' for command environment: Not usable outside of PowerShell
[23.401s] DEBUG:colcon.colcon_core.shell:Skip shell extension 'dsv' for command environment
[23.455s] DEBUG:colcon.colcon_core.event_handler.log_command:Invoking command in '/home/student/ros2_ws/build/ugv_sdk': /usr/bin/cmake /home/student/ros2_ws/src/ugv_sdk -DCATKIN_INSTALL_INTO_PREFIX_ROOT=0 -DCMAKE_INSTALL_PREFIX=/home/student/ros2_ws/install/ugv_sdk
[24.938s] DEBUG:colcon.colcon_core.event_handler.log_command:Invoked command in '/home/student/ros2_ws/build/ugv_sdk' returned '0': /usr/bin/cmake /home/student/ros2_ws/src/ugv_sdk -DCATKIN_INSTALL_INTO_PREFIX_ROOT=0 -DCMAKE_INSTALL_PREFIX=/home/student/ros2_ws/install/ugv_sdk
[24.941s] DEBUG:colcon.colcon_core.event_handler.log_command:Invoking command in '/home/student/ros2_ws/build/ugv_sdk': /usr/bin/cmake --build /home/student/ros2_ws/build/ugv_sdk -- -j2 -l2
[55.899s] DEBUG:colcon.colcon_core.event_handler.log_command:Invoked command in '/home/student/ros2_ws/build/scout_msgs' returned '0': CMAKE_PREFIX_PATH=${CMAKE_PREFIX_PATH}:/home/student/ros2_ws/install/lidar_slam_mapping:/home/student/ros2_ws/install/object_recognition:/opt/ros/humble /usr/bin/cmake --build /home/student/ros2_ws/build/scout_msgs -- -j2 -l2
[55.903s] DEBUG:colcon.colcon_core.event_handler.log_command:Invoking command in '/home/student/ros2_ws/build/scout_msgs': CMAKE_PREFIX_PATH=${CMAKE_PREFIX_PATH}:/home/student/ros2_ws/install/lidar_slam_mapping:/home/student/ros2_ws/install/object_recognition:/opt/ros/humble /usr/bin/cmake --install /home/student/ros2_ws/build/scout_msgs
[56.288s] Level 1:colcon.colcon_core.environment:create_environment_scripts_only(scout_msgs)
[56.293s] Level 1:colcon.colcon_core.environment:checking '/home/student/ros2_ws/install/scout_msgs' for CMake module files
[56.295s] Level 1:colcon.colcon_core.environment:checking '/home/student/ros2_ws/install/scout_msgs' for CMake config files
[56.296s] Level 1:colcon.colcon_core.shell:create_environment_hook('scout_msgs', 'cmake_prefix_path')
[56.299s] INFO:colcon.colcon_core.shell:Creating environment hook '/home/student/ros2_ws/install/scout_msgs/share/scout_msgs/hook/cmake_prefix_path.ps1'
[56.303s] DEBUG:colcon.colcon_core.event_handler.log_command:Invoked command in '/home/student/ros2_ws/build/scout_msgs' returned '0': CMAKE_PREFIX_PATH=${CMAKE_PREFIX_PATH}:/home/student/ros2_ws/install/lidar_slam_mapping:/home/student/ros2_ws/install/object_recognition:/opt/ros/humble /usr/bin/cmake --install /home/student/ros2_ws/build/scout_msgs
[56.305s] INFO:colcon.colcon_core.shell:Creating environment descriptor '/home/student/ros2_ws/install/scout_msgs/share/scout_msgs/hook/cmake_prefix_path.dsv'
[56.306s] INFO:colcon.colcon_core.shell:Creating environment hook '/home/student/ros2_ws/install/scout_msgs/share/scout_msgs/hook/cmake_prefix_path.sh'
[56.308s] Level 1:colcon.colcon_core.environment:checking '/home/student/ros2_ws/install/scout_msgs/lib'
[56.308s] Level 1:colcon.colcon_core.shell:create_environment_hook('scout_msgs', 'ld_library_path_lib')
[56.309s] INFO:colcon.colcon_core.shell:Creating environment hook '/home/student/ros2_ws/install/scout_msgs/share/scout_msgs/hook/ld_library_path_lib.ps1'
[56.310s] INFO:colcon.colcon_core.shell:Creating environment descriptor '/home/student/ros2_ws/install/scout_msgs/share/scout_msgs/hook/ld_library_path_lib.dsv'
[56.312s] INFO:colcon.colcon_core.shell:Creating environment hook '/home/student/ros2_ws/install/scout_msgs/share/scout_msgs/hook/ld_library_path_lib.sh'
[56.314s] Level 1:colcon.colcon_core.environment:checking '/home/student/ros2_ws/install/scout_msgs/bin'
[56.314s] Level 1:colcon.colcon_core.environment:checking '/home/student/ros2_ws/install/scout_msgs/lib/pkgconfig/scout_msgs.pc'
[56.314s] Level 1:colcon.colcon_core.environment:checking '/home/student/ros2_ws/install/scout_msgs/lib/python3.10/site-packages'
[56.315s] Level 1:colcon.colcon_core.environment:checking '/home/student/ros2_ws/install/scout_msgs/bin'
[56.316s] INFO:colcon.colcon_core.shell:Creating package script '/home/student/ros2_ws/install/scout_msgs/share/scout_msgs/package.ps1'
[56.318s] INFO:colcon.colcon_core.shell:Creating package descriptor '/home/student/ros2_ws/install/scout_msgs/share/scout_msgs/package.dsv'
[56.320s] INFO:colcon.colcon_core.shell:Creating package script '/home/student/ros2_ws/install/scout_msgs/share/scout_msgs/package.sh'
[56.322s] INFO:colcon.colcon_core.shell:Creating package script '/home/student/ros2_ws/install/scout_msgs/share/scout_msgs/package.bash'
[56.323s] INFO:colcon.colcon_core.shell:Creating package script '/home/student/ros2_ws/install/scout_msgs/share/scout_msgs/package.zsh'
[56.324s] Level 1:colcon.colcon_core.environment:create_file_with_runtime_dependencies(/home/student/ros2_ws/install/scout_msgs/share/colcon-core/packages/scout_msgs)
[56.327s] Level 1:colcon.colcon_core.environment:create_environment_scripts_only(scout_msgs)
[56.327s] Level 1:colcon.colcon_core.environment:checking '/home/student/ros2_ws/install/scout_msgs' for CMake module files
[56.329s] Level 1:colcon.colcon_core.environment:checking '/home/student/ros2_ws/install/scout_msgs' for CMake config files
[56.330s] Level 1:colcon.colcon_core.shell:create_environment_hook('scout_msgs', 'cmake_prefix_path')
[56.331s] INFO:colcon.colcon_core.shell:Creating environment hook '/home/student/ros2_ws/install/scout_msgs/share/scout_msgs/hook/cmake_prefix_path.ps1'
[56.333s] INFO:colcon.colcon_core.shell:Creating environment descriptor '/home/student/ros2_ws/install/scout_msgs/share/scout_msgs/hook/cmake_prefix_path.dsv'
[56.335s] INFO:colcon.colcon_core.shell:Creating environment hook '/home/student/ros2_ws/install/scout_msgs/share/scout_msgs/hook/cmake_prefix_path.sh'
[56.336s] Level 1:colcon.colcon_core.environment:checking '/home/student/ros2_ws/install/scout_msgs/lib'
[56.337s] Level 1:colcon.colcon_core.shell:create_environment_hook('scout_msgs', 'ld_library_path_lib')
[56.337s] INFO:colcon.colcon_core.shell:Creating environment hook '/home/student/ros2_ws/install/scout_msgs/share/scout_msgs/hook/ld_library_path_lib.ps1'
[56.340s] INFO:colcon.colcon_core.shell:Creating environment descriptor '/home/student/ros2_ws/install/scout_msgs/share/scout_msgs/hook/ld_library_path_lib.dsv'
[56.342s] INFO:colcon.colcon_core.shell:Creating environment hook '/home/student/ros2_ws/install/scout_msgs/share/scout_msgs/hook/ld_library_path_lib.sh'
[56.344s] Level 1:colcon.colcon_core.environment:checking '/home/student/ros2_ws/install/scout_msgs/bin'
[56.344s] Level 1:colcon.colcon_core.environment:checking '/home/student/ros2_ws/install/scout_msgs/lib/pkgconfig/scout_msgs.pc'
[56.344s] Level 1:colcon.colcon_core.environment:checking '/home/student/ros2_ws/install/scout_msgs/lib/python3.10/site-packages'
[56.345s] Level 1:colcon.colcon_core.environment:checking '/home/student/ros2_ws/install/scout_msgs/bin'
[56.346s] INFO:colcon.colcon_core.shell:Creating package script '/home/student/ros2_ws/install/scout_msgs/share/scout_msgs/package.ps1'
[56.348s] INFO:colcon.colcon_core.shell:Creating package descriptor '/home/student/ros2_ws/install/scout_msgs/share/scout_msgs/package.dsv'
[56.350s] INFO:colcon.colcon_core.shell:Creating package script '/home/student/ros2_ws/install/scout_msgs/share/scout_msgs/package.sh'
[56.352s] INFO:colcon.colcon_core.shell:Creating package script '/home/student/ros2_ws/install/scout_msgs/share/scout_msgs/package.bash'
[56.353s] INFO:colcon.colcon_core.shell:Creating package script '/home/student/ros2_ws/install/scout_msgs/share/scout_msgs/package.zsh'
[56.355s] Level 1:colcon.colcon_core.environment:create_file_with_runtime_dependencies(/home/student/ros2_ws/install/scout_msgs/share/colcon-core/packages/scout_msgs)
[56.357s] INFO:colcon.colcon_ros.task.ament_cmake.build:Building ROS package in '/home/student/ros2_ws/src/rslidar_sdk' with build type 'ament_cmake'
[56.358s] INFO:colcon.colcon_cmake.task.cmake.build:Building CMake package in '/home/student/ros2_ws/src/rslidar_sdk'
[56.358s] INFO:colcon.colcon_core.shell:Skip shell extension 'powershell' for command environment: Not usable outside of PowerShell
[56.358s] DEBUG:colcon.colcon_core.shell:Skip shell extension 'dsv' for command environment
[56.429s] DEBUG:colcon.colcon_core.event_handler.log_command:Invoking command in '/home/student/ros2_ws/build/rslidar_sdk': CMAKE_PREFIX_PATH=/home/student/ros2_ws/install/rslidar_msg:/home/student/ros2_ws/install/scout_base:/home/student/ros2_ws/install/ugv_sdk:/home/student/ros2_ws/install/scout_msgs:/home/student/ros2_ws/install/scout_description:/home/student/ros2_ws/install/rslidar_sdk:/home/student/ros2_ws/install/lidar_slam_mapping:/home/student/ros2_ws/install/object_recognition:/opt/ros/humble LD_LIBRARY_PATH=/home/student/ros2_ws/install/rslidar_msg/lib:/home/student/ros2_ws/install/scout_msgs/lib:/usr/lib/x86_64-linux-gnu/gazebo-11/plugins:/opt/ros/humble/opt/rviz_ogre_vendor/lib:/opt/ros/humble/lib/x86_64-linux-gnu:/opt/ros/humble/lib /usr/bin/cmake /home/student/ros2_ws/src/rslidar_sdk -DCMAKE_INSTALL_PREFIX=/home/student/ros2_ws/install/rslidar_sdk
[59.871s] DEBUG:colcon.colcon_core.event_handler.log_command:Invoked command in '/home/student/ros2_ws/build/rslidar_sdk' returned '0': CMAKE_PREFIX_PATH=/home/student/ros2_ws/install/rslidar_msg:/home/student/ros2_ws/install/scout_base:/home/student/ros2_ws/install/ugv_sdk:/home/student/ros2_ws/install/scout_msgs:/home/student/ros2_ws/install/scout_description:/home/student/ros2_ws/install/rslidar_sdk:/home/student/ros2_ws/install/lidar_slam_mapping:/home/student/ros2_ws/install/object_recognition:/opt/ros/humble LD_LIBRARY_PATH=/home/student/ros2_ws/install/rslidar_msg/lib:/home/student/ros2_ws/install/scout_msgs/lib:/usr/lib/x86_64-linux-gnu/gazebo-11/plugins:/opt/ros/humble/opt/rviz_ogre_vendor/lib:/opt/ros/humble/lib/x86_64-linux-gnu:/opt/ros/humble/lib /usr/bin/cmake /home/student/ros2_ws/src/rslidar_sdk -DCMAKE_INSTALL_PREFIX=/home/student/ros2_ws/install/rslidar_sdk
[59.874s] DEBUG:colcon.colcon_core.event_handler.log_command:Invoking command in '/home/student/ros2_ws/build/rslidar_sdk': CMAKE_PREFIX_PATH=/home/student/ros2_ws/install/rslidar_msg:/home/student/ros2_ws/install/scout_base:/home/student/ros2_ws/install/ugv_sdk:/home/student/ros2_ws/install/scout_msgs:/home/student/ros2_ws/install/scout_description:/home/student/ros2_ws/install/rslidar_sdk:/home/student/ros2_ws/install/lidar_slam_mapping:/home/student/ros2_ws/install/object_recognition:/opt/ros/humble LD_LIBRARY_PATH=/home/student/ros2_ws/install/rslidar_msg/lib:/home/student/ros2_ws/install/scout_msgs/lib:/usr/lib/x86_64-linux-gnu/gazebo-11/plugins:/opt/ros/humble/opt/rviz_ogre_vendor/lib:/opt/ros/humble/lib/x86_64-linux-gnu:/opt/ros/humble/lib /usr/bin/cmake --build /home/student/ros2_ws/build/rslidar_sdk -- -j2 -l2
[110.162s] DEBUG:colcon.colcon_core.event_handler.log_command:Invoked command in '/home/student/ros2_ws/build/ugv_sdk' returned '0': /usr/bin/cmake --build /home/student/ros2_ws/build/ugv_sdk -- -j2 -l2
[110.163s] DEBUG:colcon.colcon_core.event_handler.log_command:Invoking command in '/home/student/ros2_ws/build/ugv_sdk': /usr/bin/cmake --install /home/student/ros2_ws/build/ugv_sdk
[110.260s] Level 1:colcon.colcon_core.shell:create_environment_hook('ugv_sdk', 'ros_package_path')
[110.261s] INFO:colcon.colcon_core.shell:Creating environment hook '/home/student/ros2_ws/install/ugv_sdk/share/ugv_sdk/hook/ros_package_path.ps1'
[110.263s] DEBUG:colcon.colcon_core.event_handler.log_command:Invoked command in '/home/student/ros2_ws/build/ugv_sdk' returned '0': /usr/bin/cmake --install /home/student/ros2_ws/build/ugv_sdk
[110.264s] INFO:colcon.colcon_core.shell:Creating environment descriptor '/home/student/ros2_ws/install/ugv_sdk/share/ugv_sdk/hook/ros_package_path.dsv'
[110.266s] INFO:colcon.colcon_core.shell:Creating environment hook '/home/student/ros2_ws/install/ugv_sdk/share/ugv_sdk/hook/ros_package_path.sh'
[110.268s] Level 1:colcon.colcon_core.shell:create_environment_hook('ugv_sdk', 'pkg_config_path')
[110.268s] INFO:colcon.colcon_core.shell:Creating environment hook '/home/student/ros2_ws/install/ugv_sdk/share/ugv_sdk/hook/pkg_config_path.ps1'
[110.270s] INFO:colcon.colcon_core.shell:Creating environment descriptor '/home/student/ros2_ws/install/ugv_sdk/share/ugv_sdk/hook/pkg_config_path.dsv'
[110.271s] INFO:colcon.colcon_core.shell:Creating environment hook '/home/student/ros2_ws/install/ugv_sdk/share/ugv_sdk/hook/pkg_config_path.sh'
[110.275s] Level 1:colcon.colcon_core.shell:create_environment_hook('ugv_sdk', 'pkg_config_path_multiarch')
[110.276s] INFO:colcon.colcon_core.shell:Creating environment hook '/home/student/ros2_ws/install/ugv_sdk/share/ugv_sdk/hook/pkg_config_path_multiarch.ps1'
[110.278s] INFO:colcon.colcon_core.shell:Creating environment descriptor '/home/student/ros2_ws/install/ugv_sdk/share/ugv_sdk/hook/pkg_config_path_multiarch.dsv'
[110.279s] INFO:colcon.colcon_core.shell:Creating environment hook '/home/student/ros2_ws/install/ugv_sdk/share/ugv_sdk/hook/pkg_config_path_multiarch.sh'
[110.283s] Level 1:colcon.colcon_core.environment:create_environment_scripts_only(ugv_sdk)
[110.284s] Level 1:colcon.colcon_core.environment:checking '/home/student/ros2_ws/install/ugv_sdk' for CMake module files
[110.285s] Level 1:colcon.colcon_core.environment:checking '/home/student/ros2_ws/install/ugv_sdk' for CMake config files
[110.293s] Level 1:colcon.colcon_core.shell:create_environment_hook('ugv_sdk', 'cmake_prefix_path')
[110.294s] INFO:colcon.colcon_core.shell:Creating environment hook '/home/student/ros2_ws/install/ugv_sdk/share/ugv_sdk/hook/cmake_prefix_path.ps1'
[110.298s] INFO:colcon.colcon_core.shell:Creating environment descriptor '/home/student/ros2_ws/install/ugv_sdk/share/ugv_sdk/hook/cmake_prefix_path.dsv'
[110.299s] INFO:colcon.colcon_core.shell:Creating environment hook '/home/student/ros2_ws/install/ugv_sdk/share/ugv_sdk/hook/cmake_prefix_path.sh'
[110.303s] Level 1:colcon.colcon_core.environment:checking '/home/student/ros2_ws/install/ugv_sdk/lib'
[110.304s] Level 1:colcon.colcon_core.environment:checking '/home/student/ros2_ws/install/ugv_sdk/bin'
[110.304s] Level 1:colcon.colcon_core.environment:checking '/home/student/ros2_ws/install/ugv_sdk/lib/pkgconfig/ugv_sdk.pc'
[110.304s] Level 1:colcon.colcon_core.environment:checking '/home/student/ros2_ws/install/ugv_sdk/lib/python3.10/site-packages'
[110.305s] Level 1:colcon.colcon_core.environment:checking '/home/student/ros2_ws/install/ugv_sdk/bin'
[110.307s] INFO:colcon.colcon_core.shell:Creating package script '/home/student/ros2_ws/install/ugv_sdk/share/ugv_sdk/package.ps1'
[110.310s] INFO:colcon.colcon_core.shell:Creating package descriptor '/home/student/ros2_ws/install/ugv_sdk/share/ugv_sdk/package.dsv'
[110.311s] INFO:colcon.colcon_core.shell:Creating package script '/home/student/ros2_ws/install/ugv_sdk/share/ugv_sdk/package.sh'
[110.314s] INFO:colcon.colcon_core.shell:Creating package script '/home/student/ros2_ws/install/ugv_sdk/share/ugv_sdk/package.bash'
[110.315s] INFO:colcon.colcon_core.shell:Creating package script '/home/student/ros2_ws/install/ugv_sdk/share/ugv_sdk/package.zsh'
[110.317s] Level 1:colcon.colcon_core.environment:create_file_with_runtime_dependencies(/home/student/ros2_ws/install/ugv_sdk/share/colcon-core/packages/ugv_sdk)
[110.320s] INFO:colcon.colcon_ros.task.ament_cmake.build:Building ROS package in '/home/student/ros2_ws/src/scout_ros2/scout_description' with build type 'ament_cmake'
[110.321s] INFO:colcon.colcon_cmake.task.cmake.build:Building CMake package in '/home/student/ros2_ws/src/scout_ros2/scout_description'
[110.321s] INFO:colcon.colcon_core.shell:Skip shell extension 'powershell' for command environment: Not usable outside of PowerShell
[110.321s] DEBUG:colcon.colcon_core.shell:Skip shell extension 'dsv' for command environment
[110.395s] DEBUG:colcon.colcon_core.event_handler.log_command:Invoking command in '/home/student/ros2_ws/build/scout_description': CMAKE_PREFIX_PATH=/home/student/ros2_ws/install/scout_base:/home/student/ros2_ws/install/lidar_slam_mapping:/home/student/ros2_ws/install/object_recognition:/opt/ros/humble:/home/student/ros2_ws/install/ugv_sdk:/home/student/ros2_ws/install/scout_msgs:/home/student/ros2_ws/install/scout_description:/home/student/ros2_ws/install/rslidar_sdk:/home/student/ros2_ws/install/rslidar_msg /usr/bin/cmake /home/student/ros2_ws/src/scout_ros2/scout_description -DCMAKE_INSTALL_PREFIX=/home/student/ros2_ws/install/scout_description
[113.105s] DEBUG:colcon.colcon_core.event_handler.log_command:Invoked command in '/home/student/ros2_ws/build/scout_description' returned '0': CMAKE_PREFIX_PATH=/home/student/ros2_ws/install/scout_base:/home/student/ros2_ws/install/lidar_slam_mapping:/home/student/ros2_ws/install/object_recognition:/opt/ros/humble:/home/student/ros2_ws/install/ugv_sdk:/home/student/ros2_ws/install/scout_msgs:/home/student/ros2_ws/install/scout_description:/home/student/ros2_ws/install/rslidar_sdk:/home/student/ros2_ws/install/rslidar_msg /usr/bin/cmake /home/student/ros2_ws/src/scout_ros2/scout_description -DCMAKE_INSTALL_PREFIX=/home/student/ros2_ws/install/scout_description
[113.110s] DEBUG:colcon.colcon_core.event_handler.log_command:Invoking command in '/home/student/ros2_ws/build/scout_description': CMAKE_PREFIX_PATH=/home/student/ros2_ws/install/scout_base:/home/student/ros2_ws/install/lidar_slam_mapping:/home/student/ros2_ws/install/object_recognition:/opt/ros/humble:/home/student/ros2_ws/install/ugv_sdk:/home/student/ros2_ws/install/scout_msgs:/home/student/ros2_ws/install/scout_description:/home/student/ros2_ws/install/rslidar_sdk:/home/student/ros2_ws/install/rslidar_msg /usr/bin/cmake --build /home/student/ros2_ws/build/scout_description -- -j2 -l2
[113.288s] DEBUG:colcon.colcon_core.event_handler.log_command:Invoked command in '/home/student/ros2_ws/build/scout_description' returned '0': CMAKE_PREFIX_PATH=/home/student/ros2_ws/install/scout_base:/home/student/ros2_ws/install/lidar_slam_mapping:/home/student/ros2_ws/install/object_recognition:/opt/ros/humble:/home/student/ros2_ws/install/ugv_sdk:/home/student/ros2_ws/install/scout_msgs:/home/student/ros2_ws/install/scout_description:/home/student/ros2_ws/install/rslidar_sdk:/home/student/ros2_ws/install/rslidar_msg /usr/bin/cmake --build /home/student/ros2_ws/build/scout_description -- -j2 -l2
[113.289s] DEBUG:colcon.colcon_core.event_handler.log_command:Invoking command in '/home/student/ros2_ws/build/scout_description': CMAKE_PREFIX_PATH=/home/student/ros2_ws/install/scout_base:/home/student/ros2_ws/install/lidar_slam_mapping:/home/student/ros2_ws/install/object_recognition:/opt/ros/humble:/home/student/ros2_ws/install/ugv_sdk:/home/student/ros2_ws/install/scout_msgs:/home/student/ros2_ws/install/scout_description:/home/student/ros2_ws/install/rslidar_sdk:/home/student/ros2_ws/install/rslidar_msg /usr/bin/cmake --install /home/student/ros2_ws/build/scout_description
[113.720s] Level 1:colcon.colcon_core.environment:create_environment_scripts_only(scout_description)
[113.721s] DEBUG:colcon.colcon_core.event_handler.log_command:Invoked command in '/home/student/ros2_ws/build/scout_description' returned '0': CMAKE_PREFIX_PATH=/home/student/ros2_ws/install/scout_base:/home/student/ros2_ws/install/lidar_slam_mapping:/home/student/ros2_ws/install/object_recognition:/opt/ros/humble:/home/student/ros2_ws/install/ugv_sdk:/home/student/ros2_ws/install/scout_msgs:/home/student/ros2_ws/install/scout_description:/home/student/ros2_ws/install/rslidar_sdk:/home/student/ros2_ws/install/rslidar_msg /usr/bin/cmake --install /home/student/ros2_ws/build/scout_description
[113.722s] Level 1:colcon.colcon_core.environment:checking '/home/student/ros2_ws/install/scout_description' for CMake module files
[113.723s] Level 1:colcon.colcon_core.environment:checking '/home/student/ros2_ws/install/scout_description' for CMake config files
[113.724s] Level 1:colcon.colcon_core.shell:create_environment_hook('scout_description', 'cmake_prefix_path')
[113.725s] INFO:colcon.colcon_core.shell:Creating environment hook '/home/student/ros2_ws/install/scout_description/share/scout_description/hook/cmake_prefix_path.ps1'
[113.727s] INFO:colcon.colcon_core.shell:Creating environment descriptor '/home/student/ros2_ws/install/scout_description/share/scout_description/hook/cmake_prefix_path.dsv'
[113.728s] INFO:colcon.colcon_core.shell:Creating environment hook '/home/student/ros2_ws/install/scout_description/share/scout_description/hook/cmake_prefix_path.sh'
[113.730s] Level 1:colcon.colcon_core.environment:checking '/home/student/ros2_ws/install/scout_description/bin'
[113.730s] Level 1:colcon.colcon_core.environment:checking '/home/student/ros2_ws/install/scout_description/lib/pkgconfig/scout_description.pc'
[113.731s] Level 1:colcon.colcon_core.environment:checking '/home/student/ros2_ws/install/scout_description/lib/python3.10/site-packages'
[113.731s] Level 1:colcon.colcon_core.environment:checking '/home/student/ros2_ws/install/scout_description/bin'
[113.732s] INFO:colcon.colcon_core.shell:Creating package script '/home/student/ros2_ws/install/scout_description/share/scout_description/package.ps1'
[113.733s] INFO:colcon.colcon_core.shell:Creating package descriptor '/home/student/ros2_ws/install/scout_description/share/scout_description/package.dsv'
[113.735s] INFO:colcon.colcon_core.shell:Creating package script '/home/student/ros2_ws/install/scout_description/share/scout_description/package.sh'
[113.738s] INFO:colcon.colcon_core.shell:Creating package script '/home/student/ros2_ws/install/scout_description/share/scout_description/package.bash'
[113.740s] INFO:colcon.colcon_core.shell:Creating package script '/home/student/ros2_ws/install/scout_description/share/scout_description/package.zsh'
[113.741s] Level 1:colcon.colcon_core.environment:create_file_with_runtime_dependencies(/home/student/ros2_ws/install/scout_description/share/colcon-core/packages/scout_description)
[113.743s] Level 1:colcon.colcon_core.environment:create_environment_scripts_only(scout_description)
[113.744s] Level 1:colcon.colcon_core.environment:checking '/home/student/ros2_ws/install/scout_description' for CMake module files
[113.746s] Level 1:colcon.colcon_core.environment:checking '/home/student/ros2_ws/install/scout_description' for CMake config files
[113.748s] Level 1:colcon.colcon_core.shell:create_environment_hook('scout_description', 'cmake_prefix_path')
[113.750s] INFO:colcon.colcon_core.shell:Creating environment hook '/home/student/ros2_ws/install/scout_description/share/scout_description/hook/cmake_prefix_path.ps1'
[113.752s] INFO:colcon.colcon_core.shell:Creating environment descriptor '/home/student/ros2_ws/install/scout_description/share/scout_description/hook/cmake_prefix_path.dsv'
[113.754s] INFO:colcon.colcon_core.shell:Creating environment hook '/home/student/ros2_ws/install/scout_description/share/scout_description/hook/cmake_prefix_path.sh'
[113.756s] Level 1:colcon.colcon_core.environment:checking '/home/student/ros2_ws/install/scout_description/bin'
[113.756s] Level 1:colcon.colcon_core.environment:checking '/home/student/ros2_ws/install/scout_description/lib/pkgconfig/scout_description.pc'
[113.756s] Level 1:colcon.colcon_core.environment:checking '/home/student/ros2_ws/install/scout_description/lib/python3.10/site-packages'
[113.757s] Level 1:colcon.colcon_core.environment:checking '/home/student/ros2_ws/install/scout_description/bin'
[113.759s] INFO:colcon.colcon_core.shell:Creating package script '/home/student/ros2_ws/install/scout_description/share/scout_description/package.ps1'
[113.764s] INFO:colcon.colcon_core.shell:Creating package descriptor '/home/student/ros2_ws/install/scout_description/share/scout_description/package.dsv'
[113.766s] INFO:colcon.colcon_core.shell:Creating package script '/home/student/ros2_ws/install/scout_description/share/scout_description/package.sh'
[113.769s] INFO:colcon.colcon_core.shell:Creating package script '/home/student/ros2_ws/install/scout_description/share/scout_description/package.bash'
[113.771s] INFO:colcon.colcon_core.shell:Creating package script '/home/student/ros2_ws/install/scout_description/share/scout_description/package.zsh'
[113.772s] Level 1:colcon.colcon_core.environment:create_file_with_runtime_dependencies(/home/student/ros2_ws/install/scout_description/share/colcon-core/packages/scout_description)
[113.773s] INFO:colcon.colcon_ros.task.ament_cmake.build:Building ROS package in '/home/student/ros2_ws/src/scout_ros2/scout_base' with build type 'ament_cmake'
[113.774s] INFO:colcon.colcon_cmake.task.cmake.build:Building CMake package in '/home/student/ros2_ws/src/scout_ros2/scout_base'
[113.774s] INFO:colcon.colcon_core.shell:Skip shell extension 'powershell' for command environment: Not usable outside of PowerShell
[113.774s] DEBUG:colcon.colcon_core.shell:Skip shell extension 'dsv' for command environment
[113.814s] DEBUG:colcon.colcon_core.event_handler.log_command:Invoking command in '/home/student/ros2_ws/build/scout_base': CMAKE_PREFIX_PATH=/home/student/ros2_ws/install/lidar_slam_mapping:/home/student/ros2_ws/install/object_recognition:/opt/ros/humble:/home/student/ros2_ws/install/ugv_sdk:/home/student/ros2_ws/install/scout_msgs:/home/student/ros2_ws/install/scout_base:/home/student/ros2_ws/install/scout_description:/home/student/ros2_ws/install/rslidar_sdk:/home/student/ros2_ws/install/rslidar_msg /usr/bin/cmake /home/student/ros2_ws/src/scout_ros2/scout_base -DCMAKE_INSTALL_PREFIX=/home/student/ros2_ws/install/scout_base
[117.953s] DEBUG:colcon.colcon_core.event_handler.log_command:Invoked command in '/home/student/ros2_ws/build/scout_base' returned '0': CMAKE_PREFIX_PATH=/home/student/ros2_ws/install/lidar_slam_mapping:/home/student/ros2_ws/install/object_recognition:/opt/ros/humble:/home/student/ros2_ws/install/ugv_sdk:/home/student/ros2_ws/install/scout_msgs:/home/student/ros2_ws/install/scout_base:/home/student/ros2_ws/install/scout_description:/home/student/ros2_ws/install/rslidar_sdk:/home/student/ros2_ws/install/rslidar_msg /usr/bin/cmake /home/student/ros2_ws/src/scout_ros2/scout_base -DCMAKE_INSTALL_PREFIX=/home/student/ros2_ws/install/scout_base
[117.956s] DEBUG:colcon.colcon_core.event_handler.log_command:Invoking command in '/home/student/ros2_ws/build/scout_base': CMAKE_PREFIX_PATH=/home/student/ros2_ws/install/lidar_slam_mapping:/home/student/ros2_ws/install/object_recognition:/opt/ros/humble:/home/student/ros2_ws/install/ugv_sdk:/home/student/ros2_ws/install/scout_msgs:/home/student/ros2_ws/install/scout_base:/home/student/ros2_ws/install/scout_description:/home/student/ros2_ws/install/rslidar_sdk:/home/student/ros2_ws/install/rslidar_msg /usr/bin/cmake --build /home/student/ros2_ws/build/scout_base -- -j2 -l2
[136.368s] DEBUG:colcon.colcon_core.event_handler.log_command:Invoked command in '/home/student/ros2_ws/build/rslidar_sdk' returned '0': CMAKE_PREFIX_PATH=/home/student/ros2_ws/install/rslidar_msg:/home/student/ros2_ws/install/scout_base:/home/student/ros2_ws/install/ugv_sdk:/home/student/ros2_ws/install/scout_msgs:/home/student/ros2_ws/install/scout_description:/home/student/ros2_ws/install/rslidar_sdk:/home/student/ros2_ws/install/lidar_slam_mapping:/home/student/ros2_ws/install/object_recognition:/opt/ros/humble LD_LIBRARY_PATH=/home/student/ros2_ws/install/rslidar_msg/lib:/home/student/ros2_ws/install/scout_msgs/lib:/usr/lib/x86_64-linux-gnu/gazebo-11/plugins:/opt/ros/humble/opt/rviz_ogre_vendor/lib:/opt/ros/humble/lib/x86_64-linux-gnu:/opt/ros/humble/lib /usr/bin/cmake --build /home/student/ros2_ws/build/rslidar_sdk -- -j2 -l2
[136.372s] DEBUG:colcon.colcon_core.event_handler.log_command:Invoking command in '/home/student/ros2_ws/build/rslidar_sdk': CMAKE_PREFIX_PATH=/home/student/ros2_ws/install/rslidar_msg:/home/student/ros2_ws/install/scout_base:/home/student/ros2_ws/install/ugv_sdk:/home/student/ros2_ws/install/scout_msgs:/home/student/ros2_ws/install/scout_description:/home/student/ros2_ws/install/rslidar_sdk:/home/student/ros2_ws/install/lidar_slam_mapping:/home/student/ros2_ws/install/object_recognition:/opt/ros/humble LD_LIBRARY_PATH=/home/student/ros2_ws/install/rslidar_msg/lib:/home/student/ros2_ws/install/scout_msgs/lib:/usr/lib/x86_64-linux-gnu/gazebo-11/plugins:/opt/ros/humble/opt/rviz_ogre_vendor/lib:/opt/ros/humble/lib/x86_64-linux-gnu:/opt/ros/humble/lib /usr/bin/cmake --install /home/student/ros2_ws/build/rslidar_sdk
[136.461s] Level 1:colcon.colcon_core.environment:create_environment_scripts_only(rslidar_sdk)
[136.462s] DEBUG:colcon.colcon_core.event_handler.log_command:Invoked command in '/home/student/ros2_ws/build/rslidar_sdk' returned '0': CMAKE_PREFIX_PATH=/home/student/ros2_ws/install/rslidar_msg:/home/student/ros2_ws/install/scout_base:/home/student/ros2_ws/install/ugv_sdk:/home/student/ros2_ws/install/scout_msgs:/home/student/ros2_ws/install/scout_description:/home/student/ros2_ws/install/rslidar_sdk:/home/student/ros2_ws/install/lidar_slam_mapping:/home/student/ros2_ws/install/object_recognition:/opt/ros/humble LD_LIBRARY_PATH=/home/student/ros2_ws/install/rslidar_msg/lib:/home/student/ros2_ws/install/scout_msgs/lib:/usr/lib/x86_64-linux-gnu/gazebo-11/plugins:/opt/ros/humble/opt/rviz_ogre_vendor/lib:/opt/ros/humble/lib/x86_64-linux-gnu:/opt/ros/humble/lib /usr/bin/cmake --install /home/student/ros2_ws/build/rslidar_sdk
[136.462s] Level 1:colcon.colcon_core.environment:checking '/home/student/ros2_ws/install/rslidar_sdk' for CMake module files
[136.464s] Level 1:colcon.colcon_core.environment:checking '/home/student/ros2_ws/install/rslidar_sdk' for CMake config files
[136.465s] Level 1:colcon.colcon_core.shell:create_environment_hook('rslidar_sdk', 'cmake_prefix_path')
[136.465s] INFO:colcon.colcon_core.shell:Creating environment hook '/home/student/ros2_ws/install/rslidar_sdk/share/rslidar_sdk/hook/cmake_prefix_path.ps1'
[136.467s] INFO:colcon.colcon_core.shell:Creating environment descriptor '/home/student/ros2_ws/install/rslidar_sdk/share/rslidar_sdk/hook/cmake_prefix_path.dsv'
[136.469s] INFO:colcon.colcon_core.shell:Creating environment hook '/home/student/ros2_ws/install/rslidar_sdk/share/rslidar_sdk/hook/cmake_prefix_path.sh'
[136.470s] Level 1:colcon.colcon_core.environment:checking '/home/student/ros2_ws/install/rslidar_sdk/lib'
[136.471s] Level 1:colcon.colcon_core.environment:checking '/home/student/ros2_ws/install/rslidar_sdk/bin'
[136.471s] Level 1:colcon.colcon_core.environment:checking '/home/student/ros2_ws/install/rslidar_sdk/lib/pkgconfig/rslidar_sdk.pc'
[136.471s] Level 1:colcon.colcon_core.environment:checking '/home/student/ros2_ws/install/rslidar_sdk/lib/python3.10/site-packages'
[136.472s] Level 1:colcon.colcon_core.environment:checking '/home/student/ros2_ws/install/rslidar_sdk/bin'
[136.473s] INFO:colcon.colcon_core.shell:Creating package script '/home/student/ros2_ws/install/rslidar_sdk/share/rslidar_sdk/package.ps1'
[136.475s] INFO:colcon.colcon_core.shell:Creating package descriptor '/home/student/ros2_ws/install/rslidar_sdk/share/rslidar_sdk/package.dsv'
[136.476s] INFO:colcon.colcon_core.shell:Creating package script '/home/student/ros2_ws/install/rslidar_sdk/share/rslidar_sdk/package.sh'
[136.478s] INFO:colcon.colcon_core.shell:Creating package script '/home/student/ros2_ws/install/rslidar_sdk/share/rslidar_sdk/package.bash'
[136.479s] INFO:colcon.colcon_core.shell:Creating package script '/home/student/ros2_ws/install/rslidar_sdk/share/rslidar_sdk/package.zsh'
[136.481s] Level 1:colcon.colcon_core.environment:create_file_with_runtime_dependencies(/home/student/ros2_ws/install/rslidar_sdk/share/colcon-core/packages/rslidar_sdk)
[136.485s] Level 1:colcon.colcon_core.environment:create_environment_scripts_only(rslidar_sdk)
[136.485s] Level 1:colcon.colcon_core.environment:checking '/home/student/ros2_ws/install/rslidar_sdk' for CMake module files
[136.487s] Level 1:colcon.colcon_core.environment:checking '/home/student/ros2_ws/install/rslidar_sdk' for CMake config files
[136.488s] Level 1:colcon.colcon_core.shell:create_environment_hook('rslidar_sdk', 'cmake_prefix_path')
[136.488s] INFO:colcon.colcon_core.shell:Creating environment hook '/home/student/ros2_ws/install/rslidar_sdk/share/rslidar_sdk/hook/cmake_prefix_path.ps1'
[136.492s] INFO:colcon.colcon_core.shell:Creating environment descriptor '/home/student/ros2_ws/install/rslidar_sdk/share/rslidar_sdk/hook/cmake_prefix_path.dsv'
[136.495s] INFO:colcon.colcon_core.shell:Creating environment hook '/home/student/ros2_ws/install/rslidar_sdk/share/rslidar_sdk/hook/cmake_prefix_path.sh'
[136.499s] Level 1:colcon.colcon_core.environment:checking '/home/student/ros2_ws/install/rslidar_sdk/lib'
[136.499s] Level 1:colcon.colcon_core.environment:checking '/home/student/ros2_ws/install/rslidar_sdk/bin'
[136.499s] Level 1:colcon.colcon_core.environment:checking '/home/student/ros2_ws/install/rslidar_sdk/lib/pkgconfig/rslidar_sdk.pc'
[136.500s] Level 1:colcon.colcon_core.environment:checking '/home/student/ros2_ws/install/rslidar_sdk/lib/python3.10/site-packages'
[136.500s] Level 1:colcon.colcon_core.environment:checking '/home/student/ros2_ws/install/rslidar_sdk/bin'
[136.501s] INFO:colcon.colcon_core.shell:Creating package script '/home/student/ros2_ws/install/rslidar_sdk/share/rslidar_sdk/package.ps1'
[136.506s] INFO:colcon.colcon_core.shell:Creating package descriptor '/home/student/ros2_ws/install/rslidar_sdk/share/rslidar_sdk/package.dsv'
[136.511s] INFO:colcon.colcon_core.shell:Creating package script '/home/student/ros2_ws/install/rslidar_sdk/share/rslidar_sdk/package.sh'
[136.513s] INFO:colcon.colcon_core.shell:Creating package script '/home/student/ros2_ws/install/rslidar_sdk/share/rslidar_sdk/package.bash'
[136.515s] INFO:colcon.colcon_core.shell:Creating package script '/home/student/ros2_ws/install/rslidar_sdk/share/rslidar_sdk/package.zsh'
[136.516s] Level 1:colcon.colcon_core.environment:create_file_with_runtime_dependencies(/home/student/ros2_ws/install/rslidar_sdk/share/colcon-core/packages/rslidar_sdk)
[136.518s] INFO:colcon.colcon_ros.task.ament_python.build:Building ROS package in '/home/student/ros2_ws/src/lidar_slam_mapping' with build type 'ament_python'
[136.519s] Level 1:colcon.colcon_core.shell:create_environment_hook('lidar_slam_mapping', 'ament_prefix_path')
[136.519s] INFO:colcon.colcon_core.shell:Creating environment hook '/home/student/ros2_ws/install/lidar_slam_mapping/share/lidar_slam_mapping/hook/ament_prefix_path.ps1'
[136.522s] INFO:colcon.colcon_core.shell:Creating environment descriptor '/home/student/ros2_ws/install/lidar_slam_mapping/share/lidar_slam_mapping/hook/ament_prefix_path.dsv'
[136.524s] INFO:colcon.colcon_core.shell:Creating environment hook '/home/student/ros2_ws/install/lidar_slam_mapping/share/lidar_slam_mapping/hook/ament_prefix_path.sh'
[136.526s] INFO:colcon.colcon_core.shell:Skip shell extension 'powershell' for command environment: Not usable outside of PowerShell
[136.533s] DEBUG:colcon.colcon_core.shell:Skip shell extension 'dsv' for command environment
[137.827s] WARNING:colcon.colcon_ros.task.ament_python.build:Package 'lidar_slam_mapping' doesn't explicitly install a marker in the package index (colcon-ros currently does it implicitly but that fallback will be removed in the future)
[137.833s] INFO:colcon.colcon_core.task.python.build:Building Python package in '/home/student/ros2_ws/src/lidar_slam_mapping'
[137.834s] INFO:colcon.colcon_core.shell:Skip shell extension 'powershell' for command environment: Not usable outside of PowerShell
[137.834s] DEBUG:colcon.colcon_core.shell:Skip shell extension 'dsv' for command environment
[140.112s] DEBUG:colcon.colcon_core.event_handler.log_command:Invoking command in '/home/student/ros2_ws/src/lidar_slam_mapping': CMAKE_PREFIX_PATH=/home/student/ros2_ws/install/rslidar_sdk:/home/student/ros2_ws/install/rslidar_msg:/home/student/ros2_ws/install/scout_base:/home/student/ros2_ws/install/ugv_sdk:/home/student/ros2_ws/install/scout_msgs:/home/student/ros2_ws/install/scout_description LD_LIBRARY_PATH=/home/student/ros2_ws/install/rslidar_msg/lib:/home/student/ros2_ws/install/scout_msgs/lib:/usr/lib/x86_64-linux-gnu/gazebo-11/plugins:/opt/ros/humble/opt/rviz_ogre_vendor/lib:/opt/ros/humble/lib/x86_64-linux-gnu:/opt/ros/humble/lib PYTHONPATH=/home/student/ros2_ws/build/lidar_slam_mapping/prefix_override:/usr/lib/python3/dist-packages/colcon_core/task/python/colcon_distutils_commands:/home/student/ros2_ws/install/lidar_slam_mapping/lib/python3.10/site-packages:${PYTHONPATH} /usr/bin/python3 -W ignore:setup.py install is deprecated -W ignore:easy_install command is deprecated setup.py egg_info --egg-base ../../build/lidar_slam_mapping build --build-base /home/student/ros2_ws/build/lidar_slam_mapping/build install --record /home/student/ros2_ws/build/lidar_slam_mapping/install.log --single-version-externally-managed install_data
[141.135s] DEBUG:colcon.colcon_core.event_handler.log_command:Invoked command in '/home/student/ros2_ws/src/lidar_slam_mapping' returned '1': CMAKE_PREFIX_PATH=/home/student/ros2_ws/install/rslidar_sdk:/home/student/ros2_ws/install/rslidar_msg:/home/student/ros2_ws/install/scout_base:/home/student/ros2_ws/install/ugv_sdk:/home/student/ros2_ws/install/scout_msgs:/home/student/ros2_ws/install/scout_description LD_LIBRARY_PATH=/home/student/ros2_ws/install/rslidar_msg/lib:/home/student/ros2_ws/install/scout_msgs/lib:/usr/lib/x86_64-linux-gnu/gazebo-11/plugins:/opt/ros/humble/opt/rviz_ogre_vendor/lib:/opt/ros/humble/lib/x86_64-linux-gnu:/opt/ros/humble/lib PYTHONPATH=/home/student/ros2_ws/build/lidar_slam_mapping/prefix_override:/usr/lib/python3/dist-packages/colcon_core/task/python/colcon_distutils_commands:/home/student/ros2_ws/install/lidar_slam_mapping/lib/python3.10/site-packages:${PYTHONPATH} /usr/bin/python3 -W ignore:setup.py install is deprecated -W ignore:easy_install command is deprecated setup.py egg_info --egg-base ../../build/lidar_slam_mapping build --build-base /home/student/ros2_ws/build/lidar_slam_mapping/build install --record /home/student/ros2_ws/build/lidar_slam_mapping/install.log --single-version-externally-managed install_data
[169.095s] DEBUG:colcon.colcon_parallel_executor.executor.parallel:closing loop
[169.096s] DEBUG:colcon.colcon_parallel_executor.executor.parallel:loop closed
[169.096s] DEBUG:colcon.colcon_parallel_executor.executor.parallel:run_until_complete finished with '1'
[169.096s] DEBUG:colcon.colcon_core.event_reactor:joining thread
[169.112s] INFO:colcon.colcon_core.plugin_system:Skipping extension 'colcon_notification.desktop_notification.terminal_notifier': Not used on non-Darwin systems
[169.112s] INFO:colcon.colcon_core.plugin_system:Skipping extension 'colcon_notification.desktop_notification.win32': Not used on non-Windows systems
[169.112s] INFO:colcon.colcon_notification.desktop_notification:Sending desktop notification using 'notify2'
[169.131s] DEBUG:colcon.colcon_core.event_reactor:joined thread
[169.132s] INFO:colcon.colcon_core.shell:Creating prefix script '/home/student/ros2_ws/install/local_setup.ps1'
[169.134s] INFO:colcon.colcon_core.shell:Creating prefix util module '/home/student/ros2_ws/install/_local_setup_util_ps1.py'
[169.142s] INFO:colcon.colcon_core.shell:Creating prefix chain script '/home/student/ros2_ws/install/setup.ps1'
[169.150s] INFO:colcon.colcon_core.shell:Creating prefix script '/home/student/ros2_ws/install/local_setup.sh'
[169.152s] INFO:colcon.colcon_core.shell:Creating prefix util module '/home/student/ros2_ws/install/_local_setup_util_sh.py'
[169.153s] INFO:colcon.colcon_core.shell:Creating prefix chain script '/home/student/ros2_ws/install/setup.sh'
[169.160s] INFO:colcon.colcon_core.shell:Creating prefix script '/home/student/ros2_ws/install/local_setup.bash'
[169.161s] INFO:colcon.colcon_core.shell:Creating prefix chain script '/home/student/ros2_ws/install/setup.bash'
[169.168s] INFO:colcon.colcon_core.shell:Creating prefix script '/home/student/ros2_ws/install/local_setup.zsh'
[169.170s] INFO:colcon.colcon_core.shell:Creating prefix chain script '/home/student/ros2_ws/install/setup.zsh'
