[0.106s] Invoking command in '/home/student/ros2_ws/build/scout_base': CMAKE_PREFIX_PATH=/home/student/ros2_ws/install/lidar_slam_mapping:/home/student/ros2_ws/install/lidar_slam_nav2:/opt/ros/humble:/home/student/ros2_ws/install/ugv_sdk:/home/student/ros2_ws/install/scout_msgs:/home/student/ros2_ws/install/scout_base:/home/student/ros2_ws/install/scout_description:/home/student/ros2_ws/install/rslidar_sdk:/home/student/ros2_ws/install/rslidar_msg:/home/student/ros2_ws/install/rplidar_ros:/home/student/ros2_ws/install/cartographer_rviz:/home/student/ros2_ws/install/cartographer_ros:/home/student/ros2_ws/install/cartographer_ros_msgs /usr/bin/cmake --build /home/student/ros2_ws/build/scout_base -- -j2 -l2
[0.501s] [100%] Built target scout_base_node
[1.730s] Invoked command in '/home/student/ros2_ws/build/scout_base' returned '0': CMAKE_PREFIX_PATH=/home/student/ros2_ws/install/lidar_slam_mapping:/home/student/ros2_ws/install/lidar_slam_nav2:/opt/ros/humble:/home/student/ros2_ws/install/ugv_sdk:/home/student/ros2_ws/install/scout_msgs:/home/student/ros2_ws/install/scout_base:/home/student/ros2_ws/install/scout_description:/home/student/ros2_ws/install/rslidar_sdk:/home/student/ros2_ws/install/rslidar_msg:/home/student/ros2_ws/install/rplidar_ros:/home/student/ros2_ws/install/cartographer_rviz:/home/student/ros2_ws/install/cartographer_ros:/home/student/ros2_ws/install/cartographer_ros_msgs /usr/bin/cmake --build /home/student/ros2_ws/build/scout_base -- -j2 -l2
[1.736s] Invoking command in '/home/student/ros2_ws/build/scout_base': CMAKE_PREFIX_PATH=/home/student/ros2_ws/install/lidar_slam_mapping:/home/student/ros2_ws/install/lidar_slam_nav2:/opt/ros/humble:/home/student/ros2_ws/install/ugv_sdk:/home/student/ros2_ws/install/scout_msgs:/home/student/ros2_ws/install/scout_base:/home/student/ros2_ws/install/scout_description:/home/student/ros2_ws/install/rslidar_sdk:/home/student/ros2_ws/install/rslidar_msg:/home/student/ros2_ws/install/rplidar_ros:/home/student/ros2_ws/install/cartographer_rviz:/home/student/ros2_ws/install/cartographer_ros:/home/student/ros2_ws/install/cartographer_ros_msgs /usr/bin/cmake --install /home/student/ros2_ws/build/scout_base
[1.795s] -- Install configuration: ""
[1.796s] -- Up-to-date: /home/student/ros2_ws/install/scout_base/lib/scout_base/scout_base_node
[1.805s] -- Up-to-date: /home/student/ros2_ws/install/scout_base/share/scout_base//launch
[1.805s] -- Up-to-date: /home/student/ros2_ws/install/scout_base/share/scout_base//launch/scout_base.launch.py
[1.806s] -- Up-to-date: /home/student/ros2_ws/install/scout_base/share/scout_base//launch/scout_mini_omni_base.launch.py
[1.807s] -- Up-to-date: /home/student/ros2_ws/install/scout_base/share/scout_base//launch/scout_mini_base.launch.py
[1.808s] -- Up-to-date: /home/student/ros2_ws/install/scout_base/share/ament_index/resource_index/package_run_dependencies/scout_base
[1.808s] -- Up-to-date: /home/student/ros2_ws/install/scout_base/share/ament_index/resource_index/parent_prefix_path/scout_base
[1.809s] -- Up-to-date: /home/student/ros2_ws/install/scout_base/share/scout_base/environment/ament_prefix_path.sh
[1.809s] -- Up-to-date: /home/student/ros2_ws/install/scout_base/share/scout_base/environment/ament_prefix_path.dsv
[1.809s] -- Up-to-date: /home/student/ros2_ws/install/scout_base/share/scout_base/environment/path.sh
[1.811s] -- Up-to-date: /home/student/ros2_ws/install/scout_base/share/scout_base/environment/path.dsv
[1.811s] -- Up-to-date: /home/student/ros2_ws/install/scout_base/share/scout_base/local_setup.bash
[1.812s] -- Up-to-date: /home/student/ros2_ws/install/scout_base/share/scout_base/local_setup.sh
[1.814s] -- Up-to-date: /home/student/ros2_ws/install/scout_base/share/scout_base/local_setup.zsh
[1.824s] -- Up-to-date: /home/student/ros2_ws/install/scout_base/share/scout_base/local_setup.dsv
[1.825s] -- Installing: /home/student/ros2_ws/install/scout_base/share/scout_base/package.dsv
[1.826s] -- Up-to-date: /home/student/ros2_ws/install/scout_base/share/ament_index/resource_index/packages/scout_base
[1.826s] -- Up-to-date: /home/student/ros2_ws/install/scout_base/share/scout_base/cmake/scout_baseConfig.cmake
[1.826s] -- Up-to-date: /home/student/ros2_ws/install/scout_base/share/scout_base/cmake/scout_baseConfig-version.cmake
[1.827s] -- Up-to-date: /home/student/ros2_ws/install/scout_base/share/scout_base/package.xml
[1.845s] Invoked command in '/home/student/ros2_ws/build/scout_base' returned '0': CMAKE_PREFIX_PATH=/home/student/ros2_ws/install/lidar_slam_mapping:/home/student/ros2_ws/install/lidar_slam_nav2:/opt/ros/humble:/home/student/ros2_ws/install/ugv_sdk:/home/student/ros2_ws/install/scout_msgs:/home/student/ros2_ws/install/scout_base:/home/student/ros2_ws/install/scout_description:/home/student/ros2_ws/install/rslidar_sdk:/home/student/ros2_ws/install/rslidar_msg:/home/student/ros2_ws/install/rplidar_ros:/home/student/ros2_ws/install/cartographer_rviz:/home/student/ros2_ws/install/cartographer_ros:/home/student/ros2_ws/install/cartographer_ros_msgs /usr/bin/cmake --install /home/student/ros2_ws/build/scout_base
