[2.184s] Invoking command in '/home/student/ros2_ws/src/lidar_slam_mapping': CMAKE_PREFIX_PATH=/home/student/ros2_ws/install/rslidar_sdk:/home/student/ros2_ws/install/rslidar_msg:/home/student/ros2_ws/install/scout_base:/home/student/ros2_ws/install/ugv_sdk:/home/student/ros2_ws/install/scout_msgs:/home/student/ros2_ws/install/scout_description:/home/student/ros2_ws/install/rplidar_ros:/home/student/ros2_ws/install/cartographer_rviz:/home/student/ros2_ws/install/cartographer_ros:/home/student/ros2_ws/install/cartographer_ros_msgs LD_LIBRARY_PATH=/home/student/ros2_ws/install/rslidar_msg/lib:/home/student/ros2_ws/install/scout_msgs/lib:/home/student/ros2_ws/install/cartographer_rviz/lib:/home/student/ros2_ws/install/cartographer_ros/lib:/home/student/ros2_ws/install/cartographer_ros_msgs/lib:/usr/lib/x86_64-linux-gnu/gazebo-11/plugins:/opt/ros/humble/opt/rviz_ogre_vendor/lib:/opt/ros/humble/lib/x86_64-linux-gnu:/opt/ros/humble/lib PYTHONPATH=/home/student/ros2_ws/build/lidar_slam_mapping/prefix_override:/usr/lib/python3/dist-packages/colcon_core/task/python/colcon_distutils_commands:/home/student/ros2_ws/install/lidar_slam_mapping/lib/python3.10/site-packages:${PYTHONPATH} /usr/bin/python3 -W ignore:setup.py install is deprecated -W ignore:easy_install command is deprecated setup.py egg_info --egg-base ../../build/lidar_slam_mapping build --build-base /home/student/ros2_ws/build/lidar_slam_mapping/build install --record /home/student/ros2_ws/build/lidar_slam_mapping/install.log --single-version-externally-managed install_data
[2.889s] running egg_info
[2.891s] writing ../../build/lidar_slam_mapping/lidar_slam_mapping.egg-info/PKG-INFO
[2.892s] writing dependency_links to ../../build/lidar_slam_mapping/lidar_slam_mapping.egg-info/dependency_links.txt
[2.892s] writing entry points to ../../build/lidar_slam_mapping/lidar_slam_mapping.egg-info/entry_points.txt
[2.892s] writing requirements to ../../build/lidar_slam_mapping/lidar_slam_mapping.egg-info/requires.txt
[2.893s] writing top-level names to ../../build/lidar_slam_mapping/lidar_slam_mapping.egg-info/top_level.txt
[2.897s] reading manifest file '../../build/lidar_slam_mapping/lidar_slam_mapping.egg-info/SOURCES.txt'
[2.899s] writing manifest file '../../build/lidar_slam_mapping/lidar_slam_mapping.egg-info/SOURCES.txt'
[2.899s] running build
[2.899s] running build_py
[2.900s] running install
[2.900s] running install_lib
[2.904s] running install_data
[2.905s] copying config/slam_toolbox_params.yaml -> /home/student/ros2_ws/install/lidar_slam_mapping/share/lidar_slam_mapping/config
[2.905s] running install_egg_info
[2.908s] removing '/home/student/ros2_ws/install/lidar_slam_mapping/lib/python3.10/site-packages/lidar_slam_mapping-0.0.1-py3.10.egg-info' (and everything under it)
[2.909s] Copying ../../build/lidar_slam_mapping/lidar_slam_mapping.egg-info to /home/student/ros2_ws/install/lidar_slam_mapping/lib/python3.10/site-packages/lidar_slam_mapping-0.0.1-py3.10.egg-info
[2.911s] running install_scripts
[2.957s] Installing lidar_min_distance script to /home/student/ros2_ws/install/lidar_slam_mapping/lib/lidar_slam_mapping
[2.958s] Installing lidar_obstacle_avoidance script to /home/student/ros2_ws/install/lidar_slam_mapping/lib/lidar_slam_mapping
[2.958s] writing list of installed files to '/home/student/ros2_ws/build/lidar_slam_mapping/install.log'
[3.027s] Invoked command in '/home/student/ros2_ws/src/lidar_slam_mapping' returned '0': CMAKE_PREFIX_PATH=/home/student/ros2_ws/install/rslidar_sdk:/home/student/ros2_ws/install/rslidar_msg:/home/student/ros2_ws/install/scout_base:/home/student/ros2_ws/install/ugv_sdk:/home/student/ros2_ws/install/scout_msgs:/home/student/ros2_ws/install/scout_description:/home/student/ros2_ws/install/rplidar_ros:/home/student/ros2_ws/install/cartographer_rviz:/home/student/ros2_ws/install/cartographer_ros:/home/student/ros2_ws/install/cartographer_ros_msgs LD_LIBRARY_PATH=/home/student/ros2_ws/install/rslidar_msg/lib:/home/student/ros2_ws/install/scout_msgs/lib:/home/student/ros2_ws/install/cartographer_rviz/lib:/home/student/ros2_ws/install/cartographer_ros/lib:/home/student/ros2_ws/install/cartographer_ros_msgs/lib:/usr/lib/x86_64-linux-gnu/gazebo-11/plugins:/opt/ros/humble/opt/rviz_ogre_vendor/lib:/opt/ros/humble/lib/x86_64-linux-gnu:/opt/ros/humble/lib PYTHONPATH=/home/student/ros2_ws/build/lidar_slam_mapping/prefix_override:/usr/lib/python3/dist-packages/colcon_core/task/python/colcon_distutils_commands:/home/student/ros2_ws/install/lidar_slam_mapping/lib/python3.10/site-packages:${PYTHONPATH} /usr/bin/python3 -W ignore:setup.py install is deprecated -W ignore:easy_install command is deprecated setup.py egg_info --egg-base ../../build/lidar_slam_mapping build --build-base /home/student/ros2_ws/build/lidar_slam_mapping/build install --record /home/student/ros2_ws/build/lidar_slam_mapping/install.log --single-version-externally-managed install_data
