[2.355s] Invoking command in '/home/student/ros2_ws/src/lidar_slam_mapping': CMAKE_PREFIX_PATH=/home/student/ros2_ws/install/rslidar_sdk:/home/student/ros2_ws/install/rslidar_msg:/home/student/ros2_ws/install/scout_base:/home/student/ros2_ws/install/ugv_sdk:/home/student/ros2_ws/install/scout_msgs:/home/student/ros2_ws/install/scout_description LD_LIBRARY_PATH=/home/student/ros2_ws/install/rslidar_msg/lib:/home/student/ros2_ws/install/scout_msgs/lib:/usr/lib/x86_64-linux-gnu/gazebo-11/plugins:/opt/ros/humble/opt/rviz_ogre_vendor/lib:/opt/ros/humble/lib/x86_64-linux-gnu:/opt/ros/humble/lib PYTHONPATH=/home/student/ros2_ws/build/lidar_slam_mapping/prefix_override:/usr/lib/python3/dist-packages/colcon_core/task/python/colcon_distutils_commands:/home/student/ros2_ws/install/lidar_slam_mapping/lib/python3.10/site-packages:${PYTHONPATH} /usr/bin/python3 -W ignore:setup.py install is deprecated -W ignore:easy_install command is deprecated setup.py egg_info --egg-base ../../build/lidar_slam_mapping build --build-base /home/student/ros2_ws/build/lidar_slam_mapping/build install --record /home/student/ros2_ws/build/lidar_slam_mapping/install.log --single-version-externally-managed install_data
[3.153s] running egg_info
[3.154s] writing ../../build/lidar_slam_mapping/lidar_slam_mapping.egg-info/PKG-INFO
[3.154s] writing dependency_links to ../../build/lidar_slam_mapping/lidar_slam_mapping.egg-info/dependency_links.txt
[3.155s] writing entry points to ../../build/lidar_slam_mapping/lidar_slam_mapping.egg-info/entry_points.txt
[3.155s] writing requirements to ../../build/lidar_slam_mapping/lidar_slam_mapping.egg-info/requires.txt
[3.155s] writing top-level names to ../../build/lidar_slam_mapping/lidar_slam_mapping.egg-info/top_level.txt
[3.159s] reading manifest file '../../build/lidar_slam_mapping/lidar_slam_mapping.egg-info/SOURCES.txt'
[3.162s] writing manifest file '../../build/lidar_slam_mapping/lidar_slam_mapping.egg-info/SOURCES.txt'
[3.162s] running build
[3.162s] running build_py
[3.163s] copying lidar_slam_mapping/lidar_min_distance.py -> /home/student/ros2_ws/build/lidar_slam_mapping/build/lib/lidar_slam_mapping
[3.163s] running install
[3.164s] running install_lib
[3.166s] copying /home/student/ros2_ws/build/lidar_slam_mapping/build/lib/lidar_slam_mapping/lidar_min_distance.py -> /home/student/ros2_ws/install/lidar_slam_mapping/lib/python3.10/site-packages/lidar_slam_mapping
[3.167s] byte-compiling /home/student/ros2_ws/install/lidar_slam_mapping/lib/python3.10/site-packages/lidar_slam_mapping/lidar_min_distance.py to lidar_min_distance.cpython-310.pyc
[3.169s] running install_data
[3.169s] copying config/scout_mini.yaml -> /home/student/ros2_ws/install/lidar_slam_mapping/share/lidar_slam_mapping/config
[3.169s] running install_egg_info
[3.174s] removing '/home/student/ros2_ws/install/lidar_slam_mapping/lib/python3.10/site-packages/lidar_slam_mapping-0.0.1-py3.10.egg-info' (and everything under it)
[3.175s] Copying ../../build/lidar_slam_mapping/lidar_slam_mapping.egg-info to /home/student/ros2_ws/install/lidar_slam_mapping/lib/python3.10/site-packages/lidar_slam_mapping-0.0.1-py3.10.egg-info
[3.177s] running install_scripts
[3.224s] Installing lidar_min_distance script to /home/student/ros2_ws/install/lidar_slam_mapping/lib/lidar_slam_mapping
[3.224s] writing list of installed files to '/home/student/ros2_ws/build/lidar_slam_mapping/install.log'
[3.304s] Invoked command in '/home/student/ros2_ws/src/lidar_slam_mapping' returned '0': CMAKE_PREFIX_PATH=/home/student/ros2_ws/install/rslidar_sdk:/home/student/ros2_ws/install/rslidar_msg:/home/student/ros2_ws/install/scout_base:/home/student/ros2_ws/install/ugv_sdk:/home/student/ros2_ws/install/scout_msgs:/home/student/ros2_ws/install/scout_description LD_LIBRARY_PATH=/home/student/ros2_ws/install/rslidar_msg/lib:/home/student/ros2_ws/install/scout_msgs/lib:/usr/lib/x86_64-linux-gnu/gazebo-11/plugins:/opt/ros/humble/opt/rviz_ogre_vendor/lib:/opt/ros/humble/lib/x86_64-linux-gnu:/opt/ros/humble/lib PYTHONPATH=/home/student/ros2_ws/build/lidar_slam_mapping/prefix_override:/usr/lib/python3/dist-packages/colcon_core/task/python/colcon_distutils_commands:/home/student/ros2_ws/install/lidar_slam_mapping/lib/python3.10/site-packages:${PYTHONPATH} /usr/bin/python3 -W ignore:setup.py install is deprecated -W ignore:easy_install command is deprecated setup.py egg_info --egg-base ../../build/lidar_slam_mapping build --build-base /home/student/ros2_ws/build/lidar_slam_mapping/build install --record /home/student/ros2_ws/build/lidar_slam_mapping/install.log --single-version-externally-managed install_data
