[0.034s] Invoking command in '/home/student/ros2_ws/build/scout_base': CMAKE_PREFIX_PATH=/home/student/ros2_ws/install/lidar_slam_mapping:/home/student/ros2_ws/install/lidar_slam_nav2:/opt/ros/humble:/home/student/ros2_ws/install/ugv_sdk:/home/student/ros2_ws/install/scout_msgs:/home/student/ros2_ws/install/scout_base:/home/student/ros2_ws/install/scout_description:/home/student/ros2_ws/install/rslidar_sdk:/home/student/ros2_ws/install/rslidar_msg:/home/student/ros2_ws/install/rplidar_ros:/home/student/ros2_ws/install/cartographer_rviz:/home/student/ros2_ws/install/cartographer_ros:/home/student/ros2_ws/install/cartographer_ros_msgs /usr/bin/cmake --build /home/student/ros2_ws/build/scout_base -- -j2 -l2
[0.154s] [35m[1mConsolidate compiler generated dependencies of target scout_base_node[0m
[0.220s] [100%] Built target scout_base_node
[0.241s] Invoked command in '/home/student/ros2_ws/build/scout_base' returned '0': CMAKE_PREFIX_PATH=/home/student/ros2_ws/install/lidar_slam_mapping:/home/student/ros2_ws/install/lidar_slam_nav2:/opt/ros/humble:/home/student/ros2_ws/install/ugv_sdk:/home/student/ros2_ws/install/scout_msgs:/home/student/ros2_ws/install/scout_base:/home/student/ros2_ws/install/scout_description:/home/student/ros2_ws/install/rslidar_sdk:/home/student/ros2_ws/install/rslidar_msg:/home/student/ros2_ws/install/rplidar_ros:/home/student/ros2_ws/install/cartographer_rviz:/home/student/ros2_ws/install/cartographer_ros:/home/student/ros2_ws/install/cartographer_ros_msgs /usr/bin/cmake --build /home/student/ros2_ws/build/scout_base -- -j2 -l2
[0.244s] Invoking command in '/home/student/ros2_ws/build/scout_base': CMAKE_PREFIX_PATH=/home/student/ros2_ws/install/lidar_slam_mapping:/home/student/ros2_ws/install/lidar_slam_nav2:/opt/ros/humble:/home/student/ros2_ws/install/ugv_sdk:/home/student/ros2_ws/install/scout_msgs:/home/student/ros2_ws/install/scout_base:/home/student/ros2_ws/install/scout_description:/home/student/ros2_ws/install/rslidar_sdk:/home/student/ros2_ws/install/rslidar_msg:/home/student/ros2_ws/install/rplidar_ros:/home/student/ros2_ws/install/cartographer_rviz:/home/student/ros2_ws/install/cartographer_ros:/home/student/ros2_ws/install/cartographer_ros_msgs /usr/bin/cmake --install /home/student/ros2_ws/build/scout_base
[0.262s] -- Install configuration: ""
[0.263s] -- Up-to-date: /home/student/ros2_ws/install/scout_base/lib/scout_base/scout_base_node
[0.264s] -- Up-to-date: /home/student/ros2_ws/install/scout_base/share/scout_base//launch
[0.264s] -- Up-to-date: /home/student/ros2_ws/install/scout_base/share/scout_base//launch/scout_base.launch.py
[0.264s] -- Up-to-date: /home/student/ros2_ws/install/scout_base/share/scout_base//launch/scout_mini_omni_base.launch.py
[0.265s] -- Up-to-date: /home/student/ros2_ws/install/scout_base/share/scout_base//launch/scout_mini_base.launch.py
[0.265s] -- Up-to-date: /home/student/ros2_ws/install/scout_base/share/ament_index/resource_index/package_run_dependencies/scout_base
[0.266s] -- Up-to-date: /home/student/ros2_ws/install/scout_base/share/ament_index/resource_index/parent_prefix_path/scout_base
[0.266s] -- Up-to-date: /home/student/ros2_ws/install/scout_base/share/scout_base/environment/ament_prefix_path.sh
[0.267s] -- Up-to-date: /home/student/ros2_ws/install/scout_base/share/scout_base/environment/ament_prefix_path.dsv
[0.267s] -- Up-to-date: /home/student/ros2_ws/install/scout_base/share/scout_base/environment/path.sh
[0.268s] -- Up-to-date: /home/student/ros2_ws/install/scout_base/share/scout_base/environment/path.dsv
[0.268s] -- Up-to-date: /home/student/ros2_ws/install/scout_base/share/scout_base/local_setup.bash
[0.268s] -- Up-to-date: /home/student/ros2_ws/install/scout_base/share/scout_base/local_setup.sh
[0.269s] -- Up-to-date: /home/student/ros2_ws/install/scout_base/share/scout_base/local_setup.zsh
[0.269s] -- Up-to-date: /home/student/ros2_ws/install/scout_base/share/scout_base/local_setup.dsv
[0.270s] -- Installing: /home/student/ros2_ws/install/scout_base/share/scout_base/package.dsv
[0.271s] -- Up-to-date: /home/student/ros2_ws/install/scout_base/share/ament_index/resource_index/packages/scout_base
[0.271s] -- Up-to-date: /home/student/ros2_ws/install/scout_base/share/scout_base/cmake/scout_baseConfig.cmake
[0.272s] -- Up-to-date: /home/student/ros2_ws/install/scout_base/share/scout_base/cmake/scout_baseConfig-version.cmake
[0.272s] -- Up-to-date: /home/student/ros2_ws/install/scout_base/share/scout_base/package.xml
[0.277s] Invoked command in '/home/student/ros2_ws/build/scout_base' returned '0': CMAKE_PREFIX_PATH=/home/student/ros2_ws/install/lidar_slam_mapping:/home/student/ros2_ws/install/lidar_slam_nav2:/opt/ros/humble:/home/student/ros2_ws/install/ugv_sdk:/home/student/ros2_ws/install/scout_msgs:/home/student/ros2_ws/install/scout_base:/home/student/ros2_ws/install/scout_description:/home/student/ros2_ws/install/rslidar_sdk:/home/student/ros2_ws/install/rslidar_msg:/home/student/ros2_ws/install/rplidar_ros:/home/student/ros2_ws/install/cartographer_rviz:/home/student/ros2_ws/install/cartographer_ros:/home/student/ros2_ws/install/cartographer_ros_msgs /usr/bin/cmake --install /home/student/ros2_ws/build/scout_base
