[0.046s] Invoking command in '/home/student/ros2_ws/build/scout_msgs': CMAKE_PREFIX_PATH=/home/student/ros2_ws/install/scout_base:/home/student/ros2_ws/install/lidar_slam_mapping:/home/student/ros2_ws/install/lidar_slam_nav2:/opt/ros/humble:/home/student/ros2_ws/install/ugv_sdk:/home/student/ros2_ws/install/scout_msgs:/home/student/ros2_ws/install/scout_description:/home/student/ros2_ws/install/rslidar_sdk:/home/student/ros2_ws/install/rslidar_msg:/home/student/ros2_ws/install/rplidar_ros:/home/student/ros2_ws/install/cartographer_rviz:/home/student/ros2_ws/install/cartographer_ros:/home/student/ros2_ws/install/cartographer_ros_msgs /usr/bin/cmake --build /home/student/ros2_ws/build/scout_msgs -- -j2 -l2
[0.245s] [  1%] Built target scout_msgs__cpp
[0.315s] [ 12%] Built target scout_msgs__rosidl_generator_c
[0.383s] [ 12%] Built target ament_cmake_python_copy_scout_msgs
[0.545s] [ 23%] Built target scout_msgs__rosidl_typesupport_cpp
[0.571s] [ 34%] Built target scout_msgs__rosidl_typesupport_fastrtps_c
[0.670s] [ 46%] Built target scout_msgs__rosidl_typesupport_introspection_c
[0.712s] [ 57%] Built target scout_msgs__rosidl_typesupport_fastrtps_cpp
[0.785s] [ 68%] Built target scout_msgs__rosidl_typesupport_c
[0.832s] [ 79%] Built target scout_msgs__rosidl_typesupport_introspection_cpp
[0.958s] [ 79%] Built target scout_msgs
[1.172s] [ 80%] Built target scout_msgs__py
[1.306s] [ 90%] Built target scout_msgs__rosidl_generator_py
[1.400s] [ 93%] Built target scout_msgs__rosidl_typesupport_fastrtps_c__pyext
[1.507s] [ 96%] Built target scout_msgs__rosidl_typesupport_introspection_c__pyext
[1.658s] [100%] Built target scout_msgs__rosidl_typesupport_c__pyext
[2.124s] running egg_info
[2.126s] writing scout_msgs.egg-info/PKG-INFO
[2.128s] writing dependency_links to scout_msgs.egg-info/dependency_links.txt
[2.129s] writing top-level names to scout_msgs.egg-info/top_level.txt
[2.136s] reading manifest file 'scout_msgs.egg-info/SOURCES.txt'
[2.141s] writing manifest file 'scout_msgs.egg-info/SOURCES.txt'
[2.233s] [100%] Built target ament_cmake_python_build_scout_msgs_egg
[2.267s] Invoked command in '/home/student/ros2_ws/build/scout_msgs' returned '0': CMAKE_PREFIX_PATH=/home/student/ros2_ws/install/scout_base:/home/student/ros2_ws/install/lidar_slam_mapping:/home/student/ros2_ws/install/lidar_slam_nav2:/opt/ros/humble:/home/student/ros2_ws/install/ugv_sdk:/home/student/ros2_ws/install/scout_msgs:/home/student/ros2_ws/install/scout_description:/home/student/ros2_ws/install/rslidar_sdk:/home/student/ros2_ws/install/rslidar_msg:/home/student/ros2_ws/install/rplidar_ros:/home/student/ros2_ws/install/cartographer_rviz:/home/student/ros2_ws/install/cartographer_ros:/home/student/ros2_ws/install/cartographer_ros_msgs /usr/bin/cmake --build /home/student/ros2_ws/build/scout_msgs -- -j2 -l2
[2.269s] Invoking command in '/home/student/ros2_ws/build/scout_msgs': CMAKE_PREFIX_PATH=/home/student/ros2_ws/install/scout_base:/home/student/ros2_ws/install/lidar_slam_mapping:/home/student/ros2_ws/install/lidar_slam_nav2:/opt/ros/humble:/home/student/ros2_ws/install/ugv_sdk:/home/student/ros2_ws/install/scout_msgs:/home/student/ros2_ws/install/scout_description:/home/student/ros2_ws/install/rslidar_sdk:/home/student/ros2_ws/install/rslidar_msg:/home/student/ros2_ws/install/rplidar_ros:/home/student/ros2_ws/install/cartographer_rviz:/home/student/ros2_ws/install/cartographer_ros:/home/student/ros2_ws/install/cartographer_ros_msgs /usr/bin/cmake --install /home/student/ros2_ws/build/scout_msgs
[2.323s] -- Install configuration: ""
[2.323s] -- Up-to-date: /home/student/ros2_ws/install/scout_msgs/share/ament_index/resource_index/rosidl_interfaces/scout_msgs
[2.324s] -- Up-to-date: /home/student/ros2_ws/install/scout_msgs/include/scout_msgs/scout_msgs
[2.324s] -- Up-to-date: /home/student/ros2_ws/install/scout_msgs/include/scout_msgs/scout_msgs/msg
[2.324s] -- Up-to-date: /home/student/ros2_ws/install/scout_msgs/include/scout_msgs/scout_msgs/msg/scout_status.h
[2.325s] -- Up-to-date: /home/student/ros2_ws/install/scout_msgs/include/scout_msgs/scout_msgs/msg/scout_rc_state.h
[2.325s] -- Up-to-date: /home/student/ros2_ws/install/scout_msgs/include/scout_msgs/scout_msgs/msg/rosidl_generator_c__visibility_control.h
[2.329s] -- Up-to-date: /home/student/ros2_ws/install/scout_msgs/include/scout_msgs/scout_msgs/msg/detail
[2.329s] -- Up-to-date: /home/student/ros2_ws/install/scout_msgs/include/scout_msgs/scout_msgs/msg/detail/scout_actuator_state__functions.c
[2.330s] -- Up-to-date: /home/student/ros2_ws/install/scout_msgs/include/scout_msgs/scout_msgs/msg/detail/scout_light_cmd__type_support.h
[2.330s] -- Up-to-date: /home/student/ros2_ws/install/scout_msgs/include/scout_msgs/scout_msgs/msg/detail/scout_light_state__functions.h
[2.330s] -- Up-to-date: /home/student/ros2_ws/install/scout_msgs/include/scout_msgs/scout_msgs/msg/detail/scout_light_state__functions.c
[2.330s] -- Up-to-date: /home/student/ros2_ws/install/scout_msgs/include/scout_msgs/scout_msgs/msg/detail/scout_actuator_state__functions.h
[2.330s] -- Up-to-date: /home/student/ros2_ws/install/scout_msgs/include/scout_msgs/scout_msgs/msg/detail/scout_status__functions.c
[2.331s] -- Up-to-date: /home/student/ros2_ws/install/scout_msgs/include/scout_msgs/scout_msgs/msg/detail/scout_rc_state__struct.h
[2.331s] -- Up-to-date: /home/student/ros2_ws/install/scout_msgs/include/scout_msgs/scout_msgs/msg/detail/scout_light_state__struct.h
[2.331s] -- Up-to-date: /home/student/ros2_ws/install/scout_msgs/include/scout_msgs/scout_msgs/msg/detail/scout_actuator_state__struct.h
[2.334s] -- Up-to-date: /home/student/ros2_ws/install/scout_msgs/include/scout_msgs/scout_msgs/msg/detail/scout_light_cmd__functions.h
[2.335s] -- Up-to-date: /home/student/ros2_ws/install/scout_msgs/include/scout_msgs/scout_msgs/msg/detail/scout_rc_state__type_support.h
[2.335s] -- Up-to-date: /home/student/ros2_ws/install/scout_msgs/include/scout_msgs/scout_msgs/msg/detail/scout_status__type_support.h
[2.335s] -- Up-to-date: /home/student/ros2_ws/install/scout_msgs/include/scout_msgs/scout_msgs/msg/detail/scout_light_cmd__struct.h
[2.335s] -- Up-to-date: /home/student/ros2_ws/install/scout_msgs/include/scout_msgs/scout_msgs/msg/detail/scout_actuator_state__type_support.h
[2.335s] -- Up-to-date: /home/student/ros2_ws/install/scout_msgs/include/scout_msgs/scout_msgs/msg/detail/scout_status__functions.h
[2.336s] -- Up-to-date: /home/student/ros2_ws/install/scout_msgs/include/scout_msgs/scout_msgs/msg/detail/scout_status__struct.h
[2.336s] -- Up-to-date: /home/student/ros2_ws/install/scout_msgs/include/scout_msgs/scout_msgs/msg/detail/scout_rc_state__functions.h
[2.340s] -- Up-to-date: /home/student/ros2_ws/install/scout_msgs/include/scout_msgs/scout_msgs/msg/detail/scout_rc_state__functions.c
[2.340s] -- Up-to-date: /home/student/ros2_ws/install/scout_msgs/include/scout_msgs/scout_msgs/msg/detail/scout_light_cmd__functions.c
[2.340s] -- Up-to-date: /home/student/ros2_ws/install/scout_msgs/include/scout_msgs/scout_msgs/msg/detail/scout_light_state__type_support.h
[2.342s] -- Up-to-date: /home/student/ros2_ws/install/scout_msgs/include/scout_msgs/scout_msgs/msg/scout_actuator_state.h
[2.342s] -- Up-to-date: /home/student/ros2_ws/install/scout_msgs/include/scout_msgs/scout_msgs/msg/scout_light_cmd.h
[2.342s] -- Up-to-date: /home/student/ros2_ws/install/scout_msgs/include/scout_msgs/scout_msgs/msg/scout_light_state.h
[2.342s] -- Up-to-date: /home/student/ros2_ws/install/scout_msgs/share/scout_msgs/environment/library_path.sh
[2.342s] -- Up-to-date: /home/student/ros2_ws/install/scout_msgs/share/scout_msgs/environment/library_path.dsv
[2.343s] -- Up-to-date: /home/student/ros2_ws/install/scout_msgs/lib/libscout_msgs__rosidl_generator_c.so
[2.343s] -- Up-to-date: /home/student/ros2_ws/install/scout_msgs/include/scout_msgs/scout_msgs
[2.345s] -- Up-to-date: /home/student/ros2_ws/install/scout_msgs/include/scout_msgs/scout_msgs/msg
[2.345s] -- Up-to-date: /home/student/ros2_ws/install/scout_msgs/include/scout_msgs/scout_msgs/msg/rosidl_typesupport_fastrtps_c__visibility_control.h
[2.346s] -- Up-to-date: /home/student/ros2_ws/install/scout_msgs/include/scout_msgs/scout_msgs/msg/detail
[2.346s] -- Up-to-date: /home/student/ros2_ws/install/scout_msgs/include/scout_msgs/scout_msgs/msg/detail/scout_status__rosidl_typesupport_fastrtps_c.h
[2.346s] -- Up-to-date: /home/student/ros2_ws/install/scout_msgs/include/scout_msgs/scout_msgs/msg/detail/scout_light_cmd__rosidl_typesupport_fastrtps_c.h
[2.348s] -- Up-to-date: /home/student/ros2_ws/install/scout_msgs/include/scout_msgs/scout_msgs/msg/detail/scout_rc_state__rosidl_typesupport_fastrtps_c.h
[2.348s] -- Up-to-date: /home/student/ros2_ws/install/scout_msgs/include/scout_msgs/scout_msgs/msg/detail/scout_actuator_state__rosidl_typesupport_fastrtps_c.h
[2.348s] -- Up-to-date: /home/student/ros2_ws/install/scout_msgs/include/scout_msgs/scout_msgs/msg/detail/scout_light_state__rosidl_typesupport_fastrtps_c.h
[2.348s] -- Up-to-date: /home/student/ros2_ws/install/scout_msgs/lib/libscout_msgs__rosidl_typesupport_fastrtps_c.so
[2.349s] -- Up-to-date: /home/student/ros2_ws/install/scout_msgs/include/scout_msgs/scout_msgs
[2.349s] -- Up-to-date: /home/student/ros2_ws/install/scout_msgs/include/scout_msgs/scout_msgs/msg
[2.349s] -- Up-to-date: /home/student/ros2_ws/install/scout_msgs/include/scout_msgs/scout_msgs/msg/scout_actuator_state.hpp
[2.349s] -- Up-to-date: /home/student/ros2_ws/install/scout_msgs/include/scout_msgs/scout_msgs/msg/scout_rc_state.hpp
[2.349s] -- Up-to-date: /home/student/ros2_ws/install/scout_msgs/include/scout_msgs/scout_msgs/msg/rosidl_generator_cpp__visibility_control.hpp
[2.350s] -- Up-to-date: /home/student/ros2_ws/install/scout_msgs/include/scout_msgs/scout_msgs/msg/detail
[2.350s] -- Up-to-date: /home/student/ros2_ws/install/scout_msgs/include/scout_msgs/scout_msgs/msg/detail/scout_rc_state__traits.hpp
[2.350s] -- Up-to-date: /home/student/ros2_ws/install/scout_msgs/include/scout_msgs/scout_msgs/msg/detail/scout_light_cmd__builder.hpp
[2.350s] -- Up-to-date: /home/student/ros2_ws/install/scout_msgs/include/scout_msgs/scout_msgs/msg/detail/scout_light_cmd__type_support.hpp
[2.350s] -- Up-to-date: /home/student/ros2_ws/install/scout_msgs/include/scout_msgs/scout_msgs/msg/detail/scout_light_state__struct.hpp
[2.351s] -- Up-to-date: /home/student/ros2_ws/install/scout_msgs/include/scout_msgs/scout_msgs/msg/detail/scout_status__builder.hpp
[2.351s] -- Up-to-date: /home/student/ros2_ws/install/scout_msgs/include/scout_msgs/scout_msgs/msg/detail/scout_light_state__traits.hpp
[2.351s] -- Up-to-date: /home/student/ros2_ws/install/scout_msgs/include/scout_msgs/scout_msgs/msg/detail/scout_actuator_state__builder.hpp
[2.351s] -- Up-to-date: /home/student/ros2_ws/install/scout_msgs/include/scout_msgs/scout_msgs/msg/detail/scout_status__type_support.hpp
[2.351s] -- Up-to-date: /home/student/ros2_ws/install/scout_msgs/include/scout_msgs/scout_msgs/msg/detail/scout_status__struct.hpp
[2.352s] -- Up-to-date: /home/student/ros2_ws/install/scout_msgs/include/scout_msgs/scout_msgs/msg/detail/scout_actuator_state__type_support.hpp
[2.352s] -- Up-to-date: /home/student/ros2_ws/install/scout_msgs/include/scout_msgs/scout_msgs/msg/detail/scout_actuator_state__traits.hpp
[2.352s] -- Up-to-date: /home/student/ros2_ws/install/scout_msgs/include/scout_msgs/scout_msgs/msg/detail/scout_light_state__builder.hpp
[2.352s] -- Up-to-date: /home/student/ros2_ws/install/scout_msgs/include/scout_msgs/scout_msgs/msg/detail/scout_actuator_state__struct.hpp
[2.352s] -- Up-to-date: /home/student/ros2_ws/install/scout_msgs/include/scout_msgs/scout_msgs/msg/detail/scout_light_cmd__traits.hpp
[2.353s] -- Up-to-date: /home/student/ros2_ws/install/scout_msgs/include/scout_msgs/scout_msgs/msg/detail/scout_rc_state__builder.hpp
[2.353s] -- Up-to-date: /home/student/ros2_ws/install/scout_msgs/include/scout_msgs/scout_msgs/msg/detail/scout_light_state__type_support.hpp
[2.357s] -- Up-to-date: /home/student/ros2_ws/install/scout_msgs/include/scout_msgs/scout_msgs/msg/detail/scout_rc_state__type_support.hpp
[2.357s] -- Up-to-date: /home/student/ros2_ws/install/scout_msgs/include/scout_msgs/scout_msgs/msg/detail/scout_light_cmd__struct.hpp
[2.358s] -- Up-to-date: /home/student/ros2_ws/install/scout_msgs/include/scout_msgs/scout_msgs/msg/detail/scout_rc_state__struct.hpp
[2.358s] -- Up-to-date: /home/student/ros2_ws/install/scout_msgs/include/scout_msgs/scout_msgs/msg/detail/scout_status__traits.hpp
[2.358s] -- Up-to-date: /home/student/ros2_ws/install/scout_msgs/include/scout_msgs/scout_msgs/msg/scout_light_state.hpp
[2.358s] -- Up-to-date: /home/student/ros2_ws/install/scout_msgs/include/scout_msgs/scout_msgs/msg/scout_light_cmd.hpp
[2.358s] -- Up-to-date: /home/student/ros2_ws/install/scout_msgs/include/scout_msgs/scout_msgs/msg/scout_status.hpp
[2.359s] -- Up-to-date: /home/student/ros2_ws/install/scout_msgs/include/scout_msgs/scout_msgs
[2.359s] -- Up-to-date: /home/student/ros2_ws/install/scout_msgs/include/scout_msgs/scout_msgs/msg
[2.361s] -- Up-to-date: /home/student/ros2_ws/install/scout_msgs/include/scout_msgs/scout_msgs/msg/detail
[2.362s] -- Up-to-date: /home/student/ros2_ws/install/scout_msgs/include/scout_msgs/scout_msgs/msg/detail/scout_status__rosidl_typesupport_fastrtps_cpp.hpp
[2.362s] -- Up-to-date: /home/student/ros2_ws/install/scout_msgs/include/scout_msgs/scout_msgs/msg/detail/scout_actuator_state__rosidl_typesupport_fastrtps_cpp.hpp
[2.362s] -- Up-to-date: /home/student/ros2_ws/install/scout_msgs/include/scout_msgs/scout_msgs/msg/detail/scout_light_cmd__rosidl_typesupport_fastrtps_cpp.hpp
[2.362s] -- Up-to-date: /home/student/ros2_ws/install/scout_msgs/include/scout_msgs/scout_msgs/msg/detail/scout_light_state__rosidl_typesupport_fastrtps_cpp.hpp
[2.362s] -- Up-to-date: /home/student/ros2_ws/install/scout_msgs/include/scout_msgs/scout_msgs/msg/detail/dds_fastrtps
[2.362s] -- Up-to-date: /home/student/ros2_ws/install/scout_msgs/include/scout_msgs/scout_msgs/msg/detail/scout_rc_state__rosidl_typesupport_fastrtps_cpp.hpp
[2.363s] -- Up-to-date: /home/student/ros2_ws/install/scout_msgs/include/scout_msgs/scout_msgs/msg/rosidl_typesupport_fastrtps_cpp__visibility_control.h
[2.363s] -- Up-to-date: /home/student/ros2_ws/install/scout_msgs/lib/libscout_msgs__rosidl_typesupport_fastrtps_cpp.so
[2.365s] -- Up-to-date: /home/student/ros2_ws/install/scout_msgs/include/scout_msgs/scout_msgs
[2.365s] -- Up-to-date: /home/student/ros2_ws/install/scout_msgs/include/scout_msgs/scout_msgs/msg
[2.366s] -- Up-to-date: /home/student/ros2_ws/install/scout_msgs/include/scout_msgs/scout_msgs/msg/rosidl_typesupport_introspection_c__visibility_control.h
[2.366s] -- Up-to-date: /home/student/ros2_ws/install/scout_msgs/include/scout_msgs/scout_msgs/msg/detail
[2.366s] -- Up-to-date: /home/student/ros2_ws/install/scout_msgs/include/scout_msgs/scout_msgs/msg/detail/scout_actuator_state__type_support.c
[2.366s] -- Up-to-date: /home/student/ros2_ws/install/scout_msgs/include/scout_msgs/scout_msgs/msg/detail/scout_light_cmd__rosidl_typesupport_introspection_c.h
[2.366s] -- Up-to-date: /home/student/ros2_ws/install/scout_msgs/include/scout_msgs/scout_msgs/msg/detail/scout_light_state__rosidl_typesupport_introspection_c.h
[2.367s] -- Up-to-date: /home/student/ros2_ws/install/scout_msgs/include/scout_msgs/scout_msgs/msg/detail/scout_light_state__type_support.c
[2.367s] -- Up-to-date: /home/student/ros2_ws/install/scout_msgs/include/scout_msgs/scout_msgs/msg/detail/scout_rc_state__rosidl_typesupport_introspection_c.h
[2.372s] -- Up-to-date: /home/student/ros2_ws/install/scout_msgs/include/scout_msgs/scout_msgs/msg/detail/scout_status__rosidl_typesupport_introspection_c.h
[2.372s] -- Up-to-date: /home/student/ros2_ws/install/scout_msgs/include/scout_msgs/scout_msgs/msg/detail/scout_actuator_state__rosidl_typesupport_introspection_c.h
[2.372s] -- Up-to-date: /home/student/ros2_ws/install/scout_msgs/include/scout_msgs/scout_msgs/msg/detail/scout_rc_state__type_support.c
[2.372s] -- Up-to-date: /home/student/ros2_ws/install/scout_msgs/include/scout_msgs/scout_msgs/msg/detail/scout_status__type_support.c
[2.373s] -- Up-to-date: /home/student/ros2_ws/install/scout_msgs/include/scout_msgs/scout_msgs/msg/detail/scout_light_cmd__type_support.c
[2.373s] -- Up-to-date: /home/student/ros2_ws/install/scout_msgs/lib/libscout_msgs__rosidl_typesupport_introspection_c.so
[2.373s] -- Up-to-date: /home/student/ros2_ws/install/scout_msgs/lib/libscout_msgs__rosidl_typesupport_c.so
[2.373s] -- Up-to-date: /home/student/ros2_ws/install/scout_msgs/include/scout_msgs/scout_msgs
[2.373s] -- Up-to-date: /home/student/ros2_ws/install/scout_msgs/include/scout_msgs/scout_msgs/msg
[2.377s] -- Up-to-date: /home/student/ros2_ws/install/scout_msgs/include/scout_msgs/scout_msgs/msg/detail
[2.377s] -- Up-to-date: /home/student/ros2_ws/install/scout_msgs/include/scout_msgs/scout_msgs/msg/detail/scout_rc_state__rosidl_typesupport_introspection_cpp.hpp
[2.377s] -- Up-to-date: /home/student/ros2_ws/install/scout_msgs/include/scout_msgs/scout_msgs/msg/detail/scout_light_state__rosidl_typesupport_introspection_cpp.hpp
[2.377s] -- Up-to-date: /home/student/ros2_ws/install/scout_msgs/include/scout_msgs/scout_msgs/msg/detail/scout_light_cmd__rosidl_typesupport_introspection_cpp.hpp
[2.377s] -- Up-to-date: /home/student/ros2_ws/install/scout_msgs/include/scout_msgs/scout_msgs/msg/detail/scout_actuator_state__rosidl_typesupport_introspection_cpp.hpp
[2.378s] -- Up-to-date: /home/student/ros2_ws/install/scout_msgs/include/scout_msgs/scout_msgs/msg/detail/scout_actuator_state__type_support.cpp
[2.378s] -- Up-to-date: /home/student/ros2_ws/install/scout_msgs/include/scout_msgs/scout_msgs/msg/detail/scout_light_state__type_support.cpp
[2.378s] -- Up-to-date: /home/student/ros2_ws/install/scout_msgs/include/scout_msgs/scout_msgs/msg/detail/scout_light_cmd__type_support.cpp
[2.378s] -- Up-to-date: /home/student/ros2_ws/install/scout_msgs/include/scout_msgs/scout_msgs/msg/detail/scout_rc_state__type_support.cpp
[2.378s] -- Up-to-date: /home/student/ros2_ws/install/scout_msgs/include/scout_msgs/scout_msgs/msg/detail/scout_status__type_support.cpp
[2.379s] -- Up-to-date: /home/student/ros2_ws/install/scout_msgs/include/scout_msgs/scout_msgs/msg/detail/scout_status__rosidl_typesupport_introspection_cpp.hpp
[2.379s] -- Up-to-date: /home/student/ros2_ws/install/scout_msgs/lib/libscout_msgs__rosidl_typesupport_introspection_cpp.so
[2.379s] -- Up-to-date: /home/student/ros2_ws/install/scout_msgs/lib/libscout_msgs__rosidl_typesupport_cpp.so
[2.381s] -- Up-to-date: /home/student/ros2_ws/install/scout_msgs/share/scout_msgs/environment/pythonpath.sh
[2.386s] -- Up-to-date: /home/student/ros2_ws/install/scout_msgs/share/scout_msgs/environment/pythonpath.dsv
[2.387s] -- Up-to-date: /home/student/ros2_ws/install/scout_msgs/local/lib/python3.10/dist-packages/scout_msgs-0.1.0-py3.10.egg-info
[2.387s] -- Installing: /home/student/ros2_ws/install/scout_msgs/local/lib/python3.10/dist-packages/scout_msgs-0.1.0-py3.10.egg-info/top_level.txt
[2.388s] -- Installing: /home/student/ros2_ws/install/scout_msgs/local/lib/python3.10/dist-packages/scout_msgs-0.1.0-py3.10.egg-info/SOURCES.txt
[2.388s] -- Installing: /home/student/ros2_ws/install/scout_msgs/local/lib/python3.10/dist-packages/scout_msgs-0.1.0-py3.10.egg-info/dependency_links.txt
[2.388s] -- Installing: /home/student/ros2_ws/install/scout_msgs/local/lib/python3.10/dist-packages/scout_msgs-0.1.0-py3.10.egg-info/PKG-INFO
[2.388s] -- Up-to-date: /home/student/ros2_ws/install/scout_msgs/local/lib/python3.10/dist-packages/scout_msgs
[2.388s] -- Up-to-date: /home/student/ros2_ws/install/scout_msgs/local/lib/python3.10/dist-packages/scout_msgs/_scout_msgs_s.ep.rosidl_typesupport_introspection_c.c
[2.389s] -- Up-to-date: /home/student/ros2_ws/install/scout_msgs/local/lib/python3.10/dist-packages/scout_msgs/msg
[2.389s] -- Up-to-date: /home/student/ros2_ws/install/scout_msgs/local/lib/python3.10/dist-packages/scout_msgs/msg/_scout_light_cmd_s.c
[2.389s] -- Up-to-date: /home/student/ros2_ws/install/scout_msgs/local/lib/python3.10/dist-packages/scout_msgs/msg/_scout_actuator_state.py
[2.389s] -- Up-to-date: /home/student/ros2_ws/install/scout_msgs/local/lib/python3.10/dist-packages/scout_msgs/msg/__init__.py
[2.389s] -- Up-to-date: /home/student/ros2_ws/install/scout_msgs/local/lib/python3.10/dist-packages/scout_msgs/msg/_scout_rc_state_s.c
[2.390s] -- Up-to-date: /home/student/ros2_ws/install/scout_msgs/local/lib/python3.10/dist-packages/scout_msgs/msg/_scout_light_state_s.c
[2.390s] -- Up-to-date: /home/student/ros2_ws/install/scout_msgs/local/lib/python3.10/dist-packages/scout_msgs/msg/_scout_light_state.py
[2.390s] -- Up-to-date: /home/student/ros2_ws/install/scout_msgs/local/lib/python3.10/dist-packages/scout_msgs/msg/_scout_actuator_state_s.c
[2.390s] -- Up-to-date: /home/student/ros2_ws/install/scout_msgs/local/lib/python3.10/dist-packages/scout_msgs/msg/_scout_status.py
[2.390s] -- Up-to-date: /home/student/ros2_ws/install/scout_msgs/local/lib/python3.10/dist-packages/scout_msgs/msg/_scout_light_cmd.py
[2.391s] -- Up-to-date: /home/student/ros2_ws/install/scout_msgs/local/lib/python3.10/dist-packages/scout_msgs/msg/_scout_status_s.c
[2.391s] -- Up-to-date: /home/student/ros2_ws/install/scout_msgs/local/lib/python3.10/dist-packages/scout_msgs/msg/_scout_rc_state.py
[2.391s] -- Up-to-date: /home/student/ros2_ws/install/scout_msgs/local/lib/python3.10/dist-packages/scout_msgs/libscout_msgs__rosidl_generator_py.so
[2.391s] -- Up-to-date: /home/student/ros2_ws/install/scout_msgs/local/lib/python3.10/dist-packages/scout_msgs/__init__.py
[2.391s] -- Up-to-date: /home/student/ros2_ws/install/scout_msgs/local/lib/python3.10/dist-packages/scout_msgs/_scout_msgs_s.ep.rosidl_typesupport_c.c
[2.392s] -- Up-to-date: /home/student/ros2_ws/install/scout_msgs/local/lib/python3.10/dist-packages/scout_msgs/scout_msgs_s__rosidl_typesupport_fastrtps_c.cpython-310-x86_64-linux-gnu.so
[2.392s] -- Up-to-date: /home/student/ros2_ws/install/scout_msgs/local/lib/python3.10/dist-packages/scout_msgs/scout_msgs_s__rosidl_typesupport_c.cpython-310-x86_64-linux-gnu.so
[2.392s] -- Up-to-date: /home/student/ros2_ws/install/scout_msgs/local/lib/python3.10/dist-packages/scout_msgs/_scout_msgs_s.ep.rosidl_typesupport_fastrtps_c.c
[2.392s] -- Up-to-date: /home/student/ros2_ws/install/scout_msgs/local/lib/python3.10/dist-packages/scout_msgs/scout_msgs_s__rosidl_typesupport_introspection_c.cpython-310-x86_64-linux-gnu.so
[2.545s] Listing '/home/student/ros2_ws/install/scout_msgs/local/lib/python3.10/dist-packages/scout_msgs'...
[2.545s] Listing '/home/student/ros2_ws/install/scout_msgs/local/lib/python3.10/dist-packages/scout_msgs/msg'...
[2.560s] -- Up-to-date: /home/student/ros2_ws/install/scout_msgs/local/lib/python3.10/dist-packages/scout_msgs/scout_msgs_s__rosidl_typesupport_fastrtps_c.cpython-310-x86_64-linux-gnu.so
[2.561s] -- Up-to-date: /home/student/ros2_ws/install/scout_msgs/local/lib/python3.10/dist-packages/scout_msgs/scout_msgs_s__rosidl_typesupport_introspection_c.cpython-310-x86_64-linux-gnu.so
[2.562s] -- Up-to-date: /home/student/ros2_ws/install/scout_msgs/local/lib/python3.10/dist-packages/scout_msgs/scout_msgs_s__rosidl_typesupport_c.cpython-310-x86_64-linux-gnu.so
[2.563s] -- Up-to-date: /home/student/ros2_ws/install/scout_msgs/lib/libscout_msgs__rosidl_generator_py.so
[2.564s] -- Up-to-date: /home/student/ros2_ws/install/scout_msgs/share/scout_msgs/msg/ScoutActuatorState.idl
[2.564s] -- Up-to-date: /home/student/ros2_ws/install/scout_msgs/share/scout_msgs/msg/ScoutLightCmd.idl
[2.565s] -- Up-to-date: /home/student/ros2_ws/install/scout_msgs/share/scout_msgs/msg/ScoutLightState.idl
[2.565s] -- Up-to-date: /home/student/ros2_ws/install/scout_msgs/share/scout_msgs/msg/ScoutRCState.idl
[2.566s] -- Up-to-date: /home/student/ros2_ws/install/scout_msgs/share/scout_msgs/msg/ScoutStatus.idl
[2.566s] -- Up-to-date: /home/student/ros2_ws/install/scout_msgs/share/scout_msgs/msg/ScoutActuatorState.msg
[2.567s] -- Up-to-date: /home/student/ros2_ws/install/scout_msgs/share/scout_msgs/msg/ScoutLightCmd.msg
[2.567s] -- Up-to-date: /home/student/ros2_ws/install/scout_msgs/share/scout_msgs/msg/ScoutLightState.msg
[2.568s] -- Up-to-date: /home/student/ros2_ws/install/scout_msgs/share/scout_msgs/msg/ScoutRCState.msg
[2.568s] -- Up-to-date: /home/student/ros2_ws/install/scout_msgs/share/scout_msgs/msg/ScoutStatus.msg
[2.569s] -- Up-to-date: /home/student/ros2_ws/install/scout_msgs/share/ament_index/resource_index/package_run_dependencies/scout_msgs
[2.569s] -- Up-to-date: /home/student/ros2_ws/install/scout_msgs/share/ament_index/resource_index/parent_prefix_path/scout_msgs
[2.570s] -- Up-to-date: /home/student/ros2_ws/install/scout_msgs/share/scout_msgs/environment/ament_prefix_path.sh
[2.570s] -- Up-to-date: /home/student/ros2_ws/install/scout_msgs/share/scout_msgs/environment/ament_prefix_path.dsv
[2.571s] -- Up-to-date: /home/student/ros2_ws/install/scout_msgs/share/scout_msgs/environment/path.sh
[2.572s] -- Up-to-date: /home/student/ros2_ws/install/scout_msgs/share/scout_msgs/environment/path.dsv
[2.572s] -- Up-to-date: /home/student/ros2_ws/install/scout_msgs/share/scout_msgs/local_setup.bash
[2.573s] -- Up-to-date: /home/student/ros2_ws/install/scout_msgs/share/scout_msgs/local_setup.sh
[2.573s] -- Up-to-date: /home/student/ros2_ws/install/scout_msgs/share/scout_msgs/local_setup.zsh
[2.576s] -- Up-to-date: /home/student/ros2_ws/install/scout_msgs/share/scout_msgs/local_setup.dsv
[2.577s] -- Installing: /home/student/ros2_ws/install/scout_msgs/share/scout_msgs/package.dsv
[2.578s] -- Up-to-date: /home/student/ros2_ws/install/scout_msgs/share/ament_index/resource_index/packages/scout_msgs
[2.578s] -- Up-to-date: /home/student/ros2_ws/install/scout_msgs/share/scout_msgs/cmake/export_scout_msgs__rosidl_generator_cExport.cmake
[2.579s] -- Up-to-date: /home/student/ros2_ws/install/scout_msgs/share/scout_msgs/cmake/export_scout_msgs__rosidl_generator_cExport-noconfig.cmake
[2.580s] -- Up-to-date: /home/student/ros2_ws/install/scout_msgs/share/scout_msgs/cmake/export_scout_msgs__rosidl_typesupport_fastrtps_cExport.cmake
[2.581s] -- Up-to-date: /home/student/ros2_ws/install/scout_msgs/share/scout_msgs/cmake/export_scout_msgs__rosidl_typesupport_fastrtps_cExport-noconfig.cmake
[2.583s] -- Up-to-date: /home/student/ros2_ws/install/scout_msgs/share/scout_msgs/cmake/export_scout_msgs__rosidl_generator_cppExport.cmake
[2.584s] -- Up-to-date: /home/student/ros2_ws/install/scout_msgs/share/scout_msgs/cmake/export_scout_msgs__rosidl_typesupport_fastrtps_cppExport.cmake
[2.585s] -- Up-to-date: /home/student/ros2_ws/install/scout_msgs/share/scout_msgs/cmake/export_scout_msgs__rosidl_typesupport_fastrtps_cppExport-noconfig.cmake
[2.586s] -- Up-to-date: /home/student/ros2_ws/install/scout_msgs/share/scout_msgs/cmake/scout_msgs__rosidl_typesupport_introspection_cExport.cmake
[2.586s] -- Up-to-date: /home/student/ros2_ws/install/scout_msgs/share/scout_msgs/cmake/scout_msgs__rosidl_typesupport_introspection_cExport-noconfig.cmake
[2.587s] -- Up-to-date: /home/student/ros2_ws/install/scout_msgs/share/scout_msgs/cmake/scout_msgs__rosidl_typesupport_cExport.cmake
[2.587s] -- Up-to-date: /home/student/ros2_ws/install/scout_msgs/share/scout_msgs/cmake/scout_msgs__rosidl_typesupport_cExport-noconfig.cmake
[2.592s] -- Up-to-date: /home/student/ros2_ws/install/scout_msgs/share/scout_msgs/cmake/scout_msgs__rosidl_typesupport_introspection_cppExport.cmake
[2.593s] -- Up-to-date: /home/student/ros2_ws/install/scout_msgs/share/scout_msgs/cmake/scout_msgs__rosidl_typesupport_introspection_cppExport-noconfig.cmake
[2.593s] -- Up-to-date: /home/student/ros2_ws/install/scout_msgs/share/scout_msgs/cmake/scout_msgs__rosidl_typesupport_cppExport.cmake
[2.593s] -- Up-to-date: /home/student/ros2_ws/install/scout_msgs/share/scout_msgs/cmake/scout_msgs__rosidl_typesupport_cppExport-noconfig.cmake
[2.593s] -- Up-to-date: /home/student/ros2_ws/install/scout_msgs/share/scout_msgs/cmake/export_scout_msgs__rosidl_generator_pyExport.cmake
[2.594s] -- Up-to-date: /home/student/ros2_ws/install/scout_msgs/share/scout_msgs/cmake/export_scout_msgs__rosidl_generator_pyExport-noconfig.cmake
[2.594s] -- Up-to-date: /home/student/ros2_ws/install/scout_msgs/share/scout_msgs/cmake/rosidl_cmake-extras.cmake
[2.594s] -- Up-to-date: /home/student/ros2_ws/install/scout_msgs/share/scout_msgs/cmake/ament_cmake_export_dependencies-extras.cmake
[2.595s] -- Up-to-date: /home/student/ros2_ws/install/scout_msgs/share/scout_msgs/cmake/ament_cmake_export_include_directories-extras.cmake
[2.595s] -- Up-to-date: /home/student/ros2_ws/install/scout_msgs/share/scout_msgs/cmake/ament_cmake_export_libraries-extras.cmake
[2.595s] -- Up-to-date: /home/student/ros2_ws/install/scout_msgs/share/scout_msgs/cmake/ament_cmake_export_targets-extras.cmake
[2.597s] -- Up-to-date: /home/student/ros2_ws/install/scout_msgs/share/scout_msgs/cmake/rosidl_cmake_export_typesupport_targets-extras.cmake
[2.597s] -- Up-to-date: /home/student/ros2_ws/install/scout_msgs/share/scout_msgs/cmake/rosidl_cmake_export_typesupport_libraries-extras.cmake
[2.598s] -- Up-to-date: /home/student/ros2_ws/install/scout_msgs/share/scout_msgs/cmake/scout_msgsConfig.cmake
[2.598s] -- Up-to-date: /home/student/ros2_ws/install/scout_msgs/share/scout_msgs/cmake/scout_msgsConfig-version.cmake
[2.598s] -- Up-to-date: /home/student/ros2_ws/install/scout_msgs/share/scout_msgs/package.xml
[2.608s] Invoked command in '/home/student/ros2_ws/build/scout_msgs' returned '0': CMAKE_PREFIX_PATH=/home/student/ros2_ws/install/scout_base:/home/student/ros2_ws/install/lidar_slam_mapping:/home/student/ros2_ws/install/lidar_slam_nav2:/opt/ros/humble:/home/student/ros2_ws/install/ugv_sdk:/home/student/ros2_ws/install/scout_msgs:/home/student/ros2_ws/install/scout_description:/home/student/ros2_ws/install/rslidar_sdk:/home/student/ros2_ws/install/rslidar_msg:/home/student/ros2_ws/install/rplidar_ros:/home/student/ros2_ws/install/cartographer_rviz:/home/student/ros2_ws/install/cartographer_ros:/home/student/ros2_ws/install/cartographer_ros_msgs /usr/bin/cmake --install /home/student/ros2_ws/build/scout_msgs
