[0.037s] Invoking command in '/home/student/ros2_ws/build/scout_base': CMAKE_PREFIX_PATH=/home/student/ros2_ws/install/lidar_slam_mapping:/home/student/ros2_ws/install/object_recognition:/opt/ros/humble:/home/student/ros2_ws/install/ugv_sdk:/home/student/ros2_ws/install/scout_msgs:/home/student/ros2_ws/install/scout_base:/home/student/ros2_ws/install/scout_description:/home/student/ros2_ws/install/rslidar_sdk:/home/student/ros2_ws/install/rslidar_msg /usr/bin/cmake /home/student/ros2_ws/src/scout_ros2/scout_base -DCMAKE_INSTALL_PREFIX=/home/student/ros2_ws/install/scout_base
[0.206s] -- The C compiler identification is GNU 11.4.0
[0.349s] -- The CXX compiler identification is GNU 11.4.0
[0.366s] -- Detecting C compiler ABI info
[0.570s] -- Detecting C compiler ABI info - done
[0.617s] -- Check for working C compiler: /usr/bin/cc - skipped
[0.621s] -- Detecting C compile features
[0.621s] -- Detecting C compile features - done
[0.632s] -- Detecting CXX compiler ABI info
[0.885s] -- Detecting CXX compiler ABI info - done
[0.921s] -- Check for working CXX compiler: /usr/bin/c++ - skipped
[0.922s] -- Detecting CXX compile features
[0.923s] -- Detecting CXX compile features - done
[0.939s] -- Found ament_cmake: 1.3.11 (/opt/ros/humble/share/ament_cmake/cmake)
[1.412s] -- Found Python3: /usr/bin/python3 (found version "3.10.12") found components: Interpreter 
[1.655s] -- Found rclcpp: 16.0.11 (/opt/ros/humble/share/rclcpp/cmake)
[1.786s] -- Found rosidl_generator_c: 3.1.6 (/opt/ros/humble/share/rosidl_generator_c/cmake)
[1.800s] -- Found rosidl_adapter: 3.1.6 (/opt/ros/humble/share/rosidl_adapter/cmake)
[1.834s] -- Found rosidl_generator_cpp: 3.1.6 (/opt/ros/humble/share/rosidl_generator_cpp/cmake)
[1.869s] -- Using all available rosidl_typesupport_c: rosidl_typesupport_fastrtps_c;rosidl_typesupport_introspection_c
[1.927s] -- Using all available rosidl_typesupport_cpp: rosidl_typesupport_fastrtps_cpp;rosidl_typesupport_introspection_cpp
[2.057s] -- Found rmw_implementation_cmake: 6.1.2 (/opt/ros/humble/share/rmw_implementation_cmake/cmake)
[2.065s] -- Found rmw_fastrtps_cpp: 6.2.7 (/opt/ros/humble/share/rmw_fastrtps_cpp/cmake)
[2.270s] -- Found OpenSSL: /usr/lib/x86_64-linux-gnu/libcrypto.so (found version "3.0.2")  
[2.359s] -- Found FastRTPS: /opt/ros/humble/include  
[2.474s] -- Using RMW implementation 'rmw_fastrtps_cpp' as default
[2.497s] -- Looking for pthread.h
[2.729s] -- Looking for pthread.h - found
[2.730s] -- Performing Test CMAKE_HAVE_LIBC_PTHREAD
[2.978s] -- Performing Test CMAKE_HAVE_LIBC_PTHREAD - Success
[2.980s] -- Found Threads: TRUE  
[3.148s] -- Found geometry_msgs: 4.2.4 (/opt/ros/humble/share/geometry_msgs/cmake)
[3.188s] -- Found nav_msgs: 4.2.4 (/opt/ros/humble/share/nav_msgs/cmake)
[3.252s] -- Found sensor_msgs: 4.2.4 (/opt/ros/humble/share/sensor_msgs/cmake)
[3.305s] -- Found tf2: 0.25.9 (/opt/ros/humble/share/tf2/cmake)
[3.344s] -- Found tf2_ros: 0.25.9 (/opt/ros/humble/share/tf2_ros/cmake)
[3.646s] -- Found tf2_geometry_msgs: 0.25.9 (/opt/ros/humble/share/tf2_geometry_msgs/cmake)
[3.689s] -- Found eigen3_cmake_module: 0.1.1 (/opt/ros/humble/share/eigen3_cmake_module/cmake)
[3.693s] -- Found Eigen3: TRUE (found version "3.4.0") 
[3.693s] -- Ensuring Eigen3 include directory is part of orocos-kdl CMake target
[3.700s] -- Found scout_msgs: 0.1.0 (/home/student/ros2_ws/install/scout_msgs/share/scout_msgs/cmake)
[3.765s] -- Found ament_lint_auto: 0.12.11 (/opt/ros/humble/share/ament_lint_auto/cmake)
[4.033s] -- Added test 'copyright' to check source files copyright and LICENSE
[4.036s] -- Added test 'cppcheck' to perform static code analysis on C / C++ code
[4.037s] -- Configured cppcheck include dirs: /home/student/ros2_ws/src/scout_ros2/scout_base/include
[4.037s] -- Configured cppcheck exclude dirs and/or files: 
[4.041s] -- Added test 'cpplint' to check C / C++ code against the Google style
[4.041s] -- Configured cpplint exclude dirs and/or files: 
[4.043s] -- Added test 'flake8' to check Python code syntax and style conventions
[4.045s] -- Added test 'lint_cmake' to check CMake code style
[4.046s] -- Added test 'pep257' to check Python code against some of the docstring style conventions in PEP 257
[4.050s] -- Added test 'uncrustify' to check C / C++ code style
[4.050s] -- Configured uncrustify additional arguments: 
[4.051s] -- Added test 'xmllint' to check XML markup files
[4.062s] -- Configuring done
[4.123s] -- Generating done
[4.148s] -- Build files have been written to: /home/student/ros2_ws/build/scout_base
[4.176s] Invoked command in '/home/student/ros2_ws/build/scout_base' returned '0': CMAKE_PREFIX_PATH=/home/student/ros2_ws/install/lidar_slam_mapping:/home/student/ros2_ws/install/object_recognition:/opt/ros/humble:/home/student/ros2_ws/install/ugv_sdk:/home/student/ros2_ws/install/scout_msgs:/home/student/ros2_ws/install/scout_base:/home/student/ros2_ws/install/scout_description:/home/student/ros2_ws/install/rslidar_sdk:/home/student/ros2_ws/install/rslidar_msg /usr/bin/cmake /home/student/ros2_ws/src/scout_ros2/scout_base -DCMAKE_INSTALL_PREFIX=/home/student/ros2_ws/install/scout_base
[4.180s] Invoking command in '/home/student/ros2_ws/build/scout_base': CMAKE_PREFIX_PATH=/home/student/ros2_ws/install/lidar_slam_mapping:/home/student/ros2_ws/install/object_recognition:/opt/ros/humble:/home/student/ros2_ws/install/ugv_sdk:/home/student/ros2_ws/install/scout_msgs:/home/student/ros2_ws/install/scout_base:/home/student/ros2_ws/install/scout_description:/home/student/ros2_ws/install/rslidar_sdk:/home/student/ros2_ws/install/rslidar_msg /usr/bin/cmake --build /home/student/ros2_ws/build/scout_base -- -j2 -l2
[4.293s] [ 33%] [32mBuilding CXX object CMakeFiles/scout_base_node.dir/src/scout_base_ros.cpp.o[0m
[44.680s] [ 66%] [32mBuilding CXX object CMakeFiles/scout_base_node.dir/src/scout_base_node.cpp.o[0m
[53.026s] [100%] [32m[1mLinking CXX executable scout_base_node[0m
[55.287s] [100%] Built target scout_base_node
