[0.110s] Invoking command in '/home/student/ros2_ws/build/scout_base': CMAKE_PREFIX_PATH=/home/student/ros2_ws/install/lidar_slam_mapping:/opt/ros/humble:/home/student/ros2_ws/install/ugv_sdk:/home/student/ros2_ws/install/scout_msgs:/home/student/ros2_ws/install/scout_base:/home/student/ros2_ws/install/scout_description:/home/student/ros2_ws/install/rslidar_sdk:/home/student/ros2_ws/install/rslidar_msg /usr/bin/cmake --build /home/student/ros2_ws/build/scout_base -- -j2 -l2
[0.492s] [100%] Built target scout_base_node
[0.540s] Invoked command in '/home/student/ros2_ws/build/scout_base' returned '0': CMAKE_PREFIX_PATH=/home/student/ros2_ws/install/lidar_slam_mapping:/opt/ros/humble:/home/student/ros2_ws/install/ugv_sdk:/home/student/ros2_ws/install/scout_msgs:/home/student/ros2_ws/install/scout_base:/home/student/ros2_ws/install/scout_description:/home/student/ros2_ws/install/rslidar_sdk:/home/student/ros2_ws/install/rslidar_msg /usr/bin/cmake --build /home/student/ros2_ws/build/scout_base -- -j2 -l2
[0.545s] Invoking command in '/home/student/ros2_ws/build/scout_base': CMAKE_PREFIX_PATH=/home/student/ros2_ws/install/lidar_slam_mapping:/opt/ros/humble:/home/student/ros2_ws/install/ugv_sdk:/home/student/ros2_ws/install/scout_msgs:/home/student/ros2_ws/install/scout_base:/home/student/ros2_ws/install/scout_description:/home/student/ros2_ws/install/rslidar_sdk:/home/student/ros2_ws/install/rslidar_msg /usr/bin/cmake --install /home/student/ros2_ws/build/scout_base
[0.592s] -- Install configuration: ""
[0.596s] -- Up-to-date: /home/student/ros2_ws/install/scout_base/lib/scout_base/scout_base_node
[0.600s] -- Up-to-date: /home/student/ros2_ws/install/scout_base/share/scout_base//launch
[0.604s] -- Up-to-date: /home/student/ros2_ws/install/scout_base/share/scout_base//launch/scout_base.launch.py
[0.605s] -- Up-to-date: /home/student/ros2_ws/install/scout_base/share/scout_base//launch/scout_mini_omni_base.launch.py
[0.607s] -- Up-to-date: /home/student/ros2_ws/install/scout_base/share/scout_base//launch/scout_mini_base.launch.py
[0.609s] -- Up-to-date: /home/student/ros2_ws/install/scout_base/share/ament_index/resource_index/package_run_dependencies/scout_base
[0.610s] -- Up-to-date: /home/student/ros2_ws/install/scout_base/share/ament_index/resource_index/parent_prefix_path/scout_base
[0.614s] -- Up-to-date: /home/student/ros2_ws/install/scout_base/share/scout_base/environment/ament_prefix_path.sh
[0.614s] -- Up-to-date: /home/student/ros2_ws/install/scout_base/share/scout_base/environment/ament_prefix_path.dsv
[0.615s] -- Up-to-date: /home/student/ros2_ws/install/scout_base/share/scout_base/environment/path.sh
[0.620s] -- Up-to-date: /home/student/ros2_ws/install/scout_base/share/scout_base/environment/path.dsv
[0.620s] -- Up-to-date: /home/student/ros2_ws/install/scout_base/share/scout_base/local_setup.bash
[0.622s] -- Up-to-date: /home/student/ros2_ws/install/scout_base/share/scout_base/local_setup.sh
[0.622s] -- Up-to-date: /home/student/ros2_ws/install/scout_base/share/scout_base/local_setup.zsh
[0.623s] -- Up-to-date: /home/student/ros2_ws/install/scout_base/share/scout_base/local_setup.dsv
[0.627s] -- Installing: /home/student/ros2_ws/install/scout_base/share/scout_base/package.dsv
[0.633s] -- Up-to-date: /home/student/ros2_ws/install/scout_base/share/ament_index/resource_index/packages/scout_base
[0.633s] -- Up-to-date: /home/student/ros2_ws/install/scout_base/share/scout_base/cmake/scout_baseConfig.cmake
[0.634s] -- Up-to-date: /home/student/ros2_ws/install/scout_base/share/scout_base/cmake/scout_baseConfig-version.cmake
[0.635s] -- Up-to-date: /home/student/ros2_ws/install/scout_base/share/scout_base/package.xml
[0.654s] Invoked command in '/home/student/ros2_ws/build/scout_base' returned '0': CMAKE_PREFIX_PATH=/home/student/ros2_ws/install/lidar_slam_mapping:/opt/ros/humble:/home/student/ros2_ws/install/ugv_sdk:/home/student/ros2_ws/install/scout_msgs:/home/student/ros2_ws/install/scout_base:/home/student/ros2_ws/install/scout_description:/home/student/ros2_ws/install/rslidar_sdk:/home/student/ros2_ws/install/rslidar_msg /usr/bin/cmake --install /home/student/ros2_ws/build/scout_base
