[0.079s] Invoking command in '/home/student/ros2_ws/build/scout_description': CMAKE_PREFIX_PATH=/home/student/ros2_ws/install/scout_base:/home/student/ros2_ws/install/lidar_slam_mapping:/home/student/ros2_ws/install/object_recognition:/opt/ros/humble:/home/student/ros2_ws/install/ugv_sdk:/home/student/ros2_ws/install/scout_msgs:/home/student/ros2_ws/install/scout_description:/home/student/ros2_ws/install/rslidar_sdk:/home/student/ros2_ws/install/rslidar_msg /usr/bin/cmake --build /home/student/ros2_ws/build/scout_description -- -j2 -l2
[0.223s] Invoked command in '/home/student/ros2_ws/build/scout_description' returned '0': CMAKE_PREFIX_PATH=/home/student/ros2_ws/install/scout_base:/home/student/ros2_ws/install/lidar_slam_mapping:/home/student/ros2_ws/install/object_recognition:/opt/ros/humble:/home/student/ros2_ws/install/ugv_sdk:/home/student/ros2_ws/install/scout_msgs:/home/student/ros2_ws/install/scout_description:/home/student/ros2_ws/install/rslidar_sdk:/home/student/ros2_ws/install/rslidar_msg /usr/bin/cmake --build /home/student/ros2_ws/build/scout_description -- -j2 -l2
[0.225s] Invoking command in '/home/student/ros2_ws/build/scout_description': CMAKE_PREFIX_PATH=/home/student/ros2_ws/install/scout_base:/home/student/ros2_ws/install/lidar_slam_mapping:/home/student/ros2_ws/install/object_recognition:/opt/ros/humble:/home/student/ros2_ws/install/ugv_sdk:/home/student/ros2_ws/install/scout_msgs:/home/student/ros2_ws/install/scout_description:/home/student/ros2_ws/install/rslidar_sdk:/home/student/ros2_ws/install/rslidar_msg /usr/bin/cmake --install /home/student/ros2_ws/build/scout_description
[0.250s] -- Install configuration: ""
[0.251s] -- Up-to-date: /home/student/ros2_ws/install/scout_description/share/scout_description//launch
[0.261s] -- Up-to-date: /home/student/ros2_ws/install/scout_description/share/scout_description//launch/scout_base_description.launch.py
[0.261s] -- Up-to-date: /home/student/ros2_ws/install/scout_description/share/scout_description//urdf
[0.261s] -- Up-to-date: /home/student/ros2_ws/install/scout_description/share/scout_description//urdf/scout_mini
[0.261s] -- Up-to-date: /home/student/ros2_ws/install/scout_description/share/scout_description//urdf/scout_mini/scout_mini.urdf
[0.261s] -- Up-to-date: /home/student/ros2_ws/install/scout_description/share/scout_description//urdf/scout_mini/scout_mini.xacro
[0.262s] -- Up-to-date: /home/student/ros2_ws/install/scout_description/share/scout_description//urdf/scout_mini/scout_mini_wheel.xacro
[0.262s] -- Up-to-date: /home/student/ros2_ws/install/scout_description/share/scout_description//urdf/generate_urdf.sh
[0.262s] -- Up-to-date: /home/student/ros2_ws/install/scout_description/share/scout_description//urdf/scout_v2
[0.262s] -- Up-to-date: /home/student/ros2_ws/install/scout_description/share/scout_description//urdf/scout_v2/scout_v2.xacro
[0.263s] -- Up-to-date: /home/student/ros2_ws/install/scout_description/share/scout_description//urdf/scout_v2/scout_v2.urdf
[0.263s] -- Up-to-date: /home/student/ros2_ws/install/scout_description/share/scout_description//urdf/scout_v2/scout_wheel_type1.xacro
[0.263s] -- Up-to-date: /home/student/ros2_ws/install/scout_description/share/scout_description//urdf/scout_v2/scout_wheel_type2.xacro
[0.263s] -- Up-to-date: /home/student/ros2_ws/install/scout_description/share/scout_description//meshes
[0.263s] -- Up-to-date: /home/student/ros2_ws/install/scout_description/share/scout_description//meshes/scout_mini
[0.264s] -- Up-to-date: /home/student/ros2_ws/install/scout_description/share/scout_description//meshes/scout_mini/mini_wheel.dae
[0.264s] -- Up-to-date: /home/student/ros2_ws/install/scout_description/share/scout_description//meshes/scout_mini/mini_base_link.dae
[0.264s] -- Up-to-date: /home/student/ros2_ws/install/scout_description/share/scout_description//meshes/scout_v2
[0.265s] -- Up-to-date: /home/student/ros2_ws/install/scout_description/share/scout_description//meshes/scout_v2/base_link_full.dae
[0.282s] -- Up-to-date: /home/student/ros2_ws/install/scout_description/share/scout_description//meshes/scout_v2/wheel_type2.dae
[0.282s] -- Up-to-date: /home/student/ros2_ws/install/scout_description/share/scout_description//meshes/scout_v2/wheel_type1.dae
[0.282s] -- Up-to-date: /home/student/ros2_ws/install/scout_description/share/scout_description//meshes/scout_v2/hokuyo.dae
[0.283s] -- Up-to-date: /home/student/ros2_ws/install/scout_description/share/scout_description//meshes/scout_v2/base_link.dae
[0.283s] -- Up-to-date: /home/student/ros2_ws/install/scout_description/share/ament_index/resource_index/package_run_dependencies/scout_description
[0.283s] -- Up-to-date: /home/student/ros2_ws/install/scout_description/share/ament_index/resource_index/parent_prefix_path/scout_description
[0.283s] -- Up-to-date: /home/student/ros2_ws/install/scout_description/share/scout_description/environment/ament_prefix_path.sh
[0.283s] -- Up-to-date: /home/student/ros2_ws/install/scout_description/share/scout_description/environment/ament_prefix_path.dsv
[0.284s] -- Up-to-date: /home/student/ros2_ws/install/scout_description/share/scout_description/environment/path.sh
[0.284s] -- Up-to-date: /home/student/ros2_ws/install/scout_description/share/scout_description/environment/path.dsv
[0.284s] -- Up-to-date: /home/student/ros2_ws/install/scout_description/share/scout_description/local_setup.bash
[0.284s] -- Up-to-date: /home/student/ros2_ws/install/scout_description/share/scout_description/local_setup.sh
[0.284s] -- Up-to-date: /home/student/ros2_ws/install/scout_description/share/scout_description/local_setup.zsh
[0.284s] -- Up-to-date: /home/student/ros2_ws/install/scout_description/share/scout_description/local_setup.dsv
[0.285s] -- Installing: /home/student/ros2_ws/install/scout_description/share/scout_description/package.dsv
[0.285s] -- Up-to-date: /home/student/ros2_ws/install/scout_description/share/ament_index/resource_index/packages/scout_description
[0.285s] -- Up-to-date: /home/student/ros2_ws/install/scout_description/share/scout_description/cmake/scout_descriptionConfig.cmake
[0.285s] -- Up-to-date: /home/student/ros2_ws/install/scout_description/share/scout_description/cmake/scout_descriptionConfig-version.cmake
[0.286s] -- Up-to-date: /home/student/ros2_ws/install/scout_description/share/scout_description/package.xml
[0.286s] Invoked command in '/home/student/ros2_ws/build/scout_description' returned '0': CMAKE_PREFIX_PATH=/home/student/ros2_ws/install/scout_base:/home/student/ros2_ws/install/lidar_slam_mapping:/home/student/ros2_ws/install/object_recognition:/opt/ros/humble:/home/student/ros2_ws/install/ugv_sdk:/home/student/ros2_ws/install/scout_msgs:/home/student/ros2_ws/install/scout_description:/home/student/ros2_ws/install/rslidar_sdk:/home/student/ros2_ws/install/rslidar_msg /usr/bin/cmake --install /home/student/ros2_ws/build/scout_description
