[0.606s] DEBUG:colcon:Command line arguments: ['/usr/bin/colcon', 'build']
[0.606s] DEBUG:colcon:Parsed command line arguments: Namespace(log_base=None, log_level=None, verb_name='build', build_base='build', install_base='install', merge_install=False, symlink_install=False, test_result_base=None, continue_on_error=False, executor='parallel', parallel_workers=2, event_handlers=None, ignore_user_meta=False, metas=['./colcon.meta'], base_paths=['.'], packages_ignore=None, packages_ignore_regex=None, paths=None, packages_up_to=None, packages_up_to_regex=None, packages_above=None, packages_above_and_dependencies=None, packages_above_depth=None, packages_select_by_dep=None, packages_skip_by_dep=None, packages_skip_up_to=None, packages_select_build_failed=False, packages_skip_build_finished=False, packages_select_test_failures=False, packages_skip_test_passed=False, packages_select=None, packages_skip=None, packages_select_regex=None, packages_skip_regex=None, packages_start=None, packages_end=None, allow_overriding=[], cmake_args=None, cmake_target=None, cmake_target_skip_unavailable=False, cmake_clean_cache=False, cmake_clean_first=False, cmake_force_configure=False, ament_cmake_args=None, catkin_cmake_args=None, catkin_skip_building_tests=False, verb_parser=<colcon_defaults.argument_parser.defaults.DefaultArgumentsDecorator object at 0x7f3209ce3310>, verb_extension=<colcon_core.verb.build.BuildVerb object at 0x7f3209ea85e0>, main=<bound method BuildVerb.main of <colcon_core.verb.build.BuildVerb object at 0x7f3209ea85e0>>)
[1.446s] Level 1:colcon.colcon_core.package_discovery:discover_packages(colcon_meta) check parameters
[1.447s] Level 1:colcon.colcon_core.package_discovery:discover_packages(recursive) check parameters
[1.447s] Level 1:colcon.colcon_core.package_discovery:discover_packages(ignore) check parameters
[1.447s] Level 1:colcon.colcon_core.package_discovery:discover_packages(path) check parameters
[1.447s] Level 1:colcon.colcon_core.package_discovery:discover_packages(colcon_meta) discover
[1.447s] Level 1:colcon.colcon_core.package_discovery:discover_packages(recursive) discover
[1.447s] INFO:colcon.colcon_core.package_discovery:Crawling recursively for packages in '/home/student/ros2_ws'
[1.448s] Level 1:colcon.colcon_core.package_identification:_identify(.) by extensions ['ignore', 'ignore_ament_install']
[1.448s] Level 1:colcon.colcon_core.package_identification:_identify(.) by extension 'ignore'
[1.448s] Level 1:colcon.colcon_core.package_identification:_identify(.) by extension 'ignore_ament_install'
[1.448s] Level 1:colcon.colcon_core.package_identification:_identify(.) by extensions ['colcon_pkg']
[1.448s] Level 1:colcon.colcon_core.package_identification:_identify(.) by extension 'colcon_pkg'
[1.448s] Level 1:colcon.colcon_core.package_identification:_identify(.) by extensions ['colcon_meta']
[1.448s] Level 1:colcon.colcon_core.package_identification:_identify(.) by extension 'colcon_meta'
[1.449s] Level 1:colcon.colcon_core.package_identification:_identify(.) by extensions ['ros']
[1.449s] Level 1:colcon.colcon_core.package_identification:_identify(.) by extension 'ros'
[1.484s] Level 1:colcon.colcon_core.package_identification:_identify(.) by extensions ['cmake', 'python']
[1.484s] Level 1:colcon.colcon_core.package_identification:_identify(.) by extension 'cmake'
[1.484s] Level 1:colcon.colcon_core.package_identification:_identify(.) by extension 'python'
[1.485s] Level 1:colcon.colcon_core.package_identification:_identify(.) by extensions ['python_setup_py']
[1.485s] Level 1:colcon.colcon_core.package_identification:_identify(.) by extension 'python_setup_py'
[1.485s] Level 1:colcon.colcon_core.package_identification:_identify(bags) by extensions ['ignore', 'ignore_ament_install']
[1.485s] Level 1:colcon.colcon_core.package_identification:_identify(bags) by extension 'ignore'
[1.485s] Level 1:colcon.colcon_core.package_identification:_identify(bags) by extension 'ignore_ament_install'
[1.486s] Level 1:colcon.colcon_core.package_identification:_identify(bags) by extensions ['colcon_pkg']
[1.486s] Level 1:colcon.colcon_core.package_identification:_identify(bags) by extension 'colcon_pkg'
[1.486s] Level 1:colcon.colcon_core.package_identification:_identify(bags) by extensions ['colcon_meta']
[1.486s] Level 1:colcon.colcon_core.package_identification:_identify(bags) by extension 'colcon_meta'
[1.486s] Level 1:colcon.colcon_core.package_identification:_identify(bags) by extensions ['ros']
[1.486s] Level 1:colcon.colcon_core.package_identification:_identify(bags) by extension 'ros'
[1.486s] Level 1:colcon.colcon_core.package_identification:_identify(bags) by extensions ['cmake', 'python']
[1.486s] Level 1:colcon.colcon_core.package_identification:_identify(bags) by extension 'cmake'
[1.487s] Level 1:colcon.colcon_core.package_identification:_identify(bags) by extension 'python'
[1.487s] Level 1:colcon.colcon_core.package_identification:_identify(bags) by extensions ['python_setup_py']
[1.487s] Level 1:colcon.colcon_core.package_identification:_identify(bags) by extension 'python_setup_py'
[1.487s] Level 1:colcon.colcon_core.package_identification:_identify(bags/turtlebot3_bag) by extensions ['ignore', 'ignore_ament_install']
[1.487s] Level 1:colcon.colcon_core.package_identification:_identify(bags/turtlebot3_bag) by extension 'ignore'
[1.487s] Level 1:colcon.colcon_core.package_identification:_identify(bags/turtlebot3_bag) by extension 'ignore_ament_install'
[1.488s] Level 1:colcon.colcon_core.package_identification:_identify(bags/turtlebot3_bag) by extensions ['colcon_pkg']
[1.488s] Level 1:colcon.colcon_core.package_identification:_identify(bags/turtlebot3_bag) by extension 'colcon_pkg'
[1.488s] Level 1:colcon.colcon_core.package_identification:_identify(bags/turtlebot3_bag) by extensions ['colcon_meta']
[1.488s] Level 1:colcon.colcon_core.package_identification:_identify(bags/turtlebot3_bag) by extension 'colcon_meta'
[1.488s] Level 1:colcon.colcon_core.package_identification:_identify(bags/turtlebot3_bag) by extensions ['ros']
[1.488s] Level 1:colcon.colcon_core.package_identification:_identify(bags/turtlebot3_bag) by extension 'ros'
[1.488s] Level 1:colcon.colcon_core.package_identification:_identify(bags/turtlebot3_bag) by extensions ['cmake', 'python']
[1.488s] Level 1:colcon.colcon_core.package_identification:_identify(bags/turtlebot3_bag) by extension 'cmake'
[1.489s] Level 1:colcon.colcon_core.package_identification:_identify(bags/turtlebot3_bag) by extension 'python'
[1.489s] Level 1:colcon.colcon_core.package_identification:_identify(bags/turtlebot3_bag) by extensions ['python_setup_py']
[1.489s] Level 1:colcon.colcon_core.package_identification:_identify(bags/turtlebot3_bag) by extension 'python_setup_py'
[1.489s] Level 1:colcon.colcon_core.package_identification:_identify(build) by extensions ['ignore', 'ignore_ament_install']
[1.489s] Level 1:colcon.colcon_core.package_identification:_identify(build) by extension 'ignore'
[1.489s] Level 1:colcon.colcon_core.package_identification:_identify(build) ignored
[1.490s] Level 1:colcon.colcon_core.package_identification:_identify(install) by extensions ['ignore', 'ignore_ament_install']
[1.490s] Level 1:colcon.colcon_core.package_identification:_identify(install) by extension 'ignore'
[1.490s] Level 1:colcon.colcon_core.package_identification:_identify(install) ignored
[1.491s] Level 1:colcon.colcon_core.package_identification:_identify(log) by extensions ['ignore', 'ignore_ament_install']
[1.491s] Level 1:colcon.colcon_core.package_identification:_identify(log) by extension 'ignore'
[1.491s] Level 1:colcon.colcon_core.package_identification:_identify(log) ignored
[1.491s] Level 1:colcon.colcon_core.package_identification:_identify(src) by extensions ['ignore', 'ignore_ament_install']
[1.491s] Level 1:colcon.colcon_core.package_identification:_identify(src) by extension 'ignore'
[1.491s] Level 1:colcon.colcon_core.package_identification:_identify(src) by extension 'ignore_ament_install'
[1.492s] Level 1:colcon.colcon_core.package_identification:_identify(src) by extensions ['colcon_pkg']
[1.492s] Level 1:colcon.colcon_core.package_identification:_identify(src) by extension 'colcon_pkg'
[1.492s] Level 1:colcon.colcon_core.package_identification:_identify(src) by extensions ['colcon_meta']
[1.492s] Level 1:colcon.colcon_core.package_identification:_identify(src) by extension 'colcon_meta'
[1.492s] Level 1:colcon.colcon_core.package_identification:_identify(src) by extensions ['ros']
[1.492s] Level 1:colcon.colcon_core.package_identification:_identify(src) by extension 'ros'
[1.492s] Level 1:colcon.colcon_core.package_identification:_identify(src) by extensions ['cmake', 'python']
[1.492s] Level 1:colcon.colcon_core.package_identification:_identify(src) by extension 'cmake'
[1.493s] Level 1:colcon.colcon_core.package_identification:_identify(src) by extension 'python'
[1.493s] Level 1:colcon.colcon_core.package_identification:_identify(src) by extensions ['python_setup_py']
[1.493s] Level 1:colcon.colcon_core.package_identification:_identify(src) by extension 'python_setup_py'
[1.493s] Level 1:colcon.colcon_core.package_identification:_identify(src/lidar_slam_mapping) by extensions ['ignore', 'ignore_ament_install']
[1.493s] Level 1:colcon.colcon_core.package_identification:_identify(src/lidar_slam_mapping) by extension 'ignore'
[1.493s] Level 1:colcon.colcon_core.package_identification:_identify(src/lidar_slam_mapping) by extension 'ignore_ament_install'
[1.494s] Level 1:colcon.colcon_core.package_identification:_identify(src/lidar_slam_mapping) by extensions ['colcon_pkg']
[1.494s] Level 1:colcon.colcon_core.package_identification:_identify(src/lidar_slam_mapping) by extension 'colcon_pkg'
[1.494s] Level 1:colcon.colcon_core.package_identification:_identify(src/lidar_slam_mapping) by extensions ['colcon_meta']
[1.494s] Level 1:colcon.colcon_core.package_identification:_identify(src/lidar_slam_mapping) by extension 'colcon_meta'
[1.494s] Level 1:colcon.colcon_core.package_identification:_identify(src/lidar_slam_mapping) by extensions ['ros']
[1.494s] Level 1:colcon.colcon_core.package_identification:_identify(src/lidar_slam_mapping) by extension 'ros'
[1.502s] DEBUG:colcon.colcon_core.package_identification:Package 'src/lidar_slam_mapping' with type 'ros.ament_python' and name 'lidar_slam_mapping'
[1.502s] Level 1:colcon.colcon_core.package_identification:_identify(src/object_recognition) by extensions ['ignore', 'ignore_ament_install']
[1.502s] Level 1:colcon.colcon_core.package_identification:_identify(src/object_recognition) by extension 'ignore'
[1.503s] Level 1:colcon.colcon_core.package_identification:_identify(src/object_recognition) by extension 'ignore_ament_install'
[1.503s] Level 1:colcon.colcon_core.package_identification:_identify(src/object_recognition) by extensions ['colcon_pkg']
[1.503s] Level 1:colcon.colcon_core.package_identification:_identify(src/object_recognition) by extension 'colcon_pkg'
[1.503s] Level 1:colcon.colcon_core.package_identification:_identify(src/object_recognition) by extensions ['colcon_meta']
[1.503s] Level 1:colcon.colcon_core.package_identification:_identify(src/object_recognition) by extension 'colcon_meta'
[1.503s] Level 1:colcon.colcon_core.package_identification:_identify(src/object_recognition) by extensions ['ros']
[1.503s] Level 1:colcon.colcon_core.package_identification:_identify(src/object_recognition) by extension 'ros'
[1.506s] DEBUG:colcon.colcon_core.package_identification:Package 'src/object_recognition' with type 'ros.ament_python' and name 'object_recognition'
[1.507s] Level 1:colcon.colcon_core.package_identification:_identify(src/rslidar_msg) by extensions ['ignore', 'ignore_ament_install']
[1.507s] Level 1:colcon.colcon_core.package_identification:_identify(src/rslidar_msg) by extension 'ignore'
[1.507s] Level 1:colcon.colcon_core.package_identification:_identify(src/rslidar_msg) by extension 'ignore_ament_install'
[1.507s] Level 1:colcon.colcon_core.package_identification:_identify(src/rslidar_msg) by extensions ['colcon_pkg']
[1.507s] Level 1:colcon.colcon_core.package_identification:_identify(src/rslidar_msg) by extension 'colcon_pkg'
[1.508s] Level 1:colcon.colcon_core.package_identification:_identify(src/rslidar_msg) by extensions ['colcon_meta']
[1.508s] Level 1:colcon.colcon_core.package_identification:_identify(src/rslidar_msg) by extension 'colcon_meta'
[1.508s] Level 1:colcon.colcon_core.package_identification:_identify(src/rslidar_msg) by extensions ['ros']
[1.508s] Level 1:colcon.colcon_core.package_identification:_identify(src/rslidar_msg) by extension 'ros'
[1.510s] DEBUG:colcon.colcon_core.package_identification:Package 'src/rslidar_msg' with type 'ros.ament_cmake' and name 'rslidar_msg'
[1.511s] Level 1:colcon.colcon_core.package_identification:_identify(src/rslidar_sdk) by extensions ['ignore', 'ignore_ament_install']
[1.511s] Level 1:colcon.colcon_core.package_identification:_identify(src/rslidar_sdk) by extension 'ignore'
[1.511s] Level 1:colcon.colcon_core.package_identification:_identify(src/rslidar_sdk) by extension 'ignore_ament_install'
[1.511s] Level 1:colcon.colcon_core.package_identification:_identify(src/rslidar_sdk) by extensions ['colcon_pkg']
[1.511s] Level 1:colcon.colcon_core.package_identification:_identify(src/rslidar_sdk) by extension 'colcon_pkg'
[1.511s] Level 1:colcon.colcon_core.package_identification:_identify(src/rslidar_sdk) by extensions ['colcon_meta']
[1.511s] Level 1:colcon.colcon_core.package_identification:_identify(src/rslidar_sdk) by extension 'colcon_meta'
[1.512s] Level 1:colcon.colcon_core.package_identification:_identify(src/rslidar_sdk) by extensions ['ros']
[1.512s] Level 1:colcon.colcon_core.package_identification:_identify(src/rslidar_sdk) by extension 'ros'
[1.569s] DEBUG:colcon.colcon_core.package_identification:Package 'src/rslidar_sdk' with type 'ros.ament_cmake' and name 'rslidar_sdk'
[1.570s] Level 1:colcon.colcon_core.package_identification:_identify(src/scout_ros2) by extensions ['ignore', 'ignore_ament_install']
[1.570s] Level 1:colcon.colcon_core.package_identification:_identify(src/scout_ros2) by extension 'ignore'
[1.570s] Level 1:colcon.colcon_core.package_identification:_identify(src/scout_ros2) by extension 'ignore_ament_install'
[1.571s] Level 1:colcon.colcon_core.package_identification:_identify(src/scout_ros2) by extensions ['colcon_pkg']
[1.571s] Level 1:colcon.colcon_core.package_identification:_identify(src/scout_ros2) by extension 'colcon_pkg'
[1.571s] Level 1:colcon.colcon_core.package_identification:_identify(src/scout_ros2) by extensions ['colcon_meta']
[1.571s] Level 1:colcon.colcon_core.package_identification:_identify(src/scout_ros2) by extension 'colcon_meta'
[1.571s] Level 1:colcon.colcon_core.package_identification:_identify(src/scout_ros2) by extensions ['ros']
[1.571s] Level 1:colcon.colcon_core.package_identification:_identify(src/scout_ros2) by extension 'ros'
[1.571s] Level 1:colcon.colcon_core.package_identification:_identify(src/scout_ros2) by extensions ['cmake', 'python']
[1.571s] Level 1:colcon.colcon_core.package_identification:_identify(src/scout_ros2) by extension 'cmake'
[1.572s] Level 1:colcon.colcon_core.package_identification:_identify(src/scout_ros2) by extension 'python'
[1.572s] Level 1:colcon.colcon_core.package_identification:_identify(src/scout_ros2) by extensions ['python_setup_py']
[1.572s] Level 1:colcon.colcon_core.package_identification:_identify(src/scout_ros2) by extension 'python_setup_py'
[1.572s] Level 1:colcon.colcon_core.package_identification:_identify(src/scout_ros2/scout_base) by extensions ['ignore', 'ignore_ament_install']
[1.572s] Level 1:colcon.colcon_core.package_identification:_identify(src/scout_ros2/scout_base) by extension 'ignore'
[1.572s] Level 1:colcon.colcon_core.package_identification:_identify(src/scout_ros2/scout_base) by extension 'ignore_ament_install'
[1.573s] Level 1:colcon.colcon_core.package_identification:_identify(src/scout_ros2/scout_base) by extensions ['colcon_pkg']
[1.573s] Level 1:colcon.colcon_core.package_identification:_identify(src/scout_ros2/scout_base) by extension 'colcon_pkg'
[1.573s] Level 1:colcon.colcon_core.package_identification:_identify(src/scout_ros2/scout_base) by extensions ['colcon_meta']
[1.573s] Level 1:colcon.colcon_core.package_identification:_identify(src/scout_ros2/scout_base) by extension 'colcon_meta'
[1.573s] Level 1:colcon.colcon_core.package_identification:_identify(src/scout_ros2/scout_base) by extensions ['ros']
[1.573s] Level 1:colcon.colcon_core.package_identification:_identify(src/scout_ros2/scout_base) by extension 'ros'
[1.581s] DEBUG:colcon.colcon_core.package_identification:Package 'src/scout_ros2/scout_base' with type 'ros.ament_cmake' and name 'scout_base'
[1.581s] Level 1:colcon.colcon_core.package_identification:_identify(src/scout_ros2/scout_description) by extensions ['ignore', 'ignore_ament_install']
[1.581s] Level 1:colcon.colcon_core.package_identification:_identify(src/scout_ros2/scout_description) by extension 'ignore'
[1.581s] Level 1:colcon.colcon_core.package_identification:_identify(src/scout_ros2/scout_description) by extension 'ignore_ament_install'
[1.582s] Level 1:colcon.colcon_core.package_identification:_identify(src/scout_ros2/scout_description) by extensions ['colcon_pkg']
[1.582s] Level 1:colcon.colcon_core.package_identification:_identify(src/scout_ros2/scout_description) by extension 'colcon_pkg'
[1.582s] Level 1:colcon.colcon_core.package_identification:_identify(src/scout_ros2/scout_description) by extensions ['colcon_meta']
[1.582s] Level 1:colcon.colcon_core.package_identification:_identify(src/scout_ros2/scout_description) by extension 'colcon_meta'
[1.582s] Level 1:colcon.colcon_core.package_identification:_identify(src/scout_ros2/scout_description) by extensions ['ros']
[1.582s] Level 1:colcon.colcon_core.package_identification:_identify(src/scout_ros2/scout_description) by extension 'ros'
[1.584s] DEBUG:colcon.colcon_core.package_identification:Package 'src/scout_ros2/scout_description' with type 'ros.ament_cmake' and name 'scout_description'
[1.584s] Level 1:colcon.colcon_core.package_identification:_identify(src/scout_ros2/scout_msgs) by extensions ['ignore', 'ignore_ament_install']
[1.585s] Level 1:colcon.colcon_core.package_identification:_identify(src/scout_ros2/scout_msgs) by extension 'ignore'
[1.585s] Level 1:colcon.colcon_core.package_identification:_identify(src/scout_ros2/scout_msgs) by extension 'ignore_ament_install'
[1.585s] Level 1:colcon.colcon_core.package_identification:_identify(src/scout_ros2/scout_msgs) by extensions ['colcon_pkg']
[1.585s] Level 1:colcon.colcon_core.package_identification:_identify(src/scout_ros2/scout_msgs) by extension 'colcon_pkg'
[1.585s] Level 1:colcon.colcon_core.package_identification:_identify(src/scout_ros2/scout_msgs) by extensions ['colcon_meta']
[1.585s] Level 1:colcon.colcon_core.package_identification:_identify(src/scout_ros2/scout_msgs) by extension 'colcon_meta'
[1.585s] Level 1:colcon.colcon_core.package_identification:_identify(src/scout_ros2/scout_msgs) by extensions ['ros']
[1.585s] Level 1:colcon.colcon_core.package_identification:_identify(src/scout_ros2/scout_msgs) by extension 'ros'
[1.587s] DEBUG:colcon.colcon_core.package_identification:Package 'src/scout_ros2/scout_msgs' with type 'ros.ament_cmake' and name 'scout_msgs'
[1.588s] Level 1:colcon.colcon_core.package_identification:_identify(src/ugv_sdk) by extensions ['ignore', 'ignore_ament_install']
[1.588s] Level 1:colcon.colcon_core.package_identification:_identify(src/ugv_sdk) by extension 'ignore'
[1.588s] Level 1:colcon.colcon_core.package_identification:_identify(src/ugv_sdk) by extension 'ignore_ament_install'
[1.588s] Level 1:colcon.colcon_core.package_identification:_identify(src/ugv_sdk) by extensions ['colcon_pkg']
[1.588s] Level 1:colcon.colcon_core.package_identification:_identify(src/ugv_sdk) by extension 'colcon_pkg'
[1.588s] Level 1:colcon.colcon_core.package_identification:_identify(src/ugv_sdk) by extensions ['colcon_meta']
[1.589s] Level 1:colcon.colcon_core.package_identification:_identify(src/ugv_sdk) by extension 'colcon_meta'
[1.589s] Level 1:colcon.colcon_core.package_identification:_identify(src/ugv_sdk) by extensions ['ros']
[1.589s] Level 1:colcon.colcon_core.package_identification:_identify(src/ugv_sdk) by extension 'ros'
[1.596s] DEBUG:colcon.colcon_core.package_identification:Package 'src/ugv_sdk' with type 'ros.catkin' and name 'ugv_sdk'
[1.596s] Level 1:colcon.colcon_core.package_discovery:discover_packages(recursive) using defaults
[1.596s] Level 1:colcon.colcon_core.package_discovery:discover_packages(ignore) discover
[1.597s] Level 1:colcon.colcon_core.package_discovery:discover_packages(ignore) using defaults
[1.597s] Level 1:colcon.colcon_core.package_discovery:discover_packages(path) discover
[1.597s] Level 1:colcon.colcon_core.package_discovery:discover_packages(path) using defaults
[1.678s] Level 1:colcon.colcon_core.package_discovery:discover_packages(prefix_path) check parameters
[1.678s] Level 1:colcon.colcon_core.package_discovery:discover_packages(prefix_path) discover
[1.682s] WARNING:colcon.colcon_ros.prefix_path.ament:The path '/home/student/ros2_ws/install/robot_control' in the environment variable AMENT_PREFIX_PATH doesn't exist
[1.682s] WARNING:colcon.colcon_ros.prefix_path.ament:The path '/home/student/ros2_ws/install/scout_base' in the environment variable AMENT_PREFIX_PATH doesn't exist
[1.682s] WARNING:colcon.colcon_ros.prefix_path.ament:The path '/home/student/ros2_ws/install/scout_msgs' in the environment variable AMENT_PREFIX_PATH doesn't exist
[1.682s] WARNING:colcon.colcon_ros.prefix_path.ament:The path '/home/student/ros2_ws/install/scout_description' in the environment variable AMENT_PREFIX_PATH doesn't exist
[1.682s] WARNING:colcon.colcon_ros.prefix_path.ament:The path '/home/student/ros2_ws/install/lidar_slam_mapping' in the environment variable AMENT_PREFIX_PATH doesn't exist
[1.683s] WARNING:colcon.colcon_ros.prefix_path.ament:The path '/home/student/ros2_ws/install/rslidar_sdk' in the environment variable AMENT_PREFIX_PATH doesn't exist
[1.683s] WARNING:colcon.colcon_ros.prefix_path.ament:The path '/home/student/ros2_ws/install/rslidar_msg' in the environment variable AMENT_PREFIX_PATH doesn't exist
[1.683s] WARNING:colcon.colcon_ros.prefix_path.ament:The path '/home/student/ros2_ws/install/object_recognition' in the environment variable AMENT_PREFIX_PATH doesn't exist
[1.683s] WARNING:colcon.colcon_ros.prefix_path.ament:The path '/home/student/ros2_ws/install/autonomous_driving' in the environment variable AMENT_PREFIX_PATH doesn't exist
[1.683s] WARNING:colcon.colcon_ros.prefix_path.catkin:The path '/home/student/ros2_ws/install/scout_base' in the environment variable CMAKE_PREFIX_PATH doesn't exist
[1.683s] WARNING:colcon.colcon_ros.prefix_path.catkin:The path '/home/student/ros2_ws/install/ugv_sdk' in the environment variable CMAKE_PREFIX_PATH doesn't exist
[1.684s] WARNING:colcon.colcon_ros.prefix_path.catkin:The path '/home/student/ros2_ws/install/scout_msgs' in the environment variable CMAKE_PREFIX_PATH doesn't exist
[1.684s] WARNING:colcon.colcon_ros.prefix_path.catkin:The path '/home/student/ros2_ws/install/scout_description' in the environment variable CMAKE_PREFIX_PATH doesn't exist
[1.684s] WARNING:colcon.colcon_ros.prefix_path.catkin:The path '/home/student/ros2_ws/install/rslidar_sdk' in the environment variable CMAKE_PREFIX_PATH doesn't exist
[1.684s] WARNING:colcon.colcon_ros.prefix_path.catkin:The path '/home/student/ros2_ws/install/rslidar_msg' in the environment variable CMAKE_PREFIX_PATH doesn't exist
[1.689s] DEBUG:colcon.colcon_installed_package_information.package_discovery:Found 0 installed packages in /home/student/ros2_ws/install
[1.694s] DEBUG:colcon.colcon_installed_package_information.package_discovery:Found 387 installed packages in /opt/ros/humble
[1.704s] Level 1:colcon.colcon_core.package_discovery:discover_packages(prefix_path) using defaults
[1.865s] Level 5:colcon.colcon_core.verb:set package 'object_recognition' build argument 'cmake_args' from command line to 'None'
[1.865s] Level 5:colcon.colcon_core.verb:set package 'object_recognition' build argument 'cmake_target' from command line to 'None'
[1.865s] Level 5:colcon.colcon_core.verb:set package 'object_recognition' build argument 'cmake_target_skip_unavailable' from command line to 'False'
[1.865s] Level 5:colcon.colcon_core.verb:set package 'object_recognition' build argument 'cmake_clean_cache' from command line to 'False'
[1.865s] Level 5:colcon.colcon_core.verb:set package 'object_recognition' build argument 'cmake_clean_first' from command line to 'False'
[1.865s] Level 5:colcon.colcon_core.verb:set package 'object_recognition' build argument 'cmake_force_configure' from command line to 'False'
[1.865s] Level 5:colcon.colcon_core.verb:set package 'object_recognition' build argument 'ament_cmake_args' from command line to 'None'
[1.866s] Level 5:colcon.colcon_core.verb:set package 'object_recognition' build argument 'catkin_cmake_args' from command line to 'None'
[1.866s] Level 5:colcon.colcon_core.verb:set package 'object_recognition' build argument 'catkin_skip_building_tests' from command line to 'False'
[1.866s] DEBUG:colcon.colcon_core.verb:Building package 'object_recognition' with the following arguments: {'ament_cmake_args': None, 'build_base': '/home/student/ros2_ws/build/object_recognition', 'catkin_cmake_args': None, 'catkin_skip_building_tests': False, 'cmake_args': None, 'cmake_clean_cache': False, 'cmake_clean_first': False, 'cmake_force_configure': False, 'cmake_target': None, 'cmake_target_skip_unavailable': False, 'install_base': '/home/student/ros2_ws/install/object_recognition', 'merge_install': False, 'path': '/home/student/ros2_ws/src/object_recognition', 'symlink_install': False, 'test_result_base': None}
[1.867s] Level 5:colcon.colcon_core.verb:set package 'rslidar_msg' build argument 'cmake_args' from command line to 'None'
[1.867s] Level 5:colcon.colcon_core.verb:set package 'rslidar_msg' build argument 'cmake_target' from command line to 'None'
[1.867s] Level 5:colcon.colcon_core.verb:set package 'rslidar_msg' build argument 'cmake_target_skip_unavailable' from command line to 'False'
[1.867s] Level 5:colcon.colcon_core.verb:set package 'rslidar_msg' build argument 'cmake_clean_cache' from command line to 'False'
[1.867s] Level 5:colcon.colcon_core.verb:set package 'rslidar_msg' build argument 'cmake_clean_first' from command line to 'False'
[1.867s] Level 5:colcon.colcon_core.verb:set package 'rslidar_msg' build argument 'cmake_force_configure' from command line to 'False'
[1.867s] Level 5:colcon.colcon_core.verb:set package 'rslidar_msg' build argument 'ament_cmake_args' from command line to 'None'
[1.867s] Level 5:colcon.colcon_core.verb:set package 'rslidar_msg' build argument 'catkin_cmake_args' from command line to 'None'
[1.867s] Level 5:colcon.colcon_core.verb:set package 'rslidar_msg' build argument 'catkin_skip_building_tests' from command line to 'False'
[1.868s] DEBUG:colcon.colcon_core.verb:Building package 'rslidar_msg' with the following arguments: {'ament_cmake_args': None, 'build_base': '/home/student/ros2_ws/build/rslidar_msg', 'catkin_cmake_args': None, 'catkin_skip_building_tests': False, 'cmake_args': None, 'cmake_clean_cache': False, 'cmake_clean_first': False, 'cmake_force_configure': False, 'cmake_target': None, 'cmake_target_skip_unavailable': False, 'install_base': '/home/student/ros2_ws/install/rslidar_msg', 'merge_install': False, 'path': '/home/student/ros2_ws/src/rslidar_msg', 'symlink_install': False, 'test_result_base': None}
[1.869s] Level 5:colcon.colcon_core.verb:set package 'scout_description' build argument 'cmake_args' from command line to 'None'
[1.869s] Level 5:colcon.colcon_core.verb:set package 'scout_description' build argument 'cmake_target' from command line to 'None'
[1.869s] Level 5:colcon.colcon_core.verb:set package 'scout_description' build argument 'cmake_target_skip_unavailable' from command line to 'False'
[1.869s] Level 5:colcon.colcon_core.verb:set package 'scout_description' build argument 'cmake_clean_cache' from command line to 'False'
[1.869s] Level 5:colcon.colcon_core.verb:set package 'scout_description' build argument 'cmake_clean_first' from command line to 'False'
[1.869s] Level 5:colcon.colcon_core.verb:set package 'scout_description' build argument 'cmake_force_configure' from command line to 'False'
[1.869s] Level 5:colcon.colcon_core.verb:set package 'scout_description' build argument 'ament_cmake_args' from command line to 'None'
[1.869s] Level 5:colcon.colcon_core.verb:set package 'scout_description' build argument 'catkin_cmake_args' from command line to 'None'
[1.869s] Level 5:colcon.colcon_core.verb:set package 'scout_description' build argument 'catkin_skip_building_tests' from command line to 'False'
[1.869s] DEBUG:colcon.colcon_core.verb:Building package 'scout_description' with the following arguments: {'ament_cmake_args': None, 'build_base': '/home/student/ros2_ws/build/scout_description', 'catkin_cmake_args': None, 'catkin_skip_building_tests': False, 'cmake_args': None, 'cmake_clean_cache': False, 'cmake_clean_first': False, 'cmake_force_configure': False, 'cmake_target': None, 'cmake_target_skip_unavailable': False, 'install_base': '/home/student/ros2_ws/install/scout_description', 'merge_install': False, 'path': '/home/student/ros2_ws/src/scout_ros2/scout_description', 'symlink_install': False, 'test_result_base': None}
[1.870s] Level 5:colcon.colcon_core.verb:set package 'scout_msgs' build argument 'cmake_args' from command line to 'None'
[1.871s] Level 5:colcon.colcon_core.verb:set package 'scout_msgs' build argument 'cmake_target' from command line to 'None'
[1.871s] Level 5:colcon.colcon_core.verb:set package 'scout_msgs' build argument 'cmake_target_skip_unavailable' from command line to 'False'
[1.871s] Level 5:colcon.colcon_core.verb:set package 'scout_msgs' build argument 'cmake_clean_cache' from command line to 'False'
[1.871s] Level 5:colcon.colcon_core.verb:set package 'scout_msgs' build argument 'cmake_clean_first' from command line to 'False'
[1.871s] Level 5:colcon.colcon_core.verb:set package 'scout_msgs' build argument 'cmake_force_configure' from command line to 'False'
[1.871s] Level 5:colcon.colcon_core.verb:set package 'scout_msgs' build argument 'ament_cmake_args' from command line to 'None'
[1.871s] Level 5:colcon.colcon_core.verb:set package 'scout_msgs' build argument 'catkin_cmake_args' from command line to 'None'
[1.871s] Level 5:colcon.colcon_core.verb:set package 'scout_msgs' build argument 'catkin_skip_building_tests' from command line to 'False'
[1.871s] DEBUG:colcon.colcon_core.verb:Building package 'scout_msgs' with the following arguments: {'ament_cmake_args': None, 'build_base': '/home/student/ros2_ws/build/scout_msgs', 'catkin_cmake_args': None, 'catkin_skip_building_tests': False, 'cmake_args': None, 'cmake_clean_cache': False, 'cmake_clean_first': False, 'cmake_force_configure': False, 'cmake_target': None, 'cmake_target_skip_unavailable': False, 'install_base': '/home/student/ros2_ws/install/scout_msgs', 'merge_install': False, 'path': '/home/student/ros2_ws/src/scout_ros2/scout_msgs', 'symlink_install': False, 'test_result_base': None}
[1.872s] Level 5:colcon.colcon_core.verb:set package 'ugv_sdk' build argument 'cmake_args' from command line to 'None'
[1.872s] Level 5:colcon.colcon_core.verb:set package 'ugv_sdk' build argument 'cmake_target' from command line to 'None'
[1.873s] Level 5:colcon.colcon_core.verb:set package 'ugv_sdk' build argument 'cmake_target_skip_unavailable' from command line to 'False'
[1.873s] Level 5:colcon.colcon_core.verb:set package 'ugv_sdk' build argument 'cmake_clean_cache' from command line to 'False'
[1.873s] Level 5:colcon.colcon_core.verb:set package 'ugv_sdk' build argument 'cmake_clean_first' from command line to 'False'
[1.873s] Level 5:colcon.colcon_core.verb:set package 'ugv_sdk' build argument 'cmake_force_configure' from command line to 'False'
[1.873s] Level 5:colcon.colcon_core.verb:set package 'ugv_sdk' build argument 'ament_cmake_args' from command line to 'None'
[1.873s] Level 5:colcon.colcon_core.verb:set package 'ugv_sdk' build argument 'catkin_cmake_args' from command line to 'None'
[1.873s] Level 5:colcon.colcon_core.verb:set package 'ugv_sdk' build argument 'catkin_skip_building_tests' from command line to 'False'
[1.873s] DEBUG:colcon.colcon_core.verb:Building package 'ugv_sdk' with the following arguments: {'ament_cmake_args': None, 'build_base': '/home/student/ros2_ws/build/ugv_sdk', 'catkin_cmake_args': None, 'catkin_skip_building_tests': False, 'cmake_args': None, 'cmake_clean_cache': False, 'cmake_clean_first': False, 'cmake_force_configure': False, 'cmake_target': None, 'cmake_target_skip_unavailable': False, 'install_base': '/home/student/ros2_ws/install/ugv_sdk', 'merge_install': False, 'path': '/home/student/ros2_ws/src/ugv_sdk', 'symlink_install': False, 'test_result_base': None}
[1.874s] Level 5:colcon.colcon_core.verb:set package 'rslidar_sdk' build argument 'cmake_args' from command line to 'None'
[1.874s] Level 5:colcon.colcon_core.verb:set package 'rslidar_sdk' build argument 'cmake_target' from command line to 'None'
[1.874s] Level 5:colcon.colcon_core.verb:set package 'rslidar_sdk' build argument 'cmake_target_skip_unavailable' from command line to 'False'
[1.874s] Level 5:colcon.colcon_core.verb:set package 'rslidar_sdk' build argument 'cmake_clean_cache' from command line to 'False'
[1.874s] Level 5:colcon.colcon_core.verb:set package 'rslidar_sdk' build argument 'cmake_clean_first' from command line to 'False'
[1.875s] Level 5:colcon.colcon_core.verb:set package 'rslidar_sdk' build argument 'cmake_force_configure' from command line to 'False'
[1.875s] Level 5:colcon.colcon_core.verb:set package 'rslidar_sdk' build argument 'ament_cmake_args' from command line to 'None'
[1.875s] Level 5:colcon.colcon_core.verb:set package 'rslidar_sdk' build argument 'catkin_cmake_args' from command line to 'None'
[1.875s] Level 5:colcon.colcon_core.verb:set package 'rslidar_sdk' build argument 'catkin_skip_building_tests' from command line to 'False'
[1.875s] DEBUG:colcon.colcon_core.verb:Building package 'rslidar_sdk' with the following arguments: {'ament_cmake_args': None, 'build_base': '/home/student/ros2_ws/build/rslidar_sdk', 'catkin_cmake_args': None, 'catkin_skip_building_tests': False, 'cmake_args': None, 'cmake_clean_cache': False, 'cmake_clean_first': False, 'cmake_force_configure': False, 'cmake_target': None, 'cmake_target_skip_unavailable': False, 'install_base': '/home/student/ros2_ws/install/rslidar_sdk', 'merge_install': False, 'path': '/home/student/ros2_ws/src/rslidar_sdk', 'symlink_install': False, 'test_result_base': None}
[1.876s] Level 5:colcon.colcon_core.verb:set package 'scout_base' build argument 'cmake_args' from command line to 'None'
[1.876s] Level 5:colcon.colcon_core.verb:set package 'scout_base' build argument 'cmake_target' from command line to 'None'
[1.876s] Level 5:colcon.colcon_core.verb:set package 'scout_base' build argument 'cmake_target_skip_unavailable' from command line to 'False'
[1.876s] Level 5:colcon.colcon_core.verb:set package 'scout_base' build argument 'cmake_clean_cache' from command line to 'False'
[1.876s] Level 5:colcon.colcon_core.verb:set package 'scout_base' build argument 'cmake_clean_first' from command line to 'False'
[1.876s] Level 5:colcon.colcon_core.verb:set package 'scout_base' build argument 'cmake_force_configure' from command line to 'False'
[1.876s] Level 5:colcon.colcon_core.verb:set package 'scout_base' build argument 'ament_cmake_args' from command line to 'None'
[1.878s] Level 5:colcon.colcon_core.verb:set package 'scout_base' build argument 'catkin_cmake_args' from command line to 'None'
[1.878s] Level 5:colcon.colcon_core.verb:set package 'scout_base' build argument 'catkin_skip_building_tests' from command line to 'False'
[1.878s] DEBUG:colcon.colcon_core.verb:Building package 'scout_base' with the following arguments: {'ament_cmake_args': None, 'build_base': '/home/student/ros2_ws/build/scout_base', 'catkin_cmake_args': None, 'catkin_skip_building_tests': False, 'cmake_args': None, 'cmake_clean_cache': False, 'cmake_clean_first': False, 'cmake_force_configure': False, 'cmake_target': None, 'cmake_target_skip_unavailable': False, 'install_base': '/home/student/ros2_ws/install/scout_base', 'merge_install': False, 'path': '/home/student/ros2_ws/src/scout_ros2/scout_base', 'symlink_install': False, 'test_result_base': None}
[1.880s] Level 5:colcon.colcon_core.verb:set package 'lidar_slam_mapping' build argument 'cmake_args' from command line to 'None'
[1.880s] Level 5:colcon.colcon_core.verb:set package 'lidar_slam_mapping' build argument 'cmake_target' from command line to 'None'
[1.880s] Level 5:colcon.colcon_core.verb:set package 'lidar_slam_mapping' build argument 'cmake_target_skip_unavailable' from command line to 'False'
[1.880s] Level 5:colcon.colcon_core.verb:set package 'lidar_slam_mapping' build argument 'cmake_clean_cache' from command line to 'False'
[1.880s] Level 5:colcon.colcon_core.verb:set package 'lidar_slam_mapping' build argument 'cmake_clean_first' from command line to 'False'
[1.880s] Level 5:colcon.colcon_core.verb:set package 'lidar_slam_mapping' build argument 'cmake_force_configure' from command line to 'False'
[1.880s] Level 5:colcon.colcon_core.verb:set package 'lidar_slam_mapping' build argument 'ament_cmake_args' from command line to 'None'
[1.880s] Level 5:colcon.colcon_core.verb:set package 'lidar_slam_mapping' build argument 'catkin_cmake_args' from command line to 'None'
[1.880s] Level 5:colcon.colcon_core.verb:set package 'lidar_slam_mapping' build argument 'catkin_skip_building_tests' from command line to 'False'
[1.880s] DEBUG:colcon.colcon_core.verb:Building package 'lidar_slam_mapping' with the following arguments: {'ament_cmake_args': None, 'build_base': '/home/student/ros2_ws/build/lidar_slam_mapping', 'catkin_cmake_args': None, 'catkin_skip_building_tests': False, 'cmake_args': None, 'cmake_clean_cache': False, 'cmake_clean_first': False, 'cmake_force_configure': False, 'cmake_target': None, 'cmake_target_skip_unavailable': False, 'install_base': '/home/student/ros2_ws/install/lidar_slam_mapping', 'merge_install': False, 'path': '/home/student/ros2_ws/src/lidar_slam_mapping', 'symlink_install': False, 'test_result_base': None}
[1.881s] INFO:colcon.colcon_core.executor:Executing jobs using 'parallel' executor
[1.883s] DEBUG:colcon.colcon_parallel_executor.executor.parallel:run_until_complete
[1.883s] INFO:colcon.colcon_ros.task.ament_cmake.build:Building ROS package in '/home/student/ros2_ws/src/rslidar_msg' with build type 'ament_cmake'
[1.884s] INFO:colcon.colcon_cmake.task.cmake.build:Building CMake package in '/home/student/ros2_ws/src/rslidar_msg'
[1.892s] INFO:colcon.colcon_core.plugin_system:Skipping extension 'colcon_core.shell.bat': Not used on non-Windows systems
[1.893s] INFO:colcon.colcon_core.shell:Skip shell extension 'powershell' for command environment: Not usable outside of PowerShell
[1.893s] DEBUG:colcon.colcon_core.shell:Skip shell extension 'dsv' for command environment
[1.905s] INFO:colcon.colcon_ros.task.ament_cmake.build:Building ROS package in '/home/student/ros2_ws/src/scout_ros2/scout_msgs' with build type 'ament_cmake'
[1.905s] INFO:colcon.colcon_cmake.task.cmake.build:Building CMake package in '/home/student/ros2_ws/src/scout_ros2/scout_msgs'
[1.906s] INFO:colcon.colcon_core.shell:Skip shell extension 'powershell' for command environment: Not usable outside of PowerShell
[1.906s] DEBUG:colcon.colcon_core.shell:Skip shell extension 'dsv' for command environment
[1.929s] DEBUG:colcon.colcon_core.event_handler.log_command:Invoking command in '/home/student/ros2_ws/build/rslidar_msg': CMAKE_PREFIX_PATH=${CMAKE_PREFIX_PATH}:/home/student/ros2_ws/install/robot_control:/home/student/ros2_ws/install/lidar_slam_mapping:/home/student/ros2_ws/install/object_recognition:/home/student/ros2_ws/install/autonomous_driving:/opt/ros/humble /usr/bin/cmake /home/student/ros2_ws/src/rslidar_msg -DCMAKE_INSTALL_PREFIX=/home/student/ros2_ws/install/rslidar_msg
[1.960s] DEBUG:colcon.colcon_core.event_handler.log_command:Invoking command in '/home/student/ros2_ws/build/scout_msgs': CMAKE_PREFIX_PATH=${CMAKE_PREFIX_PATH}:/home/student/ros2_ws/install/robot_control:/home/student/ros2_ws/install/lidar_slam_mapping:/home/student/ros2_ws/install/object_recognition:/home/student/ros2_ws/install/autonomous_driving:/opt/ros/humble /usr/bin/cmake /home/student/ros2_ws/src/scout_ros2/scout_msgs -DCMAKE_INSTALL_PREFIX=/home/student/ros2_ws/install/scout_msgs
[9.282s] DEBUG:colcon.colcon_core.event_handler.log_command:Invoked command in '/home/student/ros2_ws/build/scout_msgs' returned '0': CMAKE_PREFIX_PATH=${CMAKE_PREFIX_PATH}:/home/student/ros2_ws/install/robot_control:/home/student/ros2_ws/install/lidar_slam_mapping:/home/student/ros2_ws/install/object_recognition:/home/student/ros2_ws/install/autonomous_driving:/opt/ros/humble /usr/bin/cmake /home/student/ros2_ws/src/scout_ros2/scout_msgs -DCMAKE_INSTALL_PREFIX=/home/student/ros2_ws/install/scout_msgs
[9.284s] DEBUG:colcon.colcon_core.event_handler.log_command:Invoking command in '/home/student/ros2_ws/build/scout_msgs': CMAKE_PREFIX_PATH=${CMAKE_PREFIX_PATH}:/home/student/ros2_ws/install/robot_control:/home/student/ros2_ws/install/lidar_slam_mapping:/home/student/ros2_ws/install/object_recognition:/home/student/ros2_ws/install/autonomous_driving:/opt/ros/humble /usr/bin/cmake --build /home/student/ros2_ws/build/scout_msgs -- -j2 -l2
[10.271s] DEBUG:colcon.colcon_core.event_handler.log_command:Invoked command in '/home/student/ros2_ws/build/rslidar_msg' returned '0': CMAKE_PREFIX_PATH=${CMAKE_PREFIX_PATH}:/home/student/ros2_ws/install/robot_control:/home/student/ros2_ws/install/lidar_slam_mapping:/home/student/ros2_ws/install/object_recognition:/home/student/ros2_ws/install/autonomous_driving:/opt/ros/humble /usr/bin/cmake /home/student/ros2_ws/src/rslidar_msg -DCMAKE_INSTALL_PREFIX=/home/student/ros2_ws/install/rslidar_msg
[10.272s] DEBUG:colcon.colcon_core.event_handler.log_command:Invoking command in '/home/student/ros2_ws/build/rslidar_msg': CMAKE_PREFIX_PATH=${CMAKE_PREFIX_PATH}:/home/student/ros2_ws/install/robot_control:/home/student/ros2_ws/install/lidar_slam_mapping:/home/student/ros2_ws/install/object_recognition:/home/student/ros2_ws/install/autonomous_driving:/opt/ros/humble /usr/bin/cmake --build /home/student/ros2_ws/build/rslidar_msg -- -j2 -l2
[27.632s] DEBUG:colcon.colcon_core.event_handler.log_command:Invoked command in '/home/student/ros2_ws/build/rslidar_msg' returned '0': CMAKE_PREFIX_PATH=${CMAKE_PREFIX_PATH}:/home/student/ros2_ws/install/robot_control:/home/student/ros2_ws/install/lidar_slam_mapping:/home/student/ros2_ws/install/object_recognition:/home/student/ros2_ws/install/autonomous_driving:/opt/ros/humble /usr/bin/cmake --build /home/student/ros2_ws/build/rslidar_msg -- -j2 -l2
[27.658s] DEBUG:colcon.colcon_core.event_handler.log_command:Invoking command in '/home/student/ros2_ws/build/rslidar_msg': CMAKE_PREFIX_PATH=${CMAKE_PREFIX_PATH}:/home/student/ros2_ws/install/robot_control:/home/student/ros2_ws/install/lidar_slam_mapping:/home/student/ros2_ws/install/object_recognition:/home/student/ros2_ws/install/autonomous_driving:/opt/ros/humble /usr/bin/cmake --install /home/student/ros2_ws/build/rslidar_msg
[28.075s] Level 1:colcon.colcon_core.environment:create_environment_scripts_only(rslidar_msg)
[28.077s] DEBUG:colcon.colcon_core.event_handler.log_command:Invoked command in '/home/student/ros2_ws/build/rslidar_msg' returned '0': CMAKE_PREFIX_PATH=${CMAKE_PREFIX_PATH}:/home/student/ros2_ws/install/robot_control:/home/student/ros2_ws/install/lidar_slam_mapping:/home/student/ros2_ws/install/object_recognition:/home/student/ros2_ws/install/autonomous_driving:/opt/ros/humble /usr/bin/cmake --install /home/student/ros2_ws/build/rslidar_msg
[28.088s] Level 1:colcon.colcon_core.environment:checking '/home/student/ros2_ws/install/rslidar_msg' for CMake module files
[28.091s] Level 1:colcon.colcon_core.environment:checking '/home/student/ros2_ws/install/rslidar_msg' for CMake config files
[28.093s] Level 1:colcon.colcon_core.shell:create_environment_hook('rslidar_msg', 'cmake_prefix_path')
[28.093s] INFO:colcon.colcon_core.shell:Creating environment hook '/home/student/ros2_ws/install/rslidar_msg/share/rslidar_msg/hook/cmake_prefix_path.ps1'
[28.097s] INFO:colcon.colcon_core.shell:Creating environment descriptor '/home/student/ros2_ws/install/rslidar_msg/share/rslidar_msg/hook/cmake_prefix_path.dsv'
[28.099s] INFO:colcon.colcon_core.shell:Creating environment hook '/home/student/ros2_ws/install/rslidar_msg/share/rslidar_msg/hook/cmake_prefix_path.sh'
[28.102s] Level 1:colcon.colcon_core.environment:checking '/home/student/ros2_ws/install/rslidar_msg/lib'
[28.103s] Level 1:colcon.colcon_core.shell:create_environment_hook('rslidar_msg', 'ld_library_path_lib')
[28.104s] INFO:colcon.colcon_core.shell:Creating environment hook '/home/student/ros2_ws/install/rslidar_msg/share/rslidar_msg/hook/ld_library_path_lib.ps1'
[28.106s] INFO:colcon.colcon_core.shell:Creating environment descriptor '/home/student/ros2_ws/install/rslidar_msg/share/rslidar_msg/hook/ld_library_path_lib.dsv'
[28.108s] INFO:colcon.colcon_core.shell:Creating environment hook '/home/student/ros2_ws/install/rslidar_msg/share/rslidar_msg/hook/ld_library_path_lib.sh'
[28.110s] Level 1:colcon.colcon_core.environment:checking '/home/student/ros2_ws/install/rslidar_msg/bin'
[28.110s] Level 1:colcon.colcon_core.environment:checking '/home/student/ros2_ws/install/rslidar_msg/lib/pkgconfig/rslidar_msg.pc'
[28.111s] Level 1:colcon.colcon_core.environment:checking '/home/student/ros2_ws/install/rslidar_msg/lib/python3.10/site-packages'
[28.112s] Level 1:colcon.colcon_core.environment:checking '/home/student/ros2_ws/install/rslidar_msg/bin'
[28.113s] INFO:colcon.colcon_core.shell:Creating package script '/home/student/ros2_ws/install/rslidar_msg/share/rslidar_msg/package.ps1'
[28.117s] INFO:colcon.colcon_core.shell:Creating package descriptor '/home/student/ros2_ws/install/rslidar_msg/share/rslidar_msg/package.dsv'
[28.120s] INFO:colcon.colcon_core.shell:Creating package script '/home/student/ros2_ws/install/rslidar_msg/share/rslidar_msg/package.sh'
[28.123s] INFO:colcon.colcon_core.shell:Creating package script '/home/student/ros2_ws/install/rslidar_msg/share/rslidar_msg/package.bash'
[28.126s] INFO:colcon.colcon_core.shell:Creating package script '/home/student/ros2_ws/install/rslidar_msg/share/rslidar_msg/package.zsh'
[28.129s] Level 1:colcon.colcon_core.environment:create_file_with_runtime_dependencies(/home/student/ros2_ws/install/rslidar_msg/share/colcon-core/packages/rslidar_msg)
[28.132s] Level 1:colcon.colcon_core.environment:create_environment_scripts_only(rslidar_msg)
[28.132s] Level 1:colcon.colcon_core.environment:checking '/home/student/ros2_ws/install/rslidar_msg' for CMake module files
[28.134s] Level 1:colcon.colcon_core.environment:checking '/home/student/ros2_ws/install/rslidar_msg' for CMake config files
[28.136s] Level 1:colcon.colcon_core.shell:create_environment_hook('rslidar_msg', 'cmake_prefix_path')
[28.136s] INFO:colcon.colcon_core.shell:Creating environment hook '/home/student/ros2_ws/install/rslidar_msg/share/rslidar_msg/hook/cmake_prefix_path.ps1'
[28.138s] INFO:colcon.colcon_core.shell:Creating environment descriptor '/home/student/ros2_ws/install/rslidar_msg/share/rslidar_msg/hook/cmake_prefix_path.dsv'
[28.144s] INFO:colcon.colcon_core.shell:Creating environment hook '/home/student/ros2_ws/install/rslidar_msg/share/rslidar_msg/hook/cmake_prefix_path.sh'
[28.148s] Level 1:colcon.colcon_core.environment:checking '/home/student/ros2_ws/install/rslidar_msg/lib'
[28.149s] Level 1:colcon.colcon_core.shell:create_environment_hook('rslidar_msg', 'ld_library_path_lib')
[28.149s] INFO:colcon.colcon_core.shell:Creating environment hook '/home/student/ros2_ws/install/rslidar_msg/share/rslidar_msg/hook/ld_library_path_lib.ps1'
[28.152s] INFO:colcon.colcon_core.shell:Creating environment descriptor '/home/student/ros2_ws/install/rslidar_msg/share/rslidar_msg/hook/ld_library_path_lib.dsv'
[28.154s] INFO:colcon.colcon_core.shell:Creating environment hook '/home/student/ros2_ws/install/rslidar_msg/share/rslidar_msg/hook/ld_library_path_lib.sh'
[28.158s] Level 1:colcon.colcon_core.environment:checking '/home/student/ros2_ws/install/rslidar_msg/bin'
[28.158s] Level 1:colcon.colcon_core.environment:checking '/home/student/ros2_ws/install/rslidar_msg/lib/pkgconfig/rslidar_msg.pc'
[28.159s] Level 1:colcon.colcon_core.environment:checking '/home/student/ros2_ws/install/rslidar_msg/lib/python3.10/site-packages'
[28.160s] Level 1:colcon.colcon_core.environment:checking '/home/student/ros2_ws/install/rslidar_msg/bin'
[28.161s] INFO:colcon.colcon_core.shell:Creating package script '/home/student/ros2_ws/install/rslidar_msg/share/rslidar_msg/package.ps1'
[28.164s] INFO:colcon.colcon_core.shell:Creating package descriptor '/home/student/ros2_ws/install/rslidar_msg/share/rslidar_msg/package.dsv'
[28.166s] INFO:colcon.colcon_core.shell:Creating package script '/home/student/ros2_ws/install/rslidar_msg/share/rslidar_msg/package.sh'
[28.168s] INFO:colcon.colcon_core.shell:Creating package script '/home/student/ros2_ws/install/rslidar_msg/share/rslidar_msg/package.bash'
[28.170s] INFO:colcon.colcon_core.shell:Creating package script '/home/student/ros2_ws/install/rslidar_msg/share/rslidar_msg/package.zsh'
[28.172s] Level 1:colcon.colcon_core.environment:create_file_with_runtime_dependencies(/home/student/ros2_ws/install/rslidar_msg/share/colcon-core/packages/rslidar_msg)
[28.175s] INFO:colcon.colcon_ros.task.catkin.build:Building ROS package in '/home/student/ros2_ws/src/ugv_sdk' with build type 'catkin'
[28.176s] INFO:colcon.colcon_cmake.task.cmake.build:Building CMake package in '/home/student/ros2_ws/src/ugv_sdk'
[28.177s] INFO:colcon.colcon_core.shell:Skip shell extension 'powershell' for command environment: Not usable outside of PowerShell
[28.177s] DEBUG:colcon.colcon_core.shell:Skip shell extension 'dsv' for command environment
[28.232s] DEBUG:colcon.colcon_core.event_handler.log_command:Invoking command in '/home/student/ros2_ws/build/ugv_sdk': /usr/bin/cmake /home/student/ros2_ws/src/ugv_sdk -DCATKIN_INSTALL_INTO_PREFIX_ROOT=0 -DCMAKE_INSTALL_PREFIX=/home/student/ros2_ws/install/ugv_sdk
[29.891s] DEBUG:colcon.colcon_core.event_handler.log_command:Invoked command in '/home/student/ros2_ws/build/ugv_sdk' returned '0': /usr/bin/cmake /home/student/ros2_ws/src/ugv_sdk -DCATKIN_INSTALL_INTO_PREFIX_ROOT=0 -DCMAKE_INSTALL_PREFIX=/home/student/ros2_ws/install/ugv_sdk
[29.895s] DEBUG:colcon.colcon_core.event_handler.log_command:Invoking command in '/home/student/ros2_ws/build/ugv_sdk': /usr/bin/cmake --build /home/student/ros2_ws/build/ugv_sdk -- -j2 -l2
[60.949s] DEBUG:colcon.colcon_core.event_handler.log_command:Invoked command in '/home/student/ros2_ws/build/scout_msgs' returned '0': CMAKE_PREFIX_PATH=${CMAKE_PREFIX_PATH}:/home/student/ros2_ws/install/robot_control:/home/student/ros2_ws/install/lidar_slam_mapping:/home/student/ros2_ws/install/object_recognition:/home/student/ros2_ws/install/autonomous_driving:/opt/ros/humble /usr/bin/cmake --build /home/student/ros2_ws/build/scout_msgs -- -j2 -l2
[60.951s] DEBUG:colcon.colcon_core.event_handler.log_command:Invoking command in '/home/student/ros2_ws/build/scout_msgs': CMAKE_PREFIX_PATH=${CMAKE_PREFIX_PATH}:/home/student/ros2_ws/install/robot_control:/home/student/ros2_ws/install/lidar_slam_mapping:/home/student/ros2_ws/install/object_recognition:/home/student/ros2_ws/install/autonomous_driving:/opt/ros/humble /usr/bin/cmake --install /home/student/ros2_ws/build/scout_msgs
[61.607s] Level 1:colcon.colcon_core.environment:create_environment_scripts_only(scout_msgs)
[61.608s] Level 1:colcon.colcon_core.environment:checking '/home/student/ros2_ws/install/scout_msgs' for CMake module files
[61.616s] DEBUG:colcon.colcon_core.event_handler.log_command:Invoked command in '/home/student/ros2_ws/build/scout_msgs' returned '0': CMAKE_PREFIX_PATH=${CMAKE_PREFIX_PATH}:/home/student/ros2_ws/install/robot_control:/home/student/ros2_ws/install/lidar_slam_mapping:/home/student/ros2_ws/install/object_recognition:/home/student/ros2_ws/install/autonomous_driving:/opt/ros/humble /usr/bin/cmake --install /home/student/ros2_ws/build/scout_msgs
[61.616s] Level 1:colcon.colcon_core.environment:checking '/home/student/ros2_ws/install/scout_msgs' for CMake config files
[61.618s] Level 1:colcon.colcon_core.shell:create_environment_hook('scout_msgs', 'cmake_prefix_path')
[61.619s] INFO:colcon.colcon_core.shell:Creating environment hook '/home/student/ros2_ws/install/scout_msgs/share/scout_msgs/hook/cmake_prefix_path.ps1'
[61.620s] INFO:colcon.colcon_core.shell:Creating environment descriptor '/home/student/ros2_ws/install/scout_msgs/share/scout_msgs/hook/cmake_prefix_path.dsv'
[61.630s] INFO:colcon.colcon_core.shell:Creating environment hook '/home/student/ros2_ws/install/scout_msgs/share/scout_msgs/hook/cmake_prefix_path.sh'
[61.632s] Level 1:colcon.colcon_core.environment:checking '/home/student/ros2_ws/install/scout_msgs/lib'
[61.632s] Level 1:colcon.colcon_core.shell:create_environment_hook('scout_msgs', 'ld_library_path_lib')
[61.633s] INFO:colcon.colcon_core.shell:Creating environment hook '/home/student/ros2_ws/install/scout_msgs/share/scout_msgs/hook/ld_library_path_lib.ps1'
[61.641s] INFO:colcon.colcon_core.shell:Creating environment descriptor '/home/student/ros2_ws/install/scout_msgs/share/scout_msgs/hook/ld_library_path_lib.dsv'
[61.643s] INFO:colcon.colcon_core.shell:Creating environment hook '/home/student/ros2_ws/install/scout_msgs/share/scout_msgs/hook/ld_library_path_lib.sh'
[61.644s] Level 1:colcon.colcon_core.environment:checking '/home/student/ros2_ws/install/scout_msgs/bin'
[61.644s] Level 1:colcon.colcon_core.environment:checking '/home/student/ros2_ws/install/scout_msgs/lib/pkgconfig/scout_msgs.pc'
[61.644s] Level 1:colcon.colcon_core.environment:checking '/home/student/ros2_ws/install/scout_msgs/lib/python3.10/site-packages'
[61.645s] Level 1:colcon.colcon_core.environment:checking '/home/student/ros2_ws/install/scout_msgs/bin'
[61.646s] INFO:colcon.colcon_core.shell:Creating package script '/home/student/ros2_ws/install/scout_msgs/share/scout_msgs/package.ps1'
[61.647s] INFO:colcon.colcon_core.shell:Creating package descriptor '/home/student/ros2_ws/install/scout_msgs/share/scout_msgs/package.dsv'
[61.648s] INFO:colcon.colcon_core.shell:Creating package script '/home/student/ros2_ws/install/scout_msgs/share/scout_msgs/package.sh'
[61.662s] INFO:colcon.colcon_core.shell:Creating package script '/home/student/ros2_ws/install/scout_msgs/share/scout_msgs/package.bash'
[61.663s] INFO:colcon.colcon_core.shell:Creating package script '/home/student/ros2_ws/install/scout_msgs/share/scout_msgs/package.zsh'
[61.664s] Level 1:colcon.colcon_core.environment:create_file_with_runtime_dependencies(/home/student/ros2_ws/install/scout_msgs/share/colcon-core/packages/scout_msgs)
[61.674s] Level 1:colcon.colcon_core.environment:create_environment_scripts_only(scout_msgs)
[61.675s] Level 1:colcon.colcon_core.environment:checking '/home/student/ros2_ws/install/scout_msgs' for CMake module files
[61.676s] Level 1:colcon.colcon_core.environment:checking '/home/student/ros2_ws/install/scout_msgs' for CMake config files
[61.678s] Level 1:colcon.colcon_core.shell:create_environment_hook('scout_msgs', 'cmake_prefix_path')
[61.678s] INFO:colcon.colcon_core.shell:Creating environment hook '/home/student/ros2_ws/install/scout_msgs/share/scout_msgs/hook/cmake_prefix_path.ps1'
[61.680s] INFO:colcon.colcon_core.shell:Creating environment descriptor '/home/student/ros2_ws/install/scout_msgs/share/scout_msgs/hook/cmake_prefix_path.dsv'
[61.680s] INFO:colcon.colcon_core.shell:Creating environment hook '/home/student/ros2_ws/install/scout_msgs/share/scout_msgs/hook/cmake_prefix_path.sh'
[61.694s] Level 1:colcon.colcon_core.environment:checking '/home/student/ros2_ws/install/scout_msgs/lib'
[61.694s] Level 1:colcon.colcon_core.shell:create_environment_hook('scout_msgs', 'ld_library_path_lib')
[61.695s] INFO:colcon.colcon_core.shell:Creating environment hook '/home/student/ros2_ws/install/scout_msgs/share/scout_msgs/hook/ld_library_path_lib.ps1'
[61.702s] INFO:colcon.colcon_core.shell:Creating environment descriptor '/home/student/ros2_ws/install/scout_msgs/share/scout_msgs/hook/ld_library_path_lib.dsv'
[61.703s] INFO:colcon.colcon_core.shell:Creating environment hook '/home/student/ros2_ws/install/scout_msgs/share/scout_msgs/hook/ld_library_path_lib.sh'
[61.704s] Level 1:colcon.colcon_core.environment:checking '/home/student/ros2_ws/install/scout_msgs/bin'
[61.704s] Level 1:colcon.colcon_core.environment:checking '/home/student/ros2_ws/install/scout_msgs/lib/pkgconfig/scout_msgs.pc'
[61.705s] Level 1:colcon.colcon_core.environment:checking '/home/student/ros2_ws/install/scout_msgs/lib/python3.10/site-packages'
[61.705s] Level 1:colcon.colcon_core.environment:checking '/home/student/ros2_ws/install/scout_msgs/bin'
[61.715s] INFO:colcon.colcon_core.shell:Creating package script '/home/student/ros2_ws/install/scout_msgs/share/scout_msgs/package.ps1'
[61.717s] INFO:colcon.colcon_core.shell:Creating package descriptor '/home/student/ros2_ws/install/scout_msgs/share/scout_msgs/package.dsv'
[61.723s] INFO:colcon.colcon_core.shell:Creating package script '/home/student/ros2_ws/install/scout_msgs/share/scout_msgs/package.sh'
[61.731s] INFO:colcon.colcon_core.shell:Creating package script '/home/student/ros2_ws/install/scout_msgs/share/scout_msgs/package.bash'
[61.732s] INFO:colcon.colcon_core.shell:Creating package script '/home/student/ros2_ws/install/scout_msgs/share/scout_msgs/package.zsh'
[61.733s] Level 1:colcon.colcon_core.environment:create_file_with_runtime_dependencies(/home/student/ros2_ws/install/scout_msgs/share/colcon-core/packages/scout_msgs)
[61.736s] INFO:colcon.colcon_ros.task.ament_cmake.build:Building ROS package in '/home/student/ros2_ws/src/rslidar_sdk' with build type 'ament_cmake'
[61.738s] INFO:colcon.colcon_cmake.task.cmake.build:Building CMake package in '/home/student/ros2_ws/src/rslidar_sdk'
[61.739s] INFO:colcon.colcon_core.shell:Skip shell extension 'powershell' for command environment: Not usable outside of PowerShell
[61.739s] DEBUG:colcon.colcon_core.shell:Skip shell extension 'dsv' for command environment
[61.789s] DEBUG:colcon.colcon_core.event_handler.log_command:Invoking command in '/home/student/ros2_ws/build/rslidar_sdk': CMAKE_PREFIX_PATH=/home/student/ros2_ws/install/rslidar_msg:/home/student/ros2_ws/install/scout_base:/home/student/ros2_ws/install/ugv_sdk:/home/student/ros2_ws/install/scout_msgs:/home/student/ros2_ws/install/scout_description:/home/student/ros2_ws/install/rslidar_sdk:/home/student/ros2_ws/install/robot_control:/home/student/ros2_ws/install/lidar_slam_mapping:/home/student/ros2_ws/install/object_recognition:/home/student/ros2_ws/install/autonomous_driving:/opt/ros/humble LD_LIBRARY_PATH=/home/student/ros2_ws/install/rslidar_msg/lib:/home/student/ros2_ws/install/scout_msgs/lib:/usr/lib/x86_64-linux-gnu/gazebo-11/plugins:/opt/ros/humble/opt/rviz_ogre_vendor/lib:/opt/ros/humble/lib/x86_64-linux-gnu:/opt/ros/humble/lib /usr/bin/cmake /home/student/ros2_ws/src/rslidar_sdk -DCMAKE_INSTALL_PREFIX=/home/student/ros2_ws/install/rslidar_sdk
[67.552s] DEBUG:colcon.colcon_core.event_handler.log_command:Invoked command in '/home/student/ros2_ws/build/rslidar_sdk' returned '0': CMAKE_PREFIX_PATH=/home/student/ros2_ws/install/rslidar_msg:/home/student/ros2_ws/install/scout_base:/home/student/ros2_ws/install/ugv_sdk:/home/student/ros2_ws/install/scout_msgs:/home/student/ros2_ws/install/scout_description:/home/student/ros2_ws/install/rslidar_sdk:/home/student/ros2_ws/install/robot_control:/home/student/ros2_ws/install/lidar_slam_mapping:/home/student/ros2_ws/install/object_recognition:/home/student/ros2_ws/install/autonomous_driving:/opt/ros/humble LD_LIBRARY_PATH=/home/student/ros2_ws/install/rslidar_msg/lib:/home/student/ros2_ws/install/scout_msgs/lib:/usr/lib/x86_64-linux-gnu/gazebo-11/plugins:/opt/ros/humble/opt/rviz_ogre_vendor/lib:/opt/ros/humble/lib/x86_64-linux-gnu:/opt/ros/humble/lib /usr/bin/cmake /home/student/ros2_ws/src/rslidar_sdk -DCMAKE_INSTALL_PREFIX=/home/student/ros2_ws/install/rslidar_sdk
[67.565s] DEBUG:colcon.colcon_core.event_handler.log_command:Invoking command in '/home/student/ros2_ws/build/rslidar_sdk': CMAKE_PREFIX_PATH=/home/student/ros2_ws/install/rslidar_msg:/home/student/ros2_ws/install/scout_base:/home/student/ros2_ws/install/ugv_sdk:/home/student/ros2_ws/install/scout_msgs:/home/student/ros2_ws/install/scout_description:/home/student/ros2_ws/install/rslidar_sdk:/home/student/ros2_ws/install/robot_control:/home/student/ros2_ws/install/lidar_slam_mapping:/home/student/ros2_ws/install/object_recognition:/home/student/ros2_ws/install/autonomous_driving:/opt/ros/humble LD_LIBRARY_PATH=/home/student/ros2_ws/install/rslidar_msg/lib:/home/student/ros2_ws/install/scout_msgs/lib:/usr/lib/x86_64-linux-gnu/gazebo-11/plugins:/opt/ros/humble/opt/rviz_ogre_vendor/lib:/opt/ros/humble/lib/x86_64-linux-gnu:/opt/ros/humble/lib /usr/bin/cmake --build /home/student/ros2_ws/build/rslidar_sdk -- -j2 -l2
[130.482s] DEBUG:colcon.colcon_core.event_handler.log_command:Invoked command in '/home/student/ros2_ws/build/ugv_sdk' returned '0': /usr/bin/cmake --build /home/student/ros2_ws/build/ugv_sdk -- -j2 -l2
[130.490s] DEBUG:colcon.colcon_core.event_handler.log_command:Invoking command in '/home/student/ros2_ws/build/ugv_sdk': /usr/bin/cmake --install /home/student/ros2_ws/build/ugv_sdk
[130.612s] DEBUG:colcon.colcon_core.event_handler.log_command:Invoked command in '/home/student/ros2_ws/build/ugv_sdk' returned '0': /usr/bin/cmake --install /home/student/ros2_ws/build/ugv_sdk
[130.613s] Level 1:colcon.colcon_core.shell:create_environment_hook('ugv_sdk', 'ros_package_path')
[130.614s] INFO:colcon.colcon_core.shell:Creating environment hook '/home/student/ros2_ws/install/ugv_sdk/share/ugv_sdk/hook/ros_package_path.ps1'
[130.616s] INFO:colcon.colcon_core.shell:Creating environment descriptor '/home/student/ros2_ws/install/ugv_sdk/share/ugv_sdk/hook/ros_package_path.dsv'
[130.619s] INFO:colcon.colcon_core.shell:Creating environment hook '/home/student/ros2_ws/install/ugv_sdk/share/ugv_sdk/hook/ros_package_path.sh'
[130.621s] Level 1:colcon.colcon_core.shell:create_environment_hook('ugv_sdk', 'pkg_config_path')
[130.622s] INFO:colcon.colcon_core.shell:Creating environment hook '/home/student/ros2_ws/install/ugv_sdk/share/ugv_sdk/hook/pkg_config_path.ps1'
[130.625s] INFO:colcon.colcon_core.shell:Creating environment descriptor '/home/student/ros2_ws/install/ugv_sdk/share/ugv_sdk/hook/pkg_config_path.dsv'
[130.627s] INFO:colcon.colcon_core.shell:Creating environment hook '/home/student/ros2_ws/install/ugv_sdk/share/ugv_sdk/hook/pkg_config_path.sh'
[130.633s] Level 1:colcon.colcon_core.shell:create_environment_hook('ugv_sdk', 'pkg_config_path_multiarch')
[130.633s] INFO:colcon.colcon_core.shell:Creating environment hook '/home/student/ros2_ws/install/ugv_sdk/share/ugv_sdk/hook/pkg_config_path_multiarch.ps1'
[130.635s] INFO:colcon.colcon_core.shell:Creating environment descriptor '/home/student/ros2_ws/install/ugv_sdk/share/ugv_sdk/hook/pkg_config_path_multiarch.dsv'
[130.637s] INFO:colcon.colcon_core.shell:Creating environment hook '/home/student/ros2_ws/install/ugv_sdk/share/ugv_sdk/hook/pkg_config_path_multiarch.sh'
[130.640s] Level 1:colcon.colcon_core.environment:create_environment_scripts_only(ugv_sdk)
[130.641s] Level 1:colcon.colcon_core.environment:checking '/home/student/ros2_ws/install/ugv_sdk' for CMake module files
[130.642s] Level 1:colcon.colcon_core.environment:checking '/home/student/ros2_ws/install/ugv_sdk' for CMake config files
[130.643s] Level 1:colcon.colcon_core.shell:create_environment_hook('ugv_sdk', 'cmake_prefix_path')
[130.643s] INFO:colcon.colcon_core.shell:Creating environment hook '/home/student/ros2_ws/install/ugv_sdk/share/ugv_sdk/hook/cmake_prefix_path.ps1'
[130.645s] INFO:colcon.colcon_core.shell:Creating environment descriptor '/home/student/ros2_ws/install/ugv_sdk/share/ugv_sdk/hook/cmake_prefix_path.dsv'
[130.646s] INFO:colcon.colcon_core.shell:Creating environment hook '/home/student/ros2_ws/install/ugv_sdk/share/ugv_sdk/hook/cmake_prefix_path.sh'
[130.648s] Level 1:colcon.colcon_core.environment:checking '/home/student/ros2_ws/install/ugv_sdk/lib'
[130.649s] Level 1:colcon.colcon_core.environment:checking '/home/student/ros2_ws/install/ugv_sdk/bin'
[130.649s] Level 1:colcon.colcon_core.environment:checking '/home/student/ros2_ws/install/ugv_sdk/lib/pkgconfig/ugv_sdk.pc'
[130.650s] Level 1:colcon.colcon_core.environment:checking '/home/student/ros2_ws/install/ugv_sdk/lib/python3.10/site-packages'
[130.650s] Level 1:colcon.colcon_core.environment:checking '/home/student/ros2_ws/install/ugv_sdk/bin'
[130.651s] INFO:colcon.colcon_core.shell:Creating package script '/home/student/ros2_ws/install/ugv_sdk/share/ugv_sdk/package.ps1'
[130.653s] INFO:colcon.colcon_core.shell:Creating package descriptor '/home/student/ros2_ws/install/ugv_sdk/share/ugv_sdk/package.dsv'
[130.655s] INFO:colcon.colcon_core.shell:Creating package script '/home/student/ros2_ws/install/ugv_sdk/share/ugv_sdk/package.sh'
[130.658s] INFO:colcon.colcon_core.shell:Creating package script '/home/student/ros2_ws/install/ugv_sdk/share/ugv_sdk/package.bash'
[130.659s] INFO:colcon.colcon_core.shell:Creating package script '/home/student/ros2_ws/install/ugv_sdk/share/ugv_sdk/package.zsh'
[130.661s] Level 1:colcon.colcon_core.environment:create_file_with_runtime_dependencies(/home/student/ros2_ws/install/ugv_sdk/share/colcon-core/packages/ugv_sdk)
[130.666s] INFO:colcon.colcon_ros.task.ament_python.build:Building ROS package in '/home/student/ros2_ws/src/object_recognition' with build type 'ament_python'
[130.667s] Level 1:colcon.colcon_core.shell:create_environment_hook('object_recognition', 'ament_prefix_path')
[130.668s] INFO:colcon.colcon_core.shell:Creating environment hook '/home/student/ros2_ws/install/object_recognition/share/object_recognition/hook/ament_prefix_path.ps1'
[130.672s] INFO:colcon.colcon_core.shell:Creating environment descriptor '/home/student/ros2_ws/install/object_recognition/share/object_recognition/hook/ament_prefix_path.dsv'
[130.674s] INFO:colcon.colcon_core.shell:Creating environment hook '/home/student/ros2_ws/install/object_recognition/share/object_recognition/hook/ament_prefix_path.sh'
[130.676s] INFO:colcon.colcon_core.shell:Skip shell extension 'powershell' for command environment: Not usable outside of PowerShell
[130.676s] DEBUG:colcon.colcon_core.shell:Skip shell extension 'dsv' for command environment
[132.369s] INFO:colcon.colcon_core.task.python.build:Building Python package in '/home/student/ros2_ws/src/object_recognition'
[132.370s] INFO:colcon.colcon_core.shell:Skip shell extension 'powershell' for command environment: Not usable outside of PowerShell
[132.371s] DEBUG:colcon.colcon_core.shell:Skip shell extension 'dsv' for command environment
[134.419s] DEBUG:colcon.colcon_core.event_handler.log_command:Invoking command in '/home/student/ros2_ws/src/object_recognition': PYTHONPATH=/home/student/ros2_ws/build/object_recognition/prefix_override:/usr/lib/python3/dist-packages/colcon_core/task/python/colcon_distutils_commands:/home/student/ros2_ws/install/object_recognition/lib/python3.10/site-packages:${PYTHONPATH} /usr/bin/python3 -W ignore:setup.py install is deprecated -W ignore:easy_install command is deprecated setup.py egg_info --egg-base ../../build/object_recognition build --build-base /home/student/ros2_ws/build/object_recognition/build install --record /home/student/ros2_ws/build/object_recognition/install.log --single-version-externally-managed install_data
[135.729s] Level 1:colcon.colcon_core.environment:checking '/home/student/ros2_ws/install/object_recognition' for CMake module files
[135.730s] Level 1:colcon.colcon_core.environment:checking '/home/student/ros2_ws/install/object_recognition' for CMake config files
[135.732s] Level 1:colcon.colcon_core.environment:checking '/home/student/ros2_ws/install/object_recognition/lib'
[135.732s] Level 1:colcon.colcon_core.environment:checking '/home/student/ros2_ws/install/object_recognition/bin'
[135.732s] Level 1:colcon.colcon_core.environment:checking '/home/student/ros2_ws/install/object_recognition/lib/pkgconfig/object_recognition.pc'
[135.732s] Level 1:colcon.colcon_core.environment:checking '/home/student/ros2_ws/install/object_recognition/lib/python3.10/site-packages'
[135.733s] Level 1:colcon.colcon_core.shell:create_environment_hook('object_recognition', 'pythonpath')
[135.733s] INFO:colcon.colcon_core.shell:Creating environment hook '/home/student/ros2_ws/install/object_recognition/share/object_recognition/hook/pythonpath.ps1'
[135.735s] DEBUG:colcon.colcon_core.event_handler.log_command:Invoked command in '/home/student/ros2_ws/src/object_recognition' returned '0': PYTHONPATH=/home/student/ros2_ws/build/object_recognition/prefix_override:/usr/lib/python3/dist-packages/colcon_core/task/python/colcon_distutils_commands:/home/student/ros2_ws/install/object_recognition/lib/python3.10/site-packages:${PYTHONPATH} /usr/bin/python3 -W ignore:setup.py install is deprecated -W ignore:easy_install command is deprecated setup.py egg_info --egg-base ../../build/object_recognition build --build-base /home/student/ros2_ws/build/object_recognition/build install --record /home/student/ros2_ws/build/object_recognition/install.log --single-version-externally-managed install_data
[135.742s] INFO:colcon.colcon_core.shell:Creating environment descriptor '/home/student/ros2_ws/install/object_recognition/share/object_recognition/hook/pythonpath.dsv'
[135.744s] INFO:colcon.colcon_core.shell:Creating environment hook '/home/student/ros2_ws/install/object_recognition/share/object_recognition/hook/pythonpath.sh'
[135.746s] Level 1:colcon.colcon_core.environment:checking '/home/student/ros2_ws/install/object_recognition/bin'
[135.746s] Level 1:colcon.colcon_core.environment:create_environment_scripts_only(object_recognition)
[135.747s] INFO:colcon.colcon_core.shell:Creating package script '/home/student/ros2_ws/install/object_recognition/share/object_recognition/package.ps1'
[135.749s] INFO:colcon.colcon_core.shell:Creating package descriptor '/home/student/ros2_ws/install/object_recognition/share/object_recognition/package.dsv'
[135.751s] INFO:colcon.colcon_core.shell:Creating package script '/home/student/ros2_ws/install/object_recognition/share/object_recognition/package.sh'
[135.752s] INFO:colcon.colcon_core.shell:Creating package script '/home/student/ros2_ws/install/object_recognition/share/object_recognition/package.bash'
[135.754s] INFO:colcon.colcon_core.shell:Creating package script '/home/student/ros2_ws/install/object_recognition/share/object_recognition/package.zsh'
[135.755s] Level 1:colcon.colcon_core.environment:create_file_with_runtime_dependencies(/home/student/ros2_ws/install/object_recognition/share/colcon-core/packages/object_recognition)
[135.759s] INFO:colcon.colcon_ros.task.ament_cmake.build:Building ROS package in '/home/student/ros2_ws/src/scout_ros2/scout_description' with build type 'ament_cmake'
[135.760s] INFO:colcon.colcon_cmake.task.cmake.build:Building CMake package in '/home/student/ros2_ws/src/scout_ros2/scout_description'
[135.761s] INFO:colcon.colcon_core.shell:Skip shell extension 'powershell' for command environment: Not usable outside of PowerShell
[135.761s] DEBUG:colcon.colcon_core.shell:Skip shell extension 'dsv' for command environment
[135.828s] DEBUG:colcon.colcon_core.event_handler.log_command:Invoking command in '/home/student/ros2_ws/build/scout_description': CMAKE_PREFIX_PATH=/home/student/ros2_ws/install/scout_base:/home/student/ros2_ws/install/robot_control:/home/student/ros2_ws/install/lidar_slam_mapping:/home/student/ros2_ws/install/object_recognition:/home/student/ros2_ws/install/autonomous_driving:/opt/ros/humble:/home/student/ros2_ws/install/ugv_sdk:/home/student/ros2_ws/install/scout_msgs:/home/student/ros2_ws/install/scout_description:/home/student/ros2_ws/install/rslidar_sdk:/home/student/ros2_ws/install/rslidar_msg /usr/bin/cmake /home/student/ros2_ws/src/scout_ros2/scout_description -DCMAKE_INSTALL_PREFIX=/home/student/ros2_ws/install/scout_description
[138.322s] DEBUG:colcon.colcon_core.event_handler.log_command:Invoked command in '/home/student/ros2_ws/build/scout_description' returned '0': CMAKE_PREFIX_PATH=/home/student/ros2_ws/install/scout_base:/home/student/ros2_ws/install/robot_control:/home/student/ros2_ws/install/lidar_slam_mapping:/home/student/ros2_ws/install/object_recognition:/home/student/ros2_ws/install/autonomous_driving:/opt/ros/humble:/home/student/ros2_ws/install/ugv_sdk:/home/student/ros2_ws/install/scout_msgs:/home/student/ros2_ws/install/scout_description:/home/student/ros2_ws/install/rslidar_sdk:/home/student/ros2_ws/install/rslidar_msg /usr/bin/cmake /home/student/ros2_ws/src/scout_ros2/scout_description -DCMAKE_INSTALL_PREFIX=/home/student/ros2_ws/install/scout_description
[138.326s] DEBUG:colcon.colcon_core.event_handler.log_command:Invoking command in '/home/student/ros2_ws/build/scout_description': CMAKE_PREFIX_PATH=/home/student/ros2_ws/install/scout_base:/home/student/ros2_ws/install/robot_control:/home/student/ros2_ws/install/lidar_slam_mapping:/home/student/ros2_ws/install/object_recognition:/home/student/ros2_ws/install/autonomous_driving:/opt/ros/humble:/home/student/ros2_ws/install/ugv_sdk:/home/student/ros2_ws/install/scout_msgs:/home/student/ros2_ws/install/scout_description:/home/student/ros2_ws/install/rslidar_sdk:/home/student/ros2_ws/install/rslidar_msg /usr/bin/cmake --build /home/student/ros2_ws/build/scout_description -- -j2 -l2
[138.436s] DEBUG:colcon.colcon_core.event_handler.log_command:Invoked command in '/home/student/ros2_ws/build/scout_description' returned '0': CMAKE_PREFIX_PATH=/home/student/ros2_ws/install/scout_base:/home/student/ros2_ws/install/robot_control:/home/student/ros2_ws/install/lidar_slam_mapping:/home/student/ros2_ws/install/object_recognition:/home/student/ros2_ws/install/autonomous_driving:/opt/ros/humble:/home/student/ros2_ws/install/ugv_sdk:/home/student/ros2_ws/install/scout_msgs:/home/student/ros2_ws/install/scout_description:/home/student/ros2_ws/install/rslidar_sdk:/home/student/ros2_ws/install/rslidar_msg /usr/bin/cmake --build /home/student/ros2_ws/build/scout_description -- -j2 -l2
[138.438s] DEBUG:colcon.colcon_core.event_handler.log_command:Invoking command in '/home/student/ros2_ws/build/scout_description': CMAKE_PREFIX_PATH=/home/student/ros2_ws/install/scout_base:/home/student/ros2_ws/install/robot_control:/home/student/ros2_ws/install/lidar_slam_mapping:/home/student/ros2_ws/install/object_recognition:/home/student/ros2_ws/install/autonomous_driving:/opt/ros/humble:/home/student/ros2_ws/install/ugv_sdk:/home/student/ros2_ws/install/scout_msgs:/home/student/ros2_ws/install/scout_description:/home/student/ros2_ws/install/rslidar_sdk:/home/student/ros2_ws/install/rslidar_msg /usr/bin/cmake --install /home/student/ros2_ws/build/scout_description
[138.748s] Level 1:colcon.colcon_core.environment:create_environment_scripts_only(scout_description)
[138.749s] Level 1:colcon.colcon_core.environment:checking '/home/student/ros2_ws/install/scout_description' for CMake module files
[138.750s] Level 1:colcon.colcon_core.environment:checking '/home/student/ros2_ws/install/scout_description' for CMake config files
[138.751s] DEBUG:colcon.colcon_core.event_handler.log_command:Invoked command in '/home/student/ros2_ws/build/scout_description' returned '0': CMAKE_PREFIX_PATH=/home/student/ros2_ws/install/scout_base:/home/student/ros2_ws/install/robot_control:/home/student/ros2_ws/install/lidar_slam_mapping:/home/student/ros2_ws/install/object_recognition:/home/student/ros2_ws/install/autonomous_driving:/opt/ros/humble:/home/student/ros2_ws/install/ugv_sdk:/home/student/ros2_ws/install/scout_msgs:/home/student/ros2_ws/install/scout_description:/home/student/ros2_ws/install/rslidar_sdk:/home/student/ros2_ws/install/rslidar_msg /usr/bin/cmake --install /home/student/ros2_ws/build/scout_description
[138.752s] Level 1:colcon.colcon_core.shell:create_environment_hook('scout_description', 'cmake_prefix_path')
[138.753s] INFO:colcon.colcon_core.shell:Creating environment hook '/home/student/ros2_ws/install/scout_description/share/scout_description/hook/cmake_prefix_path.ps1'
[138.754s] INFO:colcon.colcon_core.shell:Creating environment descriptor '/home/student/ros2_ws/install/scout_description/share/scout_description/hook/cmake_prefix_path.dsv'
[138.755s] INFO:colcon.colcon_core.shell:Creating environment hook '/home/student/ros2_ws/install/scout_description/share/scout_description/hook/cmake_prefix_path.sh'
[138.756s] Level 1:colcon.colcon_core.environment:checking '/home/student/ros2_ws/install/scout_description/bin'
[138.756s] Level 1:colcon.colcon_core.environment:checking '/home/student/ros2_ws/install/scout_description/lib/pkgconfig/scout_description.pc'
[138.757s] Level 1:colcon.colcon_core.environment:checking '/home/student/ros2_ws/install/scout_description/lib/python3.10/site-packages'
[138.757s] Level 1:colcon.colcon_core.environment:checking '/home/student/ros2_ws/install/scout_description/bin'
[138.758s] INFO:colcon.colcon_core.shell:Creating package script '/home/student/ros2_ws/install/scout_description/share/scout_description/package.ps1'
[138.759s] INFO:colcon.colcon_core.shell:Creating package descriptor '/home/student/ros2_ws/install/scout_description/share/scout_description/package.dsv'
[138.760s] INFO:colcon.colcon_core.shell:Creating package script '/home/student/ros2_ws/install/scout_description/share/scout_description/package.sh'
[138.761s] INFO:colcon.colcon_core.shell:Creating package script '/home/student/ros2_ws/install/scout_description/share/scout_description/package.bash'
[138.762s] INFO:colcon.colcon_core.shell:Creating package script '/home/student/ros2_ws/install/scout_description/share/scout_description/package.zsh'
[138.763s] Level 1:colcon.colcon_core.environment:create_file_with_runtime_dependencies(/home/student/ros2_ws/install/scout_description/share/colcon-core/packages/scout_description)
[138.764s] Level 1:colcon.colcon_core.environment:create_environment_scripts_only(scout_description)
[138.765s] Level 1:colcon.colcon_core.environment:checking '/home/student/ros2_ws/install/scout_description' for CMake module files
[138.766s] Level 1:colcon.colcon_core.environment:checking '/home/student/ros2_ws/install/scout_description' for CMake config files
[138.767s] Level 1:colcon.colcon_core.shell:create_environment_hook('scout_description', 'cmake_prefix_path')
[138.768s] INFO:colcon.colcon_core.shell:Creating environment hook '/home/student/ros2_ws/install/scout_description/share/scout_description/hook/cmake_prefix_path.ps1'
[138.769s] INFO:colcon.colcon_core.shell:Creating environment descriptor '/home/student/ros2_ws/install/scout_description/share/scout_description/hook/cmake_prefix_path.dsv'
[138.770s] INFO:colcon.colcon_core.shell:Creating environment hook '/home/student/ros2_ws/install/scout_description/share/scout_description/hook/cmake_prefix_path.sh'
[138.772s] Level 1:colcon.colcon_core.environment:checking '/home/student/ros2_ws/install/scout_description/bin'
[138.772s] Level 1:colcon.colcon_core.environment:checking '/home/student/ros2_ws/install/scout_description/lib/pkgconfig/scout_description.pc'
[138.772s] Level 1:colcon.colcon_core.environment:checking '/home/student/ros2_ws/install/scout_description/lib/python3.10/site-packages'
[138.773s] Level 1:colcon.colcon_core.environment:checking '/home/student/ros2_ws/install/scout_description/bin'
[138.774s] INFO:colcon.colcon_core.shell:Creating package script '/home/student/ros2_ws/install/scout_description/share/scout_description/package.ps1'
[138.775s] INFO:colcon.colcon_core.shell:Creating package descriptor '/home/student/ros2_ws/install/scout_description/share/scout_description/package.dsv'
[138.776s] INFO:colcon.colcon_core.shell:Creating package script '/home/student/ros2_ws/install/scout_description/share/scout_description/package.sh'
[138.778s] INFO:colcon.colcon_core.shell:Creating package script '/home/student/ros2_ws/install/scout_description/share/scout_description/package.bash'
[138.779s] INFO:colcon.colcon_core.shell:Creating package script '/home/student/ros2_ws/install/scout_description/share/scout_description/package.zsh'
[138.780s] Level 1:colcon.colcon_core.environment:create_file_with_runtime_dependencies(/home/student/ros2_ws/install/scout_description/share/colcon-core/packages/scout_description)
[138.782s] INFO:colcon.colcon_ros.task.ament_cmake.build:Building ROS package in '/home/student/ros2_ws/src/scout_ros2/scout_base' with build type 'ament_cmake'
[138.782s] INFO:colcon.colcon_cmake.task.cmake.build:Building CMake package in '/home/student/ros2_ws/src/scout_ros2/scout_base'
[138.783s] INFO:colcon.colcon_core.shell:Skip shell extension 'powershell' for command environment: Not usable outside of PowerShell
[138.783s] DEBUG:colcon.colcon_core.shell:Skip shell extension 'dsv' for command environment
[138.813s] DEBUG:colcon.colcon_core.event_handler.log_command:Invoking command in '/home/student/ros2_ws/build/scout_base': CMAKE_PREFIX_PATH=/home/student/ros2_ws/install/robot_control:/home/student/ros2_ws/install/lidar_slam_mapping:/home/student/ros2_ws/install/object_recognition:/home/student/ros2_ws/install/autonomous_driving:/opt/ros/humble:/home/student/ros2_ws/install/ugv_sdk:/home/student/ros2_ws/install/scout_msgs:/home/student/ros2_ws/install/scout_base:/home/student/ros2_ws/install/scout_description:/home/student/ros2_ws/install/rslidar_sdk:/home/student/ros2_ws/install/rslidar_msg /usr/bin/cmake /home/student/ros2_ws/src/scout_ros2/scout_base -DCMAKE_INSTALL_PREFIX=/home/student/ros2_ws/install/scout_base
[143.581s] DEBUG:colcon.colcon_core.event_handler.log_command:Invoked command in '/home/student/ros2_ws/build/scout_base' returned '0': CMAKE_PREFIX_PATH=/home/student/ros2_ws/install/robot_control:/home/student/ros2_ws/install/lidar_slam_mapping:/home/student/ros2_ws/install/object_recognition:/home/student/ros2_ws/install/autonomous_driving:/opt/ros/humble:/home/student/ros2_ws/install/ugv_sdk:/home/student/ros2_ws/install/scout_msgs:/home/student/ros2_ws/install/scout_base:/home/student/ros2_ws/install/scout_description:/home/student/ros2_ws/install/rslidar_sdk:/home/student/ros2_ws/install/rslidar_msg /usr/bin/cmake /home/student/ros2_ws/src/scout_ros2/scout_base -DCMAKE_INSTALL_PREFIX=/home/student/ros2_ws/install/scout_base
[143.586s] DEBUG:colcon.colcon_core.event_handler.log_command:Invoking command in '/home/student/ros2_ws/build/scout_base': CMAKE_PREFIX_PATH=/home/student/ros2_ws/install/robot_control:/home/student/ros2_ws/install/lidar_slam_mapping:/home/student/ros2_ws/install/object_recognition:/home/student/ros2_ws/install/autonomous_driving:/opt/ros/humble:/home/student/ros2_ws/install/ugv_sdk:/home/student/ros2_ws/install/scout_msgs:/home/student/ros2_ws/install/scout_base:/home/student/ros2_ws/install/scout_description:/home/student/ros2_ws/install/rslidar_sdk:/home/student/ros2_ws/install/rslidar_msg /usr/bin/cmake --build /home/student/ros2_ws/build/scout_base -- -j2 -l2
[155.939s] DEBUG:colcon.colcon_core.event_handler.log_command:Invoked command in '/home/student/ros2_ws/build/rslidar_sdk' returned '0': CMAKE_PREFIX_PATH=/home/student/ros2_ws/install/rslidar_msg:/home/student/ros2_ws/install/scout_base:/home/student/ros2_ws/install/ugv_sdk:/home/student/ros2_ws/install/scout_msgs:/home/student/ros2_ws/install/scout_description:/home/student/ros2_ws/install/rslidar_sdk:/home/student/ros2_ws/install/robot_control:/home/student/ros2_ws/install/lidar_slam_mapping:/home/student/ros2_ws/install/object_recognition:/home/student/ros2_ws/install/autonomous_driving:/opt/ros/humble LD_LIBRARY_PATH=/home/student/ros2_ws/install/rslidar_msg/lib:/home/student/ros2_ws/install/scout_msgs/lib:/usr/lib/x86_64-linux-gnu/gazebo-11/plugins:/opt/ros/humble/opt/rviz_ogre_vendor/lib:/opt/ros/humble/lib/x86_64-linux-gnu:/opt/ros/humble/lib /usr/bin/cmake --build /home/student/ros2_ws/build/rslidar_sdk -- -j2 -l2
[155.940s] DEBUG:colcon.colcon_core.event_handler.log_command:Invoking command in '/home/student/ros2_ws/build/rslidar_sdk': CMAKE_PREFIX_PATH=/home/student/ros2_ws/install/rslidar_msg:/home/student/ros2_ws/install/scout_base:/home/student/ros2_ws/install/ugv_sdk:/home/student/ros2_ws/install/scout_msgs:/home/student/ros2_ws/install/scout_description:/home/student/ros2_ws/install/rslidar_sdk:/home/student/ros2_ws/install/robot_control:/home/student/ros2_ws/install/lidar_slam_mapping:/home/student/ros2_ws/install/object_recognition:/home/student/ros2_ws/install/autonomous_driving:/opt/ros/humble LD_LIBRARY_PATH=/home/student/ros2_ws/install/rslidar_msg/lib:/home/student/ros2_ws/install/scout_msgs/lib:/usr/lib/x86_64-linux-gnu/gazebo-11/plugins:/opt/ros/humble/opt/rviz_ogre_vendor/lib:/opt/ros/humble/lib/x86_64-linux-gnu:/opt/ros/humble/lib /usr/bin/cmake --install /home/student/ros2_ws/build/rslidar_sdk
[156.017s] Level 1:colcon.colcon_core.environment:create_environment_scripts_only(rslidar_sdk)
[156.018s] Level 1:colcon.colcon_core.environment:checking '/home/student/ros2_ws/install/rslidar_sdk' for CMake module files
[156.019s] Level 1:colcon.colcon_core.environment:checking '/home/student/ros2_ws/install/rslidar_sdk' for CMake config files
[156.020s] Level 1:colcon.colcon_core.shell:create_environment_hook('rslidar_sdk', 'cmake_prefix_path')
[156.022s] INFO:colcon.colcon_core.shell:Creating environment hook '/home/student/ros2_ws/install/rslidar_sdk/share/rslidar_sdk/hook/cmake_prefix_path.ps1'
[156.021s] DEBUG:colcon.colcon_core.event_handler.log_command:Invoked command in '/home/student/ros2_ws/build/rslidar_sdk' returned '0': CMAKE_PREFIX_PATH=/home/student/ros2_ws/install/rslidar_msg:/home/student/ros2_ws/install/scout_base:/home/student/ros2_ws/install/ugv_sdk:/home/student/ros2_ws/install/scout_msgs:/home/student/ros2_ws/install/scout_description:/home/student/ros2_ws/install/rslidar_sdk:/home/student/ros2_ws/install/robot_control:/home/student/ros2_ws/install/lidar_slam_mapping:/home/student/ros2_ws/install/object_recognition:/home/student/ros2_ws/install/autonomous_driving:/opt/ros/humble LD_LIBRARY_PATH=/home/student/ros2_ws/install/rslidar_msg/lib:/home/student/ros2_ws/install/scout_msgs/lib:/usr/lib/x86_64-linux-gnu/gazebo-11/plugins:/opt/ros/humble/opt/rviz_ogre_vendor/lib:/opt/ros/humble/lib/x86_64-linux-gnu:/opt/ros/humble/lib /usr/bin/cmake --install /home/student/ros2_ws/build/rslidar_sdk
[156.024s] INFO:colcon.colcon_core.shell:Creating environment descriptor '/home/student/ros2_ws/install/rslidar_sdk/share/rslidar_sdk/hook/cmake_prefix_path.dsv'
[156.025s] INFO:colcon.colcon_core.shell:Creating environment hook '/home/student/ros2_ws/install/rslidar_sdk/share/rslidar_sdk/hook/cmake_prefix_path.sh'
[156.027s] Level 1:colcon.colcon_core.environment:checking '/home/student/ros2_ws/install/rslidar_sdk/lib'
[156.027s] Level 1:colcon.colcon_core.environment:checking '/home/student/ros2_ws/install/rslidar_sdk/bin'
[156.028s] Level 1:colcon.colcon_core.environment:checking '/home/student/ros2_ws/install/rslidar_sdk/lib/pkgconfig/rslidar_sdk.pc'
[156.028s] Level 1:colcon.colcon_core.environment:checking '/home/student/ros2_ws/install/rslidar_sdk/lib/python3.10/site-packages'
[156.029s] Level 1:colcon.colcon_core.environment:checking '/home/student/ros2_ws/install/rslidar_sdk/bin'
[156.029s] INFO:colcon.colcon_core.shell:Creating package script '/home/student/ros2_ws/install/rslidar_sdk/share/rslidar_sdk/package.ps1'
[156.031s] INFO:colcon.colcon_core.shell:Creating package descriptor '/home/student/ros2_ws/install/rslidar_sdk/share/rslidar_sdk/package.dsv'
[156.033s] INFO:colcon.colcon_core.shell:Creating package script '/home/student/ros2_ws/install/rslidar_sdk/share/rslidar_sdk/package.sh'
[156.036s] INFO:colcon.colcon_core.shell:Creating package script '/home/student/ros2_ws/install/rslidar_sdk/share/rslidar_sdk/package.bash'
[156.037s] INFO:colcon.colcon_core.shell:Creating package script '/home/student/ros2_ws/install/rslidar_sdk/share/rslidar_sdk/package.zsh'
[156.039s] Level 1:colcon.colcon_core.environment:create_file_with_runtime_dependencies(/home/student/ros2_ws/install/rslidar_sdk/share/colcon-core/packages/rslidar_sdk)
[156.041s] Level 1:colcon.colcon_core.environment:create_environment_scripts_only(rslidar_sdk)
[156.042s] Level 1:colcon.colcon_core.environment:checking '/home/student/ros2_ws/install/rslidar_sdk' for CMake module files
[156.043s] Level 1:colcon.colcon_core.environment:checking '/home/student/ros2_ws/install/rslidar_sdk' for CMake config files
[156.044s] Level 1:colcon.colcon_core.shell:create_environment_hook('rslidar_sdk', 'cmake_prefix_path')
[156.045s] INFO:colcon.colcon_core.shell:Creating environment hook '/home/student/ros2_ws/install/rslidar_sdk/share/rslidar_sdk/hook/cmake_prefix_path.ps1'
[156.047s] INFO:colcon.colcon_core.shell:Creating environment descriptor '/home/student/ros2_ws/install/rslidar_sdk/share/rslidar_sdk/hook/cmake_prefix_path.dsv'
[156.048s] INFO:colcon.colcon_core.shell:Creating environment hook '/home/student/ros2_ws/install/rslidar_sdk/share/rslidar_sdk/hook/cmake_prefix_path.sh'
[156.050s] Level 1:colcon.colcon_core.environment:checking '/home/student/ros2_ws/install/rslidar_sdk/lib'
[156.050s] Level 1:colcon.colcon_core.environment:checking '/home/student/ros2_ws/install/rslidar_sdk/bin'
[156.050s] Level 1:colcon.colcon_core.environment:checking '/home/student/ros2_ws/install/rslidar_sdk/lib/pkgconfig/rslidar_sdk.pc'
[156.051s] Level 1:colcon.colcon_core.environment:checking '/home/student/ros2_ws/install/rslidar_sdk/lib/python3.10/site-packages'
[156.052s] Level 1:colcon.colcon_core.environment:checking '/home/student/ros2_ws/install/rslidar_sdk/bin'
[156.053s] INFO:colcon.colcon_core.shell:Creating package script '/home/student/ros2_ws/install/rslidar_sdk/share/rslidar_sdk/package.ps1'
[156.054s] INFO:colcon.colcon_core.shell:Creating package descriptor '/home/student/ros2_ws/install/rslidar_sdk/share/rslidar_sdk/package.dsv'
[156.056s] INFO:colcon.colcon_core.shell:Creating package script '/home/student/ros2_ws/install/rslidar_sdk/share/rslidar_sdk/package.sh'
[156.058s] INFO:colcon.colcon_core.shell:Creating package script '/home/student/ros2_ws/install/rslidar_sdk/share/rslidar_sdk/package.bash'
[156.060s] INFO:colcon.colcon_core.shell:Creating package script '/home/student/ros2_ws/install/rslidar_sdk/share/rslidar_sdk/package.zsh'
[156.061s] Level 1:colcon.colcon_core.environment:create_file_with_runtime_dependencies(/home/student/ros2_ws/install/rslidar_sdk/share/colcon-core/packages/rslidar_sdk)
[156.071s] INFO:colcon.colcon_ros.task.ament_python.build:Building ROS package in '/home/student/ros2_ws/src/lidar_slam_mapping' with build type 'ament_python'
[156.074s] Level 1:colcon.colcon_core.shell:create_environment_hook('lidar_slam_mapping', 'ament_prefix_path')
[156.075s] INFO:colcon.colcon_core.shell:Creating environment hook '/home/student/ros2_ws/install/lidar_slam_mapping/share/lidar_slam_mapping/hook/ament_prefix_path.ps1'
[156.083s] INFO:colcon.colcon_core.shell:Creating environment descriptor '/home/student/ros2_ws/install/lidar_slam_mapping/share/lidar_slam_mapping/hook/ament_prefix_path.dsv'
[156.084s] INFO:colcon.colcon_core.shell:Creating environment hook '/home/student/ros2_ws/install/lidar_slam_mapping/share/lidar_slam_mapping/hook/ament_prefix_path.sh'
[156.090s] INFO:colcon.colcon_core.shell:Skip shell extension 'powershell' for command environment: Not usable outside of PowerShell
[156.090s] DEBUG:colcon.colcon_core.shell:Skip shell extension 'dsv' for command environment
[157.551s] WARNING:colcon.colcon_ros.task.ament_python.build:Package 'lidar_slam_mapping' doesn't explicitly install a marker in the package index (colcon-ros currently does it implicitly but that fallback will be removed in the future)
[157.552s] INFO:colcon.colcon_core.task.python.build:Building Python package in '/home/student/ros2_ws/src/lidar_slam_mapping'
[157.553s] INFO:colcon.colcon_core.shell:Skip shell extension 'powershell' for command environment: Not usable outside of PowerShell
[157.553s] DEBUG:colcon.colcon_core.shell:Skip shell extension 'dsv' for command environment
[159.374s] DEBUG:colcon.colcon_core.event_handler.log_command:Invoking command in '/home/student/ros2_ws/src/lidar_slam_mapping': CMAKE_PREFIX_PATH=/home/student/ros2_ws/install/rslidar_sdk:/home/student/ros2_ws/install/rslidar_msg:/home/student/ros2_ws/install/scout_base:/home/student/ros2_ws/install/ugv_sdk:/home/student/ros2_ws/install/scout_msgs:/home/student/ros2_ws/install/scout_description LD_LIBRARY_PATH=/home/student/ros2_ws/install/rslidar_msg/lib:/home/student/ros2_ws/install/scout_msgs/lib:/usr/lib/x86_64-linux-gnu/gazebo-11/plugins:/opt/ros/humble/opt/rviz_ogre_vendor/lib:/opt/ros/humble/lib/x86_64-linux-gnu:/opt/ros/humble/lib PYTHONPATH=/home/student/ros2_ws/build/lidar_slam_mapping/prefix_override:/usr/lib/python3/dist-packages/colcon_core/task/python/colcon_distutils_commands:/home/student/ros2_ws/install/lidar_slam_mapping/lib/python3.10/site-packages:${PYTHONPATH} /usr/bin/python3 -W ignore:setup.py install is deprecated -W ignore:easy_install command is deprecated setup.py egg_info --egg-base ../../build/lidar_slam_mapping build --build-base /home/student/ros2_ws/build/lidar_slam_mapping/build install --record /home/student/ros2_ws/build/lidar_slam_mapping/install.log --single-version-externally-managed install_data
[160.600s] DEBUG:colcon.colcon_core.event_handler.log_command:Invoked command in '/home/student/ros2_ws/src/lidar_slam_mapping' returned '1': CMAKE_PREFIX_PATH=/home/student/ros2_ws/install/rslidar_sdk:/home/student/ros2_ws/install/rslidar_msg:/home/student/ros2_ws/install/scout_base:/home/student/ros2_ws/install/ugv_sdk:/home/student/ros2_ws/install/scout_msgs:/home/student/ros2_ws/install/scout_description LD_LIBRARY_PATH=/home/student/ros2_ws/install/rslidar_msg/lib:/home/student/ros2_ws/install/scout_msgs/lib:/usr/lib/x86_64-linux-gnu/gazebo-11/plugins:/opt/ros/humble/opt/rviz_ogre_vendor/lib:/opt/ros/humble/lib/x86_64-linux-gnu:/opt/ros/humble/lib PYTHONPATH=/home/student/ros2_ws/build/lidar_slam_mapping/prefix_override:/usr/lib/python3/dist-packages/colcon_core/task/python/colcon_distutils_commands:/home/student/ros2_ws/install/lidar_slam_mapping/lib/python3.10/site-packages:${PYTHONPATH} /usr/bin/python3 -W ignore:setup.py install is deprecated -W ignore:easy_install command is deprecated setup.py egg_info --egg-base ../../build/lidar_slam_mapping build --build-base /home/student/ros2_ws/build/lidar_slam_mapping/build install --record /home/student/ros2_ws/build/lidar_slam_mapping/install.log --single-version-externally-managed install_data
[209.214s] DEBUG:colcon.colcon_parallel_executor.executor.parallel:closing loop
[209.214s] DEBUG:colcon.colcon_parallel_executor.executor.parallel:loop closed
[209.214s] DEBUG:colcon.colcon_parallel_executor.executor.parallel:run_until_complete finished with '1'
[209.214s] DEBUG:colcon.colcon_core.event_reactor:joining thread
[209.244s] INFO:colcon.colcon_core.plugin_system:Skipping extension 'colcon_notification.desktop_notification.terminal_notifier': Not used on non-Darwin systems
[209.244s] INFO:colcon.colcon_core.plugin_system:Skipping extension 'colcon_notification.desktop_notification.win32': Not used on non-Windows systems
[209.244s] INFO:colcon.colcon_notification.desktop_notification:Sending desktop notification using 'notify2'
[209.286s] DEBUG:colcon.colcon_core.event_reactor:joined thread
[209.287s] INFO:colcon.colcon_core.shell:Creating prefix script '/home/student/ros2_ws/install/local_setup.ps1'
[209.292s] INFO:colcon.colcon_core.shell:Creating prefix util module '/home/student/ros2_ws/install/_local_setup_util_ps1.py'
[209.307s] INFO:colcon.colcon_core.shell:Creating prefix chain script '/home/student/ros2_ws/install/setup.ps1'
[209.313s] INFO:colcon.colcon_core.shell:Creating prefix script '/home/student/ros2_ws/install/local_setup.sh'
[209.324s] INFO:colcon.colcon_core.shell:Creating prefix util module '/home/student/ros2_ws/install/_local_setup_util_sh.py'
[209.326s] INFO:colcon.colcon_core.shell:Creating prefix chain script '/home/student/ros2_ws/install/setup.sh'
[209.335s] INFO:colcon.colcon_core.shell:Creating prefix script '/home/student/ros2_ws/install/local_setup.bash'
[209.339s] INFO:colcon.colcon_core.shell:Creating prefix chain script '/home/student/ros2_ws/install/setup.bash'
[209.347s] INFO:colcon.colcon_core.shell:Creating prefix script '/home/student/ros2_ws/install/local_setup.zsh'
[209.354s] INFO:colcon.colcon_core.shell:Creating prefix chain script '/home/student/ros2_ws/install/setup.zsh'
