[0.056s] Invoking command in '/home/student/ros2_ws/build/ugv_sdk': /usr/bin/cmake /home/student/ros2_ws/src/ugv_sdk -DCATKIN_INSTALL_INTO_PREFIX_ROOT=0 -DCMAKE_INSTALL_PREFIX=/home/student/ros2_ws/install/ugv_sdk
[0.336s] -- The C compiler identification is GNU 11.4.0
[0.521s] -- The CXX compiler identification is GNU 11.4.0
[0.539s] -- Detecting C compiler ABI info
[0.730s] -- Detecting C compiler ABI info - done
[0.755s] -- Check for working C compiler: /usr/bin/cc - skipped
[0.755s] -- Detecting C compile features
[0.759s] -- Detecting C compile features - done
[0.766s] -- Detecting CXX compiler ABI info
[0.988s] -- Detecting CXX compiler ABI info - done
[1.035s] -- Check for working CXX compiler: /usr/bin/c++ - skipped
[1.035s] -- Detecting CXX compile features
[1.039s] -- Detecting CXX compile features - done
[1.044s] -- Build package with cmake
[1.044s] -- Setting build type to 'Release' as none was specified.
[1.044s] -- Tests will not be built
[1.054s] -- Looking for pthread.h
[1.269s] -- Looking for pthread.h - found
[1.271s] -- Performing Test CMAKE_HAVE_LIBC_PTHREAD
[1.521s] -- Performing Test CMAKE_HAVE_LIBC_PTHREAD - Success
[1.524s] -- Found Threads: TRUE  
[1.536s] -- Project will be installed to /home/student/ros2_ws/install/ugv_sdk with 'make install'
[1.537s] --  - To install LIB components to /home/student/ros2_ws/install/ugv_sdk/lib
[1.537s] --  - To install BIN components to /home/student/ros2_ws/install/ugv_sdk/bin
[1.537s] --  - To install INCLUDE components to /home/student/ros2_ws/install/ugv_sdk/include
[1.538s] --  - To install CMAKE components to /home/student/ros2_ws/install/ugv_sdk/share/cmake/ugv_sdk
[1.566s] -- Configuring done
[1.667s] -- Generating done
[1.679s] [33mCMake Warning:
[1.680s]   Manually-specified variables were not used by the project:
[1.680s] 
[1.680s]     CATKIN_INSTALL_INTO_PREFIX_ROOT
[1.680s] 
[1.680s] [0m
[1.703s] -- Build files have been written to: /home/student/ros2_ws/build/ugv_sdk
[1.716s] Invoked command in '/home/student/ros2_ws/build/ugv_sdk' returned '0': /usr/bin/cmake /home/student/ros2_ws/src/ugv_sdk -DCATKIN_INSTALL_INTO_PREFIX_ROOT=0 -DCMAKE_INSTALL_PREFIX=/home/student/ros2_ws/install/ugv_sdk
[1.719s] Invoking command in '/home/student/ros2_ws/build/ugv_sdk': /usr/bin/cmake --build /home/student/ros2_ws/build/ugv_sdk -- -j2 -l2
[1.846s] [  3%] [32mBuilding CXX object CMakeFiles/ugv_sdk.dir/src/async_port/async_serial.cpp.o[0m
[12.036s] [  7%] [32mBuilding CXX object CMakeFiles/ugv_sdk.dir/src/async_port/async_can.cpp.o[0m
[21.455s] [ 10%] [32mBuilding CXX object CMakeFiles/ugv_sdk.dir/src/utilities/protocol_detector.cpp.o[0m
[26.657s] [ 14%] [32mBuilding CXX object CMakeFiles/ugv_sdk.dir/src/mobile_robot/scout_robot.cpp.o[0m
[36.253s] [ 17%] [32mBuilding CXX object CMakeFiles/ugv_sdk.dir/src/mobile_robot/hunter_robot.cpp.o[0m
[46.207s] [ 21%] [32mBuilding CXX object CMakeFiles/ugv_sdk.dir/src/mobile_robot/bunker_robot.cpp.o[0m
[52.639s] [ 25%] [32mBuilding CXX object CMakeFiles/ugv_sdk.dir/src/mobile_robot/ranger_robot.cpp.o[0m
[58.767s] [ 28%] [32mBuilding CXX object CMakeFiles/ugv_sdk.dir/src/mobile_robot/titan_robot.cpp.o[0m
[63.415s] [ 32%] [32mBuilding C object CMakeFiles/ugv_sdk.dir/src/protocol_v2/agilex_msg_parser_v2.c.o[0m
[63.947s] [ 35%] [32mBuilding CXX object CMakeFiles/ugv_sdk.dir/src/protocol_v2/protocol_v2_parser.cpp.o[0m
[64.062s] [ 39%] [32mBuilding C object CMakeFiles/ugv_sdk.dir/src/protocol_v1/agilex_msg_parser_v1.c.o[0m
[64.367s] [ 42%] [32m[1mLinking CXX static library lib/libugv_sdk.a[0m
[64.540s] [ 42%] Built target ugv_sdk
[64.605s] [ 46%] [32mBuilding CXX object sample/scout_demo/CMakeFiles/demo_scout_robot.dir/scout_robot_demo.cpp.o[0m
[69.094s] [ 50%] [32m[1mLinking CXX executable ../../bin/demo_scout_robot[0m
[69.443s] [ 50%] Built target demo_scout_robot
[69.487s] [ 53%] [32mBuilding CXX object sample/scout_demo/CMakeFiles/demo_scout_mini_omni_robot.dir/scout_mini_omni_demo.cpp.o[0m
[73.381s] [ 57%] [32m[1mLinking CXX executable ../../bin/demo_scout_mini_omni_robot[0m
[73.682s] [ 57%] Built target demo_scout_mini_omni_robot
[73.727s] [ 60%] [32mBuilding CXX object sample/tracer_demo/CMakeFiles/demo_tracer_robot.dir/tracer_robot_demo.cpp.o[0m
[78.535s] [ 64%] [32m[1mLinking CXX executable ../../bin/demo_tracer_robot[0m
[78.784s] [ 64%] Built target demo_tracer_robot
[78.896s] [ 67%] [32mBuilding CXX object sample/ranger_demo/CMakeFiles/demo_ranger_robot.dir/ranger_robot_demo.cpp.o[0m
[84.141s] [ 71%] [32m[1mLinking CXX executable ../../bin/demo_ranger_robot[0m
[84.698s] [ 71%] Built target demo_ranger_robot
[84.812s] [ 75%] [32mBuilding CXX object sample/bunker_demo/CMakeFiles/demo_bunker_robot.dir/bunker_robot_demo.cpp.o[0m
[86.337s] [ 78%] [32m[1mLinking CXX executable ../../bin/demo_bunker_robot[0m
[86.596s] [ 78%] Built target demo_bunker_robot
[86.641s] [ 82%] [32mBuilding CXX object sample/hunter_demo/CMakeFiles/demo_hunter_robot.dir/hunter_robot_demo.cpp.o[0m
[91.342s] [ 85%] [32m[1mLinking CXX executable ../../bin/demo_hunter_robot[0m
[91.622s] [ 85%] Built target demo_hunter_robot
[91.680s] [ 89%] [32mBuilding CXX object sample/utils_demo/CMakeFiles/demo_protocol_detector.dir/demo_protocol_detector.cpp.o[0m
[96.872s] [ 92%] [32m[1mLinking CXX executable ../../bin/demo_protocol_detector[0m
[97.434s] [ 92%] Built target demo_protocol_detector
[97.571s] [ 96%] [32mBuilding CXX object sample/utils_demo/CMakeFiles/demo_robot_version.dir/demo_robot_version.cpp.o[0m
[101.709s] [100%] [32m[1mLinking CXX executable ../../bin/demo_robot_version[0m
[102.251s] [100%] Built target demo_robot_version
[102.306s] Invoked command in '/home/student/ros2_ws/build/ugv_sdk' returned '0': /usr/bin/cmake --build /home/student/ros2_ws/build/ugv_sdk -- -j2 -l2
[102.314s] Invoking command in '/home/student/ros2_ws/build/ugv_sdk': /usr/bin/cmake --install /home/student/ros2_ws/build/ugv_sdk
[102.346s] -- Install configuration: "Release"
[102.347s] -- Installing: /home/student/ros2_ws/install/ugv_sdk/lib/libugv_sdk.a
[102.360s] -- Installing: /home/student/ros2_ws/install/ugv_sdk/include/ugv_sdk
[102.361s] -- Installing: /home/student/ros2_ws/install/ugv_sdk/include/ugv_sdk/utilities
[102.362s] -- Installing: /home/student/ros2_ws/install/ugv_sdk/include/ugv_sdk/utilities/protocol_detector.hpp
[102.365s] -- Installing: /home/student/ros2_ws/install/ugv_sdk/include/ugv_sdk/details
[102.366s] -- Installing: /home/student/ros2_ws/install/ugv_sdk/include/ugv_sdk/details/async_port
[102.367s] -- Installing: /home/student/ros2_ws/install/ugv_sdk/include/ugv_sdk/details/async_port/ring_buffer.hpp
[102.370s] -- Installing: /home/student/ros2_ws/install/ugv_sdk/include/ugv_sdk/details/async_port/async_serial.hpp
[102.372s] -- Installing: /home/student/ros2_ws/install/ugv_sdk/include/ugv_sdk/details/async_port/async_can.hpp
[102.373s] -- Installing: /home/student/ros2_ws/install/ugv_sdk/include/ugv_sdk/details/interface
[102.375s] -- Installing: /home/student/ros2_ws/install/ugv_sdk/include/ugv_sdk/details/interface/robot_common_interface.hpp
[102.377s] -- Installing: /home/student/ros2_ws/install/ugv_sdk/include/ugv_sdk/details/interface/bunker_interface.hpp
[102.379s] -- Installing: /home/student/ros2_ws/install/ugv_sdk/include/ugv_sdk/details/interface/hunter_interface.hpp
[102.381s] -- Installing: /home/student/ros2_ws/install/ugv_sdk/include/ugv_sdk/details/interface/scout_interface.hpp
[102.383s] -- Installing: /home/student/ros2_ws/install/ugv_sdk/include/ugv_sdk/details/interface/titan_interface.hpp
[102.385s] -- Installing: /home/student/ros2_ws/install/ugv_sdk/include/ugv_sdk/details/interface/agilex_types.h
[102.385s] -- Installing: /home/student/ros2_ws/install/ugv_sdk/include/ugv_sdk/details/interface/tracer_interface.hpp
[102.386s] -- Installing: /home/student/ros2_ws/install/ugv_sdk/include/ugv_sdk/details/interface/ranger_interface.hpp
[102.390s] -- Installing: /home/student/ros2_ws/install/ugv_sdk/include/ugv_sdk/details/interface/agilex_message.h
[102.391s] -- Installing: /home/student/ros2_ws/install/ugv_sdk/include/ugv_sdk/details/robot_base
[102.391s] -- Installing: /home/student/ros2_ws/install/ugv_sdk/include/ugv_sdk/details/robot_base/hunter_base.hpp
[102.393s] -- Installing: /home/student/ros2_ws/install/ugv_sdk/include/ugv_sdk/details/robot_base/bunker_base.hpp
[102.394s] -- Installing: /home/student/ros2_ws/install/ugv_sdk/include/ugv_sdk/details/robot_base/titan_base.hpp
[102.395s] -- Installing: /home/student/ros2_ws/install/ugv_sdk/include/ugv_sdk/details/robot_base/agilex_base.hpp
[102.396s] -- Installing: /home/student/ros2_ws/install/ugv_sdk/include/ugv_sdk/details/robot_base/scout_base.hpp
[102.398s] -- Installing: /home/student/ros2_ws/install/ugv_sdk/include/ugv_sdk/details/robot_base/tracer_base.hpp
[102.399s] -- Installing: /home/student/ros2_ws/install/ugv_sdk/include/ugv_sdk/details/robot_base/ranger_base.hpp
[102.400s] -- Installing: /home/student/ros2_ws/install/ugv_sdk/include/ugv_sdk/details/protocol_v1
[102.402s] -- Installing: /home/student/ros2_ws/install/ugv_sdk/include/ugv_sdk/details/protocol_v1/robot_limits.hpp
[102.403s] -- Installing: /home/student/ros2_ws/install/ugv_sdk/include/ugv_sdk/details/protocol_v1/agilex_msg_parser_v1.h
[102.404s] -- Installing: /home/student/ros2_ws/install/ugv_sdk/include/ugv_sdk/details/protocol_v1/protocol_v1_parser.hpp
[102.406s] -- Installing: /home/student/ros2_ws/install/ugv_sdk/include/ugv_sdk/details/parser_base.hpp
[102.407s] -- Installing: /home/student/ros2_ws/install/ugv_sdk/include/ugv_sdk/details/protocol_v2
[102.408s] -- Installing: /home/student/ros2_ws/install/ugv_sdk/include/ugv_sdk/details/protocol_v2/protocol_v2_parser.hpp
[102.411s] -- Installing: /home/student/ros2_ws/install/ugv_sdk/include/ugv_sdk/mobile_robot
[102.411s] -- Installing: /home/student/ros2_ws/install/ugv_sdk/include/ugv_sdk/mobile_robot/titan_robot.hpp
[102.412s] -- Installing: /home/student/ros2_ws/install/ugv_sdk/include/ugv_sdk/mobile_robot/hunter_robot.hpp
[102.414s] -- Installing: /home/student/ros2_ws/install/ugv_sdk/include/ugv_sdk/mobile_robot/scout_robot.hpp
[102.415s] -- Installing: /home/student/ros2_ws/install/ugv_sdk/include/ugv_sdk/mobile_robot/bunker_robot.hpp
[102.417s] -- Installing: /home/student/ros2_ws/install/ugv_sdk/include/ugv_sdk/mobile_robot/tracer_robot.hpp
[102.418s] -- Installing: /home/student/ros2_ws/install/ugv_sdk/include/ugv_sdk/mobile_robot/ranger_robot.hpp
[102.422s] -- Installing: /home/student/ros2_ws/install/ugv_sdk/lib/cmake/ugv_sdk/ugv_sdkTargets.cmake
[102.423s] -- Installing: /home/student/ros2_ws/install/ugv_sdk/lib/cmake/ugv_sdk/ugv_sdkTargets-release.cmake
[102.424s] -- Installing: /home/student/ros2_ws/install/ugv_sdk/lib/cmake/ugv_sdk/ugv_sdkConfig.cmake
[102.425s] -- Installing: /home/student/ros2_ws/install/ugv_sdk/lib/cmake/ugv_sdk/ugv_sdkConfigVersion.cmake
[102.436s] Invoked command in '/home/student/ros2_ws/build/ugv_sdk' returned '0': /usr/bin/cmake --install /home/student/ros2_ws/build/ugv_sdk
