[0.052s] Invoking command in '/home/student/ros2_ws/build/scout_description': CMAKE_PREFIX_PATH=/home/student/ros2_ws/install/scout_base:/home/student/ros2_ws/install/lidar_slam_mapping:/home/student/ros2_ws/install/lidar_slam_nav2:/opt/ros/humble:/home/student/ros2_ws/install/ugv_sdk:/home/student/ros2_ws/install/scout_msgs:/home/student/ros2_ws/install/scout_description:/home/student/ros2_ws/install/rslidar_sdk:/home/student/ros2_ws/install/rslidar_msg:/home/student/ros2_ws/install/rplidar_ros:/home/student/ros2_ws/install/cartographer_rviz:/home/student/ros2_ws/install/cartographer_ros:/home/student/ros2_ws/install/cartographer_ros_msgs /usr/bin/cmake --build /home/student/ros2_ws/build/scout_description -- -j2 -l2
[0.258s] Invoked command in '/home/student/ros2_ws/build/scout_description' returned '0': CMAKE_PREFIX_PATH=/home/student/ros2_ws/install/scout_base:/home/student/ros2_ws/install/lidar_slam_mapping:/home/student/ros2_ws/install/lidar_slam_nav2:/opt/ros/humble:/home/student/ros2_ws/install/ugv_sdk:/home/student/ros2_ws/install/scout_msgs:/home/student/ros2_ws/install/scout_description:/home/student/ros2_ws/install/rslidar_sdk:/home/student/ros2_ws/install/rslidar_msg:/home/student/ros2_ws/install/rplidar_ros:/home/student/ros2_ws/install/cartographer_rviz:/home/student/ros2_ws/install/cartographer_ros:/home/student/ros2_ws/install/cartographer_ros_msgs /usr/bin/cmake --build /home/student/ros2_ws/build/scout_description -- -j2 -l2
[0.265s] Invoking command in '/home/student/ros2_ws/build/scout_description': CMAKE_PREFIX_PATH=/home/student/ros2_ws/install/scout_base:/home/student/ros2_ws/install/lidar_slam_mapping:/home/student/ros2_ws/install/lidar_slam_nav2:/opt/ros/humble:/home/student/ros2_ws/install/ugv_sdk:/home/student/ros2_ws/install/scout_msgs:/home/student/ros2_ws/install/scout_description:/home/student/ros2_ws/install/rslidar_sdk:/home/student/ros2_ws/install/rslidar_msg:/home/student/ros2_ws/install/rplidar_ros:/home/student/ros2_ws/install/cartographer_rviz:/home/student/ros2_ws/install/cartographer_ros:/home/student/ros2_ws/install/cartographer_ros_msgs /usr/bin/cmake --install /home/student/ros2_ws/build/scout_description
[0.321s] -- Install configuration: ""
[0.322s] -- Up-to-date: /home/student/ros2_ws/install/scout_description/share/scout_description//launch
[0.324s] -- Up-to-date: /home/student/ros2_ws/install/scout_description/share/scout_description//launch/scout_base_description.launch.py
[0.324s] -- Up-to-date: /home/student/ros2_ws/install/scout_description/share/scout_description//urdf
[0.324s] -- Up-to-date: /home/student/ros2_ws/install/scout_description/share/scout_description//urdf/scout_mini
[0.324s] -- Up-to-date: /home/student/ros2_ws/install/scout_description/share/scout_description//urdf/scout_mini/scout_mini.urdf
[0.325s] -- Up-to-date: /home/student/ros2_ws/install/scout_description/share/scout_description//urdf/scout_mini/scout_mini.xacro
[0.325s] -- Up-to-date: /home/student/ros2_ws/install/scout_description/share/scout_description//urdf/scout_mini/scout_mini_wheel.xacro
[0.325s] -- Up-to-date: /home/student/ros2_ws/install/scout_description/share/scout_description//urdf/generate_urdf.sh
[0.327s] -- Up-to-date: /home/student/ros2_ws/install/scout_description/share/scout_description//urdf/scout_v2
[0.328s] -- Up-to-date: /home/student/ros2_ws/install/scout_description/share/scout_description//urdf/scout_v2/scout_v2.xacro
[0.328s] -- Up-to-date: /home/student/ros2_ws/install/scout_description/share/scout_description//urdf/scout_v2/scout_v2.urdf
[0.328s] -- Up-to-date: /home/student/ros2_ws/install/scout_description/share/scout_description//urdf/scout_v2/scout_wheel_type1.xacro
[0.328s] -- Up-to-date: /home/student/ros2_ws/install/scout_description/share/scout_description//urdf/scout_v2/scout_wheel_type2.xacro
[0.336s] -- Up-to-date: /home/student/ros2_ws/install/scout_description/share/scout_description//meshes
[0.338s] -- Up-to-date: /home/student/ros2_ws/install/scout_description/share/scout_description//meshes/scout_mini
[0.341s] -- Up-to-date: /home/student/ros2_ws/install/scout_description/share/scout_description//meshes/scout_mini/mini_wheel.dae
[0.341s] -- Up-to-date: /home/student/ros2_ws/install/scout_description/share/scout_description//meshes/scout_mini/mini_base_link.dae
[0.341s] -- Up-to-date: /home/student/ros2_ws/install/scout_description/share/scout_description//meshes/scout_v2
[0.342s] -- Up-to-date: /home/student/ros2_ws/install/scout_description/share/scout_description//meshes/scout_v2/base_link_full.dae
[0.342s] -- Up-to-date: /home/student/ros2_ws/install/scout_description/share/scout_description//meshes/scout_v2/wheel_type2.dae
[0.342s] -- Up-to-date: /home/student/ros2_ws/install/scout_description/share/scout_description//meshes/scout_v2/wheel_type1.dae
[0.342s] -- Up-to-date: /home/student/ros2_ws/install/scout_description/share/scout_description//meshes/scout_v2/hokuyo.dae
[0.342s] -- Up-to-date: /home/student/ros2_ws/install/scout_description/share/scout_description//meshes/scout_v2/base_link.dae
[0.343s] -- Up-to-date: /home/student/ros2_ws/install/scout_description/share/ament_index/resource_index/package_run_dependencies/scout_description
[0.343s] -- Up-to-date: /home/student/ros2_ws/install/scout_description/share/ament_index/resource_index/parent_prefix_path/scout_description
[0.343s] -- Up-to-date: /home/student/ros2_ws/install/scout_description/share/scout_description/environment/ament_prefix_path.sh
[0.344s] -- Up-to-date: /home/student/ros2_ws/install/scout_description/share/scout_description/environment/ament_prefix_path.dsv
[0.347s] -- Up-to-date: /home/student/ros2_ws/install/scout_description/share/scout_description/environment/path.sh
[0.348s] -- Up-to-date: /home/student/ros2_ws/install/scout_description/share/scout_description/environment/path.dsv
[0.348s] -- Up-to-date: /home/student/ros2_ws/install/scout_description/share/scout_description/local_setup.bash
[0.348s] -- Up-to-date: /home/student/ros2_ws/install/scout_description/share/scout_description/local_setup.sh
[0.349s] -- Up-to-date: /home/student/ros2_ws/install/scout_description/share/scout_description/local_setup.zsh
[0.359s] -- Up-to-date: /home/student/ros2_ws/install/scout_description/share/scout_description/local_setup.dsv
[0.359s] -- Installing: /home/student/ros2_ws/install/scout_description/share/scout_description/package.dsv
[0.360s] -- Up-to-date: /home/student/ros2_ws/install/scout_description/share/ament_index/resource_index/packages/scout_description
[0.360s] -- Up-to-date: /home/student/ros2_ws/install/scout_description/share/scout_description/cmake/scout_descriptionConfig.cmake
[0.360s] -- Up-to-date: /home/student/ros2_ws/install/scout_description/share/scout_description/cmake/scout_descriptionConfig-version.cmake
[0.360s] -- Up-to-date: /home/student/ros2_ws/install/scout_description/share/scout_description/package.xml
[0.361s] Invoked command in '/home/student/ros2_ws/build/scout_description' returned '0': CMAKE_PREFIX_PATH=/home/student/ros2_ws/install/scout_base:/home/student/ros2_ws/install/lidar_slam_mapping:/home/student/ros2_ws/install/lidar_slam_nav2:/opt/ros/humble:/home/student/ros2_ws/install/ugv_sdk:/home/student/ros2_ws/install/scout_msgs:/home/student/ros2_ws/install/scout_description:/home/student/ros2_ws/install/rslidar_sdk:/home/student/ros2_ws/install/rslidar_msg:/home/student/ros2_ws/install/rplidar_ros:/home/student/ros2_ws/install/cartographer_rviz:/home/student/ros2_ws/install/cartographer_ros:/home/student/ros2_ws/install/cartographer_ros_msgs /usr/bin/cmake --install /home/student/ros2_ws/build/scout_description
