[0.037s] Invoking command in '/home/student/ros2_ws/build/scout_msgs': CMAKE_PREFIX_PATH=/home/student/ros2_ws/install/scout_base:/home/student/ros2_ws/install/lidar_slam_mapping:/home/student/ros2_ws/install/lidar_slam_nav2:/opt/ros/humble:/home/student/ros2_ws/install/ugv_sdk:/home/student/ros2_ws/install/scout_msgs:/home/student/ros2_ws/install/scout_description:/home/student/ros2_ws/install/rslidar_sdk:/home/student/ros2_ws/install/rslidar_msg:/home/student/ros2_ws/install/rplidar_ros:/home/student/ros2_ws/install/cartographer_rviz:/home/student/ros2_ws/install/cartographer_ros:/home/student/ros2_ws/install/cartographer_ros_msgs /usr/bin/cmake --build /home/student/ros2_ws/build/scout_msgs -- -j2 -l2
[0.156s] [  1%] Built target scout_msgs__cpp
[0.198s] [ 12%] Built target scout_msgs__rosidl_generator_c
[0.259s] [ 12%] Built target ament_cmake_python_copy_scout_msgs
[0.307s] [ 23%] Built target scout_msgs__rosidl_typesupport_cpp
[0.356s] [ 34%] Built target scout_msgs__rosidl_typesupport_fastrtps_c
[0.406s] [ 46%] Built target scout_msgs__rosidl_typesupport_fastrtps_cpp
[0.452s] [ 57%] Built target scout_msgs__rosidl_typesupport_introspection_c
[0.494s] [ 68%] Built target scout_msgs__rosidl_typesupport_c
[0.553s] [ 79%] Built target scout_msgs__rosidl_typesupport_introspection_cpp
[1.375s] running egg_info
[1.377s] writing scout_msgs.egg-info/PKG-INFO
[1.378s] writing dependency_links to scout_msgs.egg-info/dependency_links.txt
[1.378s] writing top-level names to scout_msgs.egg-info/top_level.txt
[1.386s] reading manifest file 'scout_msgs.egg-info/SOURCES.txt'
[1.388s] writing manifest file 'scout_msgs.egg-info/SOURCES.txt'
[1.478s] [ 79%] Built target ament_cmake_python_build_scout_msgs_egg
[1.526s] [ 79%] Built target scout_msgs
[1.571s] [ 80%] Built target scout_msgs__py
[1.625s] [ 90%] Built target scout_msgs__rosidl_generator_py
[1.670s] [ 93%] Built target scout_msgs__rosidl_typesupport_fastrtps_c__pyext
[1.725s] [ 96%] Built target scout_msgs__rosidl_typesupport_introspection_c__pyext
[1.771s] [100%] Built target scout_msgs__rosidl_typesupport_c__pyext
[1.799s] Invoked command in '/home/student/ros2_ws/build/scout_msgs' returned '0': CMAKE_PREFIX_PATH=/home/student/ros2_ws/install/scout_base:/home/student/ros2_ws/install/lidar_slam_mapping:/home/student/ros2_ws/install/lidar_slam_nav2:/opt/ros/humble:/home/student/ros2_ws/install/ugv_sdk:/home/student/ros2_ws/install/scout_msgs:/home/student/ros2_ws/install/scout_description:/home/student/ros2_ws/install/rslidar_sdk:/home/student/ros2_ws/install/rslidar_msg:/home/student/ros2_ws/install/rplidar_ros:/home/student/ros2_ws/install/cartographer_rviz:/home/student/ros2_ws/install/cartographer_ros:/home/student/ros2_ws/install/cartographer_ros_msgs /usr/bin/cmake --build /home/student/ros2_ws/build/scout_msgs -- -j2 -l2
[1.800s] Invoking command in '/home/student/ros2_ws/build/scout_msgs': CMAKE_PREFIX_PATH=/home/student/ros2_ws/install/scout_base:/home/student/ros2_ws/install/lidar_slam_mapping:/home/student/ros2_ws/install/lidar_slam_nav2:/opt/ros/humble:/home/student/ros2_ws/install/ugv_sdk:/home/student/ros2_ws/install/scout_msgs:/home/student/ros2_ws/install/scout_description:/home/student/ros2_ws/install/rslidar_sdk:/home/student/ros2_ws/install/rslidar_msg:/home/student/ros2_ws/install/rplidar_ros:/home/student/ros2_ws/install/cartographer_rviz:/home/student/ros2_ws/install/cartographer_ros:/home/student/ros2_ws/install/cartographer_ros_msgs /usr/bin/cmake --install /home/student/ros2_ws/build/scout_msgs
[1.825s] -- Install configuration: ""
[1.826s] -- Up-to-date: /home/student/ros2_ws/install/scout_msgs/share/ament_index/resource_index/rosidl_interfaces/scout_msgs
[1.826s] -- Up-to-date: /home/student/ros2_ws/install/scout_msgs/include/scout_msgs/scout_msgs
[1.827s] -- Up-to-date: /home/student/ros2_ws/install/scout_msgs/include/scout_msgs/scout_msgs/msg
[1.827s] -- Up-to-date: /home/student/ros2_ws/install/scout_msgs/include/scout_msgs/scout_msgs/msg/scout_status.h
[1.827s] -- Up-to-date: /home/student/ros2_ws/install/scout_msgs/include/scout_msgs/scout_msgs/msg/scout_rc_state.h
[1.828s] -- Up-to-date: /home/student/ros2_ws/install/scout_msgs/include/scout_msgs/scout_msgs/msg/rosidl_generator_c__visibility_control.h
[1.828s] -- Up-to-date: /home/student/ros2_ws/install/scout_msgs/include/scout_msgs/scout_msgs/msg/detail
[1.828s] -- Up-to-date: /home/student/ros2_ws/install/scout_msgs/include/scout_msgs/scout_msgs/msg/detail/scout_actuator_state__functions.c
[1.829s] -- Up-to-date: /home/student/ros2_ws/install/scout_msgs/include/scout_msgs/scout_msgs/msg/detail/scout_light_cmd__type_support.h
[1.829s] -- Up-to-date: /home/student/ros2_ws/install/scout_msgs/include/scout_msgs/scout_msgs/msg/detail/scout_light_state__functions.h
[1.830s] -- Up-to-date: /home/student/ros2_ws/install/scout_msgs/include/scout_msgs/scout_msgs/msg/detail/scout_light_state__functions.c
[1.831s] -- Up-to-date: /home/student/ros2_ws/install/scout_msgs/include/scout_msgs/scout_msgs/msg/detail/scout_actuator_state__functions.h
[1.831s] -- Up-to-date: /home/student/ros2_ws/install/scout_msgs/include/scout_msgs/scout_msgs/msg/detail/scout_status__functions.c
[1.832s] -- Up-to-date: /home/student/ros2_ws/install/scout_msgs/include/scout_msgs/scout_msgs/msg/detail/scout_rc_state__struct.h
[1.832s] -- Up-to-date: /home/student/ros2_ws/install/scout_msgs/include/scout_msgs/scout_msgs/msg/detail/scout_light_state__struct.h
[1.832s] -- Up-to-date: /home/student/ros2_ws/install/scout_msgs/include/scout_msgs/scout_msgs/msg/detail/scout_actuator_state__struct.h
[1.833s] -- Up-to-date: /home/student/ros2_ws/install/scout_msgs/include/scout_msgs/scout_msgs/msg/detail/scout_light_cmd__functions.h
[1.833s] -- Up-to-date: /home/student/ros2_ws/install/scout_msgs/include/scout_msgs/scout_msgs/msg/detail/scout_rc_state__type_support.h
[1.834s] -- Up-to-date: /home/student/ros2_ws/install/scout_msgs/include/scout_msgs/scout_msgs/msg/detail/scout_status__type_support.h
[1.834s] -- Up-to-date: /home/student/ros2_ws/install/scout_msgs/include/scout_msgs/scout_msgs/msg/detail/scout_light_cmd__struct.h
[1.834s] -- Up-to-date: /home/student/ros2_ws/install/scout_msgs/include/scout_msgs/scout_msgs/msg/detail/scout_actuator_state__type_support.h
[1.835s] -- Up-to-date: /home/student/ros2_ws/install/scout_msgs/include/scout_msgs/scout_msgs/msg/detail/scout_status__functions.h
[1.835s] -- Up-to-date: /home/student/ros2_ws/install/scout_msgs/include/scout_msgs/scout_msgs/msg/detail/scout_status__struct.h
[1.835s] -- Up-to-date: /home/student/ros2_ws/install/scout_msgs/include/scout_msgs/scout_msgs/msg/detail/scout_rc_state__functions.h
[1.836s] -- Up-to-date: /home/student/ros2_ws/install/scout_msgs/include/scout_msgs/scout_msgs/msg/detail/scout_rc_state__functions.c
[1.836s] -- Up-to-date: /home/student/ros2_ws/install/scout_msgs/include/scout_msgs/scout_msgs/msg/detail/scout_light_cmd__functions.c
[1.836s] -- Up-to-date: /home/student/ros2_ws/install/scout_msgs/include/scout_msgs/scout_msgs/msg/detail/scout_light_state__type_support.h
[1.837s] -- Up-to-date: /home/student/ros2_ws/install/scout_msgs/include/scout_msgs/scout_msgs/msg/scout_actuator_state.h
[1.837s] -- Up-to-date: /home/student/ros2_ws/install/scout_msgs/include/scout_msgs/scout_msgs/msg/scout_light_cmd.h
[1.837s] -- Up-to-date: /home/student/ros2_ws/install/scout_msgs/include/scout_msgs/scout_msgs/msg/scout_light_state.h
[1.838s] -- Up-to-date: /home/student/ros2_ws/install/scout_msgs/share/scout_msgs/environment/library_path.sh
[1.838s] -- Up-to-date: /home/student/ros2_ws/install/scout_msgs/share/scout_msgs/environment/library_path.dsv
[1.839s] -- Up-to-date: /home/student/ros2_ws/install/scout_msgs/lib/libscout_msgs__rosidl_generator_c.so
[1.840s] -- Up-to-date: /home/student/ros2_ws/install/scout_msgs/include/scout_msgs/scout_msgs
[1.840s] -- Up-to-date: /home/student/ros2_ws/install/scout_msgs/include/scout_msgs/scout_msgs/msg
[1.841s] -- Up-to-date: /home/student/ros2_ws/install/scout_msgs/include/scout_msgs/scout_msgs/msg/rosidl_typesupport_fastrtps_c__visibility_control.h
[1.841s] -- Up-to-date: /home/student/ros2_ws/install/scout_msgs/include/scout_msgs/scout_msgs/msg/detail
[1.841s] -- Up-to-date: /home/student/ros2_ws/install/scout_msgs/include/scout_msgs/scout_msgs/msg/detail/scout_status__rosidl_typesupport_fastrtps_c.h
[1.842s] -- Up-to-date: /home/student/ros2_ws/install/scout_msgs/include/scout_msgs/scout_msgs/msg/detail/scout_light_cmd__rosidl_typesupport_fastrtps_c.h
[1.842s] -- Up-to-date: /home/student/ros2_ws/install/scout_msgs/include/scout_msgs/scout_msgs/msg/detail/scout_rc_state__rosidl_typesupport_fastrtps_c.h
[1.842s] -- Up-to-date: /home/student/ros2_ws/install/scout_msgs/include/scout_msgs/scout_msgs/msg/detail/scout_actuator_state__rosidl_typesupport_fastrtps_c.h
[1.843s] -- Up-to-date: /home/student/ros2_ws/install/scout_msgs/include/scout_msgs/scout_msgs/msg/detail/scout_light_state__rosidl_typesupport_fastrtps_c.h
[1.843s] -- Up-to-date: /home/student/ros2_ws/install/scout_msgs/lib/libscout_msgs__rosidl_typesupport_fastrtps_c.so
[1.844s] -- Up-to-date: /home/student/ros2_ws/install/scout_msgs/include/scout_msgs/scout_msgs
[1.845s] -- Up-to-date: /home/student/ros2_ws/install/scout_msgs/include/scout_msgs/scout_msgs/msg
[1.845s] -- Up-to-date: /home/student/ros2_ws/install/scout_msgs/include/scout_msgs/scout_msgs/msg/scout_actuator_state.hpp
[1.846s] -- Up-to-date: /home/student/ros2_ws/install/scout_msgs/include/scout_msgs/scout_msgs/msg/scout_rc_state.hpp
[1.846s] -- Up-to-date: /home/student/ros2_ws/install/scout_msgs/include/scout_msgs/scout_msgs/msg/rosidl_generator_cpp__visibility_control.hpp
[1.846s] -- Up-to-date: /home/student/ros2_ws/install/scout_msgs/include/scout_msgs/scout_msgs/msg/detail
[1.846s] -- Up-to-date: /home/student/ros2_ws/install/scout_msgs/include/scout_msgs/scout_msgs/msg/detail/scout_rc_state__traits.hpp
[1.848s] -- Up-to-date: /home/student/ros2_ws/install/scout_msgs/include/scout_msgs/scout_msgs/msg/detail/scout_light_cmd__builder.hpp
[1.848s] -- Up-to-date: /home/student/ros2_ws/install/scout_msgs/include/scout_msgs/scout_msgs/msg/detail/scout_light_cmd__type_support.hpp
[1.848s] -- Up-to-date: /home/student/ros2_ws/install/scout_msgs/include/scout_msgs/scout_msgs/msg/detail/scout_light_state__struct.hpp
[1.848s] -- Up-to-date: /home/student/ros2_ws/install/scout_msgs/include/scout_msgs/scout_msgs/msg/detail/scout_status__builder.hpp
[1.849s] -- Up-to-date: /home/student/ros2_ws/install/scout_msgs/include/scout_msgs/scout_msgs/msg/detail/scout_light_state__traits.hpp
[1.849s] -- Up-to-date: /home/student/ros2_ws/install/scout_msgs/include/scout_msgs/scout_msgs/msg/detail/scout_actuator_state__builder.hpp
[1.849s] -- Up-to-date: /home/student/ros2_ws/install/scout_msgs/include/scout_msgs/scout_msgs/msg/detail/scout_status__type_support.hpp
[1.849s] -- Up-to-date: /home/student/ros2_ws/install/scout_msgs/include/scout_msgs/scout_msgs/msg/detail/scout_status__struct.hpp
[1.849s] -- Up-to-date: /home/student/ros2_ws/install/scout_msgs/include/scout_msgs/scout_msgs/msg/detail/scout_actuator_state__type_support.hpp
[1.849s] -- Up-to-date: /home/student/ros2_ws/install/scout_msgs/include/scout_msgs/scout_msgs/msg/detail/scout_actuator_state__traits.hpp
[1.850s] -- Up-to-date: /home/student/ros2_ws/install/scout_msgs/include/scout_msgs/scout_msgs/msg/detail/scout_light_state__builder.hpp
[1.850s] -- Up-to-date: /home/student/ros2_ws/install/scout_msgs/include/scout_msgs/scout_msgs/msg/detail/scout_actuator_state__struct.hpp
[1.854s] -- Up-to-date: /home/student/ros2_ws/install/scout_msgs/include/scout_msgs/scout_msgs/msg/detail/scout_light_cmd__traits.hpp
[1.854s] -- Up-to-date: /home/student/ros2_ws/install/scout_msgs/include/scout_msgs/scout_msgs/msg/detail/scout_rc_state__builder.hpp
[1.854s] -- Up-to-date: /home/student/ros2_ws/install/scout_msgs/include/scout_msgs/scout_msgs/msg/detail/scout_light_state__type_support.hpp
[1.857s] -- Up-to-date: /home/student/ros2_ws/install/scout_msgs/include/scout_msgs/scout_msgs/msg/detail/scout_rc_state__type_support.hpp
[1.857s] -- Up-to-date: /home/student/ros2_ws/install/scout_msgs/include/scout_msgs/scout_msgs/msg/detail/scout_light_cmd__struct.hpp
[1.857s] -- Up-to-date: /home/student/ros2_ws/install/scout_msgs/include/scout_msgs/scout_msgs/msg/detail/scout_rc_state__struct.hpp
[1.857s] -- Up-to-date: /home/student/ros2_ws/install/scout_msgs/include/scout_msgs/scout_msgs/msg/detail/scout_status__traits.hpp
[1.858s] -- Up-to-date: /home/student/ros2_ws/install/scout_msgs/include/scout_msgs/scout_msgs/msg/scout_light_state.hpp
[1.858s] -- Up-to-date: /home/student/ros2_ws/install/scout_msgs/include/scout_msgs/scout_msgs/msg/scout_light_cmd.hpp
[1.858s] -- Up-to-date: /home/student/ros2_ws/install/scout_msgs/include/scout_msgs/scout_msgs/msg/scout_status.hpp
[1.858s] -- Up-to-date: /home/student/ros2_ws/install/scout_msgs/include/scout_msgs/scout_msgs
[1.858s] -- Up-to-date: /home/student/ros2_ws/install/scout_msgs/include/scout_msgs/scout_msgs/msg
[1.861s] -- Up-to-date: /home/student/ros2_ws/install/scout_msgs/include/scout_msgs/scout_msgs/msg/detail
[1.861s] -- Up-to-date: /home/student/ros2_ws/install/scout_msgs/include/scout_msgs/scout_msgs/msg/detail/scout_status__rosidl_typesupport_fastrtps_cpp.hpp
[1.861s] -- Up-to-date: /home/student/ros2_ws/install/scout_msgs/include/scout_msgs/scout_msgs/msg/detail/scout_actuator_state__rosidl_typesupport_fastrtps_cpp.hpp
[1.861s] -- Up-to-date: /home/student/ros2_ws/install/scout_msgs/include/scout_msgs/scout_msgs/msg/detail/scout_light_cmd__rosidl_typesupport_fastrtps_cpp.hpp
[1.862s] -- Up-to-date: /home/student/ros2_ws/install/scout_msgs/include/scout_msgs/scout_msgs/msg/detail/scout_light_state__rosidl_typesupport_fastrtps_cpp.hpp
[1.862s] -- Up-to-date: /home/student/ros2_ws/install/scout_msgs/include/scout_msgs/scout_msgs/msg/detail/dds_fastrtps
[1.862s] -- Up-to-date: /home/student/ros2_ws/install/scout_msgs/include/scout_msgs/scout_msgs/msg/detail/scout_rc_state__rosidl_typesupport_fastrtps_cpp.hpp
[1.862s] -- Up-to-date: /home/student/ros2_ws/install/scout_msgs/include/scout_msgs/scout_msgs/msg/rosidl_typesupport_fastrtps_cpp__visibility_control.h
[1.862s] -- Up-to-date: /home/student/ros2_ws/install/scout_msgs/lib/libscout_msgs__rosidl_typesupport_fastrtps_cpp.so
[1.863s] -- Up-to-date: /home/student/ros2_ws/install/scout_msgs/include/scout_msgs/scout_msgs
[1.863s] -- Up-to-date: /home/student/ros2_ws/install/scout_msgs/include/scout_msgs/scout_msgs/msg
[1.863s] -- Up-to-date: /home/student/ros2_ws/install/scout_msgs/include/scout_msgs/scout_msgs/msg/rosidl_typesupport_introspection_c__visibility_control.h
[1.863s] -- Up-to-date: /home/student/ros2_ws/install/scout_msgs/include/scout_msgs/scout_msgs/msg/detail
[1.863s] -- Up-to-date: /home/student/ros2_ws/install/scout_msgs/include/scout_msgs/scout_msgs/msg/detail/scout_actuator_state__type_support.c
[1.864s] -- Up-to-date: /home/student/ros2_ws/install/scout_msgs/include/scout_msgs/scout_msgs/msg/detail/scout_light_cmd__rosidl_typesupport_introspection_c.h
[1.864s] -- Up-to-date: /home/student/ros2_ws/install/scout_msgs/include/scout_msgs/scout_msgs/msg/detail/scout_light_state__rosidl_typesupport_introspection_c.h
[1.866s] -- Up-to-date: /home/student/ros2_ws/install/scout_msgs/include/scout_msgs/scout_msgs/msg/detail/scout_light_state__type_support.c
[1.866s] -- Up-to-date: /home/student/ros2_ws/install/scout_msgs/include/scout_msgs/scout_msgs/msg/detail/scout_rc_state__rosidl_typesupport_introspection_c.h
[1.866s] -- Up-to-date: /home/student/ros2_ws/install/scout_msgs/include/scout_msgs/scout_msgs/msg/detail/scout_status__rosidl_typesupport_introspection_c.h
[1.869s] -- Up-to-date: /home/student/ros2_ws/install/scout_msgs/include/scout_msgs/scout_msgs/msg/detail/scout_actuator_state__rosidl_typesupport_introspection_c.h
[1.869s] -- Up-to-date: /home/student/ros2_ws/install/scout_msgs/include/scout_msgs/scout_msgs/msg/detail/scout_rc_state__type_support.c
[1.869s] -- Up-to-date: /home/student/ros2_ws/install/scout_msgs/include/scout_msgs/scout_msgs/msg/detail/scout_status__type_support.c
[1.870s] -- Up-to-date: /home/student/ros2_ws/install/scout_msgs/include/scout_msgs/scout_msgs/msg/detail/scout_light_cmd__type_support.c
[1.870s] -- Up-to-date: /home/student/ros2_ws/install/scout_msgs/lib/libscout_msgs__rosidl_typesupport_introspection_c.so
[1.870s] -- Up-to-date: /home/student/ros2_ws/install/scout_msgs/lib/libscout_msgs__rosidl_typesupport_c.so
[1.871s] -- Up-to-date: /home/student/ros2_ws/install/scout_msgs/include/scout_msgs/scout_msgs
[1.871s] -- Up-to-date: /home/student/ros2_ws/install/scout_msgs/include/scout_msgs/scout_msgs/msg
[1.871s] -- Up-to-date: /home/student/ros2_ws/install/scout_msgs/include/scout_msgs/scout_msgs/msg/detail
[1.871s] -- Up-to-date: /home/student/ros2_ws/install/scout_msgs/include/scout_msgs/scout_msgs/msg/detail/scout_rc_state__rosidl_typesupport_introspection_cpp.hpp
[1.871s] -- Up-to-date: /home/student/ros2_ws/install/scout_msgs/include/scout_msgs/scout_msgs/msg/detail/scout_light_state__rosidl_typesupport_introspection_cpp.hpp
[1.872s] -- Up-to-date: /home/student/ros2_ws/install/scout_msgs/include/scout_msgs/scout_msgs/msg/detail/scout_light_cmd__rosidl_typesupport_introspection_cpp.hpp
[1.872s] -- Up-to-date: /home/student/ros2_ws/install/scout_msgs/include/scout_msgs/scout_msgs/msg/detail/scout_actuator_state__rosidl_typesupport_introspection_cpp.hpp
[1.872s] -- Up-to-date: /home/student/ros2_ws/install/scout_msgs/include/scout_msgs/scout_msgs/msg/detail/scout_actuator_state__type_support.cpp
[1.872s] -- Up-to-date: /home/student/ros2_ws/install/scout_msgs/include/scout_msgs/scout_msgs/msg/detail/scout_light_state__type_support.cpp
[1.872s] -- Up-to-date: /home/student/ros2_ws/install/scout_msgs/include/scout_msgs/scout_msgs/msg/detail/scout_light_cmd__type_support.cpp
[1.873s] -- Up-to-date: /home/student/ros2_ws/install/scout_msgs/include/scout_msgs/scout_msgs/msg/detail/scout_rc_state__type_support.cpp
[1.873s] -- Up-to-date: /home/student/ros2_ws/install/scout_msgs/include/scout_msgs/scout_msgs/msg/detail/scout_status__type_support.cpp
[1.873s] -- Up-to-date: /home/student/ros2_ws/install/scout_msgs/include/scout_msgs/scout_msgs/msg/detail/scout_status__rosidl_typesupport_introspection_cpp.hpp
[1.873s] -- Up-to-date: /home/student/ros2_ws/install/scout_msgs/lib/libscout_msgs__rosidl_typesupport_introspection_cpp.so
[1.874s] -- Up-to-date: /home/student/ros2_ws/install/scout_msgs/lib/libscout_msgs__rosidl_typesupport_cpp.so
[1.874s] -- Up-to-date: /home/student/ros2_ws/install/scout_msgs/share/scout_msgs/environment/pythonpath.sh
[1.874s] -- Up-to-date: /home/student/ros2_ws/install/scout_msgs/share/scout_msgs/environment/pythonpath.dsv
[1.874s] -- Up-to-date: /home/student/ros2_ws/install/scout_msgs/local/lib/python3.10/dist-packages/scout_msgs-0.1.0-py3.10.egg-info
[1.875s] -- Installing: /home/student/ros2_ws/install/scout_msgs/local/lib/python3.10/dist-packages/scout_msgs-0.1.0-py3.10.egg-info/top_level.txt
[1.875s] -- Installing: /home/student/ros2_ws/install/scout_msgs/local/lib/python3.10/dist-packages/scout_msgs-0.1.0-py3.10.egg-info/SOURCES.txt
[1.876s] -- Installing: /home/student/ros2_ws/install/scout_msgs/local/lib/python3.10/dist-packages/scout_msgs-0.1.0-py3.10.egg-info/dependency_links.txt
[1.876s] -- Installing: /home/student/ros2_ws/install/scout_msgs/local/lib/python3.10/dist-packages/scout_msgs-0.1.0-py3.10.egg-info/PKG-INFO
[1.876s] -- Up-to-date: /home/student/ros2_ws/install/scout_msgs/local/lib/python3.10/dist-packages/scout_msgs
[1.877s] -- Up-to-date: /home/student/ros2_ws/install/scout_msgs/local/lib/python3.10/dist-packages/scout_msgs/_scout_msgs_s.ep.rosidl_typesupport_introspection_c.c
[1.877s] -- Up-to-date: /home/student/ros2_ws/install/scout_msgs/local/lib/python3.10/dist-packages/scout_msgs/msg
[1.877s] -- Up-to-date: /home/student/ros2_ws/install/scout_msgs/local/lib/python3.10/dist-packages/scout_msgs/msg/_scout_light_cmd_s.c
[1.877s] -- Up-to-date: /home/student/ros2_ws/install/scout_msgs/local/lib/python3.10/dist-packages/scout_msgs/msg/_scout_actuator_state.py
[1.877s] -- Up-to-date: /home/student/ros2_ws/install/scout_msgs/local/lib/python3.10/dist-packages/scout_msgs/msg/__init__.py
[1.878s] -- Up-to-date: /home/student/ros2_ws/install/scout_msgs/local/lib/python3.10/dist-packages/scout_msgs/msg/_scout_rc_state_s.c
[1.878s] -- Up-to-date: /home/student/ros2_ws/install/scout_msgs/local/lib/python3.10/dist-packages/scout_msgs/msg/_scout_light_state_s.c
[1.878s] -- Up-to-date: /home/student/ros2_ws/install/scout_msgs/local/lib/python3.10/dist-packages/scout_msgs/msg/_scout_light_state.py
[1.878s] -- Up-to-date: /home/student/ros2_ws/install/scout_msgs/local/lib/python3.10/dist-packages/scout_msgs/msg/_scout_actuator_state_s.c
[1.878s] -- Up-to-date: /home/student/ros2_ws/install/scout_msgs/local/lib/python3.10/dist-packages/scout_msgs/msg/_scout_status.py
[1.879s] -- Up-to-date: /home/student/ros2_ws/install/scout_msgs/local/lib/python3.10/dist-packages/scout_msgs/msg/_scout_light_cmd.py
[1.879s] -- Up-to-date: /home/student/ros2_ws/install/scout_msgs/local/lib/python3.10/dist-packages/scout_msgs/msg/_scout_status_s.c
[1.879s] -- Up-to-date: /home/student/ros2_ws/install/scout_msgs/local/lib/python3.10/dist-packages/scout_msgs/msg/_scout_rc_state.py
[1.879s] -- Up-to-date: /home/student/ros2_ws/install/scout_msgs/local/lib/python3.10/dist-packages/scout_msgs/libscout_msgs__rosidl_generator_py.so
[1.879s] -- Up-to-date: /home/student/ros2_ws/install/scout_msgs/local/lib/python3.10/dist-packages/scout_msgs/__init__.py
[1.880s] -- Up-to-date: /home/student/ros2_ws/install/scout_msgs/local/lib/python3.10/dist-packages/scout_msgs/_scout_msgs_s.ep.rosidl_typesupport_c.c
[1.880s] -- Up-to-date: /home/student/ros2_ws/install/scout_msgs/local/lib/python3.10/dist-packages/scout_msgs/scout_msgs_s__rosidl_typesupport_fastrtps_c.cpython-310-x86_64-linux-gnu.so
[1.880s] -- Up-to-date: /home/student/ros2_ws/install/scout_msgs/local/lib/python3.10/dist-packages/scout_msgs/scout_msgs_s__rosidl_typesupport_c.cpython-310-x86_64-linux-gnu.so
[1.880s] -- Up-to-date: /home/student/ros2_ws/install/scout_msgs/local/lib/python3.10/dist-packages/scout_msgs/_scout_msgs_s.ep.rosidl_typesupport_fastrtps_c.c
[1.880s] -- Up-to-date: /home/student/ros2_ws/install/scout_msgs/local/lib/python3.10/dist-packages/scout_msgs/scout_msgs_s__rosidl_typesupport_introspection_c.cpython-310-x86_64-linux-gnu.so
[1.961s] Listing '/home/student/ros2_ws/install/scout_msgs/local/lib/python3.10/dist-packages/scout_msgs'...
[1.962s] Listing '/home/student/ros2_ws/install/scout_msgs/local/lib/python3.10/dist-packages/scout_msgs/msg'...
[1.994s] -- Up-to-date: /home/student/ros2_ws/install/scout_msgs/local/lib/python3.10/dist-packages/scout_msgs/scout_msgs_s__rosidl_typesupport_fastrtps_c.cpython-310-x86_64-linux-gnu.so
[1.995s] -- Up-to-date: /home/student/ros2_ws/install/scout_msgs/local/lib/python3.10/dist-packages/scout_msgs/scout_msgs_s__rosidl_typesupport_introspection_c.cpython-310-x86_64-linux-gnu.so
[1.996s] -- Up-to-date: /home/student/ros2_ws/install/scout_msgs/local/lib/python3.10/dist-packages/scout_msgs/scout_msgs_s__rosidl_typesupport_c.cpython-310-x86_64-linux-gnu.so
[1.997s] -- Up-to-date: /home/student/ros2_ws/install/scout_msgs/lib/libscout_msgs__rosidl_generator_py.so
[1.997s] -- Up-to-date: /home/student/ros2_ws/install/scout_msgs/share/scout_msgs/msg/ScoutActuatorState.idl
[1.997s] -- Up-to-date: /home/student/ros2_ws/install/scout_msgs/share/scout_msgs/msg/ScoutLightCmd.idl
[1.998s] -- Up-to-date: /home/student/ros2_ws/install/scout_msgs/share/scout_msgs/msg/ScoutLightState.idl
[1.998s] -- Up-to-date: /home/student/ros2_ws/install/scout_msgs/share/scout_msgs/msg/ScoutRCState.idl
[1.998s] -- Up-to-date: /home/student/ros2_ws/install/scout_msgs/share/scout_msgs/msg/ScoutStatus.idl
[1.999s] -- Up-to-date: /home/student/ros2_ws/install/scout_msgs/share/scout_msgs/msg/ScoutActuatorState.msg
[1.999s] -- Up-to-date: /home/student/ros2_ws/install/scout_msgs/share/scout_msgs/msg/ScoutLightCmd.msg
[1.999s] -- Up-to-date: /home/student/ros2_ws/install/scout_msgs/share/scout_msgs/msg/ScoutLightState.msg
[1.999s] -- Up-to-date: /home/student/ros2_ws/install/scout_msgs/share/scout_msgs/msg/ScoutRCState.msg
[1.999s] -- Up-to-date: /home/student/ros2_ws/install/scout_msgs/share/scout_msgs/msg/ScoutStatus.msg
[2.000s] -- Up-to-date: /home/student/ros2_ws/install/scout_msgs/share/ament_index/resource_index/package_run_dependencies/scout_msgs
[2.000s] -- Up-to-date: /home/student/ros2_ws/install/scout_msgs/share/ament_index/resource_index/parent_prefix_path/scout_msgs
[2.000s] -- Up-to-date: /home/student/ros2_ws/install/scout_msgs/share/scout_msgs/environment/ament_prefix_path.sh
[2.001s] -- Up-to-date: /home/student/ros2_ws/install/scout_msgs/share/scout_msgs/environment/ament_prefix_path.dsv
[2.001s] -- Up-to-date: /home/student/ros2_ws/install/scout_msgs/share/scout_msgs/environment/path.sh
[2.001s] -- Up-to-date: /home/student/ros2_ws/install/scout_msgs/share/scout_msgs/environment/path.dsv
[2.002s] -- Up-to-date: /home/student/ros2_ws/install/scout_msgs/share/scout_msgs/local_setup.bash
[2.002s] -- Up-to-date: /home/student/ros2_ws/install/scout_msgs/share/scout_msgs/local_setup.sh
[2.002s] -- Up-to-date: /home/student/ros2_ws/install/scout_msgs/share/scout_msgs/local_setup.zsh
[2.002s] -- Up-to-date: /home/student/ros2_ws/install/scout_msgs/share/scout_msgs/local_setup.dsv
[2.002s] -- Installing: /home/student/ros2_ws/install/scout_msgs/share/scout_msgs/package.dsv
[2.006s] -- Up-to-date: /home/student/ros2_ws/install/scout_msgs/share/ament_index/resource_index/packages/scout_msgs
[2.006s] -- Up-to-date: /home/student/ros2_ws/install/scout_msgs/share/scout_msgs/cmake/export_scout_msgs__rosidl_generator_cExport.cmake
[2.007s] -- Up-to-date: /home/student/ros2_ws/install/scout_msgs/share/scout_msgs/cmake/export_scout_msgs__rosidl_generator_cExport-noconfig.cmake
[2.007s] -- Up-to-date: /home/student/ros2_ws/install/scout_msgs/share/scout_msgs/cmake/export_scout_msgs__rosidl_typesupport_fastrtps_cExport.cmake
[2.007s] -- Up-to-date: /home/student/ros2_ws/install/scout_msgs/share/scout_msgs/cmake/export_scout_msgs__rosidl_typesupport_fastrtps_cExport-noconfig.cmake
[2.008s] -- Up-to-date: /home/student/ros2_ws/install/scout_msgs/share/scout_msgs/cmake/export_scout_msgs__rosidl_generator_cppExport.cmake
[2.009s] -- Up-to-date: /home/student/ros2_ws/install/scout_msgs/share/scout_msgs/cmake/export_scout_msgs__rosidl_typesupport_fastrtps_cppExport.cmake
[2.009s] -- Up-to-date: /home/student/ros2_ws/install/scout_msgs/share/scout_msgs/cmake/export_scout_msgs__rosidl_typesupport_fastrtps_cppExport-noconfig.cmake
[2.009s] -- Up-to-date: /home/student/ros2_ws/install/scout_msgs/share/scout_msgs/cmake/scout_msgs__rosidl_typesupport_introspection_cExport.cmake
[2.010s] -- Up-to-date: /home/student/ros2_ws/install/scout_msgs/share/scout_msgs/cmake/scout_msgs__rosidl_typesupport_introspection_cExport-noconfig.cmake
[2.010s] -- Up-to-date: /home/student/ros2_ws/install/scout_msgs/share/scout_msgs/cmake/scout_msgs__rosidl_typesupport_cExport.cmake
[2.010s] -- Up-to-date: /home/student/ros2_ws/install/scout_msgs/share/scout_msgs/cmake/scout_msgs__rosidl_typesupport_cExport-noconfig.cmake
[2.011s] -- Up-to-date: /home/student/ros2_ws/install/scout_msgs/share/scout_msgs/cmake/scout_msgs__rosidl_typesupport_introspection_cppExport.cmake
[2.011s] -- Up-to-date: /home/student/ros2_ws/install/scout_msgs/share/scout_msgs/cmake/scout_msgs__rosidl_typesupport_introspection_cppExport-noconfig.cmake
[2.011s] -- Up-to-date: /home/student/ros2_ws/install/scout_msgs/share/scout_msgs/cmake/scout_msgs__rosidl_typesupport_cppExport.cmake
[2.012s] -- Up-to-date: /home/student/ros2_ws/install/scout_msgs/share/scout_msgs/cmake/scout_msgs__rosidl_typesupport_cppExport-noconfig.cmake
[2.012s] -- Up-to-date: /home/student/ros2_ws/install/scout_msgs/share/scout_msgs/cmake/export_scout_msgs__rosidl_generator_pyExport.cmake
[2.012s] -- Up-to-date: /home/student/ros2_ws/install/scout_msgs/share/scout_msgs/cmake/export_scout_msgs__rosidl_generator_pyExport-noconfig.cmake
[2.012s] -- Up-to-date: /home/student/ros2_ws/install/scout_msgs/share/scout_msgs/cmake/rosidl_cmake-extras.cmake
[2.013s] -- Up-to-date: /home/student/ros2_ws/install/scout_msgs/share/scout_msgs/cmake/ament_cmake_export_dependencies-extras.cmake
[2.013s] -- Up-to-date: /home/student/ros2_ws/install/scout_msgs/share/scout_msgs/cmake/ament_cmake_export_include_directories-extras.cmake
[2.015s] -- Up-to-date: /home/student/ros2_ws/install/scout_msgs/share/scout_msgs/cmake/ament_cmake_export_libraries-extras.cmake
[2.015s] -- Up-to-date: /home/student/ros2_ws/install/scout_msgs/share/scout_msgs/cmake/ament_cmake_export_targets-extras.cmake
[2.021s] -- Up-to-date: /home/student/ros2_ws/install/scout_msgs/share/scout_msgs/cmake/rosidl_cmake_export_typesupport_targets-extras.cmake
[2.022s] -- Up-to-date: /home/student/ros2_ws/install/scout_msgs/share/scout_msgs/cmake/rosidl_cmake_export_typesupport_libraries-extras.cmake
[2.022s] -- Up-to-date: /home/student/ros2_ws/install/scout_msgs/share/scout_msgs/cmake/scout_msgsConfig.cmake
[2.022s] -- Up-to-date: /home/student/ros2_ws/install/scout_msgs/share/scout_msgs/cmake/scout_msgsConfig-version.cmake
[2.022s] -- Up-to-date: /home/student/ros2_ws/install/scout_msgs/share/scout_msgs/package.xml
[2.038s] Invoked command in '/home/student/ros2_ws/build/scout_msgs' returned '0': CMAKE_PREFIX_PATH=/home/student/ros2_ws/install/scout_base:/home/student/ros2_ws/install/lidar_slam_mapping:/home/student/ros2_ws/install/lidar_slam_nav2:/opt/ros/humble:/home/student/ros2_ws/install/ugv_sdk:/home/student/ros2_ws/install/scout_msgs:/home/student/ros2_ws/install/scout_description:/home/student/ros2_ws/install/rslidar_sdk:/home/student/ros2_ws/install/rslidar_msg:/home/student/ros2_ws/install/rplidar_ros:/home/student/ros2_ws/install/cartographer_rviz:/home/student/ros2_ws/install/cartographer_ros:/home/student/ros2_ws/install/cartographer_ros_msgs /usr/bin/cmake --install /home/student/ros2_ws/build/scout_msgs
